<?xml version="1.0" encoding="UTF-8"?>
<TEI xmlns="http://www.tei-c.org/ns/1.0" xmlns:ns2="http://standoff.proposal"
     xmlns:xsi="http://www.w3.org/2001/XMLSchema-instance">
    <teiHeader>
        <fileDesc>
            <titleStmt>
                <title level="a" type="main">
                    <hi rend="italic">De toute façon</hi> : usages discursifs et valeurs pragmatiques
                </title>
                <author>
                    <persName>
                        <forename>Faten</forename>
                        <surname>Yahia</surname>
                    </persName>
                    <affiliation>
                        <s>Faculté des Lettres et des Sciences Humaines de Sousse</s>
                    </affiliation>
                </author>
            </titleStmt>
            <publicationStmt>
                <publisher/>
                <date when="2011-01-25">2011-01-25</date>
                <availability>
                    <p>© Tous droits réservés</p>
                </availability>
                <idno type="url">http://linx.revues.org/97</idno>
            </publicationStmt>
            <sourceDesc>
                <biblFull>
                    <titleStmt>
                        <title/>
                        <respStmt>
                            <resp>auteur</resp>
                            <name>Faten Yahia</name>
                        </respStmt>
                    </titleStmt>
                    <publicationStmt>
                        <publisher/>
                        <date>2002-06-01</date>
                        <idno type="pp">69-79</idno>
                    </publicationStmt>
                </biblFull>
            </sourceDesc>
        </fileDesc>
        <encodingDesc>
            <appInfo>
                <application version="1.0" ident="Lodel">
                    <label>Lodel</label>
                    <desc>
                        <ref>We use TEI</ref>
                    </desc>
                </application>
            </appInfo>
            <tagsDecl>
                <rendition xml:id="T1" scheme="css">text-decoration:line-through</rendition>
                <rendition xml:id="T2" scheme="css">font-variant:small-caps;text-decoration:underline</rendition>
                <rendition xml:id="T3" scheme="css">font-variant:small-caps</rendition>
                <rendition xml:id="T4" scheme="css">text-transform:uppercase</rendition>
                <rendition xml:id="T5" scheme="css">text-transform:uppercase;text-decoration:underline;</rendition>
            </tagsDecl>
        </encodingDesc>
        <profileDesc>
            <langUsage>
                <language ident="fr">fr</language>
            </langUsage>
            <textClass/>
        </profileDesc>
    </teiHeader>
    <ns2:stdf>
        <ns2:annotations>
            <spanGrp type="wordForms">
                <span target="#t1" pos="NOM" lemma="introduction" corresp="dictionnaire_TLFiCategoriesTEI#l40730"/>
                <span target="#t2" pos="DET:ART" lemma="le" corresp="#noTS"/>
                <span target="#t3" pos="NOM" lemma="usage" corresp="dictionnaire_TLFiCategoriesTEI#l78802"/>
                <span target="#t4" pos="PRP:det" lemma="du" corresp="#noTS"/>
                <span target="#t5" pos="PUN:cit" lemma="«" corresp="#noTS"/>
                <span target="#t6" pos="NOM" lemma="connecteur" corresp="dictionnaire_TLFiCategoriesTEI#l18427"/>
                <span target="#t7" pos="PUN:cit" lemma="»" corresp="#noTS"/>
                <span target="#t8" pos="KON" lemma="ou" corresp="#noTS"/>
                <span target="#t9" pos="PUN:cit" lemma="«" corresp="#noTS"/>
                <span target="#t10" pos="NOM" lemma="mot" corresp="dictionnaire_TLFiCategoriesTEI#l48765"/>
                <span target="#t11" pos="PRP" lemma="de" corresp="#noTS"/>
                <span target="#t12" pos="NOM" lemma="discours" corresp="dictionnaire_TLFiCategoriesTEI#l24354"/>
                <span target="#t13" pos="PUN:cit" lemma="»" corresp="#noTS"/>
                <span target="#t14" pos="PUN" lemma="(" corresp="#noTS"/>
                <span target="#t15" pos="NOM" lemma="ducrot" corresp="#noTS"/>
                <span target="#t16" pos="NUM" lemma="1980" corresp="#noTS"/>
                <span target="#t17" pos="PUN" lemma=")" corresp="#noTS"/>
                <span target="#t18" pos="VER:pres" lemma="représenter" corresp="dictionnaire_TLFiCategoriesTEI#l65341"/>
                <span target="#t19" pos="DET:ART" lemma="un" corresp="#noTS"/>
                <span target="#t20" pos="PRP:det" lemma="du" corresp="#noTS"/>
                <span target="#t21" pos="NOM" lemma="moyen" corresp="dictionnaire_TLFiCategoriesTEI#l48998 #l49002"/>
                <span target="#t22" pos="ADJ" lemma="linguistique" corresp="dictionnaire_TLFiCategoriesTEI#l43602"/>
                <span target="#t23" pos="PRO:REL" lemma="dont" corresp="#noTS"/>
                <span target="#t24" pos="VER:pres" lemma="disposer" corresp="dictionnaire_TLFiCategoriesTEI#l24431"/>
                <span target="#t25" pos="ADV" lemma="tout" corresp="dictionnaire_TLFiCategoriesTEI#l76554"/>
                <span target="#t26" pos="NOM" lemma="locuteur" corresp="dictionnaire_TLFiCategoriesTEI#l43905"/>
                <span target="#t27" pos="PRP" lemma="pour" corresp="#noTS"/>
                <span target="#t28" pos="VER:infi" lemma="modaliser" corresp="dictionnaire_TLFiCategoriesTEI#l47964"/>
                <span target="#t29" pos="DET:ART" lemma="un" corresp="#noTS"/>
                <span target="#t30" pos="NOM" lemma="acte" corresp="dictionnaire_TLFiCategoriesTEI#l968"/>
                <span target="#t31" pos="ADJ" lemma="discursif" corresp="dictionnaire_TLFiCategoriesTEI#l24374"/>
                <span target="#t32" pos="SENT" lemma="." corresp="#noTS"/>
                <span target="#t33" pos="PRO:PER" lemma="nous" corresp="#noTS"/>
                <span target="#t34" pos="VER:futu" lemma="tenter" corresp="dictionnaire_TLFiCategoriesTEI#l75060"/>
                <span target="#t35" pos="PUN" lemma="," corresp="#noTS"/>
                <span target="#t36" pos="PRP" lemma="dans" corresp="#noTS"/>
                <span target="#t37" pos="PRO:DEM" lemma="ce" corresp="#noTS"/>
                <span target="#t38" pos="NOM" lemma="article" corresp="dictionnaire_TLFiCategoriesTEI#l6900"/>
                <span target="#t39" pos="PUN" lemma="," corresp="#noTS"/>
                <span target="#t40" pos="PRP" lemma="de" corresp="#noTS"/>
                <span target="#t41" pos="VER:infi" lemma="décrire" corresp="dictionnaire_TLFiCategoriesTEI#l21943"/>
                <span target="#t42" pos="DET:ART" lemma="le" corresp="#noTS"/>
                <span target="#t43" pos="NOM" lemma="caractéristique" corresp="dictionnaire_TLFiCategoriesTEI#l13586"/>
                <span target="#t44" pos="PRP" lemma="de" corresp="#noTS"/>
                <span target="#t45" pos="DET:ART" lemma="le" corresp="#noTS"/>
                <span target="#t46" pos="NOM" lemma="usage" corresp="dictionnaire_TLFiCategoriesTEI#l78802"/>
                <span target="#t47" pos="PRP" lemma="de" corresp="#noTS"/>
                <span target="#t48" pos="DET:ART" lemma="le" corresp="#noTS"/>
                <span target="#t49" pos="NOM" lemma="un" corresp="DicoWiktionaryCategoriesTEI#l98"/>
                <span target="#t50" pos="PRP" lemma="de" corresp="#noTS"/>
                <span target="#t51" pos="PRO:DEM" lemma="ce" corresp="#noTS"/>
                <span target="#t52" pos="NOM" lemma="mot" corresp="dictionnaire_TLFiCategoriesTEI#l48765"/>
                <span target="#t53" pos="PRP" lemma="de" corresp="#noTS"/>
                <span target="#t54" pos="NOM" lemma="discours" corresp="dictionnaire_TLFiCategoriesTEI#l24354"/>
                <span target="#t55" pos="PUN" lemma=":" corresp="#noTS"/>
                <span target="#t56" pos="PRP" lemma="de" corresp="#noTS"/>
                <span target="#t57" pos="PRO:IND" lemma="tout" corresp="#noTS"/>
                <span target="#t58" pos="NOM" lemma="façon" corresp="dictionnaire_TLFiCategoriesTEI#l29843"/>
                <span target="#t59" pos="PUN" lemma="," corresp="#noTS"/>
                <span target="#t60" pos="KON" lemma="et" corresp="#noTS"/>
                <span target="#t61" pos="PRO:DEM" lemma="ce" corresp="#noTS"/>
                <span target="#t62" pos="PUN" lemma="," corresp="#noTS"/>
                <span target="#t63" pos="PRP" lemma="en" corresp="#noTS"/>
                <span target="#t64" pos="PRO:PER" lemma="nous" corresp="#noTS"/>
                <span target="#t65" pos="VER:ppre" lemma="appuyer" corresp="dictionnaire_TLFiCategoriesTEI#l6124"/>
                <span target="#t66" pos="PRP" lemma="sur" corresp="#noTS"/>
                <span target="#t67" pos="DET:ART" lemma="le" corresp="#noTS"/>
                <span target="#t68" pos="NOM" lemma="étude" corresp="dictionnaire_TLFiCategoriesTEI#l29067"/>
                <span target="#t69" pos="PRP" lemma="de" corresp="#noTS"/>
                <span target="#t70" pos="NOM" lemma="énoncé" corresp="dictionnaire_TLFiCategoriesTEI#l27509"/>
                <span target="#t71" pos="ADJ" lemma="authentique" corresp="dictionnaire_TLFiCategoriesTEI#l7281"/>
                <span target="#t72" pos="SENT" lemma="." corresp="#noTS"/>
                <span target="#t73" pos="DET:ART" lemma="le" corresp="#noTS"/>
                <span target="#t74" pos="NOM" lemma="choix" corresp="dictionnaire_TLFiCategoriesTEI#l15894"/>
                <span target="#t75" pos="PRP" lemma="de" corresp="#noTS"/>
                <span target="#t76" pos="PRP" lemma="de" corresp="#noTS"/>
                <span target="#t77" pos="PRO:IND" lemma="tout" corresp="#noTS"/>
                <span target="#t78" pos="NOM" lemma="façon" corresp="dictionnaire_TLFiCategoriesTEI#l29843"/>
                <span target="#t79" pos="NOM" lemma="part" corresp="dictionnaire_TLFiCategoriesTEI#l54532"/>
                <span target="#t80" pos="PRP:det" lemma="du" corresp="#noTS"/>
                <span target="#t81" pos="NOM" lemma="constat" corresp="dictionnaire_TLFiCategoriesTEI#l18574"/>
                <span target="#t82" pos="KON" lemma="que" corresp="#noTS"/>
                <span target="#t83" pos="PRO:DEM" lemma="ce" corresp="#noTS"/>
                <span target="#t84" pos="NOM" lemma="connecteur" corresp="dictionnaire_TLFiCategoriesTEI#l18427"/>
                <span target="#t85" pos="PUN" lemma="," corresp="#noTS"/>
                <span target="#t86" pos="ADV" lemma="bien" corresp="dictionnaire_TLFiCategoriesTEI#l10128"/>
                <span target="#t87" pos="KON" lemma="que" corresp="#noTS"/>
                <span target="#t88" pos="PRO:PER" lemma="il" corresp="#noTS"/>
                <span target="#t89" pos="VER:subp" lemma="pouvoir" corresp="dictionnaire_TLFiCategoriesTEI#l59664"/>
                <span target="#t90" pos="VER:infi" lemma="commuter" corresp="dictionnaire_TLFiCategoriesTEI#l17825"/>
                <span target="#t91" pos="PRP" lemma="dans" corresp="#noTS"/>
                <span target="#t92" pos="PRO:IND" lemma="certain" corresp="#noTS"/>
                <span target="#t93" pos="NOM" lemma="énoncé" corresp="dictionnaire_TLFiCategoriesTEI#l27509"/>
                <span target="#t94" pos="PRP" lemma="avec" corresp="#noTS"/>
                <span target="#t95" pos="DET:ART" lemma="un" corresp="#noTS"/>
                <span target="#t96" pos="NOM" lemma="connecteur" corresp="dictionnaire_TLFiCategoriesTEI#l18427"/>
                <span target="#t97" pos="KON" lemma="comme" corresp="#noTS"/>
                <span target="#t98" pos="PRP" lemma="de" corresp="#noTS"/>
                <span target="#t99" pos="ADV" lemma="ailleurs" corresp="dictionnaire_TLFiCategoriesTEI#l2906"/>
                <span target="#t100" pos="KON" lemma="ou" corresp="#noTS"/>
                <span target="#t101" pos="PRP" lemma="en" corresp="#noTS"/>
                <span target="#t102" pos="PRO:IND" lemma="tout" corresp="#noTS"/>
                <span target="#t103" pos="NOM" lemma="cas" corresp="dictionnaire_TLFiCategoriesTEI#l14011"/>
                <span target="#t104" pos="PUN" lemma="," corresp="#noTS"/>
                <span target="#t105" pos="VER:pres" lemma="détenir" corresp="dictionnaire_TLFiCategoriesTEI#l23617"/>
                <span target="#t106" pos="DET:ART" lemma="un" corresp="#noTS"/>
                <span target="#t107" pos="NOM" lemma="identité" corresp="dictionnaire_TLFiCategoriesTEI#l38025"/>
                <span target="#t108" pos="PRO:REL" lemma="qui" corresp="#noTS"/>
                <span target="#t109" pos="PRO:PER" lemma="lui" corresp="#noTS"/>
                <span target="#t110" pos="VER:pres" lemma="être" corresp="dictionnaire_TLFiCategoriesTEI#l29037"/>
                <span target="#t111" pos="ADJ" lemma="propre" corresp="dictionnaire_TLFiCategoriesTEI#l60950"/>
                <span target="#t112" pos="SENT" lemma="." corresp="#noTS"/>
                <span target="#t113" pos="NOM" lemma="e" corresp="dictionnaire_TLFiCategoriesTEI#l25334"/>
                <span target="#t114" pos="NUM" lemma="1" corresp="#noTS"/>
                <span target="#t115" pos="KON" lemma="et" corresp="#noTS"/>
                <span target="#t116" pos="VER:simp" lemma="e" corresp="dictionnaire_TLFiCategoriesTEI#l25334"/>
                <span target="#t117" pos="PUN" lemma="'" corresp="#noTS"/>
                <span target="#t118" pos="NUM" lemma="1" corresp="#noTS"/>
                <span target="#t119" pos="VER:pres" lemma="permettre" corresp="dictionnaire_TLFiCategoriesTEI#l55970"/>
                <span target="#t120" pos="PRP" lemma="de" corresp="#noTS"/>
                <span target="#t121" pos="VER:infi" lemma="vérifier" corresp="dictionnaire_TLFiCategoriesTEI#l79631"/>
                <span target="#t122" pos="PRO:DEM" lemma="ce" corresp="#noTS"/>
                <span target="#t123" pos="NOM" lemma="idée" corresp="dictionnaire_TLFiCategoriesTEI#l38010"/>
                <span target="#t124" pos="SENT" lemma="." corresp="#noTS"/>
                <span target="#t125" pos="NOM" lemma="e" corresp="dictionnaire_TLFiCategoriesTEI#l25334"/>
                <span target="#t126" pos="NUM" lemma="1" corresp="#noTS"/>
                <span target="#t127" pos="PUN" lemma="(" corresp="#noTS"/>
                <span target="#t128" pos="VER:pper" lemma="extraire" corresp="dictionnaire_TLFiCategoriesTEI#l29743"/>
                <span target="#t129" pos="PRP" lemma="de" corresp="#noTS"/>
                <span target="#t130" pos="NOM" lemma="star" corresp="dictionnaire_TLFiCategoriesTEI#l71725"/>
                <span target="#t131" pos="NOM" lemma="club" corresp="dictionnaire_TLFiCategoriesTEI#l16851"/>
                <span target="#t132" pos="NOM" lemma="n°121" corresp="#noTS"/>
                <span target="#t133" pos="PUN" lemma="," corresp="#noTS"/>
                <span target="#t134" pos="NOM" lemma="août" corresp="dictionnaire_TLFiCategoriesTEI#l5723"/>
                <span target="#t135" pos="NUM" lemma="1997" corresp="#noTS"/>
                <span target="#t136" pos="PUN" lemma="," corresp="#noTS"/>
                <span target="#t137" pos="NOM" lemma="p.66" corresp="#noTS"/>
                <span target="#t138" pos="PUN" lemma=")" corresp="#noTS"/>
                <span target="#t139" pos="PUN" lemma="–" corresp="#noTS"/>
                <span target="#t140" pos="DET:ART" lemma="le" corresp="#noTS"/>
                <span target="#t141" pos="NOM" lemma="journaliste" corresp="dictionnaire_TLFiCategoriesTEI#l41727"/>
                <span target="#t142" pos="PRP" lemma="à" corresp="#noTS"/>
                <span target="#t143" pos="NOM" lemma="lara" corresp="#noTS"/>
                <span target="#t144" pos="NOM" lemma="fabian" corresp="#noTS"/>
                <span target="#t145" pos="PUN" lemma=":" corresp="#noTS"/>
                <span target="#t146" pos="PUN:cit" lemma="«" corresp="#noTS"/>
                <span target="#t147" pos="VER:pres" lemma="être" corresp="dictionnaire_TLFiCategoriesTEI#l29037"/>
                <span target="#t148" pos="PRO:PER" lemma="tu" corresp="#noTS"/>
                <span target="#t149" pos="ADJ" lemma="gourmand" corresp="dictionnaire_TLFiCategoriesTEI#l34518"/>
                <span target="#t150" pos="SENT" lemma="" corresp="#noTS"/>
                <span target="#t151" pos="PUN:cit" lemma="»" corresp="#noTS"/>
                <span target="#t152" pos="SENT" lemma="." corresp="#noTS"/>
                <span target="#t153" pos="PUN" lemma="–" corresp="#noTS"/>
                <span target="#t154" pos="NOM" lemma="lara" corresp="#noTS"/>
                <span target="#t155" pos="NOM" lemma="fabian" corresp="#noTS"/>
                <span target="#t156" pos="PUN" lemma=":" corresp="#noTS"/>
                <span target="#t157" pos="PUN:cit" lemma="«" corresp="#noTS"/>
                <span target="#t158" pos="KON" lemma="si" corresp="#noTS"/>
                <span target="#t159" pos="PRO:PER" lemma="je" corresp="#noTS"/>
                <span target="#t160" pos="VER:impf" lemma="pouvoir" corresp="dictionnaire_TLFiCategoriesTEI#l59664"/>
                <span target="#t161" pos="PUN" lemma="," corresp="#noTS"/>
                <span target="#t162" pos="PRO:PER" lemma="je" corresp="#noTS"/>
                <span target="#t163" pos="VER:cond" lemma="manger" corresp="dictionnaire_TLFiCategoriesTEI#l45329"/>
                <span target="#t164" pos="PRP:det" lemma="du" corresp="#noTS"/>
                <span target="#t165" pos="NOM" lemma="dessert" corresp="dictionnaire_TLFiCategoriesTEI#l23543"/>
                <span target="#t166" pos="PRP" lemma="en" corresp="#noTS"/>
                <span target="#t167" pos="NOM" lemma="entrée" corresp="dictionnaire_TLFiCategoriesTEI#l27764"/>
                <span target="#t168" pos="PUN" lemma="," corresp="#noTS"/>
                <span target="#t169" pos="PRP" lemma="en" corresp="#noTS"/>
                <span target="#t170" pos="NOM" lemma="plat" corresp="dictionnaire_TLFiCategoriesTEI#l58055"/>
                <span target="#t171" pos="ADJ" lemma="principal" corresp="dictionnaire_TLFiCategoriesTEI#l60512"/>
                <span target="#t172" pos="KON" lemma="et" corresp="#noTS"/>
                <span target="#t173" pos="PRP" lemma="à" corresp="#noTS"/>
                <span target="#t174" pos="ADJ" lemma="nouveau" corresp="dictionnaire_TLFiCategoriesTEI#l51087"/>
                <span target="#t175" pos="PRP" lemma="en" corresp="#noTS"/>
                <span target="#t176" pos="NOM" lemma="dessert" corresp="dictionnaire_TLFiCategoriesTEI#l23543"/>
                <span target="#t177" pos="SENT" lemma="." corresp="#noTS"/>
                <span target="#t178" pos="PRO:PER" lemma="je" corresp="#noTS"/>
                <span target="#t179" pos="VER:pres" lemma="avoir" corresp="dictionnaire_TLFiCategoriesTEI#l8314"/>
                <span target="#t180" pos="PUN:cit" lemma="«" corresp="#noTS"/>
                <span target="#t181" pos="DET:ART" lemma="le" corresp="#noTS"/>
                <span target="#t182" pos="NOM" lemma="dent" corresp="dictionnaire_TLFiCategoriesTEI#l22842"/>
                <span target="#t183" pos="VER:pper" lemma="sucrer" corresp="dictionnaire_TLFiCategoriesTEI#l72496"/>
                <span target="#t184" pos="PUN:cit" lemma="»" corresp="#noTS"/>
                <span target="#t185" pos="KON" lemma="comme" corresp="#noTS"/>
                <span target="#t186" pos="PRO:PER" lemma="on" corresp="#noTS"/>
                <span target="#t187" pos="VER:pres" lemma="dire" corresp="dictionnaire_TLFiCategoriesTEI#l24284"/>
                <span target="#t188" pos="SENT" lemma="." corresp="#noTS"/>
                <span target="#t189" pos="PRP" lemma="de" corresp="#noTS"/>
                <span target="#t190" pos="ADV" lemma="ailleurs" corresp="dictionnaire_TLFiCategoriesTEI#l2906"/>
                <span target="#t191" pos="PUN" lemma="," corresp="#noTS"/>
                <span target="#t192" pos="PRO:DEM" lemma="cela" corresp="#noTS"/>
                <span target="#t193" pos="PRO:PER" lemma="se" corresp="#noTS"/>
                <span target="#t194" pos="VER:pres" lemma="voir" corresp="dictionnaire_TLFiCategoriesTEI#l80514"/>
                <span target="#t195" pos="PUN" lemma="," corresp="#noTS"/>
                <span target="#t196" pos="PRO:PER" lemma="je" corresp="#noTS"/>
                <span target="#t197" pos="VER:pres" lemma="être" corresp="dictionnaire_TLFiCategoriesTEI#l29037"/>
                <span target="#t198" pos="ADV" lemma="plutôt" corresp="dictionnaire_TLFiCategoriesTEI#l58374"/>
                <span target="#t199" pos="ADJ" lemma="pulpeux" corresp="dictionnaire_TLFiCategoriesTEI#l61728"/>
                <span target="#t200" pos="PUN:cit" lemma="»" corresp="#noTS"/>
                <span target="#t201" pos="SENT" lemma="." corresp="#noTS"/>
                <span target="#t202" pos="PUN" lemma="(" corresp="#noTS"/>
                <span target="#t203" pos="VER:pper" lemma="e" corresp="dictionnaire_TLFiCategoriesTEI#l25334"/>
                <span target="#t204" pos="PUN" lemma="'" corresp="#noTS"/>
                <span target="#t205" pos="NUM" lemma="1" corresp="#noTS"/>
                <span target="#t206" pos="PUN" lemma=")" corresp="#noTS"/>
                <span target="#t207" pos="PUN" lemma="-" corresp="#noTS"/>
                <span target="#t208" pos="DET:ART" lemma="le" corresp="#noTS"/>
                <span target="#t209" pos="NOM" lemma="journaliste" corresp="dictionnaire_TLFiCategoriesTEI#l41727"/>
                <span target="#t210" pos="PRP" lemma="à" corresp="#noTS"/>
                <span target="#t211" pos="NOM" lemma="lara" corresp="#noTS"/>
                <span target="#t212" pos="NOM" lemma="fabian" corresp="#noTS"/>
                <span target="#t213" pos="PUN" lemma=":" corresp="#noTS"/>
                <span target="#t214" pos="PUN:cit" lemma="«" corresp="#noTS"/>
                <span target="#t215" pos="VER:pres" lemma="être" corresp="dictionnaire_TLFiCategoriesTEI#l29037"/>
                <span target="#t216" pos="PRO:PER" lemma="tu" corresp="#noTS"/>
                <span target="#t217" pos="ADJ" lemma="gourmand" corresp="dictionnaire_TLFiCategoriesTEI#l34518"/>
                <span target="#t218" pos="SENT" lemma="" corresp="#noTS"/>
                <span target="#t219" pos="PUN:cit" lemma="»" corresp="#noTS"/>
                <span target="#t220" pos="SENT" lemma="." corresp="#noTS"/>
                <span target="#t221" pos="PUN" lemma="-" corresp="#noTS"/>
                <span target="#t222" pos="NOM" lemma="lara" corresp="#noTS"/>
                <span target="#t223" pos="NOM" lemma="fabian" corresp="#noTS"/>
                <span target="#t224" pos="PUN" lemma=":" corresp="#noTS"/>
                <span target="#t225" pos="PUN:cit" lemma="«" corresp="#noTS"/>
                <span target="#t226" pos="KON" lemma="si" corresp="#noTS"/>
                <span target="#t227" pos="PRO:PER" lemma="je" corresp="#noTS"/>
                <span target="#t228" pos="VER:impf" lemma="pouvoir" corresp="dictionnaire_TLFiCategoriesTEI#l59664"/>
                <span target="#t229" pos="PUN" lemma="," corresp="#noTS"/>
                <span target="#t230" pos="PRO:PER" lemma="je" corresp="#noTS"/>
                <span target="#t231" pos="VER:cond" lemma="manger" corresp="dictionnaire_TLFiCategoriesTEI#l45329"/>
                <span target="#t232" pos="PRP:det" lemma="du" corresp="#noTS"/>
                <span target="#t233" pos="NOM" lemma="dessert" corresp="dictionnaire_TLFiCategoriesTEI#l23543"/>
                <span target="#t234" pos="PRP" lemma="en" corresp="#noTS"/>
                <span target="#t235" pos="NOM" lemma="entrée" corresp="dictionnaire_TLFiCategoriesTEI#l27764"/>
                <span target="#t236" pos="PUN" lemma="," corresp="#noTS"/>
                <span target="#t237" pos="PRP" lemma="en" corresp="#noTS"/>
                <span target="#t238" pos="NOM" lemma="plat" corresp="dictionnaire_TLFiCategoriesTEI#l58055"/>
                <span target="#t239" pos="ADJ" lemma="principal" corresp="dictionnaire_TLFiCategoriesTEI#l60512"/>
                <span target="#t240" pos="KON" lemma="et" corresp="#noTS"/>
                <span target="#t241" pos="PRP" lemma="à" corresp="#noTS"/>
                <span target="#t242" pos="ADJ" lemma="nouveau" corresp="dictionnaire_TLFiCategoriesTEI#l51087"/>
                <span target="#t243" pos="PRP" lemma="en" corresp="#noTS"/>
                <span target="#t244" pos="NOM" lemma="dessert" corresp="dictionnaire_TLFiCategoriesTEI#l23543"/>
                <span target="#t245" pos="SENT" lemma="." corresp="#noTS"/>
                <span target="#t246" pos="PRO:PER" lemma="je" corresp="#noTS"/>
                <span target="#t247" pos="VER:pres" lemma="avoir" corresp="dictionnaire_TLFiCategoriesTEI#l8314"/>
                <span target="#t248" pos="PUN:cit" lemma="«" corresp="#noTS"/>
                <span target="#t249" pos="DET:ART" lemma="le" corresp="#noTS"/>
                <span target="#t250" pos="NOM" lemma="dent" corresp="dictionnaire_TLFiCategoriesTEI#l22842"/>
                <span target="#t251" pos="VER:pper" lemma="sucrer" corresp="dictionnaire_TLFiCategoriesTEI#l72496"/>
                <span target="#t252" pos="PUN:cit" lemma="»" corresp="#noTS"/>
                <span target="#t253" pos="KON" lemma="comme" corresp="#noTS"/>
                <span target="#t254" pos="PRO:PER" lemma="on" corresp="#noTS"/>
                <span target="#t255" pos="VER:pres" lemma="dire" corresp="dictionnaire_TLFiCategoriesTEI#l24284"/>
                <span target="#t256" pos="SENT" lemma="." corresp="#noTS"/>
                <span target="#t257" pos="PRP" lemma="de" corresp="#noTS"/>
                <span target="#t258" pos="PRO:IND" lemma="tout" corresp="#noTS"/>
                <span target="#t259" pos="NOM" lemma="façon" corresp="dictionnaire_TLFiCategoriesTEI#l29843"/>
                <span target="#t260" pos="PUN" lemma="," corresp="#noTS"/>
                <span target="#t261" pos="PRO:DEM" lemma="cela" corresp="#noTS"/>
                <span target="#t262" pos="PRO:PER" lemma="se" corresp="#noTS"/>
                <span target="#t263" pos="VER:pres" lemma="voir" corresp="dictionnaire_TLFiCategoriesTEI#l80514"/>
                <span target="#t264" pos="PUN" lemma="," corresp="#noTS"/>
                <span target="#t265" pos="PRO:PER" lemma="je" corresp="#noTS"/>
                <span target="#t266" pos="VER:pres" lemma="être" corresp="dictionnaire_TLFiCategoriesTEI#l29037"/>
                <span target="#t267" pos="ADV" lemma="plutôt" corresp="dictionnaire_TLFiCategoriesTEI#l58374"/>
                <span target="#t268" pos="ADJ" lemma="pulpeux" corresp="dictionnaire_TLFiCategoriesTEI#l61728"/>
                <span target="#t269" pos="PUN:cit" lemma="»" corresp="#noTS"/>
                <span target="#t270" pos="SENT" lemma="." corresp="#noTS"/>
                <span target="#t271" pos="PRO:PER" lemma="en" corresp="#noTS"/>
                <span target="#t272" pos="VER:futu" lemma="e" corresp="dictionnaire_TLFiCategoriesTEI#l25334"/>
                <span target="#t273" pos="NUM" lemma="1" corresp="#noTS"/>
                <span target="#t274" pos="PUN" lemma="," corresp="#noTS"/>
                <span target="#t275" pos="KON" lemma="comme" corresp="#noTS"/>
                <span target="#t276" pos="PRO:PER" lemma="le" corresp="#noTS"/>
                <span target="#t277" pos="VER:futu" lemma="dire" corresp="dictionnaire_TLFiCategoriesTEI#l24284"/>
                <span target="#t278" pos="NOM" lemma="ducrot" corresp="#noTS"/>
                <span target="#t279" pos="PUN" lemma="(" corresp="#noTS"/>
                <span target="#t280" pos="NUM" lemma="1980" corresp="#noTS"/>
                <span target="#t281" pos="PUN" lemma=")" corresp="#noTS"/>
                <span target="#t282" pos="KON" lemma="ou" corresp="#noTS"/>
                <span target="#t283" pos="VER:infi" lemma="luscher" corresp="#noTS"/>
                <span target="#t284" pos="PUN" lemma="(" corresp="#noTS"/>
                <span target="#t285" pos="NUM" lemma="1989" corresp="#noTS"/>
                <span target="#t286" pos="PUN" lemma=")" corresp="#noTS"/>
                <span target="#t287" pos="PUN" lemma="," corresp="#noTS"/>
                <span target="#t288" pos="PRP" lemma="de" corresp="#noTS"/>
                <span target="#t289" pos="ADV" lemma="ailleurs" corresp="dictionnaire_TLFiCategoriesTEI#l2906"/>
                <span target="#t290" pos="VER:pper" lemma="introduire" corresp="dictionnaire_TLFiCategoriesTEI#l40732"/>
                <span target="#t291" pos="DET:ART" lemma="le" corresp="#noTS"/>
                <span target="#t292" pos="NOM" lemma="argument" corresp="dictionnaire_TLFiCategoriesTEI#l6533"/>
                <span target="#t293" pos="PUN:cit" lemma="«" corresp="#noTS"/>
                <span target="#t294" pos="PRO:DEM" lemma="cela" corresp="#noTS"/>
                <span target="#t295" pos="PRO:PER" lemma="se" corresp="#noTS"/>
                <span target="#t296" pos="VER:pres" lemma="voir" corresp="dictionnaire_TLFiCategoriesTEI#l80514"/>
                <span target="#t297" pos="PUN" lemma="," corresp="#noTS"/>
                <span target="#t298" pos="PRO:PER" lemma="je" corresp="#noTS"/>
                <span target="#t299" pos="VER:pres" lemma="être" corresp="dictionnaire_TLFiCategoriesTEI#l29037"/>
                <span target="#t300" pos="ADV" lemma="plutôt" corresp="dictionnaire_TLFiCategoriesTEI#l58374"/>
                <span target="#t301" pos="ADJ" lemma="pulpeux" corresp="dictionnaire_TLFiCategoriesTEI#l61728"/>
                <span target="#t302" pos="PUN:cit" lemma="»" corresp="#noTS"/>
                <span target="#t303" pos="PUN" lemma="," corresp="#noTS"/>
                <span target="#t304" pos="VER:pper" lemma="coorienté" corresp="#noTS"/>
                <span target="#t305" pos="PRP" lemma="à" corresp="#noTS"/>
                <span target="#t306" pos="DET:ART" lemma="un" corresp="#noTS"/>
                <span target="#t307" pos="NOM" lemma="argument" corresp="dictionnaire_TLFiCategoriesTEI#l6533"/>
                <span target="#t308" pos="ADV" lemma="déjà" corresp="DicoWiktionaryCategoriesTEI#l2721"/>
                <span target="#t309" pos="VER:pper" lemma="avancer" corresp="dictionnaire_TLFiCategoriesTEI#l8136"/>
                <span target="#t310" pos="PUN:cit" lemma="«" corresp="#noTS"/>
                <span target="#t311" pos="KON" lemma="si" corresp="#noTS"/>
                <span target="#t312" pos="PRO:PER" lemma="je" corresp="#noTS"/>
                <span target="#t313" pos="VER:impf" lemma="pouvoir" corresp="dictionnaire_TLFiCategoriesTEI#l59664"/>
                <span target="#t314" pos="PUN" lemma="," corresp="#noTS"/>
                <span target="#t315" pos="PRO:PER" lemma="je" corresp="#noTS"/>
                <span target="#t316" pos="VER:cond" lemma="manger" corresp="dictionnaire_TLFiCategoriesTEI#l45329"/>
                <span target="#t317" pos="PUN" lemma="(" corresp="#noTS"/>
                <span target="#t318" pos="PUN" lemma="…" corresp="#noTS"/>
                <span target="#t319" pos="PUN" lemma=")" corresp="#noTS"/>
                <span target="#t320" pos="PRP" lemma="en" corresp="#noTS"/>
                <span target="#t321" pos="NOM" lemma="dessert" corresp="dictionnaire_TLFiCategoriesTEI#l23543"/>
                <span target="#t322" pos="PUN:cit" lemma="»" corresp="#noTS"/>
                <span target="#t323" pos="PUN" lemma="," corresp="#noTS"/>
                <span target="#t324" pos="VER:ppre" lemma="appuyer" corresp="dictionnaire_TLFiCategoriesTEI#l6124"/>
                <span target="#t325" pos="PRO:IND" lemma="tout" corresp="#noTS"/>
                <span target="#t326" pos="DET:ART" lemma="le" corresp="#noTS"/>
                <span target="#t327" pos="NUM" lemma="deux" corresp="#noTS"/>
                <span target="#t328" pos="DET:ART" lemma="le" corresp="#noTS"/>
                <span target="#t329" pos="NOM" lemma="conclusion" corresp="dictionnaire_TLFiCategoriesTEI#l18120"/>
                <span target="#t330" pos="PUN:cit" lemma="«" corresp="#noTS"/>
                <span target="#t331" pos="PRO:PER" lemma="je" corresp="#noTS"/>
                <span target="#t332" pos="VER:pres" lemma="avoir" corresp="dictionnaire_TLFiCategoriesTEI#l8314"/>
                <span target="#t333" pos="DET:ART" lemma="le" corresp="#noTS"/>
                <span target="#t334" pos="NOM" lemma="dent" corresp="dictionnaire_TLFiCategoriesTEI#l22842"/>
                <span target="#t335" pos="VER:pper" lemma="sucrer" corresp="dictionnaire_TLFiCategoriesTEI#l72496"/>
                <span target="#t336" pos="PUN:cit" lemma="»" corresp="#noTS"/>
                <span target="#t337" pos="SENT" lemma="." corresp="#noTS"/>
                <span target="#t338" pos="PRO:PER" lemma="en" corresp="#noTS"/>
                <span target="#t339" pos="VER:futu" lemma="e" corresp="dictionnaire_TLFiCategoriesTEI#l25334"/>
                <span target="#t340" pos="PUN" lemma="'" corresp="#noTS"/>
                <span target="#t341" pos="NUM" lemma="1" corresp="#noTS"/>
                <span target="#t342" pos="PUN" lemma="," corresp="#noTS"/>
                <span target="#t343" pos="PRP" lemma="de" corresp="#noTS"/>
                <span target="#t344" pos="PRO:IND" lemma="tout" corresp="#noTS"/>
                <span target="#t345" pos="NOM" lemma="façon" corresp="dictionnaire_TLFiCategoriesTEI#l29843"/>
                <span target="#t346" pos="VER:pres" lemma="produire" corresp="dictionnaire_TLFiCategoriesTEI#l60701"/>
                <span target="#t347" pos="DET:ART" lemma="un" corresp="#noTS"/>
                <span target="#t348" pos="ADJ" lemma="autre" corresp="dictionnaire_TLFiCategoriesTEI#l7449"/>
                <span target="#t349" pos="NOM" lemma="effet" corresp="dictionnaire_TLFiCategoriesTEI#l25971"/>
                <span target="#t350" pos="PRP" lemma="de" corresp="#noTS"/>
                <span target="#t351" pos="NOM" lemma="sens" corresp="dictionnaire_TLFiCategoriesTEI#l69148"/>
                <span target="#t352" pos="SENT" lemma="." corresp="#noTS"/>
                <span target="#t353" pos="PRO:PER" lemma="nous" corresp="#noTS"/>
                <span target="#t354" pos="VER:pres" lemma="adopter" corresp="dictionnaire_TLFiCategoriesTEI#l1691"/>
                <span target="#t355" pos="DET:ART" lemma="le" corresp="#noTS"/>
                <span target="#t356" pos="NOM" lemma="hypothèse" corresp="dictionnaire_TLFiCategoriesTEI#l37813"/>
                <span target="#t357" pos="PRO:REL" lemma="que" corresp="#noTS"/>
                <span target="#t358" pos="PRO:PER" lemma="il" corresp="#noTS"/>
                <span target="#t359" pos="PRO:PER" lemma="se" corresp="#noTS"/>
                <span target="#t360" pos="VER:pres" lemma="agir" corresp="dictionnaire_TLFiCategoriesTEI#l2470"/>
                <span target="#t361" pos="PRP" lemma="de" corresp="#noTS"/>
                <span target="#t362" pos="DET:ART" lemma="le" corresp="#noTS"/>
                <span target="#t363" pos="NOM" lemma="reformulation" corresp="dictionnaire_TLFiCategoriesTEI#l64422"/>
                <span target="#t364" pos="PRP" lemma="de" corresp="#noTS"/>
                <span target="#t365" pos="DET:ART" lemma="un" corresp="#noTS"/>
                <span target="#t366" pos="NOM" lemma="constituant" corresp="dictionnaire_TLFiCategoriesTEI#l18593"/>
                <span target="#t367" pos="PRP" lemma="de" corresp="#noTS"/>
                <span target="#t368" pos="DET:ART" lemma="le" corresp="#noTS"/>
                <span target="#t369" pos="NUM" lemma="premier" corresp="#noTS"/>
                <span target="#t370" pos="NOM" lemma="partie" corresp="dictionnaire_TLFiCategoriesTEI#l54583"/>
                <span target="#t371" pos="PRP" lemma="de" corresp="#noTS"/>
                <span target="#t372" pos="DET:ART" lemma="le" corresp="#noTS"/>
                <span target="#t373" pos="NOM" lemma="énoncé" corresp="dictionnaire_TLFiCategoriesTEI#l27509"/>
                <span target="#t374" pos="SENT" lemma="." corresp="#noTS"/>
                <span target="#t375" pos="DET:ART" lemma="le" corresp="#noTS"/>
                <span target="#t376" pos="NOM" lemma="délimitation" corresp="dictionnaire_TLFiCategoriesTEI#l22424"/>
                <span target="#t377" pos="PRP" lemma="de" corresp="#noTS"/>
                <span target="#t378" pos="PRO:DEM" lemma="ce" corresp="#noTS"/>
                <span target="#t379" pos="NOM" lemma="fonctionnement" corresp="dictionnaire_TLFiCategoriesTEI#l31438"/>
                <span target="#t380" pos="ADJ" lemma="reformulatif" corresp="#noTS"/>
                <span target="#t381" pos="PRO:PER" lemma="se" corresp="#noTS"/>
                <span target="#t382" pos="VER:pres" lemma="imposer" corresp="dictionnaire_TLFiCategoriesTEI#l38609"/>
                <span target="#t383" pos="PUN" lemma="," corresp="#noTS"/>
                <span target="#t384" pos="PRP" lemma="de" corresp="#noTS"/>
                <span target="#t385" pos="ADV" lemma="autant" corresp="DicoWiktionaryCategoriesTEI#l2273"/>
                <span target="#t386" pos="ADV" lemma="plus" corresp="DicoWiktionaryCategoriesTEI#l6378 #l6379 #l6380"/>
                <span target="#t387" pos="KON" lemma="que" corresp="#noTS"/>
                <span target="#t388" pos="PRO:PER" lemma="nous" corresp="#noTS"/>
                <span target="#t389" pos="VER:pres" lemma="disposer" corresp="dictionnaire_TLFiCategoriesTEI#l24431"/>
                <span target="#t390" pos="PRP" lemma="de" corresp="#noTS"/>
                <span target="#t391" pos="DET:ART" lemma="un" corresp="#noTS"/>
                <span target="#t392" pos="PRO:IND" lemma="certain" corresp="#noTS"/>
                <span target="#t393" pos="NOM" lemma="nombre" corresp="dictionnaire_TLFiCategoriesTEI#l50792"/>
                <span target="#t394" pos="PRP" lemma="de" corresp="#noTS"/>
                <span target="#t395" pos="NOM" lemma="analyse" corresp="dictionnaire_TLFiCategoriesTEI#l4664"/>
                <span target="#t396" pos="KON" lemma="pour" corresp="#noTS"/>
                <span target="#t397" pos="PRP" lemma="de" corresp="#noTS"/>
                <span target="#t398" pos="ADV" lemma="ailleurs" corresp="dictionnaire_TLFiCategoriesTEI#l2906"/>
                <span target="#t399" pos="KON" lemma="mais" corresp="#noTS"/>
                <span target="#t400" pos="ADV" lemma="beaucoup" corresp="DicoWiktionaryCategoriesTEI#l1034"/>
                <span target="#t401" pos="ADV" lemma="moins" corresp="DicoWiktionaryCategoriesTEI#l79045"/>
                <span target="#t402" pos="KON" lemma="pour" corresp="#noTS"/>
                <span target="#t403" pos="PRP" lemma="de" corresp="#noTS"/>
                <span target="#t404" pos="PRO:IND" lemma="tout" corresp="#noTS"/>
                <span target="#t405" pos="NOM" lemma="façon" corresp="dictionnaire_TLFiCategoriesTEI#l29843"/>
                <span target="#t406" pos="SENT" lemma="." corresp="#noTS"/>
                <span target="#t407" pos="ADV" lemma="aussi" corresp="DicoWiktionaryCategoriesTEI#l1466"/>
                <span target="#t408" pos="VER:futu" lemma="tenter" corresp="dictionnaire_TLFiCategoriesTEI#l75060"/>
                <span target="#t409" pos="PRO:PER" lemma="nous" corresp="#noTS"/>
                <span target="#t410" pos="PRP" lemma="dans" corresp="#noTS"/>
                <span target="#t411" pos="DET:ART" lemma="un" corresp="#noTS"/>
                <span target="#t412" pos="NUM" lemma="premier" corresp="#noTS"/>
                <span target="#t413" pos="NOM" lemma="temps" corresp="dictionnaire_TLFiCategoriesTEI#l74949"/>
                <span target="#t414" pos="PRP" lemma="de" corresp="#noTS"/>
                <span target="#t415" pos="VER:infi" lemma="présenter" corresp="dictionnaire_TLFiCategoriesTEI#l60258"/>
                <span target="#t416" pos="DET:ART" lemma="le" corresp="#noTS"/>
                <span target="#t417" pos="NOM" lemma="particularité" corresp="dictionnaire_TLFiCategoriesTEI#l54577"/>
                <span target="#t418" pos="PRP" lemma="de" corresp="#noTS"/>
                <span target="#t419" pos="DET:ART" lemma="le" corresp="#noTS"/>
                <span target="#t420" pos="NOM" lemma="opération" corresp="dictionnaire_TLFiCategoriesTEI#l52341"/>
                <span target="#t421" pos="PRP" lemma="de" corresp="#noTS"/>
                <span target="#t422" pos="NOM" lemma="reformulation" corresp="dictionnaire_TLFiCategoriesTEI#l64422"/>
                <span target="#t423" pos="PRP" lemma="par" corresp="#noTS"/>
                <span target="#t424" pos="NOM" lemma="rapport" corresp="dictionnaire_TLFiCategoriesTEI#l63284"/>
                <span target="#t425" pos="PRP" lemma="à" corresp="#noTS"/>
                <span target="#t426" pos="DET:ART" lemma="le" corresp="#noTS"/>
                <span target="#t427" pos="NOM" lemma="opération" corresp="dictionnaire_TLFiCategoriesTEI#l52341"/>
                <span target="#t428" pos="PRP" lemma="de" corresp="#noTS"/>
                <span target="#t429" pos="DET:ART" lemma="le" corresp="#noTS"/>
                <span target="#t430" pos="NOM" lemma="argumentation" corresp="dictionnaire_TLFiCategoriesTEI#l6536"/>
                <span target="#t431" pos="SENT" lemma="." corresp="#noTS"/>
                <span target="#t432" pos="PRP" lemma="dans" corresp="#noTS"/>
                <span target="#t433" pos="DET:ART" lemma="un" corresp="#noTS"/>
                <span target="#t434" pos="NUM" lemma="deuxième" corresp="#noTS"/>
                <span target="#t435" pos="NOM" lemma="temps" corresp="dictionnaire_TLFiCategoriesTEI#l74949"/>
                <span target="#t436" pos="PUN" lemma="," corresp="#noTS"/>
                <span target="#t437" pos="PRO:PER" lemma="nous" corresp="#noTS"/>
                <span target="#t438" pos="VER:futu" lemma="essayer" corresp="dictionnaire_TLFiCategoriesTEI#l28645"/>
                <span target="#t439" pos="PRP" lemma="de" corresp="#noTS"/>
                <span target="#t440" pos="VER:infi" lemma="montrer" corresp="dictionnaire_TLFiCategoriesTEI#l48499"/>
                <span target="#t441" pos="KON" lemma="que" corresp="#noTS"/>
                <span target="#t442" pos="PRP" lemma="de" corresp="#noTS"/>
                <span target="#t443" pos="PRO:IND" lemma="tout" corresp="#noTS"/>
                <span target="#t444" pos="NOM" lemma="façon" corresp="dictionnaire_TLFiCategoriesTEI#l29843"/>
                <span target="#t445" pos="VER:pres" lemma="intervenir" corresp="dictionnaire_TLFiCategoriesTEI#l40635"/>
                <span target="#t446" pos="PRP" lemma="dans" corresp="#noTS"/>
                <span target="#t447" pos="NUM" lemma="deux" corresp="#noTS"/>
                <span target="#t448" pos="NOM" lemma="type" corresp="dictionnaire_TLFiCategoriesTEI#l78232"/>
                <span target="#t449" pos="ADJ" lemma="différent" corresp="dictionnaire_TLFiCategoriesTEI#l24077"/>
                <span target="#t450" pos="PRP" lemma="de" corresp="#noTS"/>
                <span target="#t451" pos="NOM" lemma="énoncé" corresp="dictionnaire_TLFiCategoriesTEI#l27509"/>
                <span target="#t452" pos="SENT" lemma="." corresp="#noTS"/>
                <span target="#t453" pos="DET:ART" lemma="le" corresp="#noTS"/>
                <span target="#t454" pos="NUM" lemma="premier" corresp="#noTS"/>
                <span target="#t455" pos="VER:pres" lemma="posséder" corresp="dictionnaire_TLFiCategoriesTEI#l59331"/>
                <span target="#t456" pos="ADV" lemma="initialement" corresp="dictionnaire_TLFiCategoriesTEI#l39946"/>
                <span target="#t457" pos="DET:ART" lemma="un" corresp="#noTS"/>
                <span target="#t458" pos="NOM" lemma="valeur" corresp="dictionnaire_TLFiCategoriesTEI#l79013"/>
                <span target="#t459" pos="ADJ" lemma="argumentative" corresp="#noTS"/>
                <span target="#t460" pos="PUN" lemma="," corresp="#noTS"/>
                <span target="#t461" pos="DET:ART" lemma="le" corresp="#noTS"/>
                <span target="#t462" pos="NOM" lemma="second" corresp="dictionnaire_TLFiCategoriesTEI#l68727"/>
                <span target="#t463" pos="VER:pres" lemma="être" corresp="dictionnaire_TLFiCategoriesTEI#l29037"/>
                <span target="#t464" pos="ADV" lemma="uniquement" corresp="dictionnaire_TLFiCategoriesTEI#l78573"/>
                <span target="#t465" pos="ADJ" lemma="reformulatif" corresp="#noTS"/>
                <span target="#t466" pos="SENT" lemma="." corresp="#noTS"/>
                <span target="#t467" pos="NUM" lemma="1" corresp="#noTS"/>
                <span target="#t468" pos="SENT" lemma="." corresp="#noTS"/>
                <span target="#t469" pos="PRP" lemma="de" corresp="#noTS"/>
                <span target="#t470" pos="PRO:IND" lemma="tout" corresp="#noTS"/>
                <span target="#t471" pos="NOM" lemma="façon" corresp="dictionnaire_TLFiCategoriesTEI#l29843"/>
                <span target="#t472" pos="PUN" lemma=":" corresp="#noTS"/>
                <span target="#t473" pos="NOM" lemma="présentation" corresp="dictionnaire_TLFiCategoriesTEI#l60254"/>
                <span target="#t474" pos="PRP:det" lemma="du" corresp="#noTS"/>
                <span target="#t475" pos="NOM" lemma="connecteur" corresp="dictionnaire_TLFiCategoriesTEI#l18427"/>
                <span target="#t476" pos="DET:ART" lemma="le" corresp="#noTS"/>
                <span target="#t477" pos="NOM" lemma="connecteur" corresp="dictionnaire_TLFiCategoriesTEI#l18427"/>
                <span target="#t478" pos="PRP" lemma="de" corresp="#noTS"/>
                <span target="#t479" pos="PRO:IND" lemma="tout" corresp="#noTS"/>
                <span target="#t480" pos="NOM" lemma="façon" corresp="dictionnaire_TLFiCategoriesTEI#l29843"/>
                <span target="#t481" pos="VER:pres" lemma="avoir" corresp="dictionnaire_TLFiCategoriesTEI#l8314"/>
                <span target="#t482" pos="VER:pper" lemma="faire" corresp="dictionnaire_TLFiCategoriesTEI#l29921"/>
                <span target="#t483" pos="DET:ART" lemma="le" corresp="#noTS"/>
                <span target="#t484" pos="NOM" lemma="objet" corresp="dictionnaire_TLFiCategoriesTEI#l51346"/>
                <span target="#t485" pos="PRP" lemma="de" corresp="#noTS"/>
                <span target="#t486" pos="ADJ" lemma="divers" corresp="dictionnaire_TLFiCategoriesTEI#l24593"/>
                <span target="#t487" pos="NOM" lemma="classification" corresp="dictionnaire_TLFiCategoriesTEI#l16622"/>
                <span target="#t488" pos="SENT" lemma="." corresp="#noTS"/>
                <span target="#t489" pos="PRO:PER" lemma="il" corresp="#noTS"/>
                <span target="#t490" pos="VER:pres" lemma="avoir" corresp="dictionnaire_TLFiCategoriesTEI#l8314"/>
                <span target="#t491" pos="VER:pper" lemma="être" corresp="dictionnaire_TLFiCategoriesTEI#l29037"/>
                <span target="#t492" pos="VER:pper" lemma="qualifier" corresp="dictionnaire_TLFiCategoriesTEI#l62121"/>
                <span target="#t493" pos="PUN" lemma="," corresp="#noTS"/>
                <span target="#t494" pos="KON" lemma="ainsi" corresp="#noTS"/>
                <span target="#t495" pos="PUN" lemma="," corresp="#noTS"/>
                <span target="#t496" pos="PRP" lemma="de" corresp="#noTS"/>
                <span target="#t497" pos="NOM" lemma="connecteur" corresp="dictionnaire_TLFiCategoriesTEI#l18427"/>
                <span target="#t498" pos="PUN:cit" lemma="«" corresp="#noTS"/>
                <span target="#t499" pos="ADJ" lemma="conclusif" corresp="dictionnaire_TLFiCategoriesTEI#l18119"/>
                <span target="#t500" pos="PUN:cit" lemma="»" corresp="#noTS"/>
                <span target="#t501" pos="PUN" lemma="," corresp="#noTS"/>
                <span target="#t502" pos="PUN:cit" lemma="«" corresp="#noTS"/>
                <span target="#t503" pos="ADJ" lemma="réévaluatif" corresp="#noTS"/>
                <span target="#t504" pos="PUN:cit" lemma="»" corresp="#noTS"/>
                <span target="#t505" pos="KON" lemma="et" corresp="#noTS"/>
                <span target="#t506" pos="PRP" lemma="de" corresp="#noTS"/>
                <span target="#t507" pos="PUN:cit" lemma="«" corresp="#noTS"/>
                <span target="#t508" pos="NOM" lemma="reformulatif" corresp="#noTS"/>
                <span target="#t509" pos="PUN:cit" lemma="»" corresp="#noTS"/>
                <span target="#t510" pos="SENT" lemma="." corresp="#noTS"/>
                <span target="#t511" pos="DET:ART" lemma="le" corresp="#noTS"/>
                <span target="#t512" pos="NUM" lemma="troisième" corresp="#noTS"/>
                <span target="#t513" pos="NOM" lemma="qualification" corresp="dictionnaire_TLFiCategoriesTEI#l62120"/>
                <span target="#t514" pos="PUN" lemma="," corresp="#noTS"/>
                <span target="#t515" pos="VER:ppre" lemma="être" corresp="dictionnaire_TLFiCategoriesTEI#l29037"/>
                <span target="#t516" pos="DET:ART" lemma="le" corresp="#noTS"/>
                <span target="#t517" pos="ADV" lemma="plus" corresp="DicoWiktionaryCategoriesTEI#l6378 #l6379 #l6380"/>
                <span target="#t518" pos="ADJ" lemma="récent" corresp="dictionnaire_TLFiCategoriesTEI#l63856"/>
                <span target="#t519" pos="KON" lemma="et" corresp="#noTS"/>
                <span target="#t520" pos="PRP" lemma="par" corresp="#noTS"/>
                <span target="#t521" pos="ADV" lemma="ailleurs" corresp="dictionnaire_TLFiCategoriesTEI#l2906"/>
                <span target="#t522" pos="DET:ART" lemma="le" corresp="#noTS"/>
                <span target="#t523" pos="ADV" lemma="plus" corresp="DicoWiktionaryCategoriesTEI#l6378 #l6379 #l6380"/>
                <span target="#t524" pos="ADJ" lemma="adéquat" corresp="dictionnaire_TLFiCategoriesTEI#l1234"/>
                <span target="#t525" pos="PUN" lemma="," corresp="#noTS"/>
                <span target="#t526" pos="VER:futu" lemma="être" corresp="dictionnaire_TLFiCategoriesTEI#l29037"/>
                <span target="#t527" pos="VER:pper" lemma="adopter" corresp="dictionnaire_TLFiCategoriesTEI#l1691"/>
                <span target="#t528" pos="PRP" lemma="dans" corresp="#noTS"/>
                <span target="#t529" pos="PRO:DEM" lemma="ce" corresp="#noTS"/>
                <span target="#t530" pos="NOM" lemma="étude" corresp="dictionnaire_TLFiCategoriesTEI#l29067"/>
                <span target="#t531" pos="SENT" lemma="." corresp="#noTS"/>
                <span target="#t532" pos="NOM" lemma="e" corresp="dictionnaire_TLFiCategoriesTEI#l25334"/>
                <span target="#t533" pos="SENT" lemma="." corresp="#noTS"/>
                <span target="#t534" pos="NOM" lemma="roulet" corresp="DicoWiktionaryCategoriesTEI#l21106"/>
                <span target="#t535" pos="PUN" lemma="(" corresp="#noTS"/>
                <span target="#t536" pos="NUM" lemma="1987" corresp="#noTS"/>
                <span target="#t537" pos="PUN" lemma=")" corresp="#noTS"/>
                <span target="#t538" pos="KON" lemma="et" corresp="#noTS"/>
                <span target="#t539" pos="VER:subi" lemma="c" corresp="dictionnaire_TLFiCategoriesTEI#l12533"/>
                <span target="#t540" pos="SENT" lemma="." corresp="#noTS"/>
                <span target="#t541" pos="NOM" lemma="rossari" corresp="#noTS"/>
                <span target="#t542" pos="PUN" lemma="(" corresp="#noTS"/>
                <span target="#t543" pos="NUM" lemma="1994" corresp="#noTS"/>
                <span target="#t544" pos="PUN" lemma=")" corresp="#noTS"/>
                <span target="#t545" pos="VER:pres" lemma="considérer" corresp="dictionnaire_TLFiCategoriesTEI#l18512"/>
                <span target="#t546" pos="DET:ART" lemma="le" corresp="#noTS"/>
                <span target="#t547" pos="NOM" lemma="locution" corresp="dictionnaire_TLFiCategoriesTEI#l43908"/>
                <span target="#t548" pos="PRP" lemma="de" corresp="#noTS"/>
                <span target="#t549" pos="PRO:IND" lemma="tout" corresp="#noTS"/>
                <span target="#t550" pos="NOM" lemma="façon" corresp="dictionnaire_TLFiCategoriesTEI#l29843"/>
                <span target="#t551" pos="KON" lemma="comme" corresp="#noTS"/>
                <span target="#t552" pos="DET:ART" lemma="un" corresp="#noTS"/>
                <span target="#t553" pos="NOM" lemma="connecteur" corresp="dictionnaire_TLFiCategoriesTEI#l18427"/>
                <span target="#t554" pos="ADJ" lemma="reformulatif" corresp="#noTS"/>
                <span target="#t555" pos="SENT" lemma="." corresp="#noTS"/>
                <span target="#t556" pos="PRO:PER" lemma="il" corresp="#noTS"/>
                <span target="#t557" pos="PRO:PER" lemma="lui" corresp="#noTS"/>
                <span target="#t558" pos="VER:pres" lemma="attribuer" corresp="dictionnaire_TLFiCategoriesTEI#l8045"/>
                <span target="#t559" pos="PUN" lemma="," corresp="#noTS"/>
                <span target="#t560" pos="PRP" lemma="par" corresp="#noTS"/>
                <span target="#t561" pos="ADJ" lemma="conséquent" corresp="dictionnaire_TLFiCategoriesTEI#l18492"/>
                <span target="#t562" pos="PUN" lemma="," corresp="#noTS"/>
                <span target="#t563" pos="PRO:IND" lemma="certain" corresp="#noTS"/>
                <span target="#t564" pos="NOM" lemma="spécificité" corresp="dictionnaire_TLFiCategoriesTEI#l71298"/>
                <span target="#t565" pos="PRP" lemma="de" corresp="#noTS"/>
                <span target="#t566" pos="NOM" lemma="usage" corresp="dictionnaire_TLFiCategoriesTEI#l78802"/>
                <span target="#t567" pos="KON" lemma="et" corresp="#noTS"/>
                <span target="#t568" pos="PRP" lemma="de" corresp="#noTS"/>
                <span target="#t569" pos="NOM" lemma="fonctionnement" corresp="dictionnaire_TLFiCategoriesTEI#l31438"/>
                <span target="#t570" pos="SENT" lemma="." corresp="#noTS"/>
                <span target="#t571" pos="DET:ART" lemma="le" corresp="#noTS"/>
                <span target="#t572" pos="NOM" lemma="reformulation" corresp="dictionnaire_TLFiCategoriesTEI#l64422"/>
                <span target="#t573" pos="PUN" lemma=":" corresp="#noTS"/>
                <span target="#t574" pos="NOM" lemma="définition" corresp="dictionnaire_TLFiCategoriesTEI#l22120"/>
                <span target="#t575" pos="DET:ART" lemma="le" corresp="#noTS"/>
                <span target="#t576" pos="NOM" lemma="reformulation" corresp="dictionnaire_TLFiCategoriesTEI#l64422"/>
                <span target="#t577" pos="PRO:PER" lemma="se" corresp="#noTS"/>
                <span target="#t578" pos="VER:pres" lemma="définir" corresp="dictionnaire_TLFiCategoriesTEI#l22114"/>
                <span target="#t579" pos="ADV" lemma="comme" corresp="DicoWiktionaryCategoriesTEI#l8041"/>
                <span target="#t580" pos="DET:ART" lemma="un" corresp="#noTS"/>
                <span target="#t581" pos="NOM" lemma="processus" corresp="dictionnaire_TLFiCategoriesTEI#l60636"/>
                <span target="#t582" pos="PRP" lemma="de" corresp="#noTS"/>
                <span target="#t583" pos="NOM" lemma="réinterprétation" corresp="DicoWiktionaryCategoriesTEI#l175575"/>
                <span target="#t584" pos="SENT" lemma="." corresp="#noTS"/>
                <span target="#t585" pos="PRO:PER" lemma="il" corresp="#noTS"/>
                <span target="#t586" pos="PRO:PER" lemma="se" corresp="#noTS"/>
                <span target="#t587" pos="VER:pres" lemma="agir" corresp="dictionnaire_TLFiCategoriesTEI#l2470"/>
                <span target="#t588" pos="PRP" lemma="de" corresp="#noTS"/>
                <span target="#t589" pos="DET:ART" lemma="un" corresp="#noTS"/>
                <span target="#t590" pos="NOM" lemma="subordination" corresp="dictionnaire_TLFiCategoriesTEI#l72370"/>
                <span target="#t591" pos="ADJ" lemma="rétroactif" corresp="dictionnaire_TLFiCategoriesTEI#l65821"/>
                <span target="#t592" pos="PRP" lemma="de" corresp="#noTS"/>
                <span target="#t593" pos="DET:ART" lemma="un" corresp="#noTS"/>
                <span target="#t594" pos="NOM" lemma="acte" corresp="dictionnaire_TLFiCategoriesTEI#l968"/>
                <span target="#t595" pos="ADJ" lemma="discursif" corresp="dictionnaire_TLFiCategoriesTEI#l24374"/>
                <span target="#t596" pos="PUN" lemma="," corresp="#noTS"/>
                <span target="#t597" pos="ADJ" lemma="explicite" corresp="dictionnaire_TLFiCategoriesTEI#l29620"/>
                <span target="#t598" pos="KON" lemma="ou" corresp="#noTS"/>
                <span target="#t599" pos="ADJ" lemma="implicite" corresp="dictionnaire_TLFiCategoriesTEI#l38566"/>
                <span target="#t600" pos="PUN" lemma="," corresp="#noTS"/>
                <span target="#t601" pos="PRP" lemma="à" corresp="#noTS"/>
                <span target="#t602" pos="DET:ART" lemma="un" corresp="#noTS"/>
                <span target="#t603" pos="ADJ" lemma="nouveau" corresp="dictionnaire_TLFiCategoriesTEI#l51087"/>
                <span target="#t604" pos="NOM" lemma="acte" corresp="dictionnaire_TLFiCategoriesTEI#l968"/>
                <span target="#t605" pos="ADJ" lemma="principal" corresp="dictionnaire_TLFiCategoriesTEI#l60512"/>
                <span target="#t606" pos="PUN" lemma="," corresp="#noTS"/>
                <span target="#t607" pos="PRP" lemma="en" corresp="#noTS"/>
                <span target="#t608" pos="NOM" lemma="raison" corresp="dictionnaire_TLFiCategoriesTEI#l63019"/>
                <span target="#t609" pos="PRP:det" lemma="du" corresp="#noTS"/>
                <span target="#t610" pos="NOM" lemma="changement" corresp="dictionnaire_TLFiCategoriesTEI#l15032"/>
                <span target="#t611" pos="PRP" lemma="de" corresp="#noTS"/>
                <span target="#t612" pos="DET:ART" lemma="le" corresp="#noTS"/>
                <span target="#t613" pos="NOM" lemma="perspective" corresp="dictionnaire_TLFiCategoriesTEI#l56105"/>
                <span target="#t614" pos="ADJ" lemma="énonciatif" corresp="dictionnaire_TLFiCategoriesTEI#l27513"/>
                <span target="#t615" pos="SENT" lemma="." corresp="#noTS"/>
                <span target="#t616" pos="DET:ART" lemma="le" corresp="#noTS"/>
                <span target="#t617" pos="NOM" lemma="connecteur" corresp="dictionnaire_TLFiCategoriesTEI#l18427"/>
                <span target="#t618" pos="ADJ" lemma="reformulatif" corresp="#noTS"/>
                <span target="#t619" pos="VER:pres" lemma="représenter"
                      corresp="dictionnaire_TLFiCategoriesTEI#l65341"/>
                <span target="#t620" pos="ADV" lemma="donc" corresp="#noTS"/>
                <span target="#t621" pos="PUN:cit" lemma="«" corresp="#noTS"/>
                <span target="#t622" pos="PRO:IND" lemma="tout" corresp="#noTS"/>
                <span target="#t623" pos="NOM" lemma="marqueur" corresp="dictionnaire_TLFiCategoriesTEI#l45771"/>
                <span target="#t624" pos="ADJ" lemma="susceptible" corresp="dictionnaire_TLFiCategoriesTEI#l73362"/>
                <span target="#t625" pos="PRP" lemma="de" corresp="#noTS"/>
                <span target="#t626" pos="VER:infi" lemma="présenter" corresp="dictionnaire_TLFiCategoriesTEI#l60258"/>
                <span target="#t627" pos="DET:ART" lemma="le" corresp="#noTS"/>
                <span target="#t628" pos="NOM" lemma="point" corresp="dictionnaire_TLFiCategoriesTEI#l58621"/>
                <span target="#t629" pos="PRP" lemma="de" corresp="#noTS"/>
                <span target="#t630" pos="NOM" lemma="vue" corresp="dictionnaire_TLFiCategoriesTEI#l80517"/>
                <span target="#t631" pos="PRO:REL" lemma="auquel" corresp="#noTS"/>
                <span target="#t632" pos="PRO:PER" lemma="il" corresp="#noTS"/>
                <span target="#t633" pos="VER:pres" lemma="renvoyer" corresp="dictionnaire_TLFiCategoriesTEI#l65155"/>
                <span target="#t634" pos="PUN:cit" lemma="»" corresp="#noTS"/>
                <span target="#t635" pos="SENT" lemma="." corresp="#noTS"/>
                <span target="#t636" pos="ADJ" lemma="ainsiqualifié" corresp="#noTS"/>
                <span target="#t637" pos="PUN" lemma="," corresp="#noTS"/>
                <span target="#t638" pos="PRP" lemma="de" corresp="#noTS"/>
                <span target="#t639" pos="PRO:IND" lemma="tout" corresp="#noTS"/>
                <span target="#t640" pos="NOM" lemma="façon" corresp="dictionnaire_TLFiCategoriesTEI#l29843"/>
                <span target="#t641" pos="VER:pres" lemma="supposer" corresp="dictionnaire_TLFiCategoriesTEI#l72871"/>
                <span target="#t642" pos="KON" lemma="que" corresp="#noTS"/>
                <span target="#t643" pos="PRO:DEM" lemma="ce" corresp="#noTS"/>
                <span target="#t644" pos="NOM" lemma="connecteur" corresp="dictionnaire_TLFiCategoriesTEI#l18427"/>
                <span target="#t645" pos="VER:subp" lemma="introduire" corresp="dictionnaire_TLFiCategoriesTEI#l40732"/>
                <span target="#t646" pos="PUN" lemma="," corresp="#noTS"/>
                <span target="#t647" pos="PRP" lemma="dans" corresp="#noTS"/>
                <span target="#t648" pos="DET:ART" lemma="un" corresp="#noTS"/>
                <span target="#t649" pos="NOM" lemma="suite" corresp="dictionnaire_TLFiCategoriesTEI#l72595"/>
                <span target="#t650" pos="PUN:cit" lemma="«" corresp="#noTS"/>
                <span target="#t651" pos="NOM" lemma="p" corresp="dictionnaire_TLFiCategoriesTEI#l53378"/>
                <span target="#t652" pos="PUN" lemma="," corresp="#noTS"/>
                <span target="#t653" pos="NOM" lemma="q" corresp="dictionnaire_TLFiCategoriesTEI#l62048"/>
                <span target="#t654" pos="PRP" lemma="de" corresp="#noTS"/>
                <span target="#t655" pos="PRO:IND" lemma="tout" corresp="#noTS"/>
                <span target="#t656" pos="NOM" lemma="façon" corresp="dictionnaire_TLFiCategoriesTEI#l29843"/>
                <span target="#t657" pos="ADJ" lemma="r" corresp="dictionnaire_TLFiCategoriesTEI#l62459"/>
                <span target="#t658" pos="PUN:cit" lemma="»" corresp="#noTS"/>
                <span target="#t659" pos="PUN" lemma="," corresp="#noTS"/>
                <span target="#t660" pos="DET:ART" lemma="un" corresp="#noTS"/>
                <span target="#t661" pos="NOM" lemma="énoncé" corresp="dictionnaire_TLFiCategoriesTEI#l27509"/>
                <span target="#t662" pos="VER:ppre" lemma="réinterpréter" corresp="DicoWiktionaryCategoriesTEI#l83268"/>
                <span target="#t663" pos="DET:ART" lemma="le" corresp="#noTS"/>
                <span target="#t664" pos="NUM" lemma="premier" corresp="#noTS"/>
                <span target="#t665" pos="NOM" lemma="acte" corresp="dictionnaire_TLFiCategoriesTEI#l968"/>
                <span target="#t666" pos="ADJ" lemma="discursif" corresp="dictionnaire_TLFiCategoriesTEI#l24374"/>
                <span target="#t667" pos="PUN" lemma="," corresp="#noTS"/>
                <span target="#t668" pos="PRP" lemma="à" corresp="#noTS"/>
                <span target="#t669" pos="VER:infi" lemma="savoir" corresp="dictionnaire_TLFiCategoriesTEI#l68248"/>
                <span target="#t670" pos="DET:ART" lemma="le" corresp="#noTS"/>
                <span target="#t671" pos="NOM" lemma="énoncé" corresp="dictionnaire_TLFiCategoriesTEI#l27509"/>
                <span target="#t672" pos="NOM" lemma="p" corresp="dictionnaire_TLFiCategoriesTEI#l53378"/>
                <span target="#t673" pos="KON" lemma="et" corresp="#noTS"/>
                <span target="#t674" pos="NOM" lemma="q" corresp="dictionnaire_TLFiCategoriesTEI#l62048"/>
                <span target="#t675" pos="SENT" lemma="." corresp="#noTS"/>
                <span target="#t676" pos="DET:ART" lemma="le" corresp="#noTS"/>
                <span target="#t677" pos="NOM" lemma="particularité" corresp="dictionnaire_TLFiCategoriesTEI#l54577"/>
                <span target="#t678" pos="PRP" lemma="de" corresp="#noTS"/>
                <span target="#t679" pos="DET:ART" lemma="le" corresp="#noTS"/>
                <span target="#t680" pos="NOM" lemma="opération" corresp="dictionnaire_TLFiCategoriesTEI#l52341"/>
                <span target="#t681" pos="PRP" lemma="de" corresp="#noTS"/>
                <span target="#t682" pos="NOM" lemma="reformulation" corresp="dictionnaire_TLFiCategoriesTEI#l64422"/>
                <span target="#t683" pos="PRP" lemma="par" corresp="#noTS"/>
                <span target="#t684" pos="NOM" lemma="rapport" corresp="dictionnaire_TLFiCategoriesTEI#l63284"/>
                <span target="#t685" pos="PRP" lemma="à" corresp="#noTS"/>
                <span target="#t686" pos="DET:ART" lemma="un" corresp="#noTS"/>
                <span target="#t687" pos="ADJ" lemma="autre" corresp="dictionnaire_TLFiCategoriesTEI#l7449"/>
                <span target="#t688" pos="PUN" lemma="," corresp="#noTS"/>
                <span target="#t689" pos="DET:ART" lemma="le" corresp="#noTS"/>
                <span target="#t690" pos="NOM" lemma="argumentation" corresp="dictionnaire_TLFiCategoriesTEI#l6536"/>
                <span target="#t691" pos="PRP" lemma="par" corresp="#noTS"/>
                <span target="#t692" pos="NOM" lemma="exemple" corresp="dictionnaire_TLFiCategoriesTEI#l29460"/>
                <span target="#t693" pos="PUN" lemma="," corresp="#noTS"/>
                <span target="#t694" pos="VER:pres" lemma="résider" corresp="dictionnaire_TLFiCategoriesTEI#l65459"/>
                <span target="#t695" pos="PRP" lemma="dans" corresp="#noTS"/>
                <span target="#t696" pos="DET:ART" lemma="le" corresp="#noTS"/>
                <span target="#t697" pos="NOM" lemma="fait" corresp="dictionnaire_TLFiCategoriesTEI#l29942"/>
                <span target="#t698" pos="PRO:REL" lemma="que" corresp="#noTS"/>
                <span target="#t699" pos="PRO:PER" lemma="elle" corresp="#noTS"/>
                <span target="#t700" pos="ADV" lemma="ne" corresp="#noTS"/>
                <span target="#t701" pos="VER:pres" lemma="être" corresp="dictionnaire_TLFiCategoriesTEI#l29037"/>
                <span target="#t702" pos="ADJ" lemma="perceptible" corresp="dictionnaire_TLFiCategoriesTEI#l55679"/>
                <span target="#t703" pos="PRP" lemma="dans" corresp="#noTS"/>
                <span target="#t704" pos="DET:ART" lemma="un" corresp="#noTS"/>
                <span target="#t705" pos="NOM" lemma="énoncé" corresp="dictionnaire_TLFiCategoriesTEI#l27509"/>
                <span target="#t706" pos="KON" lemma="que" corresp="#noTS"/>
                <span target="#t707" pos="PRP" lemma="en" corresp="#noTS"/>
                <span target="#t708" pos="NOM" lemma="présence" corresp="dictionnaire_TLFiCategoriesTEI#l60247"/>
                <span target="#t709" pos="PRP" lemma="de" corresp="#noTS"/>
                <span target="#t710" pos="DET:ART" lemma="un" corresp="#noTS"/>
                <span target="#t711" pos="NOM" lemma="connecteur" corresp="dictionnaire_TLFiCategoriesTEI#l18427"/>
                <span target="#t712" pos="ADJ" lemma="reformulatif" corresp="#noTS"/>
                <span target="#t713" pos="SENT" lemma="." corresp="#noTS"/>
                <span target="#t714" pos="PRO:DEM" lemma="cela" corresp="#noTS"/>
                <span target="#t715" pos="PUN" lemma="," corresp="#noTS"/>
                <span target="#t716" pos="ADV" lemma="contrairement" corresp="dictionnaire_TLFiCategoriesTEI#l18762"/>
                <span target="#t717" pos="PRP" lemma="à" corresp="#noTS"/>
                <span target="#t718" pos="DET:ART" lemma="un" corresp="#noTS"/>
                <span target="#t719" pos="NOM" lemma="énoncé" corresp="dictionnaire_TLFiCategoriesTEI#l27509"/>
                <span target="#t720" pos="ADJ" lemma="argumentatif" corresp="#noTS"/>
                <span target="#t721" pos="PUN" lemma="," corresp="#noTS"/>
                <span target="#t722" pos="PRO:REL" lemma="où" corresp="#noTS"/>
                <span target="#t723" pos="DET:ART" lemma="le" corresp="#noTS"/>
                <span target="#t724" pos="NOM" lemma="présence" corresp="dictionnaire_TLFiCategoriesTEI#l60247"/>
                <span target="#t725" pos="PRP:det" lemma="du" corresp="#noTS"/>
                <span target="#t726" pos="NOM" lemma="connecteur" corresp="dictionnaire_TLFiCategoriesTEI#l18427"/>
                <span target="#t727" pos="ADV" lemma="ne" corresp="#noTS"/>
                <span target="#t728" pos="VER:pres" lemma="créer" corresp="dictionnaire_TLFiCategoriesTEI#l20134"/>
                <span target="#t729" pos="ADV" lemma="pas" corresp="dictionnaire_TLFiCategoriesTEI#l54617"/>
                <span target="#t730" pos="ADV" lemma="obligatoirement" corresp="dictionnaire_TLFiCategoriesTEI#l51361"/>
                <span target="#t731" pos="DET:ART" lemma="un" corresp="#noTS"/>
                <span target="#t732" pos="NOM" lemma="relation" corresp="dictionnaire_TLFiCategoriesTEI#l64730"/>
                <span target="#t733" pos="PRO:REL" lemma="qui" corresp="#noTS"/>
                <span target="#t734" pos="ADV" lemma="ne" corresp="#noTS"/>
                <span target="#t735" pos="VER:impf" lemma="exister" corresp="dictionnaire_TLFiCategoriesTEI#l29517"/>
                <span target="#t736" pos="ADV" lemma="pas" corresp="dictionnaire_TLFiCategoriesTEI#l54617"/>
                <span target="#t737" pos="ADV" lemma="préalablement" corresp="dictionnaire_TLFiCategoriesTEI#l59910"/>
                <span target="#t738" pos="SENT" lemma="." corresp="#noTS"/>
                <span target="#t739" pos="PRO:PER" lemma="il" corresp="#noTS"/>
                <span target="#t740" pos="PRO:PER" lemma="en" corresp="#noTS"/>
                <span target="#t741" pos="VER:pres" lemma="résulter" corresp="dictionnaire_TLFiCategoriesTEI#l65630"/>
                <span target="#t742" pos="KON" lemma="que" corresp="#noTS"/>
                <span target="#t743" pos="KON" lemma="si" corresp="#noTS"/>
                <span target="#t744" pos="PUN" lemma="," corresp="#noTS"/>
                <span target="#t745" pos="PRP" lemma="entre" corresp="#noTS"/>
                <span target="#t746" pos="NUM" lemma="deux" corresp="#noTS"/>
                <span target="#t747" pos="NOM" lemma="acte" corresp="dictionnaire_TLFiCategoriesTEI#l968"/>
                <span target="#t748" pos="ADJ" lemma="discursif" corresp="dictionnaire_TLFiCategoriesTEI#l24374"/>
                <span target="#t749" pos="PUN" lemma="," corresp="#noTS"/>
                <span target="#t750" pos="ADJ" lemma="seul" corresp="dictionnaire_TLFiCategoriesTEI#l69542"/>
                <span target="#t751" pos="DET:ART" lemma="le" corresp="#noTS"/>
                <span target="#t752" pos="NOM" lemma="relation" corresp="dictionnaire_TLFiCategoriesTEI#l64730"/>
                <span target="#t753" pos="PRP" lemma="de" corresp="#noTS"/>
                <span target="#t754" pos="NOM" lemma="reformulation" corresp="dictionnaire_TLFiCategoriesTEI#l64422"/>
                <span target="#t755" pos="VER:pres" lemma="être" corresp="dictionnaire_TLFiCategoriesTEI#l29037"/>
                <span target="#t756" pos="ADJ" lemma="envisageable" corresp="dictionnaire_TLFiCategoriesTEI#l27888"/>
                <span target="#t757" pos="PUN" lemma="," corresp="#noTS"/>
                <span target="#t758" pos="DET:ART" lemma="le" corresp="#noTS"/>
                <span target="#t759" pos="NOM" lemma="suppression" corresp="dictionnaire_TLFiCategoriesTEI#l72880"/>
                <span target="#t760" pos="PRP:det" lemma="du" corresp="#noTS"/>
                <span target="#t761" pos="NOM" lemma="connecteur" corresp="dictionnaire_TLFiCategoriesTEI#l18427"/>
                <span target="#t762" pos="VER:pres" lemma="rendre" corresp="dictionnaire_TLFiCategoriesTEI#l65011"/>
                <span target="#t763" pos="ADJ" lemma="inacceptable" corresp="dictionnaire_TLFiCategoriesTEI#l38802"/>
                <span target="#t764" pos="DET:POS" lemma="leur" corresp="#noTS"/>
                <span target="#t765" pos="NOM" lemma="juxtaposition" corresp="dictionnaire_TLFiCategoriesTEI#l41943"/>
                <span target="#t766" pos="SENT" lemma="." corresp="#noTS"/>
                <span target="#t767" pos="PRO:DEM" lemma="tel" corresp="#noTS"/>
                <span target="#t768" pos="VER:pres" lemma="être" corresp="dictionnaire_TLFiCategoriesTEI#l29037"/>
                <span target="#t769" pos="DET:ART" lemma="le" corresp="#noTS"/>
                <span target="#t770" pos="NOM" lemma="cas" corresp="dictionnaire_TLFiCategoriesTEI#l14011"/>
                <span target="#t771" pos="PRP" lemma="de" corresp="#noTS"/>
                <span target="#t772" pos="DET:ART" lemma="le" corresp="#noTS"/>
                <span target="#t773" pos="NOM" lemma="énoncé" corresp="dictionnaire_TLFiCategoriesTEI#l27509"/>
                <span target="#t774" pos="VER:futu" lemma="e" corresp="dictionnaire_TLFiCategoriesTEI#l25334"/>
                <span target="#t775" pos="NUM" lemma="2" corresp="#noTS"/>
                <span target="#t776" pos="PRP" lemma="après" corresp="#noTS"/>
                <span target="#t777" pos="NOM" lemma="modification" corresp="dictionnaire_TLFiCategoriesTEI#l48014"/>
                <span target="#t778" pos="PUN" lemma=":" corresp="#noTS"/>
                <span target="#t779" pos="VER:pper" lemma="e" corresp="dictionnaire_TLFiCategoriesTEI#l25334"/>
                <span target="#t780" pos="NUM" lemma="2" corresp="#noTS"/>
                <span target="#t781" pos="PUN" lemma="(" corresp="#noTS"/>
                <span target="#t782" pos="VER:pper" lemma="extraire" corresp="dictionnaire_TLFiCategoriesTEI#l29743"/>
                <span target="#t783" pos="PRP" lemma="de" corresp="#noTS"/>
                <span target="#t784" pos="NOM" lemma="pari" corresp="dictionnaire_TLFiCategoriesTEI#l54395"/>
                <span target="#t785" pos="NOM" lemma="match" corresp="dictionnaire_TLFiCategoriesTEI#l45970"/>
                <span target="#t786" pos="NOM" lemma="n°2613" corresp="#noTS"/>
                <span target="#t787" pos="PUN" lemma="," corresp="#noTS"/>
                <span target="#t788" pos="NOM" lemma="juillet" corresp="dictionnaire_TLFiCategoriesTEI#l41837"/>
                <span target="#t789" pos="NUM" lemma="1999" corresp="#noTS"/>
                <span target="#t790" pos="PUN" lemma="," corresp="#noTS"/>
                <span target="#t791" pos="NOM" lemma="p.109" corresp="#noTS"/>
                <span target="#t792" pos="PUN" lemma=")" corresp="#noTS"/>
                <span target="#t793" pos="PUN" lemma="–" corresp="#noTS"/>
                <span target="#t794" pos="NOM" lemma="pari" corresp="dictionnaire_TLFiCategoriesTEI#l54395"/>
                <span target="#t795" pos="NOM" lemma="match" corresp="dictionnaire_TLFiCategoriesTEI#l45970"/>
                <span target="#t796" pos="PRP" lemma="à" corresp="#noTS"/>
                <span target="#t797" pos="NOM" lemma="sylvie" corresp="dictionnaire_TLFiCategoriesTEI#l73452"/>
                <span target="#t798" pos="ADJ" lemma="vartan" corresp="#noTS"/>
                <span target="#t799" pos="PUN" lemma=":" corresp="#noTS"/>
                <span target="#t800" pos="PUN:cit" lemma="«" corresp="#noTS"/>
                <span target="#t801" pos="ADV" lemma="presque" corresp="DicoWiktionaryCategoriesTEI#l43443"/>
                <span target="#t802" pos="PRO:IND" lemma="tout" corresp="#noTS"/>
                <span target="#t803" pos="DET:ART" lemma="le" corresp="#noTS"/>
                <span target="#t804" pos="NOM" lemma="chanteur" corresp="dictionnaire_TLFiCategoriesTEI#l15054"/>
                <span target="#t805" pos="PUN" lemma="," corresp="#noTS"/>
                <span target="#t806" pos="PRP" lemma="à" corresp="#noTS"/>
                <span target="#t807" pos="DET:ART" lemma="un" corresp="#noTS"/>
                <span target="#t808" pos="NOM" lemma="moment" corresp="dictionnaire_TLFiCategoriesTEI#l48168"/>
                <span target="#t809" pos="PRP" lemma="de" corresp="#noTS"/>
                <span target="#t810" pos="DET:POS" lemma="leur" corresp="#noTS"/>
                <span target="#t811" pos="NOM" lemma="carrière" corresp="dictionnaire_TLFiCategoriesTEI#l13930"/>
                <span target="#t812" pos="PUN" lemma="," corresp="#noTS"/>
                <span target="#t813" pos="PRO:PER" lemma="se" corresp="#noTS"/>
                <span target="#t814" pos="VER:pres" lemma="être" corresp="dictionnaire_TLFiCategoriesTEI#l29037"/>
                <span target="#t815" pos="VER:pper" lemma="engager" corresp="dictionnaire_TLFiCategoriesTEI#l27364"/>
                <span target="#t816" pos="PRP" lemma="pour" corresp="#noTS"/>
                <span target="#t817" pos="DET:ART" lemma="un" corresp="#noTS"/>
                <span target="#t818" pos="NOM" lemma="cause" corresp="dictionnaire_TLFiCategoriesTEI#l14293"/>
                <span target="#t819" pos="KON" lemma="ou" corresp="#noTS"/>
                <span target="#t820" pos="DET:ART" lemma="un" corresp="#noTS"/>
                <span target="#t821" pos="ADJ" lemma="autre" corresp="dictionnaire_TLFiCategoriesTEI#l7449"/>
                <span target="#t822" pos="SENT" lemma="." corresp="#noTS"/>
                <span target="#t823" pos="ADV" lemma="comment" corresp="DicoWiktionaryCategoriesTEI#l12559"/>
                <span target="#t824" pos="PRO:PER" lemma="se" corresp="#noTS"/>
                <span target="#t825" pos="NOM" lemma="fait-il" corresp="#noTS"/>
                <span target="#t826" pos="KON" lemma="que" corresp="#noTS"/>
                <span target="#t827" pos="PRO:PER" lemma="vous" corresp="#noTS"/>
                <span target="#t828" pos="ADV" lemma="ne" corresp="#noTS"/>
                <span target="#t829" pos="PRO:PER" lemma="le" corresp="#noTS"/>
                <span target="#t830" pos="VER:subp" lemma="avoir" corresp="dictionnaire_TLFiCategoriesTEI#l8314"/>
                <span target="#t831" pos="ADV" lemma="jamais" corresp="dictionnaire_TLFiCategoriesTEI#l41365"/>
                <span target="#t832" pos="VER:pper" lemma="faire" corresp="dictionnaire_TLFiCategoriesTEI#l29921"/>
                <span target="#t833" pos="SENT" lemma="" corresp="#noTS"/>
                <span target="#t834" pos="PUN:cit" lemma="»" corresp="#noTS"/>
                <span target="#t835" pos="SENT" lemma="." corresp="#noTS"/>
                <span target="#t836" pos="PUN" lemma="–" corresp="#noTS"/>
                <span target="#t837" pos="NOM" lemma="s.v" corresp="#noTS"/>
                <span target="#t838" pos="SENT" lemma="." corresp="#noTS"/>
                <span target="#t839" pos="PUN" lemma=":" corresp="#noTS"/>
                <span target="#t840" pos="PUN:cit" lemma="«" corresp="#noTS"/>
                <span target="#t841" pos="PRO:PER" lemma="je" corresp="#noTS"/>
                <span target="#t842" pos="ADV" lemma="ne" corresp="#noTS"/>
                <span target="#t843" pos="PRO:PER" lemma="en" corresp="#noTS"/>
                <span target="#t844" pos="VER:pres" lemma="avoir" corresp="dictionnaire_TLFiCategoriesTEI#l8314"/>
                <span target="#t845" pos="ADV" lemma="jamais" corresp="dictionnaire_TLFiCategoriesTEI#l41365"/>
                <span target="#t846" pos="VER:pper" lemma="avoir" corresp="dictionnaire_TLFiCategoriesTEI#l8314"/>
                <span target="#t847" pos="DET:ART" lemma="le" corresp="#noTS"/>
                <span target="#t848" pos="NOM" lemma="occasion" corresp="dictionnaire_TLFiCategoriesTEI#l51486"/>
                <span target="#t849" pos="SENT" lemma="." corresp="#noTS"/>
                <span target="#t850" pos="PRP" lemma="de" corresp="#noTS"/>
                <span target="#t851" pos="PRO:IND" lemma="tout" corresp="#noTS"/>
                <span target="#t852" pos="NOM" lemma="façon" corresp="dictionnaire_TLFiCategoriesTEI#l29843"/>
                <span target="#t853" pos="PUN" lemma="," corresp="#noTS"/>
                <span target="#t854" pos="PRO:PER" lemma="je" corresp="#noTS"/>
                <span target="#t855" pos="ADV" lemma="ne" corresp="#noTS"/>
                <span target="#t856" pos="PRO:PER" lemma="me" corresp="#noTS"/>
                <span target="#t857" pos="VER:cond" lemma="être" corresp="dictionnaire_TLFiCategoriesTEI#l29037"/>
                <span target="#t858" pos="ADV" lemma="jamais" corresp="dictionnaire_TLFiCategoriesTEI#l41365"/>
                <span target="#t859" pos="VER:pper" lemma="engager" corresp="dictionnaire_TLFiCategoriesTEI#l27364"/>
                <span target="#t860" pos="ADV" lemma="politiquement" corresp="dictionnaire_TLFiCategoriesTEI#l58787"/>
                <span target="#t861" pos="PUN" lemma="," corresp="#noTS"/>
                <span target="#t862" pos="PRO:PER" lemma="je" corresp="#noTS"/>
                <span target="#t863" pos="ADV" lemma="ne" corresp="#noTS"/>
                <span target="#t864" pos="VER:pres" lemma="avoir" corresp="dictionnaire_TLFiCategoriesTEI#l8314"/>
                <span target="#t865" pos="ADV" lemma="pas" corresp="dictionnaire_TLFiCategoriesTEI#l54617"/>
                <span target="#t866" pos="DET:ART" lemma="le" corresp="#noTS"/>
                <span target="#t867" pos="NOM" lemma="temps" corresp="dictionnaire_TLFiCategoriesTEI#l74949"/>
                <span target="#t868" pos="PRP" lemma="de" corresp="#noTS"/>
                <span target="#t869" pos="NOM" lemma="savoir" corresp="dictionnaire_TLFiCategoriesTEI#l68251"/>
                <span target="#t870" pos="PRO:REL" lemma="qui" corresp="#noTS"/>
                <span target="#t871" pos="VER:pres" lemma="être" corresp="dictionnaire_TLFiCategoriesTEI#l29037"/>
                <span target="#t872" pos="PRO:REL" lemma="qui" corresp="#noTS"/>
                <span target="#t873" pos="PUN:cit" lemma="»" corresp="#noTS"/>
                <span target="#t874" pos="SENT" lemma="." corresp="#noTS"/>
                <span target="#t875" pos="NOM" lemma="e" corresp="dictionnaire_TLFiCategoriesTEI#l25334"/>
                <span target="#t876" pos="PUN" lemma="'" corresp="#noTS"/>
                <span target="#t877" pos="NUM" lemma="2" corresp="#noTS"/>
                <span target="#t878" pos="PUN" lemma="-" corresp="#noTS"/>
                <span target="#t879" pos="NOM" lemma="sylvie" corresp="dictionnaire_TLFiCategoriesTEI#l73452"/>
                <span target="#t880" pos="NOM" lemma="vartan" corresp="#noTS"/>
                <span target="#t881" pos="PUN" lemma=":" corresp="#noTS"/>
                <span target="#t882" pos="NOM" lemma="*" corresp="#noTS"/>
                <span target="#t883" pos="PUN:cit" lemma="«" corresp="#noTS"/>
                <span target="#t884" pos="PRO:PER" lemma="je" corresp="#noTS"/>
                <span target="#t885" pos="ADV" lemma="ne" corresp="#noTS"/>
                <span target="#t886" pos="PRO:PER" lemma="en" corresp="#noTS"/>
                <span target="#t887" pos="VER:pres" lemma="avoir" corresp="dictionnaire_TLFiCategoriesTEI#l8314"/>
                <span target="#t888" pos="ADV" lemma="jamais" corresp="dictionnaire_TLFiCategoriesTEI#l41365"/>
                <span target="#t889" pos="VER:pper" lemma="avoir" corresp="dictionnaire_TLFiCategoriesTEI#l8314"/>
                <span target="#t890" pos="DET:ART" lemma="le" corresp="#noTS"/>
                <span target="#t891" pos="NOM" lemma="occasion" corresp="dictionnaire_TLFiCategoriesTEI#l51486"/>
                <span target="#t892" pos="SENT" lemma="." corresp="#noTS"/>
                <span target="#t893" pos="VER:cond" lemma="ø" corresp="#noTS"/>
                <span target="#t894" pos="PRO:PER" lemma="je" corresp="#noTS"/>
                <span target="#t895" pos="ADV" lemma="ne" corresp="#noTS"/>
                <span target="#t896" pos="PRO:PER" lemma="me" corresp="#noTS"/>
                <span target="#t897" pos="VER:cond" lemma="être" corresp="dictionnaire_TLFiCategoriesTEI#l29037"/>
                <span target="#t898" pos="ADV" lemma="jamais" corresp="dictionnaire_TLFiCategoriesTEI#l41365"/>
                <span target="#t899" pos="VER:pper" lemma="engager" corresp="dictionnaire_TLFiCategoriesTEI#l27364"/>
                <span target="#t900" pos="ADV" lemma="politiquement" corresp="dictionnaire_TLFiCategoriesTEI#l58787"/>
                <span target="#t901" pos="PUN" lemma="," corresp="#noTS"/>
                <span target="#t902" pos="PRO:PER" lemma="je" corresp="#noTS"/>
                <span target="#t903" pos="ADV" lemma="ne" corresp="#noTS"/>
                <span target="#t904" pos="VER:pres" lemma="avoir" corresp="dictionnaire_TLFiCategoriesTEI#l8314"/>
                <span target="#t905" pos="ADV" lemma="pas" corresp="dictionnaire_TLFiCategoriesTEI#l54617"/>
                <span target="#t906" pos="DET:ART" lemma="le" corresp="#noTS"/>
                <span target="#t907" pos="NOM" lemma="temps" corresp="dictionnaire_TLFiCategoriesTEI#l74949"/>
                <span target="#t908" pos="PRP" lemma="de" corresp="#noTS"/>
                <span target="#t909" pos="NOM" lemma="savoir" corresp="dictionnaire_TLFiCategoriesTEI#l68251"/>
                <span target="#t910" pos="PRO:REL" lemma="qui" corresp="#noTS"/>
                <span target="#t911" pos="VER:pres" lemma="être" corresp="dictionnaire_TLFiCategoriesTEI#l29037"/>
                <span target="#t912" pos="PRO:REL" lemma="qui" corresp="#noTS"/>
                <span target="#t913" pos="PUN:cit" lemma="»" corresp="#noTS"/>
                <span target="#t914" pos="SENT" lemma="." corresp="#noTS"/>
                <span target="#t915" pos="VER:ppre" lemma="laisser" corresp="dictionnaire_TLFiCategoriesTEI#l42418"/>
                <span target="#t916" pos="VER:infi" lemma="entendre" corresp="dictionnaire_TLFiCategoriesTEI#l27644"/>
                <span target="#t917" pos="KON" lemma="que" corresp="#noTS"/>
                <span target="#t918" pos="DET:ART" lemma="le" corresp="#noTS"/>
                <span target="#t919" pos="NOM" lemma="manque" corresp="dictionnaire_TLFiCategoriesTEI#l45434"/>
                <span target="#t920" pos="PRP" lemma="de" corresp="#noTS"/>
                <span target="#t921" pos="NOM" lemma="opportunité" corresp="dictionnaire_TLFiCategoriesTEI#l52446"/>
                <span target="#t922" pos="VER:pres" lemma="être" corresp="dictionnaire_TLFiCategoriesTEI#l29037"/>
                <span target="#t923" pos="DET:ART" lemma="le" corresp="#noTS"/>
                <span target="#t924" pos="NOM" lemma="raison" corresp="dictionnaire_TLFiCategoriesTEI#l63019"/>
                <span target="#t925" pos="PRP:det" lemma="du" corresp="#noTS"/>
                <span target="#t926" pos="NOM" lemma="non-engagement" corresp="dictionnaire_TLFiCategoriesTEI#l50870"/>
                <span target="#t927" pos="PRP" lemma="de" corresp="#noTS"/>
                <span target="#t928" pos="PRO:DEM" lemma="ce" corresp="#noTS"/>
                <span target="#t929" pos="NOM" lemma="artiste" corresp="dictionnaire_TLFiCategoriesTEI#l6933"/>
                <span target="#t930" pos="PUN" lemma="," corresp="#noTS"/>
                <span target="#t931" pos="DET:ART" lemma="le" corresp="#noTS"/>
                <span target="#t932" pos="NOM" lemma="proposition" corresp="dictionnaire_TLFiCategoriesTEI#l60947"/>
                <span target="#t933" pos="PUN:cit" lemma="«" corresp="#noTS"/>
                <span target="#t934" pos="PRO:PER" lemma="je" corresp="#noTS"/>
                <span target="#t935" pos="ADV" lemma="ne" corresp="#noTS"/>
                <span target="#t936" pos="PRO:PER" lemma="en" corresp="#noTS"/>
                <span target="#t937" pos="VER:pres" lemma="avoir" corresp="dictionnaire_TLFiCategoriesTEI#l8314"/>
                <span target="#t938" pos="ADV" lemma="jamais" corresp="dictionnaire_TLFiCategoriesTEI#l41365"/>
                <span target="#t939" pos="VER:pper" lemma="avoir" corresp="dictionnaire_TLFiCategoriesTEI#l8314"/>
                <span target="#t940" pos="DET:ART" lemma="le" corresp="#noTS"/>
                <span target="#t941" pos="NOM" lemma="occasion" corresp="dictionnaire_TLFiCategoriesTEI#l51486"/>
                <span target="#t942" pos="PUN:cit" lemma="»" corresp="#noTS"/>
                <span target="#t943" pos="ADV" lemma="ne" corresp="#noTS"/>
                <span target="#t944" pos="VER:pres" lemma="pouvoir" corresp="dictionnaire_TLFiCategoriesTEI#l59664"/>
                <span target="#t945" pos="VER:infi" lemma="être" corresp="dictionnaire_TLFiCategoriesTEI#l29037"/>
                <span target="#t946" pos="VER:pper" lemma="enchaîner" corresp="dictionnaire_TLFiCategoriesTEI#l27074"/>
                <span target="#t947" pos="ADV" lemma="directement" corresp="dictionnaire_TLFiCategoriesTEI#l24290"/>
                <span target="#t948" pos="PRP" lemma="à" corresp="#noTS"/>
                <span target="#t949" pos="PRP" lemma="de" corresp="#noTS"/>
                <span target="#t950" pos="ADJ" lemma="autre" corresp="dictionnaire_TLFiCategoriesTEI#l7449"/>
                <span target="#t951" pos="NOM" lemma="proposition" corresp="dictionnaire_TLFiCategoriesTEI#l60947"/>
                <span target="#t952" pos="PUN" lemma="," corresp="#noTS"/>
                <span target="#t953" pos="VER:ppre" lemma="introduire" corresp="dictionnaire_TLFiCategoriesTEI#l40732"/>
                <span target="#t954" pos="DET:ART" lemma="un" corresp="#noTS"/>
                <span target="#t955" pos="NOM" lemma="raisonnement" corresp="dictionnaire_TLFiCategoriesTEI#l63023"/>
                <span target="#t956" pos="ADJ" lemma="autre" corresp="dictionnaire_TLFiCategoriesTEI#l7449"/>
                <span target="#t957" pos="SENT" lemma="." corresp="#noTS"/>
                <span target="#t958" pos="NUM" lemma="2" corresp="#noTS"/>
                <span target="#t959" pos="SENT" lemma="." corresp="#noTS"/>
                <span target="#t960" pos="PRP" lemma="de" corresp="#noTS"/>
                <span target="#t961" pos="PRO:IND" lemma="tout" corresp="#noTS"/>
                <span target="#t962" pos="NOM" lemma="façon" corresp="dictionnaire_TLFiCategoriesTEI#l29843"/>
                <span target="#t963" pos="PUN" lemma=":" corresp="#noTS"/>
                <span target="#t964" pos="NOM" lemma="usage" corresp="dictionnaire_TLFiCategoriesTEI#l78802"/>
                <span target="#t965" pos="KON" lemma="et" corresp="#noTS"/>
                <span target="#t966" pos="NOM" lemma="effet" corresp="dictionnaire_TLFiCategoriesTEI#l25971"/>
                <span target="#t967" pos="PRP" lemma="de" corresp="#noTS"/>
                <span target="#t968" pos="NOM" lemma="sens" corresp="dictionnaire_TLFiCategoriesTEI#l69148"/>
                <span target="#t969" pos="DET:ART" lemma="le" corresp="#noTS"/>
                <span target="#t970" pos="NOM" lemma="examen" corresp="dictionnaire_TLFiCategoriesTEI#l29347"/>
                <span target="#t971" pos="PRP:det" lemma="du" corresp="#noTS"/>
                <span target="#t972" pos="NOM" lemma="séquence" corresp="dictionnaire_TLFiCategoriesTEI#l69269"/>
                <span target="#t973" pos="ADJ" lemma="énonciatif" corresp="dictionnaire_TLFiCategoriesTEI#l27513"/>
                <span target="#t974" pos="PRP:det" lemma="du" corresp="#noTS"/>
                <span target="#t975" pos="NOM" lemma="type" corresp="dictionnaire_TLFiCategoriesTEI#l78232"/>
                <span target="#t976" pos="PUN:cit" lemma="«" corresp="#noTS"/>
                <span target="#t977" pos="NOM" lemma="p" corresp="dictionnaire_TLFiCategoriesTEI#l53378"/>
                <span target="#t978" pos="PUN" lemma="," corresp="#noTS"/>
                <span target="#t979" pos="NOM" lemma="q" corresp="dictionnaire_TLFiCategoriesTEI#l62048"/>
                <span target="#t980" pos="PRP" lemma="de" corresp="#noTS"/>
                <span target="#t981" pos="PRO:IND" lemma="tout" corresp="#noTS"/>
                <span target="#t982" pos="NOM" lemma="façon" corresp="dictionnaire_TLFiCategoriesTEI#l29843"/>
                <span target="#t983" pos="ADJ" lemma="r" corresp="dictionnaire_TLFiCategoriesTEI#l62459"/>
                <span target="#t984" pos="PUN:cit" lemma="»" corresp="#noTS"/>
                <span target="#t985" pos="VER:pres" lemma="montrer" corresp="dictionnaire_TLFiCategoriesTEI#l48499"/>
                <span target="#t986" pos="KON" lemma="que" corresp="#noTS"/>
                <span target="#t987" pos="DET:ART" lemma="le" corresp="#noTS"/>
                <span target="#t988" pos="NOM" lemma="connecteur" corresp="dictionnaire_TLFiCategoriesTEI#l18427"/>
                <span target="#t989" pos="PRP" lemma="de" corresp="#noTS"/>
                <span target="#t990" pos="PRO:IND" lemma="tout" corresp="#noTS"/>
                <span target="#t991" pos="NOM" lemma="façon" corresp="dictionnaire_TLFiCategoriesTEI#l29843"/>
                <span target="#t992" pos="VER:pres" lemma="pouvoir" corresp="dictionnaire_TLFiCategoriesTEI#l59664"/>
                <span target="#t993" pos="VER:infi" lemma="intervenir" corresp="dictionnaire_TLFiCategoriesTEI#l40635"/>
                <span target="#t994" pos="PRP" lemma="dans" corresp="#noTS"/>
                <span target="#t995" pos="NUM" lemma="deux" corresp="#noTS"/>
                <span target="#t996" pos="NOM" lemma="type" corresp="dictionnaire_TLFiCategoriesTEI#l78232"/>
                <span target="#t997" pos="PRP" lemma="de" corresp="#noTS"/>
                <span target="#t998" pos="NOM" lemma="énoncé" corresp="dictionnaire_TLFiCategoriesTEI#l27509"/>
                <span target="#t999" pos="PUN" lemma=":" corresp="#noTS"/>
                <span target="#t1000" pos="NOM" lemma="●" corresp="#noTS"/>
                <span target="#t1001" pos="DET:ART" lemma="le" corresp="#noTS"/>
                <span target="#t1002" pos="NUM" lemma="premier" corresp="#noTS"/>
                <span target="#t1003" pos="NOM" lemma="type" corresp="dictionnaire_TLFiCategoriesTEI#l78232"/>
                <span target="#t1004" pos="VER:pres" lemma="posséder" corresp="dictionnaire_TLFiCategoriesTEI#l59331"/>
                <span target="#t1005" pos="PUN" lemma="," corresp="#noTS"/>
                <span target="#t1006" pos="PRP" lemma="avant" corresp="#noTS"/>
                <span target="#t1007" pos="DET:ART" lemma="le" corresp="#noTS"/>
                <span target="#t1008" pos="NOM" lemma="intervention" corresp="dictionnaire_TLFiCategoriesTEI#l40636"/>
                <span target="#t1009" pos="PRP:det" lemma="du" corresp="#noTS"/>
                <span target="#t1010" pos="NOM" lemma="connecteur" corresp="dictionnaire_TLFiCategoriesTEI#l18427"/>
                <span target="#t1011" pos="PUN" lemma="," corresp="#noTS"/>
                <span target="#t1012" pos="DET:ART" lemma="un" corresp="#noTS"/>
                <span target="#t1013" pos="NOM" lemma="valeur" corresp="dictionnaire_TLFiCategoriesTEI#l79013"/>
                <span target="#t1014" pos="ADJ" lemma="argumentative" corresp="#noTS"/>
                <span target="#t1015" pos="SENT" lemma="." corresp="#noTS"/>
                <span target="#t1016" pos="NOM" lemma="●" corresp="#noTS"/>
                <span target="#t1017" pos="DET:ART" lemma="le" corresp="#noTS"/>
                <span target="#t1018" pos="NOM" lemma="second" corresp="dictionnaire_TLFiCategoriesTEI#l68727"/>
                <span target="#t1019" pos="VER:pres" lemma="être" corresp="dictionnaire_TLFiCategoriesTEI#l29037"/>
                <span target="#t1020" pos="ADV" lemma="uniquement" corresp="dictionnaire_TLFiCategoriesTEI#l78573"/>
                <span target="#t1021" pos="ADJ" lemma="reformulatif" corresp="#noTS"/>
                <span target="#t1022" pos="PUN" lemma="," corresp="#noTS"/>
                <span target="#t1023" pos="KON" lemma="et" corresp="#noTS"/>
                <span target="#t1024" pos="PRO:DEM" lemma="cela" corresp="#noTS"/>
                <span target="#t1025" pos="PUN" lemma="," corresp="#noTS"/>
                <span target="#t1026" pos="NOM" lemma="grâce" corresp="dictionnaire_TLFiCategoriesTEI#l34587"/>
                <span target="#t1027" pos="PRP" lemma="à" corresp="#noTS"/>
                <span target="#t1028" pos="DET:ART" lemma="le" corresp="#noTS"/>
                <span target="#t1029" pos="NOM" lemma="présence" corresp="dictionnaire_TLFiCategoriesTEI#l60247"/>
                <span target="#t1030" pos="PRP" lemma="de" corresp="#noTS"/>
                <span target="#t1031" pos="PRP" lemma="de" corresp="#noTS"/>
                <span target="#t1032" pos="PRO:IND" lemma="tout" corresp="#noTS"/>
                <span target="#t1033" pos="NOM" lemma="façon" corresp="dictionnaire_TLFiCategoriesTEI#l29843"/>
                <span target="#t1034" pos="SENT" lemma="." corresp="#noTS"/>
                <span target="#t1035" pos="DET:POS" lemma="notre" corresp="#noTS"/>
                <span target="#t1036" pos="NOM" lemma="étude" corresp="dictionnaire_TLFiCategoriesTEI#l29067"/>
                <span target="#t1037" pos="PRP:det" lemma="du" corresp="#noTS"/>
                <span target="#t1038" pos="NOM" lemma="propriété" corresp="dictionnaire_TLFiCategoriesTEI#l60959"/>
                <span target="#t1039" pos="PRP" lemma="de" corresp="#noTS"/>
                <span target="#t1040" pos="NOM" lemma="sens" corresp="dictionnaire_TLFiCategoriesTEI#l69148"/>
                <span target="#t1041" pos="KON" lemma="et" corresp="#noTS"/>
                <span target="#t1042" pos="PRP" lemma="de" corresp="#noTS"/>
                <span target="#t1043" pos="NOM" lemma="usage" corresp="dictionnaire_TLFiCategoriesTEI#l78802"/>
                <span target="#t1044" pos="PRP" lemma="de" corresp="#noTS"/>
                <span target="#t1045" pos="PRO:DEM" lemma="ce" corresp="#noTS"/>
                <span target="#t1046" pos="NOM" lemma="mot" corresp="dictionnaire_TLFiCategoriesTEI#l48765"/>
                <span target="#t1047" pos="PRP" lemma="de" corresp="#noTS"/>
                <span target="#t1048" pos="NOM" lemma="discours" corresp="dictionnaire_TLFiCategoriesTEI#l24354"/>
                <span target="#t1049" pos="VER:futu" lemma="tenter" corresp="dictionnaire_TLFiCategoriesTEI#l75060"/>
                <span target="#t1050" pos="PRP" lemma="de" corresp="#noTS"/>
                <span target="#t1051" pos="VER:infi" lemma="mettre" corresp="dictionnaire_TLFiCategoriesTEI#l47277"/>
                <span target="#t1052" pos="DET:ART" lemma="le" corresp="#noTS"/>
                <span target="#t1053" pos="NOM" lemma="accent" corresp="dictionnaire_TLFiCategoriesTEI#l1281"/>
                <span target="#t1054" pos="PRP" lemma="sur" corresp="#noTS"/>
                <span target="#t1055" pos="DET:POS" lemma="son" corresp="#noTS"/>
                <span target="#t1056" pos="NOM" lemma="fonctionnement" corresp="dictionnaire_TLFiCategoriesTEI#l31438"/>
                <span target="#t1057" pos="PRP" lemma="dans" corresp="#noTS"/>
                <span target="#t1058" pos="DET:ART" lemma="le" corresp="#noTS"/>
                <span target="#t1059" pos="NUM" lemma="second" corresp="#noTS"/>
                <span target="#t1060" pos="NOM" lemma="type" corresp="dictionnaire_TLFiCategoriesTEI#l78232"/>
                <span target="#t1061" pos="PRP" lemma="de" corresp="#noTS"/>
                <span target="#t1062" pos="NOM" lemma="énoncé" corresp="dictionnaire_TLFiCategoriesTEI#l27509"/>
                <span target="#t1063" pos="PUN" lemma="," corresp="#noTS"/>
                <span target="#t1064" pos="PRP" lemma="après" corresp="#noTS"/>
                <span target="#t1065" pos="VER:infi" lemma="avoir" corresp="dictionnaire_TLFiCategoriesTEI#l8314"/>
                <span target="#t1066" pos="VER:pper" lemma="présenter" corresp="dictionnaire_TLFiCategoriesTEI#l60258"/>
                <span target="#t1067" pos="PUN" lemma="," corresp="#noTS"/>
                <span target="#t1068" pos="ADV" lemma="brièvement" corresp="dictionnaire_TLFiCategoriesTEI#l11959"/>
                <span target="#t1069" pos="PUN" lemma="," corresp="#noTS"/>
                <span target="#t1070" pos="DET:ART" lemma="le" corresp="#noTS"/>
                <span target="#t1071" pos="NOM" lemma="effet" corresp="dictionnaire_TLFiCategoriesTEI#l25971"/>
                <span target="#t1072" pos="PRP" lemma="de" corresp="#noTS"/>
                <span target="#t1073" pos="NOM" lemma="sens" corresp="dictionnaire_TLFiCategoriesTEI#l69148"/>
                <span target="#t1074" pos="VER:pper" lemma="produire" corresp="dictionnaire_TLFiCategoriesTEI#l60701"/>
                <span target="#t1075" pos="PRP" lemma="dans" corresp="#noTS"/>
                <span target="#t1076" pos="DET:ART" lemma="un" corresp="#noTS"/>
                <span target="#t1077" pos="NOM" lemma="énoncé" corresp="dictionnaire_TLFiCategoriesTEI#l27509"/>
                <span target="#t1078" pos="ADV" lemma="initialement" corresp="dictionnaire_TLFiCategoriesTEI#l39946"/>
                <span target="#t1079" pos="ADJ" lemma="argumentatif" corresp="#noTS"/>
                <span target="#t1080" pos="SENT" lemma="." corresp="#noTS"/>
                <span target="#t1081" pos="NUM" lemma="2.1" corresp="#noTS"/>
                <span target="#t1082" pos="SENT" lemma="." corresp="#noTS"/>
                <span target="#t1083" pos="PRP" lemma="de" corresp="#noTS"/>
                <span target="#t1084" pos="PRO:IND" lemma="tout" corresp="#noTS"/>
                <span target="#t1085" pos="NOM" lemma="façon" corresp="dictionnaire_TLFiCategoriesTEI#l29843"/>
                <span target="#t1086" pos="PRP" lemma="dans" corresp="#noTS"/>
                <span target="#t1087" pos="DET:ART" lemma="un" corresp="#noTS"/>
                <span target="#t1088" pos="NOM" lemma="énoncé" corresp="dictionnaire_TLFiCategoriesTEI#l27509"/>
                <span target="#t1089" pos="ADV" lemma="initialement" corresp="dictionnaire_TLFiCategoriesTEI#l39946"/>
                <span target="#t1090" pos="ADJ" lemma="argumentatif" corresp="#noTS"/>
                <span target="#t1091" pos="DET:ART" lemma="le" corresp="#noTS"/>
                <span target="#t1092" pos="NOM" lemma="étude" corresp="dictionnaire_TLFiCategoriesTEI#l29067"/>
                <span target="#t1093" pos="PRP" lemma="de" corresp="#noTS"/>
                <span target="#t1094" pos="DET:ART" lemma="le" corresp="#noTS"/>
                <span target="#t1095" pos="NOM" lemma="énoncé" corresp="dictionnaire_TLFiCategoriesTEI#l27509"/>
                <span target="#t1096" pos="VER:futu" lemma="e" corresp="dictionnaire_TLFiCategoriesTEI#l25334"/>
                <span target="#t1097" pos="NUM" lemma="3" corresp="#noTS"/>
                <span target="#t1098" pos="PUN" lemma="," corresp="#noTS"/>
                <span target="#t1099" pos="VER:pper" lemma="extraire" corresp="dictionnaire_TLFiCategoriesTEI#l29743"/>
                <span target="#t1100" pos="PRP" lemma="de" corresp="#noTS"/>
                <span target="#t1101" pos="NOM" lemma="star" corresp="dictionnaire_TLFiCategoriesTEI#l71725"/>
                <span target="#t1102" pos="NOM" lemma="club" corresp="dictionnaire_TLFiCategoriesTEI#l16851"/>
                <span target="#t1103" pos="PUN" lemma="(" corresp="#noTS"/>
                <span target="#t1104" pos="ABR" lemma="numéro" corresp="#noTS"/>
                <span target="#t1105" pos="NUM" lemma="121" corresp="#noTS"/>
                <span target="#t1106" pos="PUN" lemma="," corresp="#noTS"/>
                <span target="#t1107" pos="NOM" lemma="décembre" corresp="dictionnaire_TLFiCategoriesTEI#l21637"/>
                <span target="#t1108" pos="NUM" lemma="1997" corresp="#noTS"/>
                <span target="#t1109" pos="PUN" lemma="," corresp="#noTS"/>
                <span target="#t1110" pos="NOM" lemma="p" corresp="dictionnaire_TLFiCategoriesTEI#l53378"/>
                <span target="#t1111" pos="SENT" lemma="." corresp="#noTS"/>
                <span target="#t1112" pos="NUM" lemma="27" corresp="#noTS"/>
                <span target="#t1113" pos="PUN" lemma=")" corresp="#noTS"/>
                <span target="#t1114" pos="PRO:PER" lemma="nous" corresp="#noTS"/>
                <span target="#t1115" pos="VER:futu" lemma="permettre" corresp="dictionnaire_TLFiCategoriesTEI#l55970"/>
                <span target="#t1116" pos="PRP" lemma="de" corresp="#noTS"/>
                <span target="#t1117" pos="VER:infi" lemma="dégager" corresp="dictionnaire_TLFiCategoriesTEI#l22183"/>
                <span target="#t1118" pos="DET:ART" lemma="le" corresp="#noTS"/>
                <span target="#t1119" pos="NOM" lemma="propriété" corresp="dictionnaire_TLFiCategoriesTEI#l60959"/>
                <span target="#t1120" pos="ADJ" lemma="relatif" corresp="dictionnaire_TLFiCategoriesTEI#l64729"/>
                <span target="#t1121" pos="PRP" lemma="à" corresp="#noTS"/>
                <span target="#t1122" pos="DET:ART" lemma="le" corresp="#noTS"/>
                <span target="#t1123" pos="NOM" lemma="effet" corresp="dictionnaire_TLFiCategoriesTEI#l25971"/>
                <span target="#t1124" pos="PRP" lemma="de" corresp="#noTS"/>
                <span target="#t1125" pos="NOM" lemma="sens" corresp="dictionnaire_TLFiCategoriesTEI#l69148"/>
                <span target="#t1126" pos="VER:pper" lemma="produire" corresp="dictionnaire_TLFiCategoriesTEI#l60701"/>
                <span target="#t1127" pos="PRP" lemma="par" corresp="#noTS"/>
                <span target="#t1128" pos="PRP" lemma="de" corresp="#noTS"/>
                <span target="#t1129" pos="PRO:IND" lemma="tout" corresp="#noTS"/>
                <span target="#t1130" pos="NOM" lemma="façon" corresp="dictionnaire_TLFiCategoriesTEI#l29843"/>
                <span target="#t1131" pos="KON" lemma="ainsi" corresp="#noTS"/>
                <span target="#t1132" pos="KON" lemma="que" corresp="#noTS"/>
                <span target="#t1133" pos="PRP" lemma="à" corresp="#noTS"/>
                <span target="#t1134" pos="PRO:DEM" lemma="celui" corresp="#noTS"/>
                <span target="#t1135" pos="PRP:det" lemma="du" corresp="#noTS"/>
                <span target="#t1136" pos="NOM" lemma="cooccurrences" corresp="#noTS"/>
                <span target="#t1137" pos="PRP" lemma="de" corresp="#noTS"/>
                <span target="#t1138" pos="PRO:DEM" lemma="ce" corresp="#noTS"/>
                <span target="#t1139" pos="NOM" lemma="connecteur" corresp="dictionnaire_TLFiCategoriesTEI#l18427"/>
                <span target="#t1140" pos="SENT" lemma="." corresp="#noTS"/>
                <span target="#t1141" pos="NOM" lemma="e" corresp="dictionnaire_TLFiCategoriesTEI#l25334"/>
                <span target="#t1142" pos="NUM" lemma="3" corresp="#noTS"/>
                <span target="#t1143" pos="PUN" lemma="-" corresp="#noTS"/>
                <span target="#t1144" pos="NOM" lemma="star" corresp="dictionnaire_TLFiCategoriesTEI#l71725"/>
                <span target="#t1145" pos="NOM" lemma="club" corresp="dictionnaire_TLFiCategoriesTEI#l16851"/>
                <span target="#t1146" pos="VER:pres" lemma="demander" corresp="dictionnaire_TLFiCategoriesTEI#l22488"/>
                <span target="#t1147" pos="PRP" lemma="à" corresp="#noTS"/>
                <span target="#t1148" pos="NOM" lemma="victoria" corresp="dictionnaire_TLFiCategoriesTEI#l80010"/>
                <span target="#t1149" pos="NOM" lemma="adam" corresp="dictionnaire_TLFiCategoriesTEI#l1077"/>
                <span target="#t1150" pos="PUN" lemma="(" corresp="#noTS"/>
                <span target="#t1151" pos="NOM" lemma="spice" corresp="#noTS"/>
                <span target="#t1152" pos="NOM" lemma="girl" corresp="dictionnaire_TLFiCategoriesTEI#l33806"/>
                <span target="#t1153" pos="PUN" lemma=")" corresp="#noTS"/>
                <span target="#t1154" pos="PUN" lemma=":" corresp="#noTS"/>
                <span target="#t1155" pos="PUN:cit" lemma="«" corresp="#noTS"/>
                <span target="#t1156" pos="KON" lemma="et" corresp="#noTS"/>
                <span target="#t1157" pos="NOM" lemma="côté" corresp="dictionnaire_TLFiCategoriesTEI#l19531"/>
                <span target="#t1158" pos="NOM" lemma="cœur" corresp="dictionnaire_TLFiCategoriesTEI#l17167"/>
                <span target="#t1159" pos="SENT" lemma="" corresp="#noTS"/>
                <span target="#t1160" pos="PUN:cit" lemma="»" corresp="#noTS"/>
                <span target="#t1161" pos="SENT" lemma="." corresp="#noTS"/>
                <span target="#t1162" pos="PUN" lemma="–" corresp="#noTS"/>
                <span target="#t1163" pos="VER:simp" lemma="v.a" corresp="#noTS"/>
                <span target="#t1164" pos="SENT" lemma="." corresp="#noTS"/>
                <span target="#t1165" pos="PUN" lemma=":" corresp="#noTS"/>
                <span target="#t1166" pos="PUN:cit" lemma="«" corresp="#noTS"/>
                <span target="#t1167" pos="PRO:PER" lemma="je" corresp="#noTS"/>
                <span target="#t1168" pos="VER:pres" lemma="être" corresp="dictionnaire_TLFiCategoriesTEI#l29037"/>
                <span target="#t1169" pos="DET:ART" lemma="le" corresp="#noTS"/>
                <span target="#t1170" pos="NOM" lemma="seul" corresp="dictionnaire_TLFiCategoriesTEI#l69542"/>
                <span target="#t1171" pos="PRP:det" lemma="du" corresp="#noTS"/>
                <span target="#t1172" pos="NOM" lemma="groupe" corresp="dictionnaire_TLFiCategoriesTEI#l35264"/>
                <span target="#t1173" pos="PRO:REL" lemma="qui" corresp="#noTS"/>
                <span target="#t1174" pos="KON" lemma="soit" corresp="#noTS"/>
                <span target="#t1175" pos="ADV" lemma="vraiment" corresp="dictionnaire_TLFiCategoriesTEI#l80770"/>
                <span target="#t1176" pos="ADJ" lemma="amoureux" corresp="dictionnaire_TLFiCategoriesTEI#l4423"/>
                <span target="#t1177" pos="PRP" lemma="de" corresp="#noTS"/>
                <span target="#t1178" pos="DET:ART" lemma="un" corresp="#noTS"/>
                <span target="#t1179" pos="NOM" lemma="garçon" corresp="dictionnaire_TLFiCategoriesTEI#l32967"/>
                <span target="#t1180" pos="PUN" lemma="(" corresp="#noTS"/>
                <span target="#t1181" pos="PUN" lemma="…" corresp="#noTS"/>
                <span target="#t1182" pos="PUN" lemma=")" corresp="#noTS"/>
                <span target="#t1183" pos="SENT" lemma="." corresp="#noTS"/>
                <span target="#t1184" pos="PRO:PER" lemma="je" corresp="#noTS"/>
                <span target="#t1185" pos="VER:pres" lemma="avoir" corresp="dictionnaire_TLFiCategoriesTEI#l8314"/>
                <span target="#t1186" pos="ADV" lemma="beaucoup" corresp="DicoWiktionaryCategoriesTEI#l1034"/>
                <span target="#t1187" pos="PRP" lemma="de" corresp="#noTS"/>
                <span target="#t1188" pos="NOM" lemma="chance" corresp="dictionnaire_TLFiCategoriesTEI#l15004"/>
                <span target="#t1189" pos="PRP" lemma="de" corresp="#noTS"/>
                <span target="#t1190" pos="VER:infi" lemma="avoir" corresp="dictionnaire_TLFiCategoriesTEI#l8314"/>
                <span target="#t1191" pos="VER:pper" lemma="rencontrer"
                      corresp="dictionnaire_TLFiCategoriesTEI#l65006"/>
                <span target="#t1192" pos="NOM" lemma="david" corresp="#noTS"/>
                <span target="#t1193" pos="SENT" lemma="." corresp="#noTS"/>
                <span target="#t1194" pos="PUN" lemma="(" corresp="#noTS"/>
                <span target="#t1195" pos="PUN" lemma="…" corresp="#noTS"/>
                <span target="#t1196" pos="PUN" lemma=")" corresp="#noTS"/>
                <span target="#t1197" pos="PRO:PER" lemma="nous" corresp="#noTS"/>
                <span target="#t1198" pos="PRO:PER" lemma="nous" corresp="#noTS"/>
                <span target="#t1199" pos="VER:pres" lemma="téléphoner"
                      corresp="dictionnaire_TLFiCategoriesTEI#l74853"/>
                <span target="#t1200" pos="PRO:IND" lemma="tout" corresp="#noTS"/>
                <span target="#t1201" pos="DET:ART" lemma="le" corresp="#noTS"/>
                <span target="#t1202" pos="NOM" lemma="jour" corresp="dictionnaire_TLFiCategoriesTEI#l41719"/>
                <span target="#t1203" pos="KON" lemma="et" corresp="#noTS"/>
                <span target="#t1204" pos="PRO:PER" lemma="nous" corresp="#noTS"/>
                <span target="#t1205" pos="PRO:PER" lemma="nous" corresp="#noTS"/>
                <span target="#t1206" pos="VER:pres" lemma="voir" corresp="dictionnaire_TLFiCategoriesTEI#l80514"/>
                <span target="#t1207" pos="PRP" lemma="dès" corresp="#noTS"/>
                <span target="#t1208" pos="KON" lemma="que" corresp="#noTS"/>
                <span target="#t1209" pos="ADJ" lemma="possible" corresp="dictionnaire_TLFiCategoriesTEI#l59344"/>
                <span target="#t1210" pos="SENT" lemma="." corresp="#noTS"/>
                <span target="#t1211" pos="PRP" lemma="malgré" corresp="#noTS"/>
                <span target="#t1212" pos="DET:POS" lemma="notre" corresp="#noTS"/>
                <span target="#t1213" pos="NOM" lemma="carrière" corresp="dictionnaire_TLFiCategoriesTEI#l13930"/>
                <span target="#t1214" pos="ADJ" lemma="respectif" corresp="dictionnaire_TLFiCategoriesTEI#l65524"/>
                <span target="#t1215" pos="PUN" lemma="," corresp="#noTS"/>
                <span target="#t1216" pos="DET:POS" lemma="notre" corresp="#noTS"/>
                <span target="#t1217" pos="NOM" lemma="relation" corresp="dictionnaire_TLFiCategoriesTEI#l64730"/>
                <span target="#t1218" pos="VER:pres" lemma="fonctionner"
                      corresp="dictionnaire_TLFiCategoriesTEI#l31439"/>
                <span target="#t1219" pos="PUN" lemma="(" corresp="#noTS"/>
                <span target="#t1220" pos="NOM" lemma="p" corresp="dictionnaire_TLFiCategoriesTEI#l53378"/>
                <span target="#t1221" pos="PUN" lemma=")" corresp="#noTS"/>
                <span target="#t1222" pos="SENT" lemma="." corresp="#noTS"/>
                <span target="#t1223" pos="PRP" lemma="de" corresp="#noTS"/>
                <span target="#t1224" pos="PRO:IND" lemma="tout" corresp="#noTS"/>
                <span target="#t1225" pos="NOM" lemma="façon" corresp="dictionnaire_TLFiCategoriesTEI#l29843"/>
                <span target="#t1226" pos="PUN" lemma="," corresp="#noTS"/>
                <span target="#t1227" pos="PRO:PER" lemma="il" corresp="#noTS"/>
                <span target="#t1228" pos="VER:pres" lemma="suffire" corresp="dictionnaire_TLFiCategoriesTEI#l72537"/>
                <span target="#t1229" pos="KON" lemma="que" corresp="#noTS"/>
                <span target="#t1230" pos="PRO:PER" lemma="je" corresp="#noTS"/>
                <span target="#t1231" pos="VER:pres" lemma="liser" corresp="DicoWiktionaryCategoriesTEI#l48968"/>
                <span target="#t1232" pos="DET:ART" lemma="le" corresp="#noTS"/>
                <span target="#t1233" pos="NOM" lemma="journau" corresp="#noTS"/>
                <span target="#t1234" pos="PUN" lemma="," corresp="#noTS"/>
                <span target="#t1235" pos="KON" lemma="que" corresp="#noTS"/>
                <span target="#t1236" pos="PRO:PER" lemma="je" corresp="#noTS"/>
                <span target="#t1237" pos="VER:pres" lemma="regarder" corresp="dictionnaire_TLFiCategoriesTEI#l64491"/>
                <span target="#t1238" pos="DET:ART" lemma="le" corresp="#noTS"/>
                <span target="#t1239" pos="NOM" lemma="télé" corresp="dictionnaire_TLFiCategoriesTEI#l74733"/>
                <span target="#t1240" pos="PRP" lemma="par" corresp="#noTS"/>
                <span target="#t1241" pos="NOM" lemma="satellite" corresp="dictionnaire_TLFiCategoriesTEI#l68055"/>
                <span target="#t1242" pos="PRP" lemma="pour" corresp="#noTS"/>
                <span target="#t1243" pos="VER:infi" lemma="voir" corresp="dictionnaire_TLFiCategoriesTEI#l80514"/>
                <span target="#t1244" pos="NOM" lemma="david" corresp="#noTS"/>
                <span target="#t1245" pos="PUN" lemma="(" corresp="#noTS"/>
                <span target="#t1246" pos="VER:pper" lemma="r" corresp="dictionnaire_TLFiCategoriesTEI#l62459"/>
                <span target="#t1247" pos="PUN" lemma=")" corresp="#noTS"/>
                <span target="#t1248" pos="SENT" lemma="." corresp="#noTS"/>
                <span target="#t1249" pos="PUN:cit" lemma="»" corresp="#noTS"/>
                <span target="#t1250" pos="PRP" lemma="de" corresp="#noTS"/>
                <span target="#t1251" pos="PRO:IND" lemma="tout" corresp="#noTS"/>
                <span target="#t1252" pos="NOM" lemma="façon" corresp="dictionnaire_TLFiCategoriesTEI#l29843"/>
                <span target="#t1253" pos="VER:pres" lemma="permettre" corresp="dictionnaire_TLFiCategoriesTEI#l55970"/>
                <span target="#t1254" pos="PRP:det" lemma="au" corresp="#noTS"/>
                <span target="#t1255" pos="NOM" lemma="locuteur" corresp="dictionnaire_TLFiCategoriesTEI#l43905"/>
                <span target="#t1256" pos="PRP" lemma="de" corresp="#noTS"/>
                <span target="#t1257" pos="VER:infi" lemma="élaborer" corresp="dictionnaire_TLFiCategoriesTEI#l26150"/>
                <span target="#t1258" pos="DET:POS" lemma="son" corresp="#noTS"/>
                <span target="#t1259" pos="NOM" lemma="acte" corresp="dictionnaire_TLFiCategoriesTEI#l968"/>
                <span target="#t1260" pos="PRP" lemma="de" corresp="#noTS"/>
                <span target="#t1261" pos="NOM" lemma="langage" corresp="dictionnaire_TLFiCategoriesTEI#l42592"/>
                <span target="#t1262" pos="PRP" lemma="en" corresp="#noTS"/>
                <span target="#t1263" pos="NUM" lemma="deux" corresp="#noTS"/>
                <span target="#t1264" pos="NOM" lemma="temps" corresp="dictionnaire_TLFiCategoriesTEI#l74949"/>
                <span target="#t1265" pos="SENT" lemma="." corresp="#noTS"/>
                <span target="#t1266" pos="PRO:PER" lemma="en" corresp="#noTS"/>
                <span target="#t1267" pos="VER:futu" lemma="e" corresp="dictionnaire_TLFiCategoriesTEI#l25334"/>
                <span target="#t1268" pos="NUM" lemma="3" corresp="#noTS"/>
                <span target="#t1269" pos="PUN" lemma="," corresp="#noTS"/>
                <span target="#t1270" pos="NOM" lemma="victoria" corresp="dictionnaire_TLFiCategoriesTEI#l80010"/>
                <span target="#t1271" pos="NOM" lemma="adam" corresp="dictionnaire_TLFiCategoriesTEI#l1077"/>
                <span target="#t1272" pos="VER:pres" lemma="conclure" corresp="dictionnaire_TLFiCategoriesTEI#l18118"/>
                <span target="#t1273" pos="PRP" lemma="de" corresp="#noTS"/>
                <span target="#t1274" pos="NOM" lemma="abord" corresp="dictionnaire_TLFiCategoriesTEI#l229"/>
                <span target="#t1275" pos="DET:ART" lemma="un" corresp="#noTS"/>
                <span target="#t1276" pos="NOM" lemma="acte" corresp="dictionnaire_TLFiCategoriesTEI#l968"/>
                <span target="#t1277" pos="ADJ" lemma="discursif" corresp="dictionnaire_TLFiCategoriesTEI#l24374"/>
                <span target="#t1278" pos="PRP" lemma="par" corresp="#noTS"/>
                <span target="#t1279" pos="DET:ART" lemma="le" corresp="#noTS"/>
                <span target="#t1280" pos="NOM" lemma="énoncé" corresp="dictionnaire_TLFiCategoriesTEI#l27509"/>
                <span target="#t1281" pos="PUN:cit" lemma="«" corresp="#noTS"/>
                <span target="#t1282" pos="PRP" lemma="malgré" corresp="#noTS"/>
                <span target="#t1283" pos="DET:POS" lemma="notre" corresp="#noTS"/>
                <span target="#t1284" pos="NOM" lemma="carrière" corresp="dictionnaire_TLFiCategoriesTEI#l13930"/>
                <span target="#t1285" pos="ADJ" lemma="respectif" corresp="dictionnaire_TLFiCategoriesTEI#l65524"/>
                <span target="#t1286" pos="PUN" lemma="," corresp="#noTS"/>
                <span target="#t1287" pos="DET:POS" lemma="notre" corresp="#noTS"/>
                <span target="#t1288" pos="NOM" lemma="relation" corresp="dictionnaire_TLFiCategoriesTEI#l64730"/>
                <span target="#t1289" pos="VER:pres" lemma="fonctionner"
                      corresp="dictionnaire_TLFiCategoriesTEI#l31439"/>
                <span target="#t1290" pos="PUN:cit" lemma="»" corresp="#noTS"/>
                <span target="#t1291" pos="SENT" lemma="." corresp="#noTS"/>
                <span target="#t1292" pos="PRO:PER" lemma="il" corresp="#noTS"/>
                <span target="#t1293" pos="PRO:PER" lemma="se" corresp="#noTS"/>
                <span target="#t1294" pos="VER:pres" lemma="agir" corresp="dictionnaire_TLFiCategoriesTEI#l2470"/>
                <span target="#t1295" pos="ADV" lemma="ici" corresp="dictionnaire_TLFiCategoriesTEI#l37936"/>
                <span target="#t1296" pos="PRP" lemma="de" corresp="#noTS"/>
                <span target="#t1297" pos="DET:ART" lemma="un" corresp="#noTS"/>
                <span target="#t1298" pos="NUM" lemma="premier" corresp="#noTS"/>
                <span target="#t1299" pos="NOM" lemma="point" corresp="dictionnaire_TLFiCategoriesTEI#l58621"/>
                <span target="#t1300" pos="PRP" lemma="de" corresp="#noTS"/>
                <span target="#t1301" pos="NOM" lemma="vue" corresp="dictionnaire_TLFiCategoriesTEI#l80517"/>
                <span target="#t1302" pos="PUN" lemma=":" corresp="#noTS"/>
                <span target="#t1303" pos="PUN:cit" lemma="«" corresp="#noTS"/>
                <span target="#t1304" pos="PRO:PER" lemma="nous" corresp="#noTS"/>
                <span target="#t1305" pos="VER:pres" lemma="mener" corresp="dictionnaire_TLFiCategoriesTEI#l46656"/>
                <span target="#t1306" pos="PRP:det" lemma="du" corresp="#noTS"/>
                <span target="#t1307" pos="NOM" lemma="carrière" corresp="dictionnaire_TLFiCategoriesTEI#l13930"/>
                <span target="#t1308" pos="VER:pper" lemma="séparer" corresp="dictionnaire_TLFiCategoriesTEI#l69227"/>
                <span target="#t1309" pos="ADV" lemma="donc" corresp="#noTS"/>
                <span target="#t1310" pos="PRP:det" lemma="du" corresp="#noTS"/>
                <span target="#t1311" pos="NOM" lemma="vie" corresp="dictionnaire_TLFiCategoriesTEI#l80078"/>
                <span target="#t1312" pos="ADJ" lemma="distinct" corresp="dictionnaire_TLFiCategoriesTEI#l24539"/>
                <span target="#t1313" pos="KON" lemma="mais" corresp="#noTS"/>
                <span target="#t1314" pos="DET:POS" lemma="notre" corresp="#noTS"/>
                <span target="#t1315" pos="NOM" lemma="amour" corresp="dictionnaire_TLFiCategoriesTEI#l4416"/>
                <span target="#t1316" pos="VER:pres" lemma="survivre" corresp="dictionnaire_TLFiCategoriesTEI#l73351"/>
                <span target="#t1317" pos="KON" lemma="car" corresp="#noTS"/>
                <span target="#t1318" pos="PRO:PER" lemma="nous" corresp="#noTS"/>
                <span target="#t1319" pos="PRO:PER" lemma="nous" corresp="#noTS"/>
                <span target="#t1320" pos="VER:pres" lemma="voir" corresp="dictionnaire_TLFiCategoriesTEI#l80514"/>
                <span target="#t1321" pos="PRP" lemma="dès" corresp="#noTS"/>
                <span target="#t1322" pos="KON" lemma="que" corresp="#noTS"/>
                <span target="#t1323" pos="ADJ" lemma="possible" corresp="dictionnaire_TLFiCategoriesTEI#l59344"/>
                <span target="#t1324" pos="PUN:cit" lemma="»" corresp="#noTS"/>
                <span target="#t1325" pos="SENT" lemma="." corresp="#noTS"/>
                <span target="#t1326" pos="ADV" lemma="puis" corresp="DicoWiktionaryCategoriesTEI#l43898"/>
                <span target="#t1327" pos="PUN" lemma="," corresp="#noTS"/>
                <span target="#t1328" pos="VER:ppre" lemma="changer" corresp="dictionnaire_TLFiCategoriesTEI#l15033"/>
                <span target="#t1329" pos="PRP" lemma="de" corresp="#noTS"/>
                <span target="#t1330" pos="NOM" lemma="perspective" corresp="dictionnaire_TLFiCategoriesTEI#l56105"/>
                <span target="#t1331" pos="ADJ" lemma="énonciatif" corresp="dictionnaire_TLFiCategoriesTEI#l27513"/>
                <span target="#t1332" pos="PUN" lemma="," corresp="#noTS"/>
                <span target="#t1333" pos="PRO:PER" lemma="elle" corresp="#noTS"/>
                <span target="#t1334" pos="VER:pres" lemma="subordonner"
                      corresp="dictionnaire_TLFiCategoriesTEI#l72372"/>
                <span target="#t1335" pos="ADV" lemma="rétroactivement"
                      corresp="dictionnaire_TLFiCategoriesTEI#l65822"/>
                <span target="#t1336" pos="PRO:DEM" lemma="ce" corresp="#noTS"/>
                <span target="#t1337" pos="NOM" lemma="acte" corresp="dictionnaire_TLFiCategoriesTEI#l968"/>
                <span target="#t1338" pos="ADJ" lemma="discursif" corresp="dictionnaire_TLFiCategoriesTEI#l24374"/>
                <span target="#t1339" pos="PRP" lemma="à" corresp="#noTS"/>
                <span target="#t1340" pos="DET:ART" lemma="un" corresp="#noTS"/>
                <span target="#t1341" pos="ADJ" lemma="autre" corresp="dictionnaire_TLFiCategoriesTEI#l7449"/>
                <span target="#t1342" pos="PRP" lemma="à" corresp="#noTS"/>
                <span target="#t1343" pos="DET:ART" lemma="le" corresp="#noTS"/>
                <span target="#t1344" pos="NOM" lemma="aide" corresp="dictionnaire_TLFiCategoriesTEI#l2697"/>
                <span target="#t1345" pos="PRP:det" lemma="du" corresp="#noTS"/>
                <span target="#t1346" pos="NOM" lemma="connecteur" corresp="dictionnaire_TLFiCategoriesTEI#l18427"/>
                <span target="#t1347" pos="ADJ" lemma="reformulatif" corresp="#noTS"/>
                <span target="#t1348" pos="PRP" lemma="de" corresp="#noTS"/>
                <span target="#t1349" pos="PRO:IND" lemma="tout" corresp="#noTS"/>
                <span target="#t1350" pos="NOM" lemma="façon" corresp="dictionnaire_TLFiCategoriesTEI#l29843"/>
                <span target="#t1351" pos="PUN" lemma=":" corresp="#noTS"/>
                <span target="#t1352" pos="PUN:cit" lemma="«" corresp="#noTS"/>
                <span target="#t1353" pos="PRP" lemma="de" corresp="#noTS"/>
                <span target="#t1354" pos="PRO:IND" lemma="tout" corresp="#noTS"/>
                <span target="#t1355" pos="NOM" lemma="façon" corresp="dictionnaire_TLFiCategoriesTEI#l29843"/>
                <span target="#t1356" pos="PUN" lemma="," corresp="#noTS"/>
                <span target="#t1357" pos="PRO:PER" lemma="il" corresp="#noTS"/>
                <span target="#t1358" pos="VER:pres" lemma="suffire" corresp="dictionnaire_TLFiCategoriesTEI#l72537"/>
                <span target="#t1359" pos="KON" lemma="que" corresp="#noTS"/>
                <span target="#t1360" pos="PRO:PER" lemma="je" corresp="#noTS"/>
                <span target="#t1361" pos="VER:pres" lemma="liser" corresp="DicoWiktionaryCategoriesTEI#l48968"/>
                <span target="#t1362" pos="DET:ART" lemma="le" corresp="#noTS"/>
                <span target="#t1363" pos="NOM" lemma="journaux…" corresp="#noTS"/>
                <span target="#t1364" pos="PRP" lemma="pour" corresp="#noTS"/>
                <span target="#t1365" pos="VER:infi" lemma="voir" corresp="dictionnaire_TLFiCategoriesTEI#l80514"/>
                <span target="#t1366" pos="NOM" lemma="david" corresp="#noTS"/>
                <span target="#t1367" pos="PUN:cit" lemma="»" corresp="#noTS"/>
                <span target="#t1368" pos="SENT" lemma="." corresp="#noTS"/>
                <span target="#t1369" pos="PRO:DEM" lemma="ce" corresp="#noTS"/>
                <span target="#t1370" pos="ADJ" lemma="dernier" corresp="dictionnaire_TLFiCategoriesTEI#l23197"/>
                <span target="#t1371" pos="VER:pres" lemma="constituer"
                      corresp="dictionnaire_TLFiCategoriesTEI#l18595"/>
                <span target="#t1372" pos="DET:ART" lemma="le" corresp="#noTS"/>
                <span target="#t1373" pos="NOM" lemma="formulation" corresp="dictionnaire_TLFiCategoriesTEI#l31582"/>
                <span target="#t1374" pos="ADJ" lemma="nouveau" corresp="dictionnaire_TLFiCategoriesTEI#l51087"/>
                <span target="#t1375" pos="KON" lemma="et" corresp="#noTS"/>
                <span target="#t1376" pos="PRP" lemma="par" corresp="#noTS"/>
                <span target="#t1377" pos="ADJ" lemma="conséquent" corresp="dictionnaire_TLFiCategoriesTEI#l18492"/>
                <span target="#t1378" pos="ADJ" lemma="définitif" corresp="dictionnaire_TLFiCategoriesTEI#l22119"/>
                <span target="#t1379" pos="PRP:det" lemma="du" corresp="#noTS"/>
                <span target="#t1380" pos="NUM" lemma="premier" corresp="#noTS"/>
                <span target="#t1381" pos="NOM" lemma="point" corresp="dictionnaire_TLFiCategoriesTEI#l58621"/>
                <span target="#t1382" pos="PRP" lemma="de" corresp="#noTS"/>
                <span target="#t1383" pos="NOM" lemma="vue" corresp="dictionnaire_TLFiCategoriesTEI#l80517"/>
                <span target="#t1384" pos="PUN" lemma=":" corresp="#noTS"/>
                <span target="#t1385" pos="PUN:cit" lemma="«" corresp="#noTS"/>
                <span target="#t1386" pos="DET:ART" lemma="le" corresp="#noTS"/>
                <span target="#t1387" pos="NOM" lemma="réussite" corresp="dictionnaire_TLFiCategoriesTEI#l65871"/>
                <span target="#t1388" pos="PRP" lemma="de" corresp="#noTS"/>
                <span target="#t1389" pos="DET:POS" lemma="notre" corresp="#noTS"/>
                <span target="#t1390" pos="NOM" lemma="relation" corresp="dictionnaire_TLFiCategoriesTEI#l64730"/>
                <span target="#t1391" pos="ADV" lemma="ne" corresp="#noTS"/>
                <span target="#t1392" pos="VER:pres" lemma="être" corresp="dictionnaire_TLFiCategoriesTEI#l29037"/>
                <span target="#t1393" pos="ADV" lemma="pas" corresp="dictionnaire_TLFiCategoriesTEI#l54617"/>
                <span target="#t1394" pos="ADJ" lemma="tributaire" corresp="dictionnaire_TLFiCategoriesTEI#l77367"/>
                <span target="#t1395" pos="PRP" lemma="de" corresp="#noTS"/>
                <span target="#t1396" pos="NOM" lemma="rencontre" corresp="dictionnaire_TLFiCategoriesTEI#l65005"/>
                <span target="#t1397" pos="ADJ" lemma="réel" corresp="dictionnaire_TLFiCategoriesTEI#l64306"/>
                <span target="#t1398" pos="SENT" lemma="." corresp="#noTS"/>
                <span target="#t1399" pos="DET:ART" lemma="le" corresp="#noTS"/>
                <span target="#t1400" pos="NOM" lemma="médias" corresp="#noTS"/>
                <span target="#t1401" pos="VER:pres" lemma="remédier" corresp="dictionnaire_TLFiCategoriesTEI#l64852"/>
                <span target="#t1402" pos="PRP" lemma="à" corresp="#noTS"/>
                <span target="#t1403" pos="PRO:DEM" lemma="ce" corresp="#noTS"/>
                <span target="#t1404" pos="NOM" lemma="lacune" corresp="dictionnaire_TLFiCategoriesTEI#l42371"/>
                <span target="#t1405" pos="KON" lemma="et" corresp="#noTS"/>
                <span target="#t1406" pos="VER:pres" lemma="permettre" corresp="dictionnaire_TLFiCategoriesTEI#l55970"/>
                <span target="#t1407" pos="PRP" lemma="de" corresp="#noTS"/>
                <span target="#t1408" pos="VER:infi" lemma="maintenir" corresp="dictionnaire_TLFiCategoriesTEI#l44942"/>
                <span target="#t1409" pos="DET:POS" lemma="notre" corresp="#noTS"/>
                <span target="#t1410" pos="NOM" lemma="amour" corresp="dictionnaire_TLFiCategoriesTEI#l4416"/>
                <span target="#t1411" pos="PUN:cit" lemma="»" corresp="#noTS"/>
                <span target="#t1412" pos="SENT" lemma="." corresp="#noTS"/>
                <span target="#t1413" pos="ADV" lemma="comme" corresp="DicoWiktionaryCategoriesTEI#l8041"/>
                <span target="#t1414" pos="ADV" lemma="précédemment" corresp="dictionnaire_TLFiCategoriesTEI#l59932"/>
                <span target="#t1415" pos="VER:pper" lemma="annoncer" corresp="dictionnaire_TLFiCategoriesTEI#l5135"/>
                <span target="#t1416" pos="PUN" lemma="," corresp="#noTS"/>
                <span target="#t1417" pos="PRO:PER" lemma="nous" corresp="#noTS"/>
                <span target="#t1418" pos="VER:pres" lemma="avancer" corresp="dictionnaire_TLFiCategoriesTEI#l8136"/>
                <span target="#t1419" pos="DET:ART" lemma="le" corresp="#noTS"/>
                <span target="#t1420" pos="NOM" lemma="hypothèse" corresp="dictionnaire_TLFiCategoriesTEI#l37813"/>
                <span target="#t1421" pos="PRO:REL" lemma="que" corresp="#noTS"/>
                <span target="#t1422" pos="VER:subi" lemma="e" corresp="dictionnaire_TLFiCategoriesTEI#l25334"/>
                <span target="#t1423" pos="NUM" lemma="3" corresp="#noTS"/>
                <span target="#t1424" pos="VER:impf" lemma="représenter"
                      corresp="dictionnaire_TLFiCategoriesTEI#l65341"/>
                <span target="#t1425" pos="PUN" lemma="," corresp="#noTS"/>
                <span target="#t1426" pos="PRP" lemma="avant" corresp="#noTS"/>
                <span target="#t1427" pos="DET:ART" lemma="le" corresp="#noTS"/>
                <span target="#t1428" pos="NOM" lemma="intervention" corresp="dictionnaire_TLFiCategoriesTEI#l40636"/>
                <span target="#t1429" pos="PRP" lemma="de" corresp="#noTS"/>
                <span target="#t1430" pos="PRP" lemma="de" corresp="#noTS"/>
                <span target="#t1431" pos="PRO:IND" lemma="tout" corresp="#noTS"/>
                <span target="#t1432" pos="NOM" lemma="façon" corresp="dictionnaire_TLFiCategoriesTEI#l29843"/>
                <span target="#t1433" pos="PUN" lemma="," corresp="#noTS"/>
                <span target="#t1434" pos="DET:ART" lemma="un" corresp="#noTS"/>
                <span target="#t1435" pos="NOM" lemma="acte" corresp="dictionnaire_TLFiCategoriesTEI#l968"/>
                <span target="#t1436" pos="PRP:det" lemma="du" corresp="#noTS"/>
                <span target="#t1437" pos="NOM" lemma="discours" corresp="dictionnaire_TLFiCategoriesTEI#l24354"/>
                <span target="#t1438" pos="ADJ" lemma="argumentatif" corresp="#noTS"/>
                <span target="#t1439" pos="SENT" lemma="." corresp="#noTS"/>
                <span target="#t1440" pos="ADV" lemma="autrement" corresp="dictionnaire_TLFiCategoriesTEI#l8095"/>
                <span target="#t1441" pos="VER:pper" lemma="dire" corresp="dictionnaire_TLFiCategoriesTEI#l24284"/>
                <span target="#t1442" pos="PUN" lemma="," corresp="#noTS"/>
                <span target="#t1443" pos="DET:ART" lemma="le" corresp="#noTS"/>
                <span target="#t1444" pos="NOM" lemma="suppression" corresp="dictionnaire_TLFiCategoriesTEI#l72880"/>
                <span target="#t1445" pos="PRP:det" lemma="du" corresp="#noTS"/>
                <span target="#t1446" pos="NOM" lemma="connecteur" corresp="dictionnaire_TLFiCategoriesTEI#l18427"/>
                <span target="#t1447" pos="ADJ" lemma="reformulatif" corresp="#noTS"/>
                <span target="#t1448" pos="VER:futu" lemma="donner" corresp="dictionnaire_TLFiCategoriesTEI#l24800"/>
                <span target="#t1449" pos="PRP" lemma="à" corresp="#noTS"/>
                <span target="#t1450" pos="VER:infi" lemma="lire" corresp="dictionnaire_TLFiCategoriesTEI#l43682"/>
                <span target="#t1451" pos="DET:ART" lemma="le" corresp="#noTS"/>
                <span target="#t1452" pos="NOM" lemma="énoncé" corresp="dictionnaire_TLFiCategoriesTEI#l27509"/>
                <span target="#t1453" pos="PUN:cit" lemma="«" corresp="#noTS"/>
                <span target="#t1454" pos="PRO:PER" lemma="il" corresp="#noTS"/>
                <span target="#t1455" pos="VER:pres" lemma="suffire" corresp="dictionnaire_TLFiCategoriesTEI#l72537"/>
                <span target="#t1456" pos="KON" lemma="que" corresp="#noTS"/>
                <span target="#t1457" pos="PRO:PER" lemma="je" corresp="#noTS"/>
                <span target="#t1458" pos="VER:pres" lemma="liser" corresp="DicoWiktionaryCategoriesTEI#l48968"/>
                <span target="#t1459" pos="DET:ART" lemma="le" corresp="#noTS"/>
                <span target="#t1460" pos="NOM" lemma="journaux…" corresp="#noTS"/>
                <span target="#t1461" pos="VER:infi" lemma="voir" corresp="dictionnaire_TLFiCategoriesTEI#l80514"/>
                <span target="#t1462" pos="NOM" lemma="david" corresp="#noTS"/>
                <span target="#t1463" pos="PUN:cit" lemma="»" corresp="#noTS"/>
                <span target="#t1464" pos="KON" lemma="comme" corresp="#noTS"/>
                <span target="#t1465" pos="VER:ppre" lemma="être" corresp="dictionnaire_TLFiCategoriesTEI#l29037"/>
                <span target="#t1466" pos="DET:ART" lemma="un" corresp="#noTS"/>
                <span target="#t1467" pos="NOM" lemma="argument" corresp="dictionnaire_TLFiCategoriesTEI#l6533"/>
                <span target="#t1468" pos="VER:ppre" lemma="appuyer" corresp="dictionnaire_TLFiCategoriesTEI#l6124"/>
                <span target="#t1469" pos="DET:ART" lemma="le" corresp="#noTS"/>
                <span target="#t1470" pos="NOM" lemma="conclusion" corresp="dictionnaire_TLFiCategoriesTEI#l18120"/>
                <span target="#t1471" pos="PUN:cit" lemma="«" corresp="#noTS"/>
                <span target="#t1472" pos="DET:POS" lemma="notre" corresp="#noTS"/>
                <span target="#t1473" pos="NOM" lemma="relation" corresp="dictionnaire_TLFiCategoriesTEI#l64730"/>
                <span target="#t1474" pos="VER:pres" lemma="fonctionner"
                      corresp="dictionnaire_TLFiCategoriesTEI#l31439"/>
                <span target="#t1475" pos="PUN:cit" lemma="»" corresp="#noTS"/>
                <span target="#t1476" pos="SENT" lemma="." corresp="#noTS"/>
                <span target="#t1477" pos="PRP" lemma="en" corresp="#noTS"/>
                <span target="#t1478" pos="ADV" lemma="voici" corresp="DicoWiktionaryCategoriesTEI#l2599"/>
                <span target="#t1479" pos="DET:ART" lemma="le" corresp="#noTS"/>
                <span target="#t1480" pos="NOM" lemma="explication" corresp="dictionnaire_TLFiCategoriesTEI#l29617"/>
                <span target="#t1481" pos="PUN" lemma=":" corresp="#noTS"/>
                <span target="#t1482" pos="VER:pper" lemma="e" corresp="dictionnaire_TLFiCategoriesTEI#l25334"/>
                <span target="#t1483" pos="PUN" lemma="'" corresp="#noTS"/>
                <span target="#t1484" pos="NUM" lemma="3" corresp="#noTS"/>
                <span target="#t1485" pos="PUN" lemma=":" corresp="#noTS"/>
                <span target="#t1486" pos="PUN:cit" lemma="«" corresp="#noTS"/>
                <span target="#t1487" pos="PRP" lemma="malgré" corresp="#noTS"/>
                <span target="#t1488" pos="DET:POS" lemma="notre" corresp="#noTS"/>
                <span target="#t1489" pos="NOM" lemma="carrière" corresp="dictionnaire_TLFiCategoriesTEI#l13930"/>
                <span target="#t1490" pos="ADJ" lemma="respectif" corresp="dictionnaire_TLFiCategoriesTEI#l65524"/>
                <span target="#t1491" pos="PUN" lemma="," corresp="#noTS"/>
                <span target="#t1492" pos="DET:POS" lemma="notre" corresp="#noTS"/>
                <span target="#t1493" pos="NOM" lemma="relation" corresp="dictionnaire_TLFiCategoriesTEI#l64730"/>
                <span target="#t1494" pos="VER:pres" lemma="fonctionner"
                      corresp="dictionnaire_TLFiCategoriesTEI#l31439"/>
                <span target="#t1495" pos="PUN" lemma="(" corresp="#noTS"/>
                <span target="#t1496" pos="NOM" lemma="p" corresp="dictionnaire_TLFiCategoriesTEI#l53378"/>
                <span target="#t1497" pos="PUN" lemma=")" corresp="#noTS"/>
                <span target="#t1498" pos="SENT" lemma="." corresp="#noTS"/>
                <span target="#t1499" pos="NOM" lemma="ø" corresp="#noTS"/>
                <span target="#t1500" pos="PRO:PER" lemma="il" corresp="#noTS"/>
                <span target="#t1501" pos="VER:pres" lemma="suffire" corresp="dictionnaire_TLFiCategoriesTEI#l72537"/>
                <span target="#t1502" pos="KON" lemma="que" corresp="#noTS"/>
                <span target="#t1503" pos="PRO:PER" lemma="je" corresp="#noTS"/>
                <span target="#t1504" pos="VER:pres" lemma="liser" corresp="DicoWiktionaryCategoriesTEI#l48968"/>
                <span target="#t1505" pos="DET:ART" lemma="le" corresp="#noTS"/>
                <span target="#t1506" pos="NOM" lemma="journau" corresp="#noTS"/>
                <span target="#t1507" pos="PUN" lemma="," corresp="#noTS"/>
                <span target="#t1508" pos="KON" lemma="que" corresp="#noTS"/>
                <span target="#t1509" pos="PRO:PER" lemma="je" corresp="#noTS"/>
                <span target="#t1510" pos="VER:pres" lemma="regarder" corresp="dictionnaire_TLFiCategoriesTEI#l64491"/>
                <span target="#t1511" pos="DET:ART" lemma="le" corresp="#noTS"/>
                <span target="#t1512" pos="NOM" lemma="télé" corresp="dictionnaire_TLFiCategoriesTEI#l74733"/>
                <span target="#t1513" pos="PRP" lemma="par" corresp="#noTS"/>
                <span target="#t1514" pos="NOM" lemma="satellite" corresp="dictionnaire_TLFiCategoriesTEI#l68055"/>
                <span target="#t1515" pos="PRP" lemma="pour" corresp="#noTS"/>
                <span target="#t1516" pos="VER:infi" lemma="voir" corresp="dictionnaire_TLFiCategoriesTEI#l80514"/>
                <span target="#t1517" pos="NOM" lemma="david(" corresp="#noTS"/>
                <span target="#t1518" pos="ADJ" lemma="r" corresp="dictionnaire_TLFiCategoriesTEI#l62459"/>
                <span target="#t1519" pos="PUN" lemma=")" corresp="#noTS"/>
                <span target="#t1520" pos="PUN:cit" lemma="»" corresp="#noTS"/>
                <span target="#t1521" pos="SENT" lemma="." corresp="#noTS"/>
                <span target="#t1522" pos="PRO:PER" lemma="en" corresp="#noTS"/>
                <span target="#t1523" pos="VER:futu" lemma="e" corresp="dictionnaire_TLFiCategoriesTEI#l25334"/>
                <span target="#t1524" pos="PUN" lemma="'" corresp="#noTS"/>
                <span target="#t1525" pos="NUM" lemma="3" corresp="#noTS"/>
                <span target="#t1526" pos="PUN" lemma="," corresp="#noTS"/>
                <span target="#t1527" pos="DET:ART" lemma="le" corresp="#noTS"/>
                <span target="#t1528" pos="NOM" lemma="locuteur" corresp="dictionnaire_TLFiCategoriesTEI#l43905"/>
                <span target="#t1529" pos="VER:pres" lemma="sembler" corresp="dictionnaire_TLFiCategoriesTEI#l69025"/>
                <span target="#t1530" pos="VER:infi" lemma="adopter" corresp="dictionnaire_TLFiCategoriesTEI#l1691"/>
                <span target="#t1531" pos="DET:ART" lemma="le" corresp="#noTS"/>
                <span target="#t1532" pos="NOM" lemma="topo" corresp="dictionnaire_TLFiCategoriesTEI#l76251"/>
                <span target="#t1533" pos="PUN:cit" lemma="«" corresp="#noTS"/>
                <span target="#t1534" pos="ADV" lemma="loin" corresp="dictionnaire_TLFiCategoriesTEI#l43997"/>
                <span target="#t1535" pos="PRP:det" lemma="du" corresp="#noTS"/>
                <span target="#t1536" pos="NOM" lemma="œil" corresp="DicoWiktionaryCategoriesTEI#l665 #l666"/>
                <span target="#t1537" pos="ADV" lemma="loin" corresp="dictionnaire_TLFiCategoriesTEI#l43997"/>
                <span target="#t1538" pos="PRP:det" lemma="du" corresp="#noTS"/>
                <span target="#t1539" pos="NOM" lemma="cœur" corresp="dictionnaire_TLFiCategoriesTEI#l17167"/>
                <span target="#t1540" pos="PUN:cit" lemma="»" corresp="#noTS"/>
                <span target="#t1541" pos="SENT" lemma="." corresp="#noTS"/>
                <span target="#t1542" pos="PRP" lemma="en" corresp="#noTS"/>
                <span target="#t1543" pos="PRP" lemma="de" corresp="#noTS"/>
                <span target="#t1544" pos="ADJ" lemma="autre" corresp="dictionnaire_TLFiCategoriesTEI#l7449"/>
                <span target="#t1545" pos="NOM" lemma="terme" corresp="dictionnaire_TLFiCategoriesTEI#l75126"/>
                <span target="#t1546" pos="PUN" lemma="," corresp="#noTS"/>
                <span target="#t1547" pos="PRP" lemma="selon" corresp="#noTS"/>
                <span target="#t1548" pos="PRO:PER" lemma="lui" corresp="#noTS"/>
                <span target="#t1549" pos="PUN" lemma="," corresp="#noTS"/>
                <span target="#t1550" pos="PRO:PER" lemma="il" corresp="#noTS"/>
                <span target="#t1551" pos="VER:pres" lemma="falloir" corresp="dictionnaire_TLFiCategoriesTEI#l29961"/>
                <span target="#t1552" pos="VER:infi" lemma="voir" corresp="dictionnaire_TLFiCategoriesTEI#l80514"/>
                <span target="#t1553" pos="NOM" lemma="celui/" corresp="#noTS"/>
                <span target="#t1554" pos="PRO:DEM" lemma="celui" corresp="#noTS"/>
                <span target="#t1555" pos="PRO:REL" lemma="que" corresp="#noTS"/>
                <span target="#t1556" pos="PRO:PER" lemma="on" corresp="#noTS"/>
                <span target="#t1557" pos="VER:pres" lemma="aimer" corresp="dictionnaire_TLFiCategoriesTEI#l2919"/>
                <span target="#t1558" pos="KON" lemma="pour" corresp="#noTS"/>
                <span target="#t1559" pos="KON" lemma="que" corresp="#noTS"/>
                <span target="#t1560" pos="DET:ART" lemma="le" corresp="#noTS"/>
                <span target="#t1561" pos="NOM" lemma="amour" corresp="dictionnaire_TLFiCategoriesTEI#l4416"/>
                <span target="#t1562" pos="VER:subp" lemma="survivre" corresp="dictionnaire_TLFiCategoriesTEI#l73351"/>
                <span target="#t1563" pos="SENT" lemma="." corresp="#noTS"/>
                <span target="#t1564" pos="ADV" lemma="ainsi" corresp="dictionnaire_TLFiCategoriesTEI#l2975"/>
                <span target="#t1565" pos="DET:ART" lemma="le" corresp="#noTS"/>
                <span target="#t1566" pos="NOM" lemma="fait" corresp="dictionnaire_TLFiCategoriesTEI#l29942"/>
                <span target="#t1567" pos="PRP" lemma="de" corresp="#noTS"/>
                <span target="#t1568" pos="PRO:PER" lemma="se" corresp="#noTS"/>
                <span target="#t1569" pos="VER:infi" lemma="voir" corresp="dictionnaire_TLFiCategoriesTEI#l80514"/>
                <span target="#t1570" pos="PUN" lemma="," corresp="#noTS"/>
                <span target="#t1571" pos="ADV" lemma="même" corresp="dictionnaire_TLFiCategoriesTEI#l46594"/>
                <span target="#t1572" pos="ADV" lemma="indirectement" corresp="dictionnaire_TLFiCategoriesTEI#l39398"/>
                <span target="#t1573" pos="PRP" lemma="à" corresp="#noTS"/>
                <span target="#t1574" pos="NOM" lemma="travers" corresp="dictionnaire_TLFiCategoriesTEI#l77101"/>
                <span target="#t1575" pos="DET:ART" lemma="le" corresp="#noTS"/>
                <span target="#t1576" pos="NOM" lemma="médias" corresp="#noTS"/>
                <span target="#t1577" pos="PUN" lemma="," corresp="#noTS"/>
                <span target="#t1578" pos="VER:pres" lemma="constituer"
                      corresp="dictionnaire_TLFiCategoriesTEI#l18595"/>
                <span target="#t1579" pos="PRO:PER" lemma="il" corresp="#noTS"/>
                <span target="#t1580" pos="DET:ART" lemma="un" corresp="#noTS"/>
                <span target="#t1581" pos="NOM" lemma="moyen" corresp="dictionnaire_TLFiCategoriesTEI#l48998 #l49002"/>
                <span target="#t1582" pos="PRP" lemma="pour" corresp="#noTS"/>
                <span target="#t1583" pos="VER:infi" lemma="sauvegarder"
                      corresp="dictionnaire_TLFiCategoriesTEI#l68213"/>
                <span target="#t1584" pos="PRO:DEM" lemma="ce" corresp="#noTS"/>
                <span target="#t1585" pos="NOM" lemma="amour" corresp="dictionnaire_TLFiCategoriesTEI#l4416"/>
                <span target="#t1586" pos="SENT" lemma="." corresp="#noTS"/>
                <span target="#t1587" pos="PRO:PER" lemma="il" corresp="#noTS"/>
                <span target="#t1588" pos="ADV" lemma="ne" corresp="#noTS"/>
                <span target="#t1589" pos="VER:pres" lemma="être" corresp="dictionnaire_TLFiCategoriesTEI#l29037"/>
                <span target="#t1590" pos="ADV" lemma="donc" corresp="#noTS"/>
                <span target="#t1591" pos="ADV" lemma="pas" corresp="dictionnaire_TLFiCategoriesTEI#l54617"/>
                <span target="#t1592" pos="ADJ" lemma="impossible" corresp="dictionnaire_TLFiCategoriesTEI#l38617"/>
                <span target="#t1593" pos="PRP" lemma="de" corresp="#noTS"/>
                <span target="#t1594" pos="VER:infi" lemma="introduire"
                      corresp="dictionnaire_TLFiCategoriesTEI#l40732"/>
                <span target="#t1595" pos="PUN" lemma="," corresp="#noTS"/>
                <span target="#t1596" pos="PRP" lemma="sans" corresp="#noTS"/>
                <span target="#t1597" pos="VER:infi" lemma="modifier" corresp="dictionnaire_TLFiCategoriesTEI#l48015"/>
                <span target="#t1598" pos="DET:ART" lemma="le" corresp="#noTS"/>
                <span target="#t1599" pos="NOM" lemma="sens" corresp="dictionnaire_TLFiCategoriesTEI#l69148"/>
                <span target="#t1600" pos="PRP" lemma="de" corresp="#noTS"/>
                <span target="#t1601" pos="NOM" lemma="e" corresp="dictionnaire_TLFiCategoriesTEI#l25334"/>
                <span target="#t1602" pos="PUN" lemma="'" corresp="#noTS"/>
                <span target="#t1603" pos="NUM" lemma="3" corresp="#noTS"/>
                <span target="#t1604" pos="PUN" lemma="," corresp="#noTS"/>
                <span target="#t1605" pos="DET:ART" lemma="un" corresp="#noTS"/>
                <span target="#t1606" pos="NOM" lemma="connecteur" corresp="dictionnaire_TLFiCategoriesTEI#l18427"/>
                <span target="#t1607" pos="PRP" lemma="à" corresp="#noTS"/>
                <span target="#t1608" pos="NOM" lemma="usage" corresp="dictionnaire_TLFiCategoriesTEI#l78802"/>
                <span target="#t1609" pos="ADJ" lemma="argumentatif" corresp="#noTS"/>
                <span target="#t1610" pos="KON" lemma="comme" corresp="#noTS"/>
                <span target="#t1611" pos="PRP" lemma="de" corresp="#noTS"/>
                <span target="#t1612" pos="ADV" lemma="ailleurs" corresp="dictionnaire_TLFiCategoriesTEI#l2906"/>
                <span target="#t1613" pos="PUN" lemma=":" corresp="#noTS"/>
                <span target="#t1614" pos="PRP" lemma="malgré" corresp="#noTS"/>
                <span target="#t1615" pos="DET:POS" lemma="notre" corresp="#noTS"/>
                <span target="#t1616" pos="NOM" lemma="carrière" corresp="dictionnaire_TLFiCategoriesTEI#l13930"/>
                <span target="#t1617" pos="ADJ" lemma="respectif" corresp="dictionnaire_TLFiCategoriesTEI#l65524"/>
                <span target="#t1618" pos="PUN" lemma="," corresp="#noTS"/>
                <span target="#t1619" pos="DET:POS" lemma="notre" corresp="#noTS"/>
                <span target="#t1620" pos="NOM" lemma="relation" corresp="dictionnaire_TLFiCategoriesTEI#l64730"/>
                <span target="#t1621" pos="VER:pres" lemma="fonctionner"
                      corresp="dictionnaire_TLFiCategoriesTEI#l31439"/>
                <span target="#t1622" pos="PUN" lemma="(" corresp="#noTS"/>
                <span target="#t1623" pos="VER:pper" lemma="r" corresp="dictionnaire_TLFiCategoriesTEI#l62459"/>
                <span target="#t1624" pos="PUN" lemma=")" corresp="#noTS"/>
                <span target="#t1625" pos="SENT" lemma="." corresp="#noTS"/>
                <span target="#t1626" pos="PRP" lemma="de" corresp="#noTS"/>
                <span target="#t1627" pos="ADV" lemma="ailleurs" corresp="dictionnaire_TLFiCategoriesTEI#l2906"/>
                <span target="#t1628" pos="PUN" lemma="," corresp="#noTS"/>
                <span target="#t1629" pos="PRO:PER" lemma="il" corresp="#noTS"/>
                <span target="#t1630" pos="VER:pres" lemma="suffire" corresp="dictionnaire_TLFiCategoriesTEI#l72537"/>
                <span target="#t1631" pos="KON" lemma="que" corresp="#noTS"/>
                <span target="#t1632" pos="PRO:PER" lemma="je" corresp="#noTS"/>
                <span target="#t1633" pos="VER:pres" lemma="liser" corresp="DicoWiktionaryCategoriesTEI#l48968"/>
                <span target="#t1634" pos="DET:ART" lemma="le" corresp="#noTS"/>
                <span target="#t1635" pos="NOM" lemma="journau" corresp="#noTS"/>
                <span target="#t1636" pos="PUN" lemma="," corresp="#noTS"/>
                <span target="#t1637" pos="KON" lemma="que" corresp="#noTS"/>
                <span target="#t1638" pos="PRO:PER" lemma="je" corresp="#noTS"/>
                <span target="#t1639" pos="VER:pres" lemma="regarder" corresp="dictionnaire_TLFiCategoriesTEI#l64491"/>
                <span target="#t1640" pos="DET:ART" lemma="le" corresp="#noTS"/>
                <span target="#t1641" pos="NOM" lemma="télé" corresp="dictionnaire_TLFiCategoriesTEI#l74733"/>
                <span target="#t1642" pos="PRP" lemma="par" corresp="#noTS"/>
                <span target="#t1643" pos="NOM" lemma="satellite" corresp="dictionnaire_TLFiCategoriesTEI#l68055"/>
                <span target="#t1644" pos="PRP" lemma="pour" corresp="#noTS"/>
                <span target="#t1645" pos="VER:infi" lemma="voir" corresp="dictionnaire_TLFiCategoriesTEI#l80514"/>
                <span target="#t1646" pos="NOM" lemma="david(" corresp="#noTS"/>
                <span target="#t1647" pos="NOM" lemma="q" corresp="dictionnaire_TLFiCategoriesTEI#l62048"/>
                <span target="#t1648" pos="PUN" lemma=")" corresp="#noTS"/>
                <span target="#t1649" pos="SENT" lemma="." corresp="#noTS"/>
                <span target="#t1650" pos="PRP" lemma="dans" corresp="#noTS"/>
                <span target="#t1651" pos="PRO:DEM" lemma="ce" corresp="#noTS"/>
                <span target="#t1652" pos="NOM" lemma="enchâssement" corresp="dictionnaire_TLFiCategoriesTEI#l27084"/>
                <span target="#t1653" pos="PRP" lemma="de" corresp="#noTS"/>
                <span target="#t1654" pos="DET:ART" lemma="le" corresp="#noTS"/>
                <span target="#t1655" pos="NOM" lemma="argumentatif" corresp="#noTS"/>
                <span target="#t1656" pos="PRP:det" lemma="au" corresp="#noTS"/>
                <span target="#t1657" pos="NOM" lemma="reformulatif" corresp="#noTS"/>
                <span target="#t1658" pos="PUN" lemma="," corresp="#noTS"/>
                <span target="#t1659" pos="PRP" lemma="de" corresp="#noTS"/>
                <span target="#t1660" pos="PRO:IND" lemma="tout" corresp="#noTS"/>
                <span target="#t1661" pos="NOM" lemma="façon" corresp="dictionnaire_TLFiCategoriesTEI#l29843"/>
                <span target="#t1662" pos="VER:pres" lemma="permettre" corresp="dictionnaire_TLFiCategoriesTEI#l55970"/>
                <span target="#t1663" pos="PRP" lemma="de" corresp="#noTS"/>
                <span target="#t1664" pos="VER:infi" lemma="invalider" corresp="dictionnaire_TLFiCategoriesTEI#l40788"/>
                <span target="#t1665" pos="DET:ART" lemma="le" corresp="#noTS"/>
                <span target="#t1666" pos="NOM" lemma="pertinence" corresp="dictionnaire_TLFiCategoriesTEI#l56124"/>
                <span target="#t1667" pos="PRP:det" lemma="du" corresp="#noTS"/>
                <span target="#t1668" pos="NOM" lemma="point" corresp="dictionnaire_TLFiCategoriesTEI#l58621"/>
                <span target="#t1669" pos="PRP" lemma="de" corresp="#noTS"/>
                <span target="#t1670" pos="NOM" lemma="vue" corresp="dictionnaire_TLFiCategoriesTEI#l80517"/>
                <span target="#t1671" pos="ADJ" lemma="initial" corresp="dictionnaire_TLFiCategoriesTEI#l39942"/>
                <span target="#t1672" pos="PUN" lemma="," corresp="#noTS"/>
                <span target="#t1673" pos="PRP" lemma="selon" corresp="#noTS"/>
                <span target="#t1674" pos="DET:ART" lemma="le" corresp="#noTS"/>
                <span target="#t1675" pos="NUM" lemma="un" corresp="#noTS"/>
                <span target="#t1676" pos="PRP:det" lemma="du" corresp="#noTS"/>
                <span target="#t1677" pos="NUM" lemma="deux" corresp="#noTS"/>
                <span target="#t1678" pos="NOM" lemma="manière" corresp="dictionnaire_TLFiCategoriesTEI#l45366"/>
                <span target="#t1679" pos="ADJ" lemma="suivant" corresp="dictionnaire_TLFiCategoriesTEI#l72598"/>
                <span target="#t1680" pos="PUN" lemma=":" corresp="#noTS"/>
                <span target="#t1681" pos="ADJ" lemma="●" corresp="#noTS"/>
                <span target="#t1682" pos="DET:ART" lemma="le" corresp="#noTS"/>
                <span target="#t1683" pos="NOM" lemma="invalidation" corresp="dictionnaire_TLFiCategoriesTEI#l40785"/>
                <span target="#t1684" pos="VER:pres" lemma="consister" corresp="dictionnaire_TLFiCategoriesTEI#l18519"/>
                <span target="#t1685" pos="PRP" lemma="en" corresp="#noTS"/>
                <span target="#t1686" pos="DET:POS" lemma="leur" corresp="#noTS"/>
                <span target="#t1687" pos="NOM" lemma="remise" corresp="dictionnaire_TLFiCategoriesTEI#l64871"/>
                <span target="#t1688" pos="PRP" lemma="en" corresp="#noTS"/>
                <span target="#t1689" pos="NOM" lemma="cause" corresp="dictionnaire_TLFiCategoriesTEI#l14293"/>
                <span target="#t1690" pos="PRP" lemma="de" corresp="#noTS"/>
                <span target="#t1691" pos="DET:ART" lemma="le" corresp="#noTS"/>
                <span target="#t1692" pos="NOM" lemma="énonciation" corresp="dictionnaire_TLFiCategoriesTEI#l27514"/>
                <span target="#t1693" pos="PRP" lemma="de" corresp="#noTS"/>
                <span target="#t1694" pos="NOM" lemma="p" corresp="dictionnaire_TLFiCategoriesTEI#l53378"/>
                <span target="#t1695" pos="PUN" lemma="," corresp="#noTS"/>
                <span target="#t1696" pos="PRP" lemma="en" corresp="#noTS"/>
                <span target="#t1697" pos="ADV" lemma="tant" corresp="DicoWiktionaryCategoriesTEI#l10919"/>
                <span target="#t1698" pos="KON" lemma="que" corresp="#noTS"/>
                <span target="#t1699" pos="NOM" lemma="proposition" corresp="dictionnaire_TLFiCategoriesTEI#l60947"/>
                <span target="#t1700" pos="VER:ppre" lemma="avoir" corresp="dictionnaire_TLFiCategoriesTEI#l8314"/>
                <span target="#t1701" pos="DET:ART" lemma="un" corresp="#noTS"/>
                <span target="#t1702" pos="NOM" lemma="valeur" corresp="dictionnaire_TLFiCategoriesTEI#l79013"/>
                <span target="#t1703" pos="ADJ" lemma="argumentative" corresp="#noTS"/>
                <span target="#t1704" pos="SENT" lemma="." corresp="#noTS"/>
                <span target="#t1705" pos="NOM" lemma="e" corresp="dictionnaire_TLFiCategoriesTEI#l25334"/>
                <span target="#t1706" pos="ABR" lemma="3" corresp="#noTS"/>
                <span target="#t1707" pos="PRO:PER" lemma="se" corresp="#noTS"/>
                <span target="#t1708" pos="VER:pres" lemma="paraphraser"
                      corresp="dictionnaire_TLFiCategoriesTEI#l54244"/>
                <span target="#t1709" pos="ADV" lemma="alors" corresp="dictionnaire_TLFiCategoriesTEI#l3840"/>
                <span target="#t1710" pos="ADV" lemma="comme" corresp="DicoWiktionaryCategoriesTEI#l8041"/>
                <span target="#t1711" pos="VER:pres" lemma="suivre" corresp="dictionnaire_TLFiCategoriesTEI#l72609"/>
                <span target="#t1712" pos="PUN" lemma=":" corresp="#noTS"/>
                <span target="#t1713" pos="PUN:cit" lemma="«" corresp="#noTS"/>
                <span target="#t1714" pos="VER:infi" lemma="affirmer" corresp="dictionnaire_TLFiCategoriesTEI#l2090"/>
                <span target="#t1715" pos="DET:ART" lemma="le" corresp="#noTS"/>
                <span target="#t1716" pos="NOM" lemma="réussite" corresp="dictionnaire_TLFiCategoriesTEI#l65871"/>
                <span target="#t1717" pos="PRP" lemma="de" corresp="#noTS"/>
                <span target="#t1718" pos="DET:ART" lemma="le" corresp="#noTS"/>
                <span target="#t1719" pos="NOM" lemma="relation" corresp="dictionnaire_TLFiCategoriesTEI#l64730"/>
                <span target="#t1720" pos="ADJ" lemma="amoureux" corresp="dictionnaire_TLFiCategoriesTEI#l4423"/>
                <span target="#t1721" pos="PRP" lemma="en" corresp="#noTS"/>
                <span target="#t1722" pos="NOM" lemma="dépit" corresp="dictionnaire_TLFiCategoriesTEI#l22976"/>
                <span target="#t1723" pos="PRP:det" lemma="du" corresp="#noTS"/>
                <span target="#t1724" pos="NOM" lemma="carrière" corresp="dictionnaire_TLFiCategoriesTEI#l13930"/>
                <span target="#t1725" pos="ADJ" lemma="accaparant" corresp="dictionnaire_TLFiCategoriesTEI#l1252"/>
                <span target="#t1726" pos="ADV" lemma="ne" corresp="#noTS"/>
                <span target="#t1727" pos="VER:pres" lemma="servir" corresp="dictionnaire_TLFiCategoriesTEI#l69506"/>
                <span target="#t1728" pos="PRP" lemma="à" corresp="#noTS"/>
                <span target="#t1729" pos="NOM" lemma="rien" corresp="DicoWiktionaryCategoriesTEI#l817"/>
                <span target="#t1730" pos="SENT" lemma="." corresp="#noTS"/>
                <span target="#t1731" pos="DET:ART" lemma="le" corresp="#noTS"/>
                <span target="#t1732" pos="NOM" lemma="raison" corresp="dictionnaire_TLFiCategoriesTEI#l63019"/>
                <span target="#t1733" pos="PRO:PER" lemma="en" corresp="#noTS"/>
                <span target="#t1734" pos="VER:pres" lemma="être" corresp="dictionnaire_TLFiCategoriesTEI#l29037"/>
                <span target="#t1735" pos="KON" lemma="que" corresp="#noTS"/>
                <span target="#t1736" pos="PRO:DEM" lemma="ce" corresp="#noTS"/>
                <span target="#t1737" pos="NOM" lemma="réussite" corresp="dictionnaire_TLFiCategoriesTEI#l65871"/>
                <span target="#t1738" pos="VER:pres" lemma="être" corresp="dictionnaire_TLFiCategoriesTEI#l29037"/>
                <span target="#t1739" pos="VER:pper" lemma="garantir" corresp="dictionnaire_TLFiCategoriesTEI#l32957"/>
                <span target="#t1740" pos="PUN" lemma="," corresp="#noTS"/>
                <span target="#t1741" pos="ADV" lemma="indépendamment" corresp="dictionnaire_TLFiCategoriesTEI#l39300"/>
                <span target="#t1742" pos="PRP" lemma="de" corresp="#noTS"/>
                <span target="#t1743" pos="PRO:DEM" lemma="ce" corresp="#noTS"/>
                <span target="#t1744" pos="NOM" lemma="fait" corresp="dictionnaire_TLFiCategoriesTEI#l29942"/>
                <span target="#t1745" pos="PUN" lemma="," corresp="#noTS"/>
                <span target="#t1746" pos="NOM" lemma="grâce" corresp="dictionnaire_TLFiCategoriesTEI#l34587"/>
                <span target="#t1747" pos="PRP:det" lemma="au" corresp="#noTS"/>
                <span target="#t1748" pos="ADJ" lemma="mass" corresp="#noTS"/>
                <span target="#t1749" pos="NOM" lemma="media" corresp="#noTS"/>
                <span target="#t1750" pos="PUN:cit" lemma="»" corresp="#noTS"/>
                <span target="#t1751" pos="SENT" lemma="." corresp="#noTS"/>
                <span target="#t1752" pos="PRP" lemma="dans" corresp="#noTS"/>
                <span target="#t1753" pos="PRO:DEM" lemma="ce" corresp="#noTS"/>
                <span target="#t1754" pos="NOM" lemma="cas" corresp="dictionnaire_TLFiCategoriesTEI#l14011"/>
                <span target="#t1755" pos="PRP" lemma="de" corresp="#noTS"/>
                <span target="#t1756" pos="NOM" lemma="figure" corresp="dictionnaire_TLFiCategoriesTEI#l30808"/>
                <span target="#t1757" pos="PUN" lemma="," corresp="#noTS"/>
                <span target="#t1758" pos="PRP" lemma="de" corresp="#noTS"/>
                <span target="#t1759" pos="PRO:IND" lemma="tout" corresp="#noTS"/>
                <span target="#t1760" pos="NOM" lemma="façon" corresp="dictionnaire_TLFiCategoriesTEI#l29843"/>
                <span target="#t1761" pos="VER:pres" lemma="enchaîner" corresp="dictionnaire_TLFiCategoriesTEI#l27074"/>
                <span target="#t1762" pos="ADV" lemma="directement" corresp="dictionnaire_TLFiCategoriesTEI#l24290"/>
                <span target="#t1763" pos="PRP" lemma="sur" corresp="#noTS"/>
                <span target="#t1764" pos="DET:ART" lemma="le" corresp="#noTS"/>
                <span target="#t1765" pos="NOM" lemma="énoncé" corresp="dictionnaire_TLFiCategoriesTEI#l27509"/>
                <span target="#t1766" pos="NOM" lemma="p" corresp="dictionnaire_TLFiCategoriesTEI#l53378"/>
                <span target="#t1767" pos="PUN" lemma="," corresp="#noTS"/>
                <span target="#t1768" pos="PRO:REL" lemma="dont" corresp="#noTS"/>
                <span target="#t1769" pos="PRO:PER" lemma="il" corresp="#noTS"/>
                <span target="#t1770" pos="VER:pres" lemma="invalider" corresp="dictionnaire_TLFiCategoriesTEI#l40788"/>
                <span target="#t1771" pos="DET:ART" lemma="le" corresp="#noTS"/>
                <span target="#t1772" pos="NOM" lemma="valeur" corresp="dictionnaire_TLFiCategoriesTEI#l79013"/>
                <span target="#t1773" pos="PRP" lemma="de" corresp="#noTS"/>
                <span target="#t1774" pos="NOM" lemma="argument" corresp="dictionnaire_TLFiCategoriesTEI#l6533"/>
                <span target="#t1775" pos="PUN" lemma="," corresp="#noTS"/>
                <span target="#t1776" pos="KON" lemma="et" corresp="#noTS"/>
                <span target="#t1777" pos="PRP" lemma="par" corresp="#noTS"/>
                <span target="#t1778" pos="ADV" lemma="ailleurs" corresp="dictionnaire_TLFiCategoriesTEI#l2906"/>
                <span target="#t1779" pos="DET:ART" lemma="le" corresp="#noTS"/>
                <span target="#t1780" pos="ADV" lemma="bien" corresp="dictionnaire_TLFiCategoriesTEI#l10128"/>
                <span target="#t1781" pos="VER:pper" lemma="fonder" corresp="dictionnaire_TLFiCategoriesTEI#l31450"/>
                <span target="#t1782" pos="PRP" lemma="de" corresp="#noTS"/>
                <span target="#t1783" pos="DET:ART" lemma="le" corresp="#noTS"/>
                <span target="#t1784" pos="NOM" lemma="énonciation" corresp="dictionnaire_TLFiCategoriesTEI#l27514"/>
                <span target="#t1785" pos="SENT" lemma="." corresp="#noTS"/>
                <span target="#t1786" pos="PRO:PER" lemma="il" corresp="#noTS"/>
                <span target="#t1787" pos="VER:pres" lemma="annuler" corresp="dictionnaire_TLFiCategoriesTEI#l5154"/>
                <span target="#t1788" pos="ADV" lemma="donc" corresp="#noTS"/>
                <span target="#t1789" pos="DET:ART" lemma="le" corresp="#noTS"/>
                <span target="#t1790" pos="NOM" lemma="fonction" corresp="dictionnaire_TLFiCategoriesTEI#l31425"/>
                <span target="#t1791" pos="ADJ" lemma="interactif" corresp="DicoWiktionaryCategoriesTEI#l6851"/>
                <span target="#t1792" pos="PRP" lemma="de" corresp="#noTS"/>
                <span target="#t1793" pos="NOM" lemma="argument" corresp="dictionnaire_TLFiCategoriesTEI#l6533"/>
                <span target="#t1794" pos="PRP" lemma="à" corresp="#noTS"/>
                <span target="#t1795" pos="NOM" lemma="conclusion" corresp="dictionnaire_TLFiCategoriesTEI#l18120"/>
                <span target="#t1796" pos="DET:ART" lemma="le" corresp="#noTS"/>
                <span target="#t1797" pos="NOM" lemma="remplaçant" corresp="dictionnaire_TLFiCategoriesTEI#l64934"/>
                <span target="#t1798" pos="PRP" lemma="par" corresp="#noTS"/>
                <span target="#t1799" pos="DET:ART" lemma="un" corresp="#noTS"/>
                <span target="#t1800" pos="NOM" lemma="fonction" corresp="dictionnaire_TLFiCategoriesTEI#l31425"/>
                <span target="#t1801" pos="ADJ" lemma="interactif" corresp="DicoWiktionaryCategoriesTEI#l6851"/>
                <span target="#t1802" pos="PRP" lemma="de" corresp="#noTS"/>
                <span target="#t1803" pos="NOM" lemma="reformulation" corresp="dictionnaire_TLFiCategoriesTEI#l64422"/>
                <span target="#t1804" pos="SENT" lemma="." corresp="#noTS"/>
                <span target="#t1805" pos="NOM" lemma="●" corresp="#noTS"/>
                <span target="#t1806" pos="DET:ART" lemma="le" corresp="#noTS"/>
                <span target="#t1807" pos="NOM" lemma="invalidation" corresp="dictionnaire_TLFiCategoriesTEI#l40785"/>
                <span target="#t1808" pos="VER:pres" lemma="consister" corresp="dictionnaire_TLFiCategoriesTEI#l18519"/>
                <span target="#t1809" pos="PRP" lemma="en" corresp="#noTS"/>
                <span target="#t1810" pos="DET:ART" lemma="le" corresp="#noTS"/>
                <span target="#t1811" pos="NOM" lemma="remise" corresp="dictionnaire_TLFiCategoriesTEI#l64871"/>
                <span target="#t1812" pos="PRP" lemma="en" corresp="#noTS"/>
                <span target="#t1813" pos="NOM" lemma="cause" corresp="dictionnaire_TLFiCategoriesTEI#l14293"/>
                <span target="#t1814" pos="PRP" lemma="de" corresp="#noTS"/>
                <span target="#t1815" pos="DET:ART" lemma="un" corresp="#noTS"/>
                <span target="#t1816" pos="NOM" lemma="argument" corresp="dictionnaire_TLFiCategoriesTEI#l6533"/>
                <span target="#t1817" pos="ADJ" lemma="implicite" corresp="dictionnaire_TLFiCategoriesTEI#l38566"/>
                <span target="#t1818" pos="NOM" lemma="q" corresp="dictionnaire_TLFiCategoriesTEI#l62048"/>
                <span target="#t1819" pos="PUN" lemma="," corresp="#noTS"/>
                <span target="#t1820" pos="ADJ" lemma="anti-orienté" corresp="#noTS"/>
                <span target="#t1821" pos="PRP" lemma="par" corresp="#noTS"/>
                <span target="#t1822" pos="NOM" lemma="rapport" corresp="dictionnaire_TLFiCategoriesTEI#l63284"/>
                <span target="#t1823" pos="PRP" lemma="à" corresp="#noTS"/>
                <span target="#t1824" pos="NOM" lemma="p" corresp="dictionnaire_TLFiCategoriesTEI#l53378"/>
                <span target="#t1825" pos="PUN" lemma="," corresp="#noTS"/>
                <span target="#t1826" pos="KON" lemma="et" corresp="#noTS"/>
                <span target="#t1827" pos="VER:ppre" lemma="représenter"
                      corresp="dictionnaire_TLFiCategoriesTEI#l65341"/>
                <span target="#t1828" pos="DET:ART" lemma="le" corresp="#noTS"/>
                <span target="#t1829" pos="NOM" lemma="objection" corresp="dictionnaire_TLFiCategoriesTEI#l51337"/>
                <span target="#t1830" pos="ADJ" lemma="éventuel" corresp="dictionnaire_TLFiCategoriesTEI#l29288"/>
                <span target="#t1831" pos="PRP" lemma="de" corresp="#noTS"/>
                <span target="#t1832" pos="DET:ART" lemma="un" corresp="#noTS"/>
                <span target="#t1833" pos="NOM" lemma="interlocuteur" corresp="dictionnaire_TLFiCategoriesTEI#l40514"/>
                <span target="#t1834" pos="SENT" lemma="." corresp="#noTS"/>
                <span target="#t1835" pos="DET:ART" lemma="un" corresp="#noTS"/>
                <span target="#t1836" pos="NOM" lemma="modification" corresp="dictionnaire_TLFiCategoriesTEI#l48014"/>
                <span target="#t1837" pos="PRP" lemma="sur" corresp="#noTS"/>
                <span target="#t1838" pos="NOM" lemma="e" corresp="dictionnaire_TLFiCategoriesTEI#l25334"/>
                <span target="#t1839" pos="NUM" lemma="3" corresp="#noTS"/>
                <span target="#t1840" pos="VER:pres" lemma="permettre" corresp="dictionnaire_TLFiCategoriesTEI#l55970"/>
                <span target="#t1841" pos="PRP" lemma="de" corresp="#noTS"/>
                <span target="#t1842" pos="VER:infi" lemma="expliciter"
                      corresp="dictionnaire_TLFiCategoriesTEI#l29622"/>
                <span target="#t1843" pos="NOM" lemma="q" corresp="dictionnaire_TLFiCategoriesTEI#l62048"/>
                <span target="#t1844" pos="PUN" lemma=":" corresp="#noTS"/>
                <span target="#t1845" pos="PUN:cit" lemma="«" corresp="#noTS"/>
                <span target="#t1846" pos="PRP" lemma="malgré" corresp="#noTS"/>
                <span target="#t1847" pos="DET:POS" lemma="notre" corresp="#noTS"/>
                <span target="#t1848" pos="NOM" lemma="carrière" corresp="dictionnaire_TLFiCategoriesTEI#l13930"/>
                <span target="#t1849" pos="ADJ" lemma="respectif" corresp="dictionnaire_TLFiCategoriesTEI#l65524"/>
                <span target="#t1850" pos="PUN" lemma="," corresp="#noTS"/>
                <span target="#t1851" pos="DET:POS" lemma="notre" corresp="#noTS"/>
                <span target="#t1852" pos="NOM" lemma="relation" corresp="dictionnaire_TLFiCategoriesTEI#l64730"/>
                <span target="#t1853" pos="VER:pres" lemma="fonctionner"
                      corresp="dictionnaire_TLFiCategoriesTEI#l31439"/>
                <span target="#t1854" pos="PUN" lemma="(" corresp="#noTS"/>
                <span target="#t1855" pos="NOM" lemma="p" corresp="dictionnaire_TLFiCategoriesTEI#l53378"/>
                <span target="#t1856" pos="PUN" lemma=")" corresp="#noTS"/>
                <span target="#t1857" pos="SENT" lemma="." corresp="#noTS"/>
                <span target="#t1858" pos="PRO:PER" lemma="il" corresp="#noTS"/>
                <span target="#t1859" pos="VER:pres" lemma="être" corresp="dictionnaire_TLFiCategoriesTEI#l29037"/>
                <span target="#t1860" pos="ADJ" lemma="vrai" corresp="dictionnaire_TLFiCategoriesTEI#l80768"/>
                <span target="#t1861" pos="KON" lemma="que" corresp="#noTS"/>
                <span target="#t1862" pos="ADV" lemma="parfois" corresp="dictionnaire_TLFiCategoriesTEI#l54385"/>
                <span target="#t1863" pos="PRP:det" lemma="du" corresp="#noTS"/>
                <span target="#t1864" pos="NOM" lemma="semaine" corresp="dictionnaire_TLFiCategoriesTEI#l2956"/>
                <span target="#t1865" pos="PRO:PER" lemma="se" corresp="#noTS"/>
                <span target="#t1866" pos="VER:pres" lemma="écouler" corresp="DicoWiktionaryCategoriesTEI#l32084"/>
                <span target="#t1867" pos="PRP" lemma="sans" corresp="#noTS"/>
                <span target="#t1868" pos="PRO:REL" lemma="que" corresp="#noTS"/>
                <span target="#t1869" pos="DET:ART" lemma="le" corresp="#noTS"/>
                <span target="#t1870" pos="PRO:PER" lemma="on" corresp="#noTS"/>
                <span target="#t1871" pos="PRO:PER" lemma="se" corresp="#noTS"/>
                <span target="#t1872" pos="VER:pres" lemma="rencontrer"
                      corresp="dictionnaire_TLFiCategoriesTEI#l65006"/>
                <span target="#t1873" pos="PUN" lemma="(" corresp="#noTS"/>
                <span target="#t1874" pos="NOM" lemma="q" corresp="dictionnaire_TLFiCategoriesTEI#l62048"/>
                <span target="#t1875" pos="PUN" lemma=")" corresp="#noTS"/>
                <span target="#t1876" pos="SENT" lemma="." corresp="#noTS"/>
                <span target="#t1877" pos="PRP" lemma="de" corresp="#noTS"/>
                <span target="#t1878" pos="PRO:IND" lemma="tout" corresp="#noTS"/>
                <span target="#t1879" pos="NOM" lemma="façon" corresp="dictionnaire_TLFiCategoriesTEI#l29843"/>
                <span target="#t1880" pos="PUN" lemma="," corresp="#noTS"/>
                <span target="#t1881" pos="PRO:PER" lemma="il" corresp="#noTS"/>
                <span target="#t1882" pos="VER:pres" lemma="suffire" corresp="dictionnaire_TLFiCategoriesTEI#l72537"/>
                <span target="#t1883" pos="KON" lemma="que" corresp="#noTS"/>
                <span target="#t1884" pos="PRO:PER" lemma="je" corresp="#noTS"/>
                <span target="#t1885" pos="VER:pres" lemma="liser" corresp="DicoWiktionaryCategoriesTEI#l48968"/>
                <span target="#t1886" pos="DET:ART" lemma="le" corresp="#noTS"/>
                <span target="#t1887" pos="NOM" lemma="journau" corresp="#noTS"/>
                <span target="#t1888" pos="PUN" lemma="," corresp="#noTS"/>
                <span target="#t1889" pos="KON" lemma="que" corresp="#noTS"/>
                <span target="#t1890" pos="PRO:PER" lemma="je" corresp="#noTS"/>
                <span target="#t1891" pos="VER:pres" lemma="regarder" corresp="dictionnaire_TLFiCategoriesTEI#l64491"/>
                <span target="#t1892" pos="DET:ART" lemma="le" corresp="#noTS"/>
                <span target="#t1893" pos="NOM" lemma="télé" corresp="dictionnaire_TLFiCategoriesTEI#l74733"/>
                <span target="#t1894" pos="PRP" lemma="pour" corresp="#noTS"/>
                <span target="#t1895" pos="VER:infi" lemma="voir" corresp="dictionnaire_TLFiCategoriesTEI#l80514"/>
                <span target="#t1896" pos="NOM" lemma="david" corresp="#noTS"/>
                <span target="#t1897" pos="SENT" lemma="." corresp="#noTS"/>
                <span target="#t1898" pos="PUN:cit" lemma="»" corresp="#noTS"/>
                <span target="#t1899" pos="DET:ART" lemma="le" corresp="#noTS"/>
                <span target="#t1900" pos="NOM" lemma="reformulation" corresp="dictionnaire_TLFiCategoriesTEI#l64422"/>
                <span target="#t1901" pos="VER:pres" lemma="concerner" corresp="dictionnaire_TLFiCategoriesTEI#l18067"/>
                <span target="#t1902" pos="ADV" lemma="ici" corresp="dictionnaire_TLFiCategoriesTEI#l37936"/>
                <span target="#t1903" pos="DET:ART" lemma="le" corresp="#noTS"/>
                <span target="#t1904" pos="NOM" lemma="portée" corresp="dictionnaire_TLFiCategoriesTEI#l59226"/>
                <span target="#t1905" pos="PRP" lemma="de" corresp="#noTS"/>
                <span target="#t1906" pos="DET:ART" lemma="le" corresp="#noTS"/>
                <span target="#t1907" pos="NOM" lemma="argument" corresp="dictionnaire_TLFiCategoriesTEI#l6533"/>
                <span target="#t1908" pos="ADJ" lemma="implicite" corresp="dictionnaire_TLFiCategoriesTEI#l38566"/>
                <span target="#t1909" pos="KON" lemma="et" corresp="#noTS"/>
                <span target="#t1910" pos="PUN" lemma="," corresp="#noTS"/>
                <span target="#t1911" pos="PRP" lemma="par" corresp="#noTS"/>
                <span target="#t1912" pos="ADV" lemma="ailleurs" corresp="dictionnaire_TLFiCategoriesTEI#l2906"/>
                <span target="#t1913" pos="PUN" lemma="," corresp="#noTS"/>
                <span target="#t1914" pos="DET:POS" lemma="son" corresp="#noTS"/>
                <span target="#t1915" pos="NOM" lemma="conséquence" corresp="dictionnaire_TLFiCategoriesTEI#l18491"/>
                <span target="#t1916" pos="PRP" lemma="sur" corresp="#noTS"/>
                <span target="#t1917" pos="DET:ART" lemma="le" corresp="#noTS"/>
                <span target="#t1918" pos="NOM" lemma="suite" corresp="dictionnaire_TLFiCategoriesTEI#l72595"/>
                <span target="#t1919" pos="VER:futu" lemma="r" corresp="dictionnaire_TLFiCategoriesTEI#l62459"/>
                <span target="#t1920" pos="PRP" lemma="de" corresp="#noTS"/>
                <span target="#t1921" pos="DET:ART" lemma="le" corresp="#noTS"/>
                <span target="#t1922" pos="NOM" lemma="énoncé" corresp="dictionnaire_TLFiCategoriesTEI#l27509"/>
                <span target="#t1923" pos="SENT" lemma="." corresp="#noTS"/>
                <span target="#t1924" pos="PRP" lemma="dans" corresp="#noTS"/>
                <span target="#t1925" pos="PRO:DEM" lemma="ce" corresp="#noTS"/>
                <span target="#t1926" pos="NOM" lemma="cas" corresp="dictionnaire_TLFiCategoriesTEI#l14011"/>
                <span target="#t1927" pos="PRP" lemma="de" corresp="#noTS"/>
                <span target="#t1928" pos="NOM" lemma="figure" corresp="dictionnaire_TLFiCategoriesTEI#l30808"/>
                <span target="#t1929" pos="PUN" lemma="," corresp="#noTS"/>
                <span target="#t1930" pos="VER:ppre" lemma="enchaîner" corresp="dictionnaire_TLFiCategoriesTEI#l27074"/>
                <span target="#t1931" pos="PRP" lemma="sur" corresp="#noTS"/>
                <span target="#t1932" pos="DET:ART" lemma="un" corresp="#noTS"/>
                <span target="#t1933" pos="NOM" lemma="point" corresp="dictionnaire_TLFiCategoriesTEI#l58621"/>
                <span target="#t1934" pos="PRP" lemma="de" corresp="#noTS"/>
                <span target="#t1935" pos="NOM" lemma="vue" corresp="dictionnaire_TLFiCategoriesTEI#l80517"/>
                <span target="#t1936" pos="VER:pper" lemma="rester" corresp="dictionnaire_TLFiCategoriesTEI#l65611"/>
                <span target="#t1937" pos="ADJ" lemma="implicite" corresp="dictionnaire_TLFiCategoriesTEI#l38566"/>
                <span target="#t1938" pos="PUN" lemma="," corresp="#noTS"/>
                <span target="#t1939" pos="PRP" lemma="de" corresp="#noTS"/>
                <span target="#t1940" pos="PRO:IND" lemma="tout" corresp="#noTS"/>
                <span target="#t1941" pos="NOM" lemma="façon" corresp="dictionnaire_TLFiCategoriesTEI#l29843"/>
                <span target="#t1942" pos="ADV" lemma="ne" corresp="#noTS"/>
                <span target="#t1943" pos="VER:pres" lemma="annuler" corresp="dictionnaire_TLFiCategoriesTEI#l5154"/>
                <span target="#t1944" pos="PUN" lemma="," corresp="#noTS"/>
                <span target="#t1945" pos="PRP" lemma="en" corresp="#noTS"/>
                <span target="#t1946" pos="PRO:IND" lemma="aucun" corresp="#noTS"/>
                <span target="#t1947" pos="NOM" lemma="cas" corresp="dictionnaire_TLFiCategoriesTEI#l14011"/>
                <span target="#t1948" pos="PUN" lemma="," corresp="#noTS"/>
                <span target="#t1949" pos="KON" lemma="ni" corresp="#noTS"/>
                <span target="#t1950" pos="DET:ART" lemma="le" corresp="#noTS"/>
                <span target="#t1951" pos="NOM" lemma="valeur" corresp="dictionnaire_TLFiCategoriesTEI#l79013"/>
                <span target="#t1952" pos="ADJ" lemma="argumentative" corresp="#noTS"/>
                <span target="#t1953" pos="PRP" lemma="de" corresp="#noTS"/>
                <span target="#t1954" pos="NOM" lemma="p" corresp="dictionnaire_TLFiCategoriesTEI#l53378"/>
                <span target="#t1955" pos="PUN" lemma="," corresp="#noTS"/>
                <span target="#t1956" pos="KON" lemma="ni" corresp="#noTS"/>
                <span target="#t1957" pos="DET:ART" lemma="le" corresp="#noTS"/>
                <span target="#t1958" pos="NOM" lemma="fonction" corresp="dictionnaire_TLFiCategoriesTEI#l31425"/>
                <span target="#t1959" pos="ADJ" lemma="interactif" corresp="DicoWiktionaryCategoriesTEI#l6851"/>
                <span target="#t1960" pos="PRP" lemma="de" corresp="#noTS"/>
                <span target="#t1961" pos="NOM" lemma="argument" corresp="dictionnaire_TLFiCategoriesTEI#l6533"/>
                <span target="#t1962" pos="PRP" lemma="à" corresp="#noTS"/>
                <span target="#t1963" pos="NOM" lemma="conclusion" corresp="dictionnaire_TLFiCategoriesTEI#l18120"/>
                <span target="#t1964" pos="PRO:REL" lemma="qui" corresp="#noTS"/>
                <span target="#t1965" pos="VER:pres" lemma="lier" corresp="dictionnaire_TLFiCategoriesTEI#l43407"/>
                <span target="#t1966" pos="DET:ART" lemma="le" corresp="#noTS"/>
                <span target="#t1967" pos="NOM" lemma="énoncé" corresp="dictionnaire_TLFiCategoriesTEI#l27509"/>
                <span target="#t1968" pos="NOM" lemma="p" corresp="dictionnaire_TLFiCategoriesTEI#l53378"/>
                <span target="#t1969" pos="KON" lemma="et" corresp="#noTS"/>
                <span target="#t1970" pos="NOM" lemma="r" corresp="dictionnaire_TLFiCategoriesTEI#l62459"/>
                <span target="#t1971" pos="SENT" lemma="." corresp="#noTS"/>
                <span target="#t1972" pos="DET:ART" lemma="le" corresp="#noTS"/>
                <span target="#t1973" pos="NOM" lemma="conciliation" corresp="dictionnaire_TLFiCategoriesTEI#l18107"/>
                <span target="#t1974" pos="PRP" lemma="entre" corresp="#noTS"/>
                <span target="#t1975" pos="NOM" lemma="carrière" corresp="dictionnaire_TLFiCategoriesTEI#l13930"/>
                <span target="#t1976" pos="ADJ" lemma="professionnel" corresp="dictionnaire_TLFiCategoriesTEI#l60725"/>
                <span target="#t1977" pos="KON" lemma="et" corresp="#noTS"/>
                <span target="#t1978" pos="NOM" lemma="vie" corresp="dictionnaire_TLFiCategoriesTEI#l80078"/>
                <span target="#t1979" pos="ADJ" lemma="affectif" corresp="dictionnaire_TLFiCategoriesTEI#l2002"/>
                <span target="#t1980" pos="VER:pres" lemma="être" corresp="dictionnaire_TLFiCategoriesTEI#l29037"/>
                <span target="#t1981" pos="ADV" lemma="toujours" corresp="DicoWiktionaryCategoriesTEI#l1116"/>
                <span target="#t1982" pos="VER:pper" lemma="considérer"
                      corresp="dictionnaire_TLFiCategoriesTEI#l18512"/>
                <span target="#t1983" pos="KON" lemma="comme" corresp="#noTS"/>
                <span target="#t1984" pos="DET:ART" lemma="un" corresp="#noTS"/>
                <span target="#t1985" pos="NOM" lemma="preuve" corresp="dictionnaire_TLFiCategoriesTEI#l60400"/>
                <span target="#t1986" pos="PRP" lemma="de" corresp="#noTS"/>
                <span target="#t1987" pos="DET:ART" lemma="le" corresp="#noTS"/>
                <span target="#t1988" pos="NOM" lemma="solidité" corresp="dictionnaire_TLFiCategoriesTEI#l70396"/>
                <span target="#t1989" pos="PRP" lemma="de" corresp="#noTS"/>
                <span target="#t1990" pos="DET:ART" lemma="le" corresp="#noTS"/>
                <span target="#t1991" pos="NOM" lemma="relation" corresp="dictionnaire_TLFiCategoriesTEI#l64730"/>
                <span target="#t1992" pos="ADJ" lemma="amoureux" corresp="dictionnaire_TLFiCategoriesTEI#l4423"/>
                <span target="#t1993" pos="SENT" lemma="." corresp="#noTS"/>
                <span target="#t1994" pos="PRP" lemma="de" corresp="#noTS"/>
                <span target="#t1995" pos="NOM" lemma="surcroît" corresp="dictionnaire_TLFiCategoriesTEI#l73138"/>
                <span target="#t1996" pos="PUN" lemma="," corresp="#noTS"/>
                <span target="#t1997" pos="VER:infi" lemma="voir" corresp="dictionnaire_TLFiCategoriesTEI#l80514"/>
                <span target="#t1998" pos="NOM" lemma="david" corresp="#noTS"/>
                <span target="#t1999" pos="PRP" lemma="dans" corresp="#noTS"/>
                <span target="#t2000" pos="DET:ART" lemma="le" corresp="#noTS"/>
                <span target="#t2001" pos="NOM" lemma="journau" corresp="#noTS"/>
                <span target="#t2002" pos="KON" lemma="ou" corresp="#noTS"/>
                <span target="#t2003" pos="PRP" lemma="à" corresp="#noTS"/>
                <span target="#t2004" pos="DET:ART" lemma="le" corresp="#noTS"/>
                <span target="#t2005" pos="NOM" lemma="télé" corresp="dictionnaire_TLFiCategoriesTEI#l74733"/>
                <span target="#t2006" pos="VER:pres" lemma="constituer"
                      corresp="dictionnaire_TLFiCategoriesTEI#l18595"/>
                <span target="#t2007" pos="ADV" lemma="toujours" corresp="DicoWiktionaryCategoriesTEI#l1116"/>
                <span target="#t2008" pos="DET:ART" lemma="un" corresp="#noTS"/>
                <span target="#t2009" pos="NOM" lemma="argument" corresp="dictionnaire_TLFiCategoriesTEI#l6533"/>
                <span target="#t2010" pos="VER:ppre" lemma="prouver" corresp="dictionnaire_TLFiCategoriesTEI#l61237"/>
                <span target="#t2011" pos="KON" lemma="que" corresp="#noTS"/>
                <span target="#t2012" pos="PRP:det" lemma="du" corresp="#noTS"/>
                <span target="#t2013" pos="NOM" lemma="carrière" corresp="dictionnaire_TLFiCategoriesTEI#l13930"/>
                <span target="#t2014" pos="ADJ" lemma="accaparant" corresp="dictionnaire_TLFiCategoriesTEI#l1252"/>
                <span target="#t2015" pos="ADV" lemma="ne" corresp="#noTS"/>
                <span target="#t2016" pos="VER:pres" lemma="nuire" corresp="dictionnaire_TLFiCategoriesTEI#l51180"/>
                <span target="#t2017" pos="ADV" lemma="pas" corresp="dictionnaire_TLFiCategoriesTEI#l54617"/>
                <span target="#t2018" pos="PRP" lemma="à" corresp="#noTS"/>
                <span target="#t2019" pos="DET:ART" lemma="le" corresp="#noTS"/>
                <span target="#t2020" pos="NOM" lemma="amour" corresp="dictionnaire_TLFiCategoriesTEI#l4416"/>
                <span target="#t2021" pos="PRP" lemma="entre" corresp="#noTS"/>
                <span target="#t2022" pos="DET:ART" lemma="le" corresp="#noTS"/>
                <span target="#t2023" pos="NUM" lemma="deux" corresp="#noTS"/>
                <span target="#t2024" pos="ADJ" lemma="jeune" corresp="dictionnaire_TLFiCategoriesTEI#l41600"/>
                <span target="#t2025" pos="NOM" lemma="gens" corresp="dictionnaire_TLFiCategoriesTEI#l33453"/>
                <span target="#t2026" pos="SENT" lemma="." corresp="#noTS"/>
                <span target="#t2027" pos="ADV" lemma="cependant" corresp="dictionnaire_TLFiCategoriesTEI#l14595"/>
                <span target="#t2028" pos="PUN" lemma="," corresp="#noTS"/>
                <span target="#t2029" pos="DET:ART" lemma="le" corresp="#noTS"/>
                <span target="#t2030" pos="NOM" lemma="intervention" corresp="dictionnaire_TLFiCategoriesTEI#l40636"/>
                <span target="#t2031" pos="PRP:det" lemma="du" corresp="#noTS"/>
                <span target="#t2032" pos="NOM" lemma="connecteur" corresp="dictionnaire_TLFiCategoriesTEI#l18427"/>
                <span target="#t2033" pos="VER:pres" lemma="suspendre" corresp="dictionnaire_TLFiCategoriesTEI#l73380"/>
                <span target="#t2034" pos="DET:ART" lemma="le" corresp="#noTS"/>
                <span target="#t2035" pos="NOM" lemma="actualisation" corresp="dictionnaire_TLFiCategoriesTEI#l1037"/>
                <span target="#t2036" pos="PRP" lemma="de" corresp="#noTS"/>
                <span target="#t2037" pos="DET:ART" lemma="le" corresp="#noTS"/>
                <span target="#t2038" pos="NOM" lemma="dimension" corresp="dictionnaire_TLFiCategoriesTEI#l24174"/>
                <span target="#t2039" pos="ADJ" lemma="argumentative" corresp="#noTS"/>
                <span target="#t2040" pos="PRP" lemma="de" corresp="#noTS"/>
                <span target="#t2041" pos="DET:ART" lemma="le" corresp="#noTS"/>
                <span target="#t2042" pos="NOM" lemma="énoncé" corresp="dictionnaire_TLFiCategoriesTEI#l27509"/>
                <span target="#t2043" pos="SENT" lemma="." corresp="#noTS"/>
                <span target="#t2044" pos="PRO:DEM" lemma="cela" corresp="#noTS"/>
                <span target="#t2045" pos="VER:pres" lemma="dire" corresp="dictionnaire_TLFiCategoriesTEI#l24284"/>
                <span target="#t2046" pos="PUN" lemma="," corresp="#noTS"/>
                <span target="#t2047" pos="VER:ppre" lemma="être" corresp="dictionnaire_TLFiCategoriesTEI#l29037"/>
                <span target="#t2048" pos="VER:pper" lemma="introduire"
                      corresp="dictionnaire_TLFiCategoriesTEI#l40732"/>
                <span target="#t2049" pos="PRP" lemma="par" corresp="#noTS"/>
                <span target="#t2050" pos="PRP" lemma="de" corresp="#noTS"/>
                <span target="#t2051" pos="PRO:IND" lemma="tout" corresp="#noTS"/>
                <span target="#t2052" pos="NOM" lemma="façon" corresp="dictionnaire_TLFiCategoriesTEI#l29843"/>
                <span target="#t2053" pos="PUN" lemma="," corresp="#noTS"/>
                <span target="#t2054" pos="DET:ART" lemma="le" corresp="#noTS"/>
                <span target="#t2055" pos="NOM" lemma="proposition" corresp="dictionnaire_TLFiCategoriesTEI#l60947"/>
                <span target="#t2056" pos="ADJ" lemma="r" corresp="dictionnaire_TLFiCategoriesTEI#l62459"/>
                <span target="#t2057" pos="VER:pres" lemma="acquérir" corresp="dictionnaire_TLFiCategoriesTEI#l876"/>
                <span target="#t2058" pos="DET:ART" lemma="un" corresp="#noTS"/>
                <span target="#t2059" pos="ADJ" lemma="certain" corresp="dictionnaire_TLFiCategoriesTEI#l14759"/>
                <span target="#t2060" pos="NOM" lemma="pertinence" corresp="dictionnaire_TLFiCategoriesTEI#l56124"/>
                <span target="#t2061" pos="PUN" lemma="," corresp="#noTS"/>
                <span target="#t2062" pos="PRP" lemma="sans" corresp="#noTS"/>
                <span target="#t2063" pos="KON" lemma="que" corresp="#noTS"/>
                <span target="#t2064" pos="PRO:PER" lemma="le" corresp="#noTS"/>
                <span target="#t2065" pos="PRO:PER" lemma="on" corresp="#noTS"/>
                <span target="#t2066" pos="VER:subp" lemma="prendre" corresp="dictionnaire_TLFiCategoriesTEI#l60177"/>
                <span target="#t2067" pos="PRP" lemma="en" corresp="#noTS"/>
                <span target="#t2068" pos="NOM" lemma="considération" corresp="dictionnaire_TLFiCategoriesTEI#l18510"/>
                <span target="#t2069" pos="DET:ART" lemma="le" corresp="#noTS"/>
                <span target="#t2070" pos="NOM" lemma="rapport" corresp="dictionnaire_TLFiCategoriesTEI#l63284"/>
                <span target="#t2071" pos="PRO:REL" lemma="que" corresp="#noTS"/>
                <span target="#t2072" pos="PRO:PER" lemma="elle" corresp="#noTS"/>
                <span target="#t2073" pos="VER:pres" lemma="entretenir"
                      corresp="dictionnaire_TLFiCategoriesTEI#l27820"/>
                <span target="#t2074" pos="PRP" lemma="avec" corresp="#noTS"/>
                <span target="#t2075" pos="DET:ART" lemma="le" corresp="#noTS"/>
                <span target="#t2076" pos="ADJ" lemma="autre" corresp="dictionnaire_TLFiCategoriesTEI#l7449"/>
                <span target="#t2077" pos="NOM" lemma="constituant" corresp="dictionnaire_TLFiCategoriesTEI#l18593"/>
                <span target="#t2078" pos="PRP" lemma="de" corresp="#noTS"/>
                <span target="#t2079" pos="DET:ART" lemma="le" corresp="#noTS"/>
                <span target="#t2080" pos="NOM" lemma="énoncé" corresp="dictionnaire_TLFiCategoriesTEI#l27509"/>
                <span target="#t2081" pos="SENT" lemma="." corresp="#noTS"/>
                <span target="#t2082" pos="PRP" lemma="en" corresp="#noTS"/>
                <span target="#t2083" pos="NOM" lemma="effet" corresp="dictionnaire_TLFiCategoriesTEI#l25971"/>
                <span target="#t2084" pos="PUN" lemma="," corresp="#noTS"/>
                <span target="#t2085" pos="DET:ART" lemma="le" corresp="#noTS"/>
                <span target="#t2086" pos="NOM" lemma="emploi" corresp="dictionnaire_TLFiCategoriesTEI#l26844"/>
                <span target="#t2087" pos="PRP" lemma="de" corresp="#noTS"/>
                <span target="#t2088" pos="PRO:DEM" lemma="ce" corresp="#noTS"/>
                <span target="#t2089" pos="NOM" lemma="mot" corresp="dictionnaire_TLFiCategoriesTEI#l48765"/>
                <span target="#t2090" pos="PRP" lemma="de" corresp="#noTS"/>
                <span target="#t2091" pos="NOM" lemma="discours" corresp="dictionnaire_TLFiCategoriesTEI#l24354"/>
                <span target="#t2092" pos="VER:pres" lemma="permettre" corresp="dictionnaire_TLFiCategoriesTEI#l55970"/>
                <span target="#t2093" pos="PRP:det" lemma="au" corresp="#noTS"/>
                <span target="#t2094" pos="NOM" lemma="locuteur" corresp="dictionnaire_TLFiCategoriesTEI#l43905"/>
                <span target="#t2095" pos="PUN" lemma="," corresp="#noTS"/>
                <span target="#t2096" pos="PRP" lemma="entre" corresp="#noTS"/>
                <span target="#t2097" pos="ADJ" lemma="autre" corresp="dictionnaire_TLFiCategoriesTEI#l7449"/>
                <span target="#t2098" pos="PUN" lemma="," corresp="#noTS"/>
                <span target="#t2099" pos="PRP" lemma="de" corresp="#noTS"/>
                <span target="#t2100" pos="VER:infi" lemma="présenter" corresp="dictionnaire_TLFiCategoriesTEI#l60258"/>
                <span target="#t2101" pos="DET:ART" lemma="le" corresp="#noTS"/>
                <span target="#t2102" pos="NOM" lemma="énoncé" corresp="dictionnaire_TLFiCategoriesTEI#l27509"/>
                <span target="#t2103" pos="VER:futu" lemma="r" corresp="dictionnaire_TLFiCategoriesTEI#l62459"/>
                <span target="#t2104" pos="ADV" lemma="comme" corresp="DicoWiktionaryCategoriesTEI#l8041"/>
                <span target="#t2105" pos="VER:ppre" lemma="être" corresp="dictionnaire_TLFiCategoriesTEI#l29037"/>
                <span target="#t2106" pos="ADV" lemma="déjà" corresp="DicoWiktionaryCategoriesTEI#l2721"/>
                <span target="#t2107" pos="VER:pper" lemma="connaître" corresp="dictionnaire_TLFiCategoriesTEI#l18422"/>
                <span target="#t2108" pos="KON" lemma="et" corresp="#noTS"/>
                <span target="#t2109" pos="PUN" lemma="," corresp="#noTS"/>
                <span target="#t2110" pos="PRP" lemma="par" corresp="#noTS"/>
                <span target="#t2111" pos="ADJ" lemma="conséquent" corresp="dictionnaire_TLFiCategoriesTEI#l18492"/>
                <span target="#t2112" pos="PUN" lemma="," corresp="#noTS"/>
                <span target="#t2113" pos="KON" lemma="comme" corresp="#noTS"/>
                <span target="#t2114" pos="VER:ppre" lemma="être" corresp="dictionnaire_TLFiCategoriesTEI#l29037"/>
                <span target="#t2115" pos="ADJ" lemma="irréfutable" corresp="dictionnaire_TLFiCategoriesTEI#l41036"/>
                <span target="#t2116" pos="SENT" lemma="." corresp="#noTS"/>
                <span target="#t2117" pos="PRO:PER" lemma="en" corresp="#noTS"/>
                <span target="#t2118" pos="VER:pres" lemma="attester" corresp="dictionnaire_TLFiCategoriesTEI#l7985"/>
                <span target="#t2119" pos="DET:ART" lemma="le" corresp="#noTS"/>
                <span target="#t2120" pos="NOM" lemma="possibilité" corresp="dictionnaire_TLFiCategoriesTEI#l59343"/>
                <span target="#t2121" pos="PRP" lemma="de" corresp="#noTS"/>
                <span target="#t2122" pos="VER:infi" lemma="enchâsser" corresp="dictionnaire_TLFiCategoriesTEI#l27085"/>
                <span target="#t2123" pos="PRO:DEM" lemma="ce" corresp="#noTS"/>
                <span target="#t2124" pos="NOM" lemma="connecteur" corresp="dictionnaire_TLFiCategoriesTEI#l18427"/>
                <span target="#t2125" pos="ADJ" lemma="reformulatif" corresp="#noTS"/>
                <span target="#t2126" pos="PRP" lemma="dans" corresp="#noTS"/>
                <span target="#t2127" pos="DET:ART" lemma="le" corresp="#noTS"/>
                <span target="#t2128" pos="NOM" lemma="conjonction" corresp="dictionnaire_TLFiCategoriesTEI#l18397"/>
                <span target="#t2129" pos="PRP" lemma="de" corresp="#noTS"/>
                <span target="#t2130" pos="NOM" lemma="subordination" corresp="dictionnaire_TLFiCategoriesTEI#l72370"/>
                <span target="#t2131" pos="KON" lemma="puisque" corresp="#noTS"/>
                <span target="#t2132" pos="PUN" lemma=":" corresp="#noTS"/>
                <span target="#t2133" pos="VER:pper" lemma="e" corresp="dictionnaire_TLFiCategoriesTEI#l25334"/>
                <span target="#t2134" pos="PUN" lemma="'" corresp="#noTS"/>
                <span target="#t2135" pos="PUN" lemma="'" corresp="#noTS"/>
                <span target="#t2136" pos="NUM" lemma="3" corresp="#noTS"/>
                <span target="#t2137" pos="PUN" lemma=":" corresp="#noTS"/>
                <span target="#t2138" pos="PUN:cit" lemma="«" corresp="#noTS"/>
                <span target="#t2139" pos="PUN" lemma="(" corresp="#noTS"/>
                <span target="#t2140" pos="PUN" lemma="…" corresp="#noTS"/>
                <span target="#t2141" pos="PUN" lemma=")" corresp="#noTS"/>
                <span target="#t2142" pos="PRP" lemma="malgré" corresp="#noTS"/>
                <span target="#t2143" pos="DET:POS" lemma="notre" corresp="#noTS"/>
                <span target="#t2144" pos="NOM" lemma="carrière" corresp="dictionnaire_TLFiCategoriesTEI#l13930"/>
                <span target="#t2145" pos="ADJ" lemma="respectif" corresp="dictionnaire_TLFiCategoriesTEI#l65524"/>
                <span target="#t2146" pos="PUN" lemma="," corresp="#noTS"/>
                <span target="#t2147" pos="DET:POS" lemma="notre" corresp="#noTS"/>
                <span target="#t2148" pos="NOM" lemma="relation" corresp="dictionnaire_TLFiCategoriesTEI#l64730"/>
                <span target="#t2149" pos="VER:pres" lemma="fonctionner"
                      corresp="dictionnaire_TLFiCategoriesTEI#l31439"/>
                <span target="#t2150" pos="PUN" lemma="," corresp="#noTS"/>
                <span target="#t2151" pos="KON" lemma="puisque" corresp="#noTS"/>
                <span target="#t2152" pos="PRP" lemma="de" corresp="#noTS"/>
                <span target="#t2153" pos="PRO:IND" lemma="tout" corresp="#noTS"/>
                <span target="#t2154" pos="NOM" lemma="façon" corresp="dictionnaire_TLFiCategoriesTEI#l29843"/>
                <span target="#t2155" pos="PUN" lemma="," corresp="#noTS"/>
                <span target="#t2156" pos="PRO:PER" lemma="il" corresp="#noTS"/>
                <span target="#t2157" pos="VER:pres" lemma="suffire" corresp="dictionnaire_TLFiCategoriesTEI#l72537"/>
                <span target="#t2158" pos="KON" lemma="que" corresp="#noTS"/>
                <span target="#t2159" pos="PRO:PER" lemma="je" corresp="#noTS"/>
                <span target="#t2160" pos="NOM" lemma="lise…" corresp="#noTS"/>
                <span target="#t2161" pos="PUN:cit" lemma="»" corresp="#noTS"/>
                <span target="#t2162" pos="SENT" lemma="." corresp="#noTS"/>
                <span target="#t2163" pos="DET:ART" lemma="le" corresp="#noTS"/>
                <span target="#t2164" pos="NOM" lemma="analyse" corresp="dictionnaire_TLFiCategoriesTEI#l4664"/>
                <span target="#t2165" pos="PRP" lemma="de" corresp="#noTS"/>
                <span target="#t2166" pos="DET:ART" lemma="le" corresp="#noTS"/>
                <span target="#t2167" pos="NOM" lemma="énoncé" corresp="dictionnaire_TLFiCategoriesTEI#l27509"/>
                <span target="#t2168" pos="VER:futu" lemma="e" corresp="dictionnaire_TLFiCategoriesTEI#l25334"/>
                <span target="#t2169" pos="NUM" lemma="3" corresp="#noTS"/>
                <span target="#t2170" pos="PRO:PER" lemma="nous" corresp="#noTS"/>
                <span target="#t2171" pos="VER:pres" lemma="permettre" corresp="dictionnaire_TLFiCategoriesTEI#l55970"/>
                <span target="#t2172" pos="PRP" lemma="de" corresp="#noTS"/>
                <span target="#t2173" pos="VER:infi" lemma="mettre" corresp="dictionnaire_TLFiCategoriesTEI#l47277"/>
                <span target="#t2174" pos="PRP:det" lemma="au" corresp="#noTS"/>
                <span target="#t2175" pos="NOM" lemma="jour" corresp="dictionnaire_TLFiCategoriesTEI#l41719"/>
                <span target="#t2176" pos="DET:ART" lemma="le" corresp="#noTS"/>
                <span target="#t2177" pos="NOM" lemma="composante" corresp="dictionnaire_TLFiCategoriesTEI#l17950"/>
                <span target="#t2178" pos="PRP" lemma="de" corresp="#noTS"/>
                <span target="#t2179" pos="DET:ART" lemma="un" corresp="#noTS"/>
                <span target="#t2180" pos="NOM" lemma="définition" corresp="dictionnaire_TLFiCategoriesTEI#l22120"/>
                <span target="#t2181" pos="PUN" lemma=":" corresp="#noTS"/>
                <span target="#t2182" pos="NOM" lemma="●" corresp="#noTS"/>
                <span target="#t2183" pos="VER:ppre" lemma="intervenir"
                      corresp="dictionnaire_TLFiCategoriesTEI#l40635"/>
                <span target="#t2184" pos="PRP" lemma="dans" corresp="#noTS"/>
                <span target="#t2185" pos="DET:ART" lemma="un" corresp="#noTS"/>
                <span target="#t2186" pos="NOM" lemma="énoncé" corresp="dictionnaire_TLFiCategoriesTEI#l27509"/>
                <span target="#t2187" pos="ADV" lemma="initialement" corresp="dictionnaire_TLFiCategoriesTEI#l39946"/>
                <span target="#t2188" pos="ADJ" lemma="argumentatif" corresp="#noTS"/>
                <span target="#t2189" pos="PUN" lemma="," corresp="#noTS"/>
                <span target="#t2190" pos="PRP" lemma="de" corresp="#noTS"/>
                <span target="#t2191" pos="PRO:IND" lemma="tout" corresp="#noTS"/>
                <span target="#t2192" pos="NOM" lemma="façon" corresp="dictionnaire_TLFiCategoriesTEI#l29843"/>
                <span target="#t2193" pos="VER:pres" lemma="permettre" corresp="dictionnaire_TLFiCategoriesTEI#l55970"/>
                <span target="#t2194" pos="PRP" lemma="de" corresp="#noTS"/>
                <span target="#t2195" pos="VER:infi" lemma="introduire"
                      corresp="dictionnaire_TLFiCategoriesTEI#l40732"/>
                <span target="#t2196" pos="DET:ART" lemma="un" corresp="#noTS"/>
                <span target="#t2197" pos="NOM" lemma="signification" corresp="dictionnaire_TLFiCategoriesTEI#l69784"/>
                <span target="#t2198" pos="ADJ" lemma="nouveau" corresp="dictionnaire_TLFiCategoriesTEI#l51087"/>
                <span target="#t2199" pos="PRP" lemma="par" corresp="#noTS"/>
                <span target="#t2200" pos="NOM" lemma="rapport" corresp="dictionnaire_TLFiCategoriesTEI#l63284"/>
                <span target="#t2201" pos="PRP" lemma="à" corresp="#noTS"/>
                <span target="#t2202" pos="DET:ART" lemma="un" corresp="#noTS"/>
                <span target="#t2203" pos="NOM" lemma="aspect" corresp="dictionnaire_TLFiCategoriesTEI#l7045"/>
                <span target="#t2204" pos="PRP:det" lemma="du" corresp="#noTS"/>
                <span target="#t2205" pos="NUM" lemma="premier" corresp="#noTS"/>
                <span target="#t2206" pos="NOM" lemma="acte" corresp="dictionnaire_TLFiCategoriesTEI#l968"/>
                <span target="#t2207" pos="ADJ" lemma="discursif" corresp="dictionnaire_TLFiCategoriesTEI#l24374"/>
                <span target="#t2208" pos="SENT" lemma="." corresp="#noTS"/>
                <span target="#t2209" pos="PRO:PER" lemma="elle" corresp="#noTS"/>
                <span target="#t2210" pos="VER:pres" lemma="concerner" corresp="dictionnaire_TLFiCategoriesTEI#l18067"/>
                <span target="#t2211" pos="DET:ART" lemma="le" corresp="#noTS"/>
                <span target="#t2212" pos="NOM" lemma="valeur" corresp="dictionnaire_TLFiCategoriesTEI#l79013"/>
                <span target="#t2213" pos="PRP" lemma="de" corresp="#noTS"/>
                <span target="#t2214" pos="NOM" lemma="argument" corresp="dictionnaire_TLFiCategoriesTEI#l6533"/>
                <span target="#t2215" pos="PRP" lemma="de" corresp="#noTS"/>
                <span target="#t2216" pos="NOM" lemma="p" corresp="dictionnaire_TLFiCategoriesTEI#l53378"/>
                <span target="#t2217" pos="KON" lemma="ou" corresp="#noTS"/>
                <span target="#t2218" pos="PRO:DEM" lemma="celui" corresp="#noTS"/>
                <span target="#t2219" pos="PRP" lemma="de" corresp="#noTS"/>
                <span target="#t2220" pos="NOM" lemma="contre-argument" corresp="#noTS"/>
                <span target="#t2221" pos="ADJ" lemma="implicite" corresp="dictionnaire_TLFiCategoriesTEI#l38566"/>
                <span target="#t2222" pos="ADJ" lemma="éventuel" corresp="dictionnaire_TLFiCategoriesTEI#l29288"/>
                <span target="#t2223" pos="NOM" lemma="q" corresp="dictionnaire_TLFiCategoriesTEI#l62048"/>
                <span target="#t2224" pos="SENT" lemma="." corresp="#noTS"/>
                <span target="#t2225" pos="NOM" lemma="●" corresp="#noTS"/>
                <span target="#t2226" pos="DET:ART" lemma="le" corresp="#noTS"/>
                <span target="#t2227" pos="NOM" lemma="présence" corresp="dictionnaire_TLFiCategoriesTEI#l60247"/>
                <span target="#t2228" pos="PRP:det" lemma="du" corresp="#noTS"/>
                <span target="#t2229" pos="NOM" lemma="connecteur" corresp="dictionnaire_TLFiCategoriesTEI#l18427"/>
                <span target="#t2230" pos="PRP" lemma="de" corresp="#noTS"/>
                <span target="#t2231" pos="PRO:IND" lemma="tout" corresp="#noTS"/>
                <span target="#t2232" pos="NOM" lemma="façon" corresp="dictionnaire_TLFiCategoriesTEI#l29843"/>
                <span target="#t2233" pos="PRP" lemma="dans" corresp="#noTS"/>
                <span target="#t2234" pos="PRO:DEM" lemma="ce" corresp="#noTS"/>
                <span target="#t2235" pos="NOM" lemma="type" corresp="dictionnaire_TLFiCategoriesTEI#l78232"/>
                <span target="#t2236" pos="PRP" lemma="de" corresp="#noTS"/>
                <span target="#t2237" pos="NOM" lemma="énoncé" corresp="dictionnaire_TLFiCategoriesTEI#l27509"/>
                <span target="#t2238" pos="ADV" lemma="ne" corresp="#noTS"/>
                <span target="#t2239" pos="VER:pres" lemma="être" corresp="dictionnaire_TLFiCategoriesTEI#l29037"/>
                <span target="#t2240" pos="ADV" lemma="pas" corresp="dictionnaire_TLFiCategoriesTEI#l54617"/>
                <span target="#t2241" pos="ADJ" lemma="indispensable" corresp="dictionnaire_TLFiCategoriesTEI#l39412"/>
                <span target="#t2242" pos="PRP" lemma="à" corresp="#noTS"/>
                <span target="#t2243" pos="DET:ART" lemma="le" corresp="#noTS"/>
                <span target="#t2244" pos="NOM" lemma="articulation" corresp="dictionnaire_TLFiCategoriesTEI#l6904"/>
                <span target="#t2245" pos="PRP:det" lemma="du" corresp="#noTS"/>
                <span target="#t2246" pos="ADJ" lemma="différent" corresp="dictionnaire_TLFiCategoriesTEI#l24077"/>
                <span target="#t2247" pos="NOM" lemma="acte" corresp="dictionnaire_TLFiCategoriesTEI#l968"/>
                <span target="#t2248" pos="ADJ" lemma="discursif" corresp="dictionnaire_TLFiCategoriesTEI#l24374"/>
                <span target="#t2249" pos="SENT" lemma="." corresp="#noTS"/>
                <span target="#t2250" pos="NUM" lemma="2-2" corresp="#noTS"/>
                <span target="#t2251" pos="SENT" lemma="." corresp="#noTS"/>
                <span target="#t2252" pos="PRP" lemma="de" corresp="#noTS"/>
                <span target="#t2253" pos="PRO:IND" lemma="tout" corresp="#noTS"/>
                <span target="#t2254" pos="NOM" lemma="façon" corresp="dictionnaire_TLFiCategoriesTEI#l29843"/>
                <span target="#t2255" pos="PRP" lemma="dans" corresp="#noTS"/>
                <span target="#t2256" pos="DET:ART" lemma="un" corresp="#noTS"/>
                <span target="#t2257" pos="NOM" lemma="énoncé" corresp="dictionnaire_TLFiCategoriesTEI#l27509"/>
                <span target="#t2258" pos="ADV" lemma="uniquement" corresp="dictionnaire_TLFiCategoriesTEI#l78573"/>
                <span target="#t2259" pos="ADJ" lemma="reformulatif" corresp="#noTS"/>
                <span target="#t2260" pos="PRO:PER" lemma="nous" corresp="#noTS"/>
                <span target="#t2261" pos="VER:pres" lemma="venir" corresp="dictionnaire_TLFiCategoriesTEI#l79477"/>
                <span target="#t2262" pos="PRP" lemma="de" corresp="#noTS"/>
                <span target="#t2263" pos="VER:infi" lemma="voir" corresp="dictionnaire_TLFiCategoriesTEI#l80514"/>
                <span target="#t2264" pos="KON" lemma="que" corresp="#noTS"/>
                <span target="#t2265" pos="PRO:IND" lemma="certain" corresp="#noTS"/>
                <span target="#t2266" pos="NOM" lemma="énoncé" corresp="dictionnaire_TLFiCategoriesTEI#l27509"/>
                <span target="#t2267" pos="VER:pper" lemma="articuler" corresp="dictionnaire_TLFiCategoriesTEI#l6906"/>
                <span target="#t2268" pos="PRP" lemma="par" corresp="#noTS"/>
                <span target="#t2269" pos="DET:ART" lemma="le" corresp="#noTS"/>
                <span target="#t2270" pos="NOM" lemma="biais" corresp="dictionnaire_TLFiCategoriesTEI#l9999"/>
                <span target="#t2271" pos="PRP" lemma="de" corresp="#noTS"/>
                <span target="#t2272" pos="PRP" lemma="de" corresp="#noTS"/>
                <span target="#t2273" pos="PRO:IND" lemma="tout" corresp="#noTS"/>
                <span target="#t2274" pos="NOM" lemma="façon" corresp="dictionnaire_TLFiCategoriesTEI#l29843"/>
                <span target="#t2275" pos="PRO:PER" lemma="se" corresp="#noTS"/>
                <span target="#t2276" pos="VER:pres" lemma="avérer" corresp="dictionnaire_TLFiCategoriesTEI#l8224"/>
                <span target="#t2277" pos="VER:infi" lemma="être" corresp="dictionnaire_TLFiCategoriesTEI#l29037"/>
                <span target="#t2278" pos="PUN" lemma="," corresp="#noTS"/>
                <span target="#t2279" pos="PRP" lemma="après" corresp="#noTS"/>
                <span target="#t2280" pos="DET:ART" lemma="le" corresp="#noTS"/>
                <span target="#t2281" pos="NOM" lemma="suppression" corresp="dictionnaire_TLFiCategoriesTEI#l72880"/>
                <span target="#t2282" pos="PRP" lemma="de" corresp="#noTS"/>
                <span target="#t2283" pos="PRO:DEM" lemma="ce" corresp="#noTS"/>
                <span target="#t2284" pos="NOM" lemma="mot" corresp="dictionnaire_TLFiCategoriesTEI#l48765"/>
                <span target="#t2285" pos="PRP" lemma="de" corresp="#noTS"/>
                <span target="#t2286" pos="NOM" lemma="discours" corresp="dictionnaire_TLFiCategoriesTEI#l24354"/>
                <span target="#t2287" pos="PUN" lemma="," corresp="#noTS"/>
                <span target="#t2288" pos="PRP:det" lemma="du" corresp="#noTS"/>
                <span target="#t2289" pos="NOM" lemma="énoncé" corresp="dictionnaire_TLFiCategoriesTEI#l27509"/>
                <span target="#t2290" pos="ADV" lemma="initialement" corresp="dictionnaire_TLFiCategoriesTEI#l39946"/>
                <span target="#t2291" pos="ADJ" lemma="argumentatifs" corresp="#noTS"/>
                <span target="#t2292" pos="SENT" lemma="." corresp="#noTS"/>
                <span target="#t2293" pos="DET:ART" lemma="le" corresp="#noTS"/>
                <span target="#t2294" pos="NOM" lemma="présence" corresp="dictionnaire_TLFiCategoriesTEI#l60247"/>
                <span target="#t2295" pos="PRP:det" lemma="du" corresp="#noTS"/>
                <span target="#t2296" pos="NOM" lemma="connecteur" corresp="dictionnaire_TLFiCategoriesTEI#l18427"/>
                <span target="#t2297" pos="ADJ" lemma="reformulatif" corresp="#noTS"/>
                <span target="#t2298" pos="VER:pres" lemma="permettre" corresp="dictionnaire_TLFiCategoriesTEI#l55970"/>
                <span target="#t2299" pos="PUN" lemma="," corresp="#noTS"/>
                <span target="#t2300" pos="ADV" lemma="donc" corresp="#noTS"/>
                <span target="#t2301" pos="PUN" lemma="," corresp="#noTS"/>
                <span target="#t2302" pos="PRP" lemma="de" corresp="#noTS"/>
                <span target="#t2303" pos="VER:infi" lemma="donner" corresp="dictionnaire_TLFiCategoriesTEI#l24800"/>
                <span target="#t2304" pos="DET:ART" lemma="un" corresp="#noTS"/>
                <span target="#t2305" pos="ADJ" lemma="nouveau" corresp="dictionnaire_TLFiCategoriesTEI#l51087"/>
                <span target="#t2306" pos="NOM" lemma="interprétation" corresp="dictionnaire_TLFiCategoriesTEI#l40586"/>
                <span target="#t2307" pos="PRP" lemma="à" corresp="#noTS"/>
                <span target="#t2308" pos="DET:ART" lemma="le" corresp="#noTS"/>
                <span target="#t2309" pos="NOM" lemma="proposition" corresp="dictionnaire_TLFiCategoriesTEI#l60947"/>
                <span target="#t2310" pos="ADJ" lemma="r" corresp="dictionnaire_TLFiCategoriesTEI#l62459"/>
                <span target="#t2311" pos="SENT" lemma="." corresp="#noTS"/>
                <span target="#t2312" pos="PRP" lemma="de" corresp="#noTS"/>
                <span target="#t2313" pos="PRO:DEM" lemma="ce" corresp="#noTS"/>
                <span target="#t2314" pos="NOM" lemma="fait" corresp="dictionnaire_TLFiCategoriesTEI#l29942"/>
                <span target="#t2315" pos="PUN" lemma="," corresp="#noTS"/>
                <span target="#t2316" pos="DET:ART" lemma="le" corresp="#noTS"/>
                <span target="#t2317" pos="NOM" lemma="visée" corresp="dictionnaire_TLFiCategoriesTEI#l80333"/>
                <span target="#t2318" pos="ADJ" lemma="intentionnel" corresp="dictionnaire_TLFiCategoriesTEI#l3230"/>
                <span target="#t2319" pos="ADJ" lemma="global" corresp="dictionnaire_TLFiCategoriesTEI#l33944"/>
                <span target="#t2320" pos="PRP" lemma="de" corresp="#noTS"/>
                <span target="#t2321" pos="DET:ART" lemma="le" corresp="#noTS"/>
                <span target="#t2322" pos="NOM" lemma="énoncé" corresp="dictionnaire_TLFiCategoriesTEI#l27509"/>
                <span target="#t2323" pos="ADV" lemma="ne" corresp="#noTS"/>
                <span target="#t2324" pos="VER:pres" lemma="être" corresp="dictionnaire_TLFiCategoriesTEI#l29037"/>
                <span target="#t2325" pos="ADV" lemma="plus" corresp="DicoWiktionaryCategoriesTEI#l6378 #l6379 #l6380"/>
                <span target="#t2326" pos="ADJ" lemma="argumentative" corresp="#noTS"/>
                <span target="#t2327" pos="PUN" lemma="," corresp="#noTS"/>
                <span target="#t2328" pos="KON" lemma="mais" corresp="#noTS"/>
                <span target="#t2329" pos="ADV" lemma="plutôt" corresp="dictionnaire_TLFiCategoriesTEI#l58374"/>
                <span target="#t2330" pos="ADJ" lemma="reformulative" corresp="#noTS"/>
                <span target="#t2331" pos="SENT" lemma="." corresp="#noTS"/>
                <span target="#t2332" pos="PRO:PER" lemma="il" corresp="#noTS"/>
                <span target="#t2333" pos="VER:pres" lemma="apparaître" corresp="dictionnaire_TLFiCategoriesTEI#l232"/>
                <span target="#t2334" pos="PUN" lemma="," corresp="#noTS"/>
                <span target="#t2335" pos="ADV" lemma="cependant" corresp="dictionnaire_TLFiCategoriesTEI#l14595"/>
                <span target="#t2336" pos="PUN" lemma="," corresp="#noTS"/>
                <span target="#t2337" pos="KON" lemma="que" corresp="#noTS"/>
                <span target="#t2338" pos="PRP" lemma="dans" corresp="#noTS"/>
                <span target="#t2339" pos="PRP" lemma="de" corresp="#noTS"/>
                <span target="#t2340" pos="ADJ" lemma="autre" corresp="dictionnaire_TLFiCategoriesTEI#l7449"/>
                <span target="#t2341" pos="NOM" lemma="séquence" corresp="dictionnaire_TLFiCategoriesTEI#l69269"/>
                <span target="#t2342" pos="PRP:det" lemma="du" corresp="#noTS"/>
                <span target="#t2343" pos="NOM" lemma="type" corresp="dictionnaire_TLFiCategoriesTEI#l78232"/>
                <span target="#t2344" pos="PUN:cit" lemma="«" corresp="#noTS"/>
                <span target="#t2345" pos="NOM" lemma="p" corresp="dictionnaire_TLFiCategoriesTEI#l53378"/>
                <span target="#t2346" pos="PUN" lemma="," corresp="#noTS"/>
                <span target="#t2347" pos="PRP" lemma="de" corresp="#noTS"/>
                <span target="#t2348" pos="PRO:IND" lemma="tout" corresp="#noTS"/>
                <span target="#t2349" pos="NOM" lemma="façon" corresp="dictionnaire_TLFiCategoriesTEI#l29843"/>
                <span target="#t2350" pos="PUN" lemma="," corresp="#noTS"/>
                <span target="#t2351" pos="NOM" lemma="r" corresp="dictionnaire_TLFiCategoriesTEI#l62459"/>
                <span target="#t2352" pos="PUN:cit" lemma="»" corresp="#noTS"/>
                <span target="#t2353" pos="PUN" lemma="," corresp="#noTS"/>
                <span target="#t2354" pos="DET:ART" lemma="le" corresp="#noTS"/>
                <span target="#t2355" pos="ADJ" lemma="seul" corresp="dictionnaire_TLFiCategoriesTEI#l69542"/>
                <span target="#t2356" pos="NOM" lemma="signification" corresp="dictionnaire_TLFiCategoriesTEI#l69784"/>
                <span target="#t2357" pos="ADJ" lemma="envisageable" corresp="dictionnaire_TLFiCategoriesTEI#l27888"/>
                <span target="#t2358" pos="VER:pres" lemma="être" corresp="dictionnaire_TLFiCategoriesTEI#l29037"/>
                <span target="#t2359" pos="PRO:DEM" lemma="celui" corresp="#noTS"/>
                <span target="#t2360" pos="PRP" lemma="de" corresp="#noTS"/>
                <span target="#t2361" pos="DET:ART" lemma="le" corresp="#noTS"/>
                <span target="#t2362" pos="NOM" lemma="reformulation" corresp="dictionnaire_TLFiCategoriesTEI#l64422"/>
                <span target="#t2363" pos="SENT" lemma="." corresp="#noTS"/>
                <span target="#t2364" pos="PRP" lemma="dans" corresp="#noTS"/>
                <span target="#t2365" pos="PRO:DEM" lemma="ce" corresp="#noTS"/>
                <span target="#t2366" pos="NOM" lemma="cas" corresp="dictionnaire_TLFiCategoriesTEI#l14011"/>
                <span target="#t2367" pos="PRP" lemma="de" corresp="#noTS"/>
                <span target="#t2368" pos="NOM" lemma="figure" corresp="dictionnaire_TLFiCategoriesTEI#l30808"/>
                <span target="#t2369" pos="PUN" lemma="," corresp="#noTS"/>
                <span target="#t2370" pos="DET:ART" lemma="le" corresp="#noTS"/>
                <span target="#t2371" pos="NOM" lemma="présence" corresp="dictionnaire_TLFiCategoriesTEI#l60247"/>
                <span target="#t2372" pos="PRP" lemma="de" corresp="#noTS"/>
                <span target="#t2373" pos="PRP" lemma="de" corresp="#noTS"/>
                <span target="#t2374" pos="PRO:IND" lemma="tout" corresp="#noTS"/>
                <span target="#t2375" pos="NOM" lemma="façon" corresp="dictionnaire_TLFiCategoriesTEI#l29843"/>
                <span target="#t2376" pos="VER:pres" lemma="être" corresp="dictionnaire_TLFiCategoriesTEI#l29037"/>
                <span target="#t2377" pos="ADJ" lemma="indispensable" corresp="dictionnaire_TLFiCategoriesTEI#l39412"/>
                <span target="#t2378" pos="PRP" lemma="à" corresp="#noTS"/>
                <span target="#t2379" pos="DET:ART" lemma="le" corresp="#noTS"/>
                <span target="#t2380" pos="NOM" lemma="acceptabilité" corresp="dictionnaire_TLFiCategoriesTEI#l1288"/>
                <span target="#t2381" pos="PRP" lemma="de" corresp="#noTS"/>
                <span target="#t2382" pos="DET:ART" lemma="le" corresp="#noTS"/>
                <span target="#t2383" pos="NOM" lemma="énoncé" corresp="dictionnaire_TLFiCategoriesTEI#l27509"/>
                <span target="#t2384" pos="SENT" lemma="." corresp="#noTS"/>
                <span target="#t2385" pos="NUM" lemma="2-2-1" corresp="#noTS"/>
                <span target="#t2386" pos="SENT" lemma="." corresp="#noTS"/>
                <span target="#t2387" pos="NOM" lemma="effet" corresp="dictionnaire_TLFiCategoriesTEI#l25971"/>
                <span target="#t2388" pos="PRP" lemma="de" corresp="#noTS"/>
                <span target="#t2389" pos="NOM" lemma="sens" corresp="dictionnaire_TLFiCategoriesTEI#l69148"/>
                <span target="#t2390" pos="PRP" lemma="de" corresp="#noTS"/>
                <span target="#t2391" pos="PRO:IND" lemma="tout" corresp="#noTS"/>
                <span target="#t2392" pos="NOM" lemma="façon" corresp="dictionnaire_TLFiCategoriesTEI#l29843"/>
                <span target="#t2393" pos="VER:pres" lemma="introduire"
                      corresp="dictionnaire_TLFiCategoriesTEI#l40732"/>
                <span target="#t2394" pos="ADV" lemma="toujours" corresp="DicoWiktionaryCategoriesTEI#l1116"/>
                <span target="#t2395" pos="DET:ART" lemma="un" corresp="#noTS"/>
                <span target="#t2396" pos="NOM" lemma="réinterprétation" corresp="DicoWiktionaryCategoriesTEI#l175575"/>
                <span target="#t2397" pos="PRP" lemma="de" corresp="#noTS"/>
                <span target="#t2398" pos="DET:ART" lemma="le" corresp="#noTS"/>
                <span target="#t2399" pos="NOM" lemma="acte" corresp="dictionnaire_TLFiCategoriesTEI#l968"/>
                <span target="#t2400" pos="ADJ" lemma="discursif" corresp="dictionnaire_TLFiCategoriesTEI#l24374"/>
                <span target="#t2401" pos="PRP" lemma="sur" corresp="#noTS"/>
                <span target="#t2402" pos="PRO:REL" lemma="lequel" corresp="#noTS"/>
                <span target="#t2403" pos="PRO:PER" lemma="il" corresp="#noTS"/>
                <span target="#t2404" pos="VER:pres" lemma="enchaîner" corresp="dictionnaire_TLFiCategoriesTEI#l27074"/>
                <span target="#t2405" pos="PUN" lemma="," corresp="#noTS"/>
                <span target="#t2406" pos="VER:ppre" lemma="imposer" corresp="dictionnaire_TLFiCategoriesTEI#l38609"/>
                <span target="#t2407" pos="PRP" lemma="de" corresp="#noTS"/>
                <span target="#t2408" pos="DET:ART" lemma="le" corresp="#noTS"/>
                <span target="#t2409" pos="NOM" lemma="sorte" corresp="dictionnaire_TLFiCategoriesTEI#l70678"/>
                <span target="#t2410" pos="DET:ART" lemma="un" corresp="#noTS"/>
                <span target="#t2411" pos="ADJ" lemma="nouveau" corresp="dictionnaire_TLFiCategoriesTEI#l51087"/>
                <span target="#t2412" pos="NOM" lemma="point" corresp="dictionnaire_TLFiCategoriesTEI#l58621"/>
                <span target="#t2413" pos="PRP" lemma="de" corresp="#noTS"/>
                <span target="#t2414" pos="NOM" lemma="vue" corresp="dictionnaire_TLFiCategoriesTEI#l80517"/>
                <span target="#t2415" pos="SENT" lemma="." corresp="#noTS"/>
                <span target="#t2416" pos="DET:ART" lemma="le" corresp="#noTS"/>
                <span target="#t2417" pos="NOM" lemma="invalidation" corresp="dictionnaire_TLFiCategoriesTEI#l40785"/>
                <span target="#t2418" pos="PRP:det" lemma="du" corresp="#noTS"/>
                <span target="#t2419" pos="NUM" lemma="premier" corresp="#noTS"/>
                <span target="#t2420" pos="NOM" lemma="acte" corresp="dictionnaire_TLFiCategoriesTEI#l968"/>
                <span target="#t2421" pos="ADJ" lemma="discursif" corresp="dictionnaire_TLFiCategoriesTEI#l24374"/>
                <span target="#t2422" pos="PRP" lemma="dans" corresp="#noTS"/>
                <span target="#t2423" pos="DET:ART" lemma="un" corresp="#noTS"/>
                <span target="#t2424" pos="NOM" lemma="énoncé" corresp="dictionnaire_TLFiCategoriesTEI#l27509"/>
                <span target="#t2425" pos="ADV" lemma="uniquement" corresp="dictionnaire_TLFiCategoriesTEI#l78573"/>
                <span target="#t2426" pos="ADJ" lemma="reformulatif" corresp="#noTS"/>
                <span target="#t2427" pos="VER:pres" lemma="pouvoir" corresp="dictionnaire_TLFiCategoriesTEI#l59664"/>
                <span target="#t2428" pos="PRO:PER" lemma="se" corresp="#noTS"/>
                <span target="#t2429" pos="VER:infi" lemma="effectuer" corresp="dictionnaire_TLFiCategoriesTEI#l25959"/>
                <span target="#t2430" pos="PRP" lemma="suivant" corresp="#noTS"/>
                <span target="#t2431" pos="PRP:det" lemma="du" corresp="#noTS"/>
                <span target="#t2432" pos="NOM" lemma="raisonnement" corresp="dictionnaire_TLFiCategoriesTEI#l63023"/>
                <span target="#t2433" pos="ADJ" lemma="différent" corresp="dictionnaire_TLFiCategoriesTEI#l24077"/>
                <span target="#t2434" pos="SENT" lemma="." corresp="#noTS"/>
                <span target="#t2435" pos="PRP" lemma="en" corresp="#noTS"/>
                <span target="#t2436" pos="NOM" lemma="effet" corresp="dictionnaire_TLFiCategoriesTEI#l25971"/>
                <span target="#t2437" pos="PUN" lemma="," corresp="#noTS"/>
                <span target="#t2438" pos="DET:ART" lemma="le" corresp="#noTS"/>
                <span target="#t2439" pos="NOM" lemma="mise" corresp="dictionnaire_TLFiCategoriesTEI#l47828"/>
                <span target="#t2440" pos="PRP" lemma="en" corresp="#noTS"/>
                <span target="#t2441" pos="NOM" lemma="cause" corresp="dictionnaire_TLFiCategoriesTEI#l14293"/>
                <span target="#t2442" pos="PRP" lemma="de" corresp="#noTS"/>
                <span target="#t2443" pos="DET:ART" lemma="le" corresp="#noTS"/>
                <span target="#t2444" pos="NOM" lemma="pertinence" corresp="dictionnaire_TLFiCategoriesTEI#l56124"/>
                <span target="#t2445" pos="PRP" lemma="de" corresp="#noTS"/>
                <span target="#t2446" pos="DET:ART" lemma="le" corresp="#noTS"/>
                <span target="#t2447" pos="NOM" lemma="énonciation" corresp="dictionnaire_TLFiCategoriesTEI#l27514"/>
                <span target="#t2448" pos="PRP" lemma="de" corresp="#noTS"/>
                <span target="#t2449" pos="NOM" lemma="p" corresp="dictionnaire_TLFiCategoriesTEI#l53378"/>
                <span target="#t2450" pos="PRP" lemma="dans" corresp="#noTS"/>
                <span target="#t2451" pos="PUN:cit" lemma="«" corresp="#noTS"/>
                <span target="#t2452" pos="NOM" lemma="p" corresp="dictionnaire_TLFiCategoriesTEI#l53378"/>
                <span target="#t2453" pos="PUN" lemma="," corresp="#noTS"/>
                <span target="#t2454" pos="PRP" lemma="de" corresp="#noTS"/>
                <span target="#t2455" pos="PRO:IND" lemma="tout" corresp="#noTS"/>
                <span target="#t2456" pos="NOM" lemma="façon" corresp="dictionnaire_TLFiCategoriesTEI#l29843"/>
                <span target="#t2457" pos="ADJ" lemma="r" corresp="dictionnaire_TLFiCategoriesTEI#l62459"/>
                <span target="#t2458" pos="PUN:cit" lemma="»" corresp="#noTS"/>
                <span target="#t2459" pos="VER:pres" lemma="pouvoir" corresp="dictionnaire_TLFiCategoriesTEI#l59664"/>
                <span target="#t2460" pos="VER:infi" lemma="être" corresp="dictionnaire_TLFiCategoriesTEI#l29037"/>
                <span target="#t2461" pos="VER:pper" lemma="engendrer" corresp="dictionnaire_TLFiCategoriesTEI#l27374"/>
                <span target="#t2462" pos="PRP" lemma="par" corresp="#noTS"/>
                <span target="#t2463" pos="PUN" lemma=":" corresp="#noTS"/>
                <span target="#t2464" pos="PUN" lemma="–" corresp="#noTS"/>
                <span target="#t2465" pos="DET:ART" lemma="le" corresp="#noTS"/>
                <span target="#t2466" pos="NOM" lemma="invalidation" corresp="dictionnaire_TLFiCategoriesTEI#l40785"/>
                <span target="#t2467" pos="PRP" lemma="de" corresp="#noTS"/>
                <span target="#t2468" pos="DET:ART" lemma="le" corresp="#noTS"/>
                <span target="#t2469" pos="NOM" lemma="implicitation" corresp="#noTS"/>
                <span target="#t2470" pos="PRP" lemma="de" corresp="#noTS"/>
                <span target="#t2471" pos="NOM" lemma="p" corresp="dictionnaire_TLFiCategoriesTEI#l53378"/>
                <span target="#t2472" pos="SENT" lemma="." corresp="#noTS"/>
                <span target="#t2473" pos="PUN" lemma="–" corresp="#noTS"/>
                <span target="#t2474" pos="DET:ART" lemma="le" corresp="#noTS"/>
                <span target="#t2475" pos="NOM" lemma="invalidation" corresp="dictionnaire_TLFiCategoriesTEI#l40785"/>
                <span target="#t2476" pos="PRP" lemma="de" corresp="#noTS"/>
                <span target="#t2477" pos="DET:ART" lemma="le" corresp="#noTS"/>
                <span target="#t2478" pos="NOM" lemma="acte" corresp="dictionnaire_TLFiCategoriesTEI#l968"/>
                <span target="#t2479" pos="ADJ" lemma="illocutoire" corresp="dictionnaire_TLFiCategoriesTEI#l38172"/>
                <span target="#t2480" pos="PRP" lemma="de" corresp="#noTS"/>
                <span target="#t2481" pos="NOM" lemma="p" corresp="dictionnaire_TLFiCategoriesTEI#l53378"/>
                <span target="#t2482" pos="SENT" lemma="." corresp="#noTS"/>
                <span target="#t2483" pos="PUN" lemma="–" corresp="#noTS"/>
                <span target="#t2484" pos="DET:ART" lemma="le" corresp="#noTS"/>
                <span target="#t2485" pos="NOM" lemma="invalidation" corresp="dictionnaire_TLFiCategoriesTEI#l40785"/>
                <span target="#t2486" pos="PRP:det" lemma="du" corresp="#noTS"/>
                <span target="#t2487" pos="NOM" lemma="contenu" corresp="dictionnaire_TLFiCategoriesTEI#l18676"/>
                <span target="#t2488" pos="ADJ" lemma="propositionnel" corresp="dictionnaire_TLFiCategoriesTEI#l60948"/>
                <span target="#t2489" pos="PRP" lemma="de" corresp="#noTS"/>
                <span target="#t2490" pos="NOM" lemma="p" corresp="dictionnaire_TLFiCategoriesTEI#l53378"/>
                <span target="#t2491" pos="SENT" lemma="." corresp="#noTS"/>
                <span target="#t2492" pos="NUM" lemma="2-2-1-1" corresp="#noTS"/>
                <span target="#t2493" pos="SENT" lemma="." corresp="#noTS"/>
                <span target="#t2494" pos="DET:ART" lemma="le" corresp="#noTS"/>
                <span target="#t2495" pos="NOM" lemma="reformulation" corresp="dictionnaire_TLFiCategoriesTEI#l64422"/>
                <span target="#t2496" pos="PUN" lemma=":" corresp="#noTS"/>
                <span target="#t2497" pos="DET:ART" lemma="un" corresp="#noTS"/>
                <span target="#t2498" pos="NOM" lemma="invalidation" corresp="dictionnaire_TLFiCategoriesTEI#l40785"/>
                <span target="#t2499" pos="PRP" lemma="de" corresp="#noTS"/>
                <span target="#t2500" pos="DET:ART" lemma="le" corresp="#noTS"/>
                <span target="#t2501" pos="NOM" lemma="implicitation" corresp="#noTS"/>
                <span target="#t2502" pos="PRP" lemma="de" corresp="#noTS"/>
                <span target="#t2503" pos="NOM" lemma="p" corresp="dictionnaire_TLFiCategoriesTEI#l53378"/>
                <span target="#t2504" pos="DET:ART" lemma="le" corresp="#noTS"/>
                <span target="#t2505" pos="NOM" lemma="implicitation" corresp="#noTS"/>
                <span target="#t2506" pos="VER:pres" lemma="désigner" corresp="dictionnaire_TLFiCategoriesTEI#l23431"/>
                <span target="#t2507" pos="PUN:cit" lemma="«" corresp="#noTS"/>
                <span target="#t2508" pos="PRO:IND" lemma="tout" corresp="#noTS"/>
                <span target="#t2509" pos="DET:ART" lemma="le" corresp="#noTS"/>
                <span target="#t2510" pos="NOM" lemma="proposition" corresp="dictionnaire_TLFiCategoriesTEI#l60947"/>
                <span target="#t2511" pos="PRO:REL" lemma="que" corresp="#noTS"/>
                <span target="#t2512" pos="DET:ART" lemma="le" corresp="#noTS"/>
                <span target="#t2513" pos="PRO:PER" lemma="on" corresp="#noTS"/>
                <span target="#t2514" pos="VER:pres" lemma="pouvoir" corresp="dictionnaire_TLFiCategoriesTEI#l59664"/>
                <span target="#t2515" pos="VER:infi" lemma="tirer" corresp="dictionnaire_TLFiCategoriesTEI#l75998"/>
                <span target="#t2516" pos="PRP" lemma="de" corresp="#noTS"/>
                <span target="#t2517" pos="DET:ART" lemma="le" corresp="#noTS"/>
                <span target="#t2518" pos="NOM" lemma="interprétation" corresp="dictionnaire_TLFiCategoriesTEI#l40586"/>
                <span target="#t2519" pos="PRP" lemma="de" corresp="#noTS"/>
                <span target="#t2520" pos="DET:ART" lemma="un" corresp="#noTS"/>
                <span target="#t2521" pos="NOM" lemma="énoncé" corresp="dictionnaire_TLFiCategoriesTEI#l27509"/>
                <span target="#t2522" pos="PUN:cit" lemma="»" corresp="#noTS"/>
                <span target="#t2523" pos="KON" lemma="et" corresp="#noTS"/>
                <span target="#t2524" pos="ADV" lemma="non" corresp="DicoWiktionaryCategoriesTEI#l819"/>
                <span target="#t2525" pos="PUN:cit" lemma="«" corresp="#noTS"/>
                <span target="#t2526" pos="DET:ART" lemma="un" corresp="#noTS"/>
                <span target="#t2527" pos="ADJ" lemma="simple" corresp="dictionnaire_TLFiCategoriesTEI#l69904"/>
                <span target="#t2528" pos="NOM" lemma="enrichissement" corresp="dictionnaire_TLFiCategoriesTEI#l27558"/>
                <span target="#t2529" pos="PRP" lemma="de" corresp="#noTS"/>
                <span target="#t2530" pos="DET:ART" lemma="le" corresp="#noTS"/>
                <span target="#t2531" pos="NOM" lemma="forme" corresp="dictionnaire_TLFiCategoriesTEI#l31561"/>
                <span target="#t2532" pos="ADJ" lemma="logique" corresp="dictionnaire_TLFiCategoriesTEI#l43947"/>
                <span target="#t2533" pos="PUN" lemma="[" corresp="#noTS"/>
                <span target="#t2534" pos="PRP" lemma="de" corresp="#noTS"/>
                <span target="#t2535" pos="PRO:DEM" lemma="ce" corresp="#noTS"/>
                <span target="#t2536" pos="ADJ" lemma="dernier" corresp="dictionnaire_TLFiCategoriesTEI#l23197"/>
                <span target="#t2537" pos="PUN" lemma="]" corresp="#noTS"/>
                <span target="#t2538" pos="PUN:cit" lemma="»" corresp="#noTS"/>
                <span target="#t2539" pos="SENT" lemma="." corresp="#noTS"/>
                <span target="#t2540" pos="PRO:PER" lemma="en" corresp="#noTS"/>
                <span target="#t2541" pos="VER:futu" lemma="e" corresp="dictionnaire_TLFiCategoriesTEI#l25334"/>
                <span target="#t2542" pos="NUM" lemma="4" corresp="#noTS"/>
                <span target="#t2543" pos="PUN" lemma="," corresp="#noTS"/>
                <span target="#t2544" pos="DET:ART" lemma="le" corresp="#noTS"/>
                <span target="#t2545" pos="NOM" lemma="intervention" corresp="dictionnaire_TLFiCategoriesTEI#l40636"/>
                <span target="#t2546" pos="PRP:det" lemma="du" corresp="#noTS"/>
                <span target="#t2547" pos="NOM" lemma="connecteur" corresp="dictionnaire_TLFiCategoriesTEI#l18427"/>
                <span target="#t2548" pos="PRP" lemma="de" corresp="#noTS"/>
                <span target="#t2549" pos="PRO:IND" lemma="tout" corresp="#noTS"/>
                <span target="#t2550" pos="NOM" lemma="façon" corresp="dictionnaire_TLFiCategoriesTEI#l29843"/>
                <span target="#t2551" pos="VER:pres" lemma="entraîner" corresp="dictionnaire_TLFiCategoriesTEI#l27722"/>
                <span target="#t2552" pos="DET:ART" lemma="le" corresp="#noTS"/>
                <span target="#t2553" pos="NOM" lemma="invalidation" corresp="dictionnaire_TLFiCategoriesTEI#l40785"/>
                <span target="#t2554" pos="PRP" lemma="de" corresp="#noTS"/>
                <span target="#t2555" pos="PRO:DEM" lemma="ce" corresp="#noTS"/>
                <span target="#t2556" pos="NOM" lemma="composante" corresp="dictionnaire_TLFiCategoriesTEI#l17950"/>
                <span target="#t2557" pos="PUN" lemma=":" corresp="#noTS"/>
                <span target="#t2558" pos="VER:pper" lemma="e" corresp="dictionnaire_TLFiCategoriesTEI#l25334"/>
                <span target="#t2559" pos="NUM" lemma="4" corresp="#noTS"/>
                <span target="#t2560" pos="PUN" lemma="(" corresp="#noTS"/>
                <span target="#t2561" pos="VER:pper" lemma="extraire" corresp="dictionnaire_TLFiCategoriesTEI#l29743"/>
                <span target="#t2562" pos="PRP" lemma="de" corresp="#noTS"/>
                <span target="#t2563" pos="DET:ART" lemma="le" corresp="#noTS"/>
                <span target="#t2564" pos="NOM" lemma="émission" corresp="dictionnaire_TLFiCategoriesTEI#l26672"/>
                <span target="#t2565" pos="ADJ" lemma="légal" corresp="dictionnaire_TLFiCategoriesTEI#l42958"/>
                <span target="#t2566" pos="KON" lemma="ou" corresp="#noTS"/>
                <span target="#t2567" pos="ADV" lemma="pas" corresp="dictionnaire_TLFiCategoriesTEI#l54617"/>
                <span target="#t2568" pos="ADJ" lemma="légal" corresp="dictionnaire_TLFiCategoriesTEI#l42958"/>
                <span target="#t2569" pos="PUN" lemma="," corresp="#noTS"/>
                <span target="#t2570" pos="DET:ART" lemma="le" corresp="#noTS"/>
                <span target="#t2571" pos="NUM" lemma="5" corresp="#noTS"/>
                <span target="#t2572" pos="PUN" lemma="," corresp="#noTS"/>
                <span target="#t2573" pos="DET:ART" lemma="le" corresp="#noTS"/>
                <span target="#t2574" pos="NUM" lemma="06-08-2000" corresp="#noTS"/>
                <span target="#t2575" pos="PUN" lemma=")" corresp="#noTS"/>
                <span target="#t2576" pos="PUN" lemma=":" corresp="#noTS"/>
                <span target="#t2577" pos="PUN" lemma="–" corresp="#noTS"/>
                <span target="#t2578" pos="PUN" lemma="(" corresp="#noTS"/>
                <span target="#t2579" pos="NOM" lemma="l1" corresp="#noTS"/>
                <span target="#t2580" pos="PUN" lemma=")" corresp="#noTS"/>
                <span target="#t2581" pos="DET:ART" lemma="le" corresp="#noTS"/>
                <span target="#t2582" pos="NOM" lemma="animateur" corresp="dictionnaire_TLFiCategoriesTEI#l5072"/>
                <span target="#t2583" pos="PRO:PER" lemma="se" corresp="#noTS"/>
                <span target="#t2584" pos="VER:ppre" lemma="adresser" corresp="dictionnaire_TLFiCategoriesTEI#l1746"/>
                <span target="#t2585" pos="PRP:det" lemma="au" corresp="#noTS"/>
                <span target="#t2586" pos="NOM" lemma="candidat" corresp="dictionnaire_TLFiCategoriesTEI#l13278"/>
                <span target="#t2587" pos="VER:pper" lemma="éliminer" corresp="dictionnaire_TLFiCategoriesTEI#l26340"/>
                <span target="#t2588" pos="PUN" lemma=":" corresp="#noTS"/>
                <span target="#t2589" pos="PUN:cit" lemma="«" corresp="#noTS"/>
                <span target="#t2590" pos="INT" lemma="eh" corresp="#noTS"/>
                <span target="#t2591" pos="ADV" lemma="ben" corresp="dictionnaire_TLFiCategoriesTEI#l9742"/>
                <span target="#t2592" pos="ADV" lemma="voilà" corresp="DicoWiktionaryCategoriesTEI#l78902"/>
                <span target="#t2593" pos="PUN" lemma="," corresp="#noTS"/>
                <span target="#t2594" pos="NOM" lemma="fin" corresp="dictionnaire_TLFiCategoriesTEI#l30908"/>
                <span target="#t2595" pos="PRP" lemma="de" corresp="#noTS"/>
                <span target="#t2596" pos="DET:ART" lemma="le" corresp="#noTS"/>
                <span target="#t2597" pos="NUM" lemma="premier" corresp="#noTS"/>
                <span target="#t2598" pos="NOM" lemma="étape" corresp="dictionnaire_TLFiCategoriesTEI#l28884"/>
                <span target="#t2599" pos="SENT" lemma="." corresp="#noTS"/>
                <span target="#t2600" pos="KON" lemma="et" corresp="#noTS"/>
                <span target="#t2601" pos="PRP" lemma="à" corresp="#noTS"/>
                <span target="#t2602" pos="DET:ART" lemma="le" corresp="#noTS"/>
                <span target="#t2603" pos="NOM" lemma="fin" corresp="dictionnaire_TLFiCategoriesTEI#l30908"/>
                <span target="#t2604" pos="PRP" lemma="de" corresp="#noTS"/>
                <span target="#t2605" pos="PRO:DEM" lemma="ce" corresp="#noTS"/>
                <span target="#t2606" pos="NUM" lemma="premier" corresp="#noTS"/>
                <span target="#t2607" pos="NOM" lemma="étape" corresp="dictionnaire_TLFiCategoriesTEI#l28884"/>
                <span target="#t2608" pos="PUN" lemma="," corresp="#noTS"/>
                <span target="#t2609" pos="PRO:IND" lemma="quelqu'un" corresp="#noTS"/>
                <span target="#t2610" pos="VER:pres" lemma="devoir" corresp="dictionnaire_TLFiCategoriesTEI#l23820"/>
                <span target="#t2611" pos="VER:infi" lemma="partir" corresp="dictionnaire_TLFiCategoriesTEI#l54588"/>
                <span target="#t2612" pos="SENT" lemma="." corresp="#noTS"/>
                <span target="#t2613" pos="INT" lemma="eh" corresp="#noTS"/>
                <span target="#t2614" pos="ADV" lemma="ben" corresp="dictionnaire_TLFiCategoriesTEI#l9742"/>
                <span target="#t2615" pos="PUN" lemma="," corresp="#noTS"/>
                <span target="#t2616" pos="PRP" lemma="après" corresp="#noTS"/>
                <span target="#t2617" pos="NOM" lemma="michael" corresp="#noTS"/>
                <span target="#t2618" pos="PRO:DEM" lemma="ce" corresp="#noTS"/>
                <span target="#t2619" pos="VER:pres" lemma="être" corresp="dictionnaire_TLFiCategoriesTEI#l29037"/>
                <span target="#t2620" pos="DET:ART" lemma="le" corresp="#noTS"/>
                <span target="#t2621" pos="NOM" lemma="retour" corresp="dictionnaire_TLFiCategoriesTEI#l65743"/>
                <span target="#t2622" pos="PUN" lemma="," corresp="#noTS"/>
                <span target="#t2623" pos="PRO:DEM" lemma="cela" corresp="#noTS"/>
                <span target="#t2624" pos="VER:pres" lemma="aller" corresp="dictionnaire_TLFiCategoriesTEI#l3686"/>
                <span target="#t2625" pos="VER:infi" lemma="être" corresp="dictionnaire_TLFiCategoriesTEI#l29037"/>
                <span target="#t2626" pos="NOM" lemma="michael" corresp="#noTS"/>
                <span target="#t2627" pos="PRO:DEM" lemma="ce" corresp="#noTS"/>
                <span target="#t2628" pos="VER:pres" lemma="être" corresp="dictionnaire_TLFiCategoriesTEI#l29037"/>
                <span target="#t2629" pos="DET:ART" lemma="le" corresp="#noTS"/>
                <span target="#t2630" pos="NOM" lemma="départ" corresp="dictionnaire_TLFiCategoriesTEI#l22898"/>
                <span target="#t2631" pos="SENT" lemma="." corresp="#noTS"/>
                <span target="#t2632" pos="PRP" lemma="sans" corresp="#noTS"/>
                <span target="#t2633" pos="NOM" lemma="regret" corresp="dictionnaire_TLFiCategoriesTEI#l64595"/>
                <span target="#t2634" pos="SENT" lemma="" corresp="#noTS"/>
                <span target="#t2635" pos="PUN:cit" lemma="»" corresp="#noTS"/>
                <span target="#t2636" pos="PUN" lemma="-" corresp="#noTS"/>
                <span target="#t2637" pos="PUN" lemma="(" corresp="#noTS"/>
                <span target="#t2638" pos="NOM" lemma="l2" corresp="#noTS"/>
                <span target="#t2639" pos="PUN" lemma=")" corresp="#noTS"/>
                <span target="#t2640" pos="DET:ART" lemma="le" corresp="#noTS"/>
                <span target="#t2641" pos="NOM" lemma="candidat" corresp="dictionnaire_TLFiCategoriesTEI#l13278"/>
                <span target="#t2642" pos="PUN" lemma=":" corresp="#noTS"/>
                <span target="#t2643" pos="PUN:cit" lemma="«" corresp="#noTS"/>
                <span target="#t2644" pos="ADV" lemma="non" corresp="DicoWiktionaryCategoriesTEI#l819"/>
                <span target="#t2645" pos="PUN" lemma="," corresp="#noTS"/>
                <span target="#t2646" pos="ADV" lemma="non" corresp="DicoWiktionaryCategoriesTEI#l819"/>
                <span target="#t2647" pos="PUN" lemma="," corresp="#noTS"/>
                <span target="#t2648" pos="PRO:DEM" lemma="ce" corresp="#noTS"/>
                <span target="#t2649" pos="VER:impf" lemma="être" corresp="dictionnaire_TLFiCategoriesTEI#l29037"/>
                <span target="#t2650" pos="ADV" lemma="très" corresp="DicoWiktionaryCategoriesTEI#l2809"/>
                <span target="#t2651" pos="ADV" lemma="bien" corresp="dictionnaire_TLFiCategoriesTEI#l10128"/>
                <span target="#t2652" pos="PUN:cit" lemma="»" corresp="#noTS"/>
                <span target="#t2653" pos="SENT" lemma="." corresp="#noTS"/>
                <span target="#t2654" pos="PUN" lemma="-" corresp="#noTS"/>
                <span target="#t2655" pos="PUN" lemma="(" corresp="#noTS"/>
                <span target="#t2656" pos="NOM" lemma="l1" corresp="#noTS"/>
                <span target="#t2657" pos="PUN" lemma=")" corresp="#noTS"/>
                <span target="#t2658" pos="DET:ART" lemma="le" corresp="#noTS"/>
                <span target="#t2659" pos="NOM" lemma="animateur" corresp="dictionnaire_TLFiCategoriesTEI#l5072"/>
                <span target="#t2660" pos="PUN" lemma=":" corresp="#noTS"/>
                <span target="#t2661" pos="PUN:cit" lemma="«" corresp="#noTS"/>
                <span target="#t2662" pos="ADV" lemma="ben" corresp="dictionnaire_TLFiCategoriesTEI#l9742"/>
                <span target="#t2663" pos="PUN" lemma="," corresp="#noTS"/>
                <span target="#t2664" pos="PRO:PER" lemma="vous" corresp="#noTS"/>
                <span target="#t2665" pos="VER:pres" lemma="rester" corresp="dictionnaire_TLFiCategoriesTEI#l65611"/>
                <span target="#t2666" pos="PRP" lemma="avec" corresp="#noTS"/>
                <span target="#t2667" pos="PRO:PER" lemma="nous" corresp="#noTS"/>
                <span target="#t2668" pos="PUN" lemma="," corresp="#noTS"/>
                <span target="#t2669" pos="PRP" lemma="de" corresp="#noTS"/>
                <span target="#t2670" pos="PRO:IND" lemma="tout" corresp="#noTS"/>
                <span target="#t2671" pos="NOM" lemma="façon" corresp="dictionnaire_TLFiCategoriesTEI#l29843"/>
                <span target="#t2672" pos="PUN" lemma="(" corresp="#noTS"/>
                <span target="#t2673" pos="VER:pper" lemma="r" corresp="dictionnaire_TLFiCategoriesTEI#l62459"/>
                <span target="#t2674" pos="PUN" lemma=")" corresp="#noTS"/>
                <span target="#t2675" pos="SENT" lemma="." corresp="#noTS"/>
                <span target="#t2676" pos="PRO:PER" lemma="je" corresp="#noTS"/>
                <span target="#t2677" pos="PRO:PER" lemma="vous" corresp="#noTS"/>
                <span target="#t2678" pos="VER:pres" lemma="embrasser" corresp="dictionnaire_TLFiCategoriesTEI#l26551"/>
                <span target="#t2679" pos="PUN:cit" lemma="»" corresp="#noTS"/>
                <span target="#t2680" pos="SENT" lemma="." corresp="#noTS"/>
                <span target="#t2681" pos="PRP" lemma="dans" corresp="#noTS"/>
                <span target="#t2682" pos="PRO:DEM" lemma="ce" corresp="#noTS"/>
                <span target="#t2683" pos="NOM" lemma="énoncé" corresp="dictionnaire_TLFiCategoriesTEI#l27509"/>
                <span target="#t2684" pos="PUN" lemma="," corresp="#noTS"/>
                <span target="#t2685" pos="DET:ART" lemma="le" corresp="#noTS"/>
                <span target="#t2686" pos="NOM" lemma="séquence" corresp="dictionnaire_TLFiCategoriesTEI#l69269"/>
                <span target="#t2687" pos="PUN:cit" lemma="«" corresp="#noTS"/>
                <span target="#t2688" pos="VER:simp" lemma="r" corresp="dictionnaire_TLFiCategoriesTEI#l62459"/>
                <span target="#t2689" pos="PUN" lemma="," corresp="#noTS"/>
                <span target="#t2690" pos="PRP" lemma="de" corresp="#noTS"/>
                <span target="#t2691" pos="PRO:IND" lemma="tout" corresp="#noTS"/>
                <span target="#t2692" pos="NOM" lemma="façon" corresp="dictionnaire_TLFiCategoriesTEI#l29843"/>
                <span target="#t2693" pos="PUN:cit" lemma="»" corresp="#noTS"/>
                <span target="#t2694" pos="VER:pres" lemma="enchaîner" corresp="dictionnaire_TLFiCategoriesTEI#l27074"/>
                <span target="#t2695" pos="PRP" lemma="sur" corresp="#noTS"/>
                <span target="#t2696" pos="DET:ART" lemma="le" corresp="#noTS"/>
                <span target="#t2697" pos="NOM" lemma="question" corresp="dictionnaire_TLFiCategoriesTEI#l62301"/>
                <span target="#t2698" pos="VER:pper" lemma="poser" corresp="dictionnaire_TLFiCategoriesTEI#l59303"/>
                <span target="#t2699" pos="PRP" lemma="par" corresp="#noTS"/>
                <span target="#t2700" pos="NOM" lemma="l1" corresp="#noTS"/>
                <span target="#t2701" pos="KON" lemma="ainsi" corresp="#noTS"/>
                <span target="#t2702" pos="KON" lemma="que" corresp="#noTS"/>
                <span target="#t2703" pos="PRP" lemma="sur" corresp="#noTS"/>
                <span target="#t2704" pos="DET:ART" lemma="le" corresp="#noTS"/>
                <span target="#t2705" pos="NOM" lemma="réponse" corresp="dictionnaire_TLFiCategoriesTEI#l65294"/>
                <span target="#t2706" pos="PRP" lemma="de" corresp="#noTS"/>
                <span target="#t2707" pos="NOM" lemma="l2" corresp="#noTS"/>
                <span target="#t2708" pos="SENT" lemma="." corresp="#noTS"/>
                <span target="#t2709" pos="PRO:DEM" lemma="ce" corresp="#noTS"/>
                <span target="#t2710" pos="NUM" lemma="deux" corresp="#noTS"/>
                <span target="#t2711" pos="NOM" lemma="segment" corresp="dictionnaire_TLFiCategoriesTEI#l68872"/>
                <span target="#t2712" pos="VER:pres" lemma="composer" corresp="dictionnaire_TLFiCategoriesTEI#l17952"/>
                <span target="#t2713" pos="DET:ART" lemma="le" corresp="#noTS"/>
                <span target="#t2714" pos="NOM" lemma="acte" corresp="dictionnaire_TLFiCategoriesTEI#l968"/>
                <span target="#t2715" pos="ADJ" lemma="discursif" corresp="dictionnaire_TLFiCategoriesTEI#l24374"/>
                <span target="#t2716" pos="NOM" lemma="p" corresp="dictionnaire_TLFiCategoriesTEI#l53378"/>
                <span target="#t2717" pos="PUN" lemma="," corresp="#noTS"/>
                <span target="#t2718" pos="NOM" lemma="objet" corresp="dictionnaire_TLFiCategoriesTEI#l51346"/>
                <span target="#t2719" pos="PRP" lemma="de" corresp="#noTS"/>
                <span target="#t2720" pos="DET:ART" lemma="le" corresp="#noTS"/>
                <span target="#t2721" pos="NOM" lemma="reformulation" corresp="dictionnaire_TLFiCategoriesTEI#l64422"/>
                <span target="#t2722" pos="SENT" lemma="." corresp="#noTS"/>
                <span target="#t2723" pos="DET:ART" lemma="le" corresp="#noTS"/>
                <span target="#t2724" pos="NOM" lemma="remise" corresp="dictionnaire_TLFiCategoriesTEI#l64871"/>
                <span target="#t2725" pos="PRP" lemma="en" corresp="#noTS"/>
                <span target="#t2726" pos="NOM" lemma="cause" corresp="dictionnaire_TLFiCategoriesTEI#l14293"/>
                <span target="#t2727" pos="PRP" lemma="de" corresp="#noTS"/>
                <span target="#t2728" pos="DET:ART" lemma="le" corresp="#noTS"/>
                <span target="#t2729" pos="NOM" lemma="utilité" corresp="dictionnaire_TLFiCategoriesTEI#l78861"/>
                <span target="#t2730" pos="PRP" lemma="de" corresp="#noTS"/>
                <span target="#t2731" pos="DET:ART" lemma="le" corresp="#noTS"/>
                <span target="#t2732" pos="NOM" lemma="énonciation" corresp="dictionnaire_TLFiCategoriesTEI#l27514"/>
                <span target="#t2733" pos="PRP" lemma="de" corresp="#noTS"/>
                <span target="#t2734" pos="PRO:DEM" lemma="ce" corresp="#noTS"/>
                <span target="#t2735" pos="NOM" lemma="proposition" corresp="dictionnaire_TLFiCategoriesTEI#l60947"/>
                <span target="#t2736" pos="VER:pres" lemma="être" corresp="dictionnaire_TLFiCategoriesTEI#l29037"/>
                <span target="#t2737" pos="VER:pper" lemma="devoir" corresp="dictionnaire_TLFiCategoriesTEI#l23820"/>
                <span target="#t2738" pos="PRP" lemma="à" corresp="#noTS"/>
                <span target="#t2739" pos="DET:ART" lemma="le" corresp="#noTS"/>
                <span target="#t2740" pos="NOM" lemma="annulation" corresp="dictionnaire_TLFiCategoriesTEI#l5153"/>
                <span target="#t2741" pos="PRP" lemma="de" corresp="#noTS"/>
                <span target="#t2742" pos="DET:ART" lemma="le" corresp="#noTS"/>
                <span target="#t2743" pos="NOM" lemma="implicitation" corresp="#noTS"/>
                <span target="#t2744" pos="ADJ" lemma="déductible" corresp="dictionnaire_TLFiCategoriesTEI#l22016"/>
                <span target="#t2745" pos="PRP" lemma="de" corresp="#noTS"/>
                <span target="#t2746" pos="PRO:DEM" lemma="ce" corresp="#noTS"/>
                <span target="#t2747" pos="NOM" lemma="énoncé" corresp="dictionnaire_TLFiCategoriesTEI#l27509"/>
                <span target="#t2748" pos="PUN" lemma="," corresp="#noTS"/>
                <span target="#t2749" pos="PRP" lemma="à" corresp="#noTS"/>
                <span target="#t2750" pos="VER:infi" lemma="savoir" corresp="dictionnaire_TLFiCategoriesTEI#l68248"/>
                <span target="#t2751" pos="PRO:DEM" lemma="celui" corresp="#noTS"/>
                <span target="#t2752" pos="PRO:REL" lemma="qui" corresp="#noTS"/>
                <span target="#t2753" pos="VER:pres" lemma="lier" corresp="dictionnaire_TLFiCategoriesTEI#l43407"/>
                <span target="#t2754" pos="DET:ART" lemma="le" corresp="#noTS"/>
                <span target="#t2755" pos="NOM" lemma="fait" corresp="dictionnaire_TLFiCategoriesTEI#l29942"/>
                <span target="#t2756" pos="PRP" lemma="de" corresp="#noTS"/>
                <span target="#t2757" pos="VER:infi" lemma="avoir" corresp="dictionnaire_TLFiCategoriesTEI#l8314"/>
                <span target="#t2758" pos="PRP:det" lemma="du" corresp="#noTS"/>
                <span target="#t2759" pos="NOM" lemma="regret" corresp="dictionnaire_TLFiCategoriesTEI#l64595"/>
                <span target="#t2760" pos="PRP" lemma="à" corresp="#noTS"/>
                <span target="#t2761" pos="PRO:DEM" lemma="celui" corresp="#noTS"/>
                <span target="#t2762" pos="PRP" lemma="de" corresp="#noTS"/>
                <span target="#t2763" pos="VER:infi" lemma="quitter" corresp="dictionnaire_TLFiCategoriesTEI#l62441"/>
                <span target="#t2764" pos="DET:ART" lemma="le" corresp="#noTS"/>
                <span target="#t2765" pos="NOM" lemma="studio" corresp="dictionnaire_TLFiCategoriesTEI#l72206"/>
                <span target="#t2766" pos="SENT" lemma="." corresp="#noTS"/>
                <span target="#t2767" pos="PRP" lemma="en" corresp="#noTS"/>
                <span target="#t2768" pos="NOM" lemma="effet" corresp="dictionnaire_TLFiCategoriesTEI#l25971"/>
                <span target="#t2769" pos="PUN" lemma="," corresp="#noTS"/>
                <span target="#t2770" pos="DET:ART" lemma="le" corresp="#noTS"/>
                <span target="#t2771" pos="NOM" lemma="animateur" corresp="dictionnaire_TLFiCategoriesTEI#l5072"/>
                <span target="#t2772" pos="ADJ" lemma="précis" corresp="dictionnaire_TLFiCategoriesTEI#l59980"/>
                <span target="#t2773" pos="PRP" lemma="dans" corresp="#noTS"/>
                <span target="#t2774" pos="DET:ART" lemma="le" corresp="#noTS"/>
                <span target="#t2775" pos="NUM" lemma="second" corresp="#noTS"/>
                <span target="#t2776" pos="NOM" lemma="acte" corresp="dictionnaire_TLFiCategoriesTEI#l968"/>
                <span target="#t2777" pos="ADJ" lemma="discursif" corresp="dictionnaire_TLFiCategoriesTEI#l24374"/>
                <span target="#t2778" pos="PUN" lemma="(" corresp="#noTS"/>
                <span target="#t2779" pos="PUN:cit" lemma="«" corresp="#noTS"/>
                <span target="#t2780" pos="PRO:PER" lemma="vous" corresp="#noTS"/>
                <span target="#t2781" pos="VER:pres" lemma="rester" corresp="dictionnaire_TLFiCategoriesTEI#l65611"/>
                <span target="#t2782" pos="PRP" lemma="avec" corresp="#noTS"/>
                <span target="#t2783" pos="PRO:PER" lemma="nous" corresp="#noTS"/>
                <span target="#t2784" pos="PUN:cit" lemma="»" corresp="#noTS"/>
                <span target="#t2785" pos="PUN" lemma=")" corresp="#noTS"/>
                <span target="#t2786" pos="KON" lemma="que" corresp="#noTS"/>
                <span target="#t2787" pos="DET:ART" lemma="le" corresp="#noTS"/>
                <span target="#t2788" pos="NOM" lemma="fait" corresp="dictionnaire_TLFiCategoriesTEI#l29942"/>
                <span target="#t2789" pos="PRP" lemma="de" corresp="#noTS"/>
                <span target="#t2790" pos="VER:infi" lemma="rester" corresp="dictionnaire_TLFiCategoriesTEI#l65611"/>
                <span target="#t2791" pos="PRP" lemma="sur" corresp="#noTS"/>
                <span target="#t2792" pos="DET:ART" lemma="le" corresp="#noTS"/>
                <span target="#t2793" pos="NOM" lemma="plateau" corresp="dictionnaire_TLFiCategoriesTEI#l25408"/>
                <span target="#t2794" pos="ADV" lemma="ne" corresp="#noTS"/>
                <span target="#t2795" pos="VER:pres" lemma="être" corresp="dictionnaire_TLFiCategoriesTEI#l29037"/>
                <span target="#t2796" pos="ADV" lemma="pas" corresp="dictionnaire_TLFiCategoriesTEI#l54617"/>
                <span target="#t2797" pos="VER:pper" lemma="contester" corresp="dictionnaire_TLFiCategoriesTEI#l18696"/>
                <span target="#t2798" pos="SENT" lemma="." corresp="#noTS"/>
                <span target="#t2799" pos="PRO:PER" lemma="elle" corresp="#noTS"/>
                <span target="#t2800" pos="VER:pres" lemma="annuler" corresp="dictionnaire_TLFiCategoriesTEI#l5154"/>
                <span target="#t2801" pos="ADV" lemma="ainsi" corresp="dictionnaire_TLFiCategoriesTEI#l2975"/>
                <span target="#t2802" pos="DET:ART" lemma="le" corresp="#noTS"/>
                <span target="#t2803" pos="NOM" lemma="implicitation" corresp="#noTS"/>
                <span target="#t2804" pos="ADJ" lemma="inférable" corresp="#noTS"/>
                <span target="#t2805" pos="PRP" lemma="de" corresp="#noTS"/>
                <span target="#t2806" pos="DET:POS" lemma="son" corresp="#noTS"/>
                <span target="#t2807" pos="NOM" lemma="interrogation" corresp="dictionnaire_TLFiCategoriesTEI#l40604"/>
                <span target="#t2808" pos="PUN" lemma="," corresp="#noTS"/>
                <span target="#t2809" pos="PRP" lemma="à" corresp="#noTS"/>
                <span target="#t2810" pos="VER:infi" lemma="savoir" corresp="dictionnaire_TLFiCategoriesTEI#l68248"/>
                <span target="#t2811" pos="PUN" lemma=":" corresp="#noTS"/>
                <span target="#t2812" pos="PUN:cit" lemma="«" corresp="#noTS"/>
                <span target="#t2813" pos="KON" lemma="si" corresp="#noTS"/>
                <span target="#t2814" pos="DET:ART" lemma="le" corresp="#noTS"/>
                <span target="#t2815" pos="NOM" lemma="candidat" corresp="dictionnaire_TLFiCategoriesTEI#l13278"/>
                <span target="#t2816" pos="VER:pres" lemma="devoir" corresp="dictionnaire_TLFiCategoriesTEI#l23820"/>
                <span target="#t2817" pos="VER:infi" lemma="partir" corresp="dictionnaire_TLFiCategoriesTEI#l54588"/>
                <span target="#t2818" pos="PUN" lemma="," corresp="#noTS"/>
                <span target="#t2819" pos="PRO:PER" lemma="il" corresp="#noTS"/>
                <span target="#t2820" pos="VER:futu" lemma="avoir" corresp="dictionnaire_TLFiCategoriesTEI#l8314"/>
                <span target="#t2821" pos="PRP:det" lemma="du" corresp="#noTS"/>
                <span target="#t2822" pos="NOM" lemma="regret" corresp="dictionnaire_TLFiCategoriesTEI#l64595"/>
                <span target="#t2823" pos="PUN:cit" lemma="»" corresp="#noTS"/>
                <span target="#t2824" pos="SENT" lemma="." corresp="#noTS"/>
                <span target="#t2825" pos="DET:ART" lemma="le" corresp="#noTS"/>
                <span target="#t2826" pos="NOM" lemma="reformulation" corresp="dictionnaire_TLFiCategoriesTEI#l64422"/>
                <span target="#t2827" pos="VER:pres" lemma="être" corresp="dictionnaire_TLFiCategoriesTEI#l29037"/>
                <span target="#t2828" pos="VER:pper" lemma="envisager" corresp="dictionnaire_TLFiCategoriesTEI#l27887"/>
                <span target="#t2829" pos="ADV" lemma="puis" corresp="DicoWiktionaryCategoriesTEI#l43898"/>
                <span target="#t2830" pos="VER:pper" lemma="énoncer" corresp="dictionnaire_TLFiCategoriesTEI#l27510"/>
                <span target="#t2831" pos="PUN" lemma="," corresp="#noTS"/>
                <span target="#t2832" pos="PRP" lemma="sans" corresp="#noTS"/>
                <span target="#t2833" pos="VER:infi" lemma="prendre" corresp="dictionnaire_TLFiCategoriesTEI#l60177"/>
                <span target="#t2834" pos="PRP" lemma="en" corresp="#noTS"/>
                <span target="#t2835" pos="NOM" lemma="considération" corresp="dictionnaire_TLFiCategoriesTEI#l18510"/>
                <span target="#t2836" pos="DET:ART" lemma="le" corresp="#noTS"/>
                <span target="#t2837" pos="NOM" lemma="contenu" corresp="dictionnaire_TLFiCategoriesTEI#l18676"/>
                <span target="#t2838" pos="PRP" lemma="de" corresp="#noTS"/>
                <span target="#t2839" pos="DET:ART" lemma="le" corresp="#noTS"/>
                <span target="#t2840" pos="NOM" lemma="réponse" corresp="dictionnaire_TLFiCategoriesTEI#l65294"/>
                <span target="#t2841" pos="PRP:det" lemma="du" corresp="#noTS"/>
                <span target="#t2842" pos="NOM" lemma="candidat" corresp="dictionnaire_TLFiCategoriesTEI#l13278"/>
                <span target="#t2843" pos="SENT" lemma="." corresp="#noTS"/>
                <span target="#t2844" pos="PRO:DEM" lemma="ce" corresp="#noTS"/>
                <span target="#t2845" pos="ADJ" lemma="dernier" corresp="dictionnaire_TLFiCategoriesTEI#l23197"/>
                <span target="#t2846" pos="VER:pres" lemma="quitter" corresp="dictionnaire_TLFiCategoriesTEI#l62441"/>
                <span target="#t2847" pos="DET:ART" lemma="le" corresp="#noTS"/>
                <span target="#t2848" pos="NOM" lemma="jeu" corresp="dictionnaire_TLFiCategoriesTEI#l41596"/>
                <span target="#t2849" pos="KON" lemma="mais" corresp="#noTS"/>
                <span target="#t2850" pos="VER:pres" lemma="rester" corresp="dictionnaire_TLFiCategoriesTEI#l65611"/>
                <span target="#t2851" pos="ADV" lemma="quand" corresp="#noTS"/>
                <span target="#t2852" pos="ADV" lemma="même" corresp="dictionnaire_TLFiCategoriesTEI#l46594"/>
                <span target="#t2853" pos="PRP" lemma="avec" corresp="#noTS"/>
                <span target="#t2854" pos="DET:ART" lemma="le" corresp="#noTS"/>
                <span target="#t2855" pos="NOM" lemma="équipe" corresp="dictionnaire_TLFiCategoriesTEI#l28281"/>
                <span target="#t2856" pos="SENT" lemma="." corresp="#noTS"/>
                <span target="#t2857" pos="PRO:PER" lemma="nous" corresp="#noTS"/>
                <span target="#t2858" pos="VER:pres" lemma="pouvoir" corresp="dictionnaire_TLFiCategoriesTEI#l59664"/>
                <span target="#t2859" pos="PUN" lemma="," corresp="#noTS"/>
                <span target="#t2860" pos="PRP" lemma="de" corresp="#noTS"/>
                <span target="#t2861" pos="PRO:DEM" lemma="ce" corresp="#noTS"/>
                <span target="#t2862" pos="NOM" lemma="fait" corresp="dictionnaire_TLFiCategoriesTEI#l29942"/>
                <span target="#t2863" pos="PUN" lemma="," corresp="#noTS"/>
                <span target="#t2864" pos="VER:infi" lemma="paraphraser"
                      corresp="dictionnaire_TLFiCategoriesTEI#l54244"/>
                <span target="#t2865" pos="VER:pper" lemma="e" corresp="dictionnaire_TLFiCategoriesTEI#l25334"/>
                <span target="#t2866" pos="NUM" lemma="4" corresp="#noTS"/>
                <span target="#t2867" pos="KON" lemma="comme" corresp="#noTS"/>
                <span target="#t2868" pos="VER:pres" lemma="suivre" corresp="dictionnaire_TLFiCategoriesTEI#l72609"/>
                <span target="#t2869" pos="PUN" lemma=":" corresp="#noTS"/>
                <span target="#t2870" pos="PUN:cit" lemma="«" corresp="#noTS"/>
                <span target="#t2871" pos="DET:ART" lemma="le" corresp="#noTS"/>
                <span target="#t2872" pos="NOM" lemma="demande" corresp="dictionnaire_TLFiCategoriesTEI#l22487"/>
                <span target="#t2873" pos="PRP" lemma="de" corresp="#noTS"/>
                <span target="#t2874" pos="NOM" lemma="information" corresp="dictionnaire_TLFiCategoriesTEI#l39791"/>
                <span target="#t2875" pos="ADV" lemma="ne" corresp="#noTS"/>
                <span target="#t2876" pos="ADJ" lemma="légitime" corresp="dictionnaire_TLFiCategoriesTEI#l42995"/>
                <span target="#t2877" pos="PRO:IND" lemma="aucun" corresp="#noTS"/>
                <span target="#t2878" pos="NOM" lemma="inférence" corresp="dictionnaire_TLFiCategoriesTEI#l39698"/>
                <span target="#t2879" pos="SENT" lemma="." corresp="#noTS"/>
                <span target="#t2880" pos="PRO:PER" lemma="il" corresp="#noTS"/>
                <span target="#t2881" pos="ADV" lemma="ne" corresp="#noTS"/>
                <span target="#t2882" pos="VER:pres" lemma="servir" corresp="dictionnaire_TLFiCategoriesTEI#l69506"/>
                <span target="#t2883" pos="PRP" lemma="à" corresp="#noTS"/>
                <span target="#t2884" pos="ADV" lemma="rien" corresp="DicoWiktionaryCategoriesTEI#l818"/>
                <span target="#t2885" pos="ADV" lemma="donc" corresp="#noTS"/>
                <span target="#t2886" pos="PRP" lemma="de" corresp="#noTS"/>
                <span target="#t2887" pos="VER:infi" lemma="préciser" corresp="dictionnaire_TLFiCategoriesTEI#l59982"/>
                <span target="#t2888" pos="KON" lemma="que" corresp="#noTS"/>
                <span target="#t2889" pos="PRO:PER" lemma="le" corresp="#noTS"/>
                <span target="#t2890" pos="PRO:PER" lemma="on" corresp="#noTS"/>
                <span target="#t2891" pos="VER:pres" lemma="regretter" corresp="dictionnaire_TLFiCategoriesTEI#l64598"/>
                <span target="#t2892" pos="KON" lemma="ou" corresp="#noTS"/>
                <span target="#t2893" pos="ADV" lemma="pas" corresp="dictionnaire_TLFiCategoriesTEI#l54617"/>
                <span target="#t2894" pos="DET:ART" lemma="le" corresp="#noTS"/>
                <span target="#t2895" pos="NOM" lemma="départ" corresp="dictionnaire_TLFiCategoriesTEI#l22898"/>
                <span target="#t2896" pos="KON" lemma="puisque" corresp="#noTS"/>
                <span target="#t2897" pos="PUN" lemma="[" corresp="#noTS"/>
                <span target="#t2898" pos="PRP" lemma="de" corresp="#noTS"/>
                <span target="#t2899" pos="PRO:IND" lemma="tout" corresp="#noTS"/>
                <span target="#t2900" pos="NOM" lemma="façon" corresp="dictionnaire_TLFiCategoriesTEI#l29843"/>
                <span target="#t2901" pos="ADJ" lemma="]il" corresp="#noTS"/>
                <span target="#t2902" pos="ADV" lemma="ne" corresp="#noTS"/>
                <span target="#t2903" pos="PRO:PER" lemma="y" corresp="#noTS"/>
                <span target="#t2904" pos="VER:pres" lemma="avoir" corresp="dictionnaire_TLFiCategoriesTEI#l8314"/>
                <span target="#t2905" pos="ADV" lemma="pas" corresp="dictionnaire_TLFiCategoriesTEI#l54617"/>
                <span target="#t2906" pos="PRP" lemma="de" corresp="#noTS"/>
                <span target="#t2907" pos="ADJ" lemma="véritable" corresp="dictionnaire_TLFiCategoriesTEI#l179"/>
                <span target="#t2908" pos="NOM" lemma="départ" corresp="dictionnaire_TLFiCategoriesTEI#l22898"/>
                <span target="#t2909" pos="PUN:cit" lemma="»" corresp="#noTS"/>
                <span target="#t2910" pos="SENT" lemma="." corresp="#noTS"/>
                <span target="#t2911" pos="PRO:PER" lemma="il" corresp="#noTS"/>
                <span target="#t2912" pos="VER:cond" lemma="falloir" corresp="dictionnaire_TLFiCategoriesTEI#l29961"/>
                <span target="#t2913" pos="PUN" lemma="," corresp="#noTS"/>
                <span target="#t2914" pos="PRP" lemma="par" corresp="#noTS"/>
                <span target="#t2915" pos="ADV" lemma="ailleurs" corresp="dictionnaire_TLFiCategoriesTEI#l2906"/>
                <span target="#t2916" pos="PUN" lemma="," corresp="#noTS"/>
                <span target="#t2917" pos="VER:infi" lemma="préciser" corresp="dictionnaire_TLFiCategoriesTEI#l59982"/>
                <span target="#t2918" pos="KON" lemma="que" corresp="#noTS"/>
                <span target="#t2919" pos="DET:ART" lemma="le" corresp="#noTS"/>
                <span target="#t2920" pos="NOM" lemma="reformulation" corresp="dictionnaire_TLFiCategoriesTEI#l64422"/>
                <span target="#t2921" pos="VER:pper" lemma="effectuer" corresp="dictionnaire_TLFiCategoriesTEI#l25959"/>
                <span target="#t2922" pos="PRP" lemma="en" corresp="#noTS"/>
                <span target="#t2923" pos="PUN:cit" lemma="«" corresp="#noTS"/>
                <span target="#t2924" pos="NOM" lemma="r" corresp="dictionnaire_TLFiCategoriesTEI#l62459"/>
                <span target="#t2925" pos="PUN:cit" lemma="»" corresp="#noTS"/>
                <span target="#t2926" pos="ADV" lemma="ne" corresp="#noTS"/>
                <span target="#t2927" pos="VER:pres" lemma="remettre" corresp="dictionnaire_TLFiCategoriesTEI#l64866"/>
                <span target="#t2928" pos="PRP" lemma="en" corresp="#noTS"/>
                <span target="#t2929" pos="NOM" lemma="cause" corresp="dictionnaire_TLFiCategoriesTEI#l14293"/>
                <span target="#t2930" pos="DET:ART" lemma="le" corresp="#noTS"/>
                <span target="#t2931" pos="NOM" lemma="pertinence" corresp="dictionnaire_TLFiCategoriesTEI#l56124"/>
                <span target="#t2932" pos="PRP" lemma="de" corresp="#noTS"/>
                <span target="#t2933" pos="DET:ART" lemma="le" corresp="#noTS"/>
                <span target="#t2934" pos="NOM" lemma="énonciation" corresp="dictionnaire_TLFiCategoriesTEI#l27514"/>
                <span target="#t2935" pos="PRP" lemma="de" corresp="#noTS"/>
                <span target="#t2936" pos="NOM" lemma="p" corresp="dictionnaire_TLFiCategoriesTEI#l53378"/>
                <span target="#t2937" pos="PUN" lemma="(" corresp="#noTS"/>
                <span target="#t2938" pos="DET:ART" lemma="le" corresp="#noTS"/>
                <span target="#t2939" pos="NOM" lemma="question" corresp="dictionnaire_TLFiCategoriesTEI#l62301"/>
                <span target="#t2940" pos="KON" lemma="et" corresp="#noTS"/>
                <span target="#t2941" pos="DET:ART" lemma="le" corresp="#noTS"/>
                <span target="#t2942" pos="NOM" lemma="réponse" corresp="dictionnaire_TLFiCategoriesTEI#l65294"/>
                <span target="#t2943" pos="PUN" lemma=")" corresp="#noTS"/>
                <span target="#t2944" pos="KON" lemma="que" corresp="#noTS"/>
                <span target="#t2945" pos="PRP" lemma="en" corresp="#noTS"/>
                <span target="#t2946" pos="ADV" lemma="tant" corresp="DicoWiktionaryCategoriesTEI#l10919"/>
                <span target="#t2947" pos="KON" lemma="que" corresp="#noTS"/>
                <span target="#t2948" pos="DET:ART" lemma="un" corresp="#noTS"/>
                <span target="#t2949" pos="NOM" lemma="confirmation" corresp="dictionnaire_TLFiCategoriesTEI#l18261"/>
                <span target="#t2950" pos="PRP" lemma="de" corresp="#noTS"/>
                <span target="#t2951" pos="DET:ART" lemma="un" corresp="#noTS"/>
                <span target="#t2952" pos="NOM" lemma="implicitation" corresp="#noTS"/>
                <span target="#t2953" pos="SENT" lemma="." corresp="#noTS"/>
                <span target="#t2954" pos="ADV" lemma="autrement" corresp="dictionnaire_TLFiCategoriesTEI#l8095"/>
                <span target="#t2955" pos="VER:pper" lemma="dire" corresp="dictionnaire_TLFiCategoriesTEI#l24284"/>
                <span target="#t2956" pos="PUN" lemma="," corresp="#noTS"/>
                <span target="#t2957" pos="DET:ART" lemma="le" corresp="#noTS"/>
                <span target="#t2958" pos="NOM" lemma="énonciation" corresp="dictionnaire_TLFiCategoriesTEI#l27514"/>
                <span target="#t2959" pos="PRP" lemma="de" corresp="#noTS"/>
                <span target="#t2960" pos="NOM" lemma="p" corresp="dictionnaire_TLFiCategoriesTEI#l53378"/>
                <span target="#t2961" pos="PUN" lemma="," corresp="#noTS"/>
                <span target="#t2962" pos="PRP" lemma="en" corresp="#noTS"/>
                <span target="#t2963" pos="ADV" lemma="tant" corresp="DicoWiktionaryCategoriesTEI#l10919"/>
                <span target="#t2964" pos="KON" lemma="que" corresp="#noTS"/>
                <span target="#t2965" pos="NOM" lemma="contenu" corresp="dictionnaire_TLFiCategoriesTEI#l18676"/>
                <span target="#t2966" pos="ADJ" lemma="informatif" corresp="dictionnaire_TLFiCategoriesTEI#l39790"/>
                <span target="#t2967" pos="PUN" lemma="," corresp="#noTS"/>
                <span target="#t2968" pos="ADV" lemma="ne" corresp="#noTS"/>
                <span target="#t2969" pos="VER:pres" lemma="être" corresp="dictionnaire_TLFiCategoriesTEI#l29037"/>
                <span target="#t2970" pos="ADV" lemma="pas" corresp="dictionnaire_TLFiCategoriesTEI#l54617"/>
                <span target="#t2971" pos="VER:pper" lemma="invalider" corresp="dictionnaire_TLFiCategoriesTEI#l40788"/>
                <span target="#t2972" pos="SENT" lemma="." corresp="#noTS"/>
                <span target="#t2973" pos="PRO:PER" lemma="il" corresp="#noTS"/>
                <span target="#t2974" pos="ADV" lemma="ne" corresp="#noTS"/>
                <span target="#t2975" pos="VER:pres" lemma="être" corresp="dictionnaire_TLFiCategoriesTEI#l29037"/>
                <span target="#t2976" pos="ADV" lemma="pas" corresp="dictionnaire_TLFiCategoriesTEI#l54617"/>
                <span target="#t2977" pos="ADJ" lemma="impossible" corresp="dictionnaire_TLFiCategoriesTEI#l38617"/>
                <span target="#t2978" pos="PUN" lemma="," corresp="#noTS"/>
                <span target="#t2979" pos="PRP" lemma="dans" corresp="#noTS"/>
                <span target="#t2980" pos="PRO:DEM" lemma="ce" corresp="#noTS"/>
                <span target="#t2981" pos="NOM" lemma="cas" corresp="dictionnaire_TLFiCategoriesTEI#l14011"/>
                <span target="#t2982" pos="PUN" lemma="," corresp="#noTS"/>
                <span target="#t2983" pos="PRP" lemma="de" corresp="#noTS"/>
                <span target="#t2984" pos="VER:infi" lemma="remplacer" corresp="dictionnaire_TLFiCategoriesTEI#l64937"/>
                <span target="#t2985" pos="DET:ART" lemma="le" corresp="#noTS"/>
                <span target="#t2986" pos="NOM" lemma="connecteur" corresp="dictionnaire_TLFiCategoriesTEI#l18427"/>
                <span target="#t2987" pos="PRP" lemma="de" corresp="#noTS"/>
                <span target="#t2988" pos="PRO:IND" lemma="tout" corresp="#noTS"/>
                <span target="#t2989" pos="NOM" lemma="façon" corresp="dictionnaire_TLFiCategoriesTEI#l29843"/>
                <span target="#t2990" pos="PRP" lemma="par" corresp="#noTS"/>
                <span target="#t2991" pos="DET:ART" lemma="le" corresp="#noTS"/>
                <span target="#t2992" pos="NOM" lemma="connecteur" corresp="dictionnaire_TLFiCategoriesTEI#l18427"/>
                <span target="#t2993" pos="PRP" lemma="en" corresp="#noTS"/>
                <span target="#t2994" pos="PRO:IND" lemma="tout" corresp="#noTS"/>
                <span target="#t2995" pos="NOM" lemma="cas" corresp="dictionnaire_TLFiCategoriesTEI#l14011"/>
                <span target="#t2996" pos="SENT" lemma="." corresp="#noTS"/>
                <span target="#t2997" pos="ADV" lemma="cependant" corresp="dictionnaire_TLFiCategoriesTEI#l14595"/>
                <span target="#t2998" pos="PUN" lemma="," corresp="#noTS"/>
                <span target="#t2999" pos="ADV" lemma="bien" corresp="dictionnaire_TLFiCategoriesTEI#l10128"/>
                <span target="#t3000" pos="KON" lemma="que" corresp="#noTS"/>
                <span target="#t3001" pos="PRO:DEM" lemma="ce" corresp="#noTS"/>
                <span target="#t3002" pos="NOM" lemma="dernier" corresp="dictionnaire_TLFiCategoriesTEI#l23197"/>
                <span target="#t3003" pos="VER:subp" lemma="être" corresp="dictionnaire_TLFiCategoriesTEI#l29037"/>
                <span target="#t3004" pos="PUN" lemma="," corresp="#noTS"/>
                <span target="#t3005" pos="ADV" lemma="tout" corresp="dictionnaire_TLFiCategoriesTEI#l76554"/>
                <span target="#t3006" pos="ADV" lemma="comme" corresp="DicoWiktionaryCategoriesTEI#l8041"/>
                <span target="#t3007" pos="PRP" lemma="de" corresp="#noTS"/>
                <span target="#t3008" pos="PRO:IND" lemma="tout" corresp="#noTS"/>
                <span target="#t3009" pos="NOM" lemma="façon" corresp="dictionnaire_TLFiCategoriesTEI#l29843"/>
                <span target="#t3010" pos="PUN" lemma="," corresp="#noTS"/>
                <span target="#t3011" pos="DET:ART" lemma="un" corresp="#noTS"/>
                <span target="#t3012" pos="NOM" lemma="connecteur" corresp="dictionnaire_TLFiCategoriesTEI#l18427"/>
                <span target="#t3013" pos="ADJ" lemma="reformulatif" corresp="#noTS"/>
                <span target="#t3014" pos="PUN" lemma="," corresp="#noTS"/>
                <span target="#t3015" pos="DET:POS" lemma="son" corresp="#noTS"/>
                <span target="#t3016" pos="NOM" lemma="intervention" corresp="dictionnaire_TLFiCategoriesTEI#l40636"/>
                <span target="#t3017" pos="PUN" lemma="," corresp="#noTS"/>
                <span target="#t3018" pos="ADJ" lemma="possible" corresp="dictionnaire_TLFiCategoriesTEI#l59344"/>
                <span target="#t3019" pos="PRP" lemma="en" corresp="#noTS"/>
                <span target="#t3020" pos="NOM" lemma="e" corresp="dictionnaire_TLFiCategoriesTEI#l25334"/>
                <span target="#t3021" pos="PUN" lemma="'" corresp="#noTS"/>
                <span target="#t3022" pos="NUM" lemma="4" corresp="#noTS"/>
                <span target="#t3023" pos="PUN" lemma="," corresp="#noTS"/>
                <span target="#t3024" pos="ADV" lemma="ne" corresp="#noTS"/>
                <span target="#t3025" pos="VER:pres" lemma="être" corresp="dictionnaire_TLFiCategoriesTEI#l29037"/>
                <span target="#t3026" pos="ADV" lemma="pas" corresp="dictionnaire_TLFiCategoriesTEI#l54617"/>
                <span target="#t3027" pos="PRP" lemma="sans" corresp="#noTS"/>
                <span target="#t3028" pos="VER:infi" lemma="impliquer" corresp="dictionnaire_TLFiCategoriesTEI#l38568"/>
                <span target="#t3029" pos="DET:ART" lemma="un" corresp="#noTS"/>
                <span target="#t3030" pos="NOM" lemma="différence" corresp="dictionnaire_TLFiCategoriesTEI#l4762"/>
                <span target="#t3031" pos="PRP" lemma="de" corresp="#noTS"/>
                <span target="#t3032" pos="NOM" lemma="sens" corresp="dictionnaire_TLFiCategoriesTEI#l69148"/>
                <span target="#t3033" pos="PUN" lemma=":" corresp="#noTS"/>
                <span target="#t3034" pos="VER:pper" lemma="e" corresp="dictionnaire_TLFiCategoriesTEI#l25334"/>
                <span target="#t3035" pos="PUN" lemma="'" corresp="#noTS"/>
                <span target="#t3036" pos="NUM" lemma="4" corresp="#noTS"/>
                <span target="#t3037" pos="PUN" lemma=":" corresp="#noTS"/>
                <span target="#t3038" pos="PUN" lemma="-" corresp="#noTS"/>
                <span target="#t3039" pos="PUN:cit" lemma="«" corresp="#noTS"/>
                <span target="#t3040" pos="PUN" lemma="(" corresp="#noTS"/>
                <span target="#t3041" pos="PUN" lemma="…" corresp="#noTS"/>
                <span target="#t3042" pos="PUN" lemma=")" corresp="#noTS"/>
                <span target="#t3043" pos="PRP" lemma="sans" corresp="#noTS"/>
                <span target="#t3044" pos="NOM" lemma="regret" corresp="dictionnaire_TLFiCategoriesTEI#l64595"/>
                <span target="#t3045" pos="SENT" lemma="" corresp="#noTS"/>
                <span target="#t3046" pos="PUN:cit" lemma="»" corresp="#noTS"/>
                <span target="#t3047" pos="PUN" lemma="–" corresp="#noTS"/>
                <span target="#t3048" pos="PUN:cit" lemma="«" corresp="#noTS"/>
                <span target="#t3049" pos="ADV" lemma="non" corresp="DicoWiktionaryCategoriesTEI#l819"/>
                <span target="#t3050" pos="PUN" lemma="," corresp="#noTS"/>
                <span target="#t3051" pos="ADV" lemma="non" corresp="DicoWiktionaryCategoriesTEI#l819"/>
                <span target="#t3052" pos="SENT" lemma="." corresp="#noTS"/>
                <span target="#t3053" pos="PRO:DEM" lemma="ce" corresp="#noTS"/>
                <span target="#t3054" pos="VER:impf" lemma="être" corresp="dictionnaire_TLFiCategoriesTEI#l29037"/>
                <span target="#t3055" pos="ADV" lemma="très" corresp="DicoWiktionaryCategoriesTEI#l2809"/>
                <span target="#t3056" pos="ADV" lemma="bien" corresp="dictionnaire_TLFiCategoriesTEI#l10128"/>
                <span target="#t3057" pos="SENT" lemma="." corresp="#noTS"/>
                <span target="#t3058" pos="PUN:cit" lemma="»" corresp="#noTS"/>
                <span target="#t3059" pos="PUN" lemma="–" corresp="#noTS"/>
                <span target="#t3060" pos="PUN:cit" lemma="«" corresp="#noTS"/>
                <span target="#t3061" pos="ADV" lemma="bien" corresp="dictionnaire_TLFiCategoriesTEI#l10128"/>
                <span target="#t3062" pos="PUN" lemma="," corresp="#noTS"/>
                <span target="#t3063" pos="PRO:PER" lemma="vous" corresp="#noTS"/>
                <span target="#t3064" pos="VER:pres" lemma="rester" corresp="dictionnaire_TLFiCategoriesTEI#l65611"/>
                <span target="#t3065" pos="PRP" lemma="avec" corresp="#noTS"/>
                <span target="#t3066" pos="PRO:PER" lemma="nous" corresp="#noTS"/>
                <span target="#t3067" pos="PUN" lemma="," corresp="#noTS"/>
                <span target="#t3068" pos="PRP" lemma="en" corresp="#noTS"/>
                <span target="#t3069" pos="PRO:IND" lemma="tout" corresp="#noTS"/>
                <span target="#t3070" pos="NOM" lemma="cas" corresp="dictionnaire_TLFiCategoriesTEI#l14011"/>
                <span target="#t3071" pos="SENT" lemma="." corresp="#noTS"/>
                <span target="#t3072" pos="PRO:PER" lemma="je" corresp="#noTS"/>
                <span target="#t3073" pos="PRO:PER" lemma="vous" corresp="#noTS"/>
                <span target="#t3074" pos="VER:pres" lemma="embrasser" corresp="dictionnaire_TLFiCategoriesTEI#l26551"/>
                <span target="#t3075" pos="SENT" lemma="." corresp="#noTS"/>
                <span target="#t3076" pos="PUN:cit" lemma="»" corresp="#noTS"/>
                <span target="#t3077" pos="DET:ART" lemma="le" corresp="#noTS"/>
                <span target="#t3078" pos="NOM" lemma="effet" corresp="dictionnaire_TLFiCategoriesTEI#l25971"/>
                <span target="#t3079" pos="PRP" lemma="de" corresp="#noTS"/>
                <span target="#t3080" pos="NOM" lemma="sens" corresp="dictionnaire_TLFiCategoriesTEI#l69148"/>
                <span target="#t3081" pos="VER:pper" lemma="produire" corresp="dictionnaire_TLFiCategoriesTEI#l60701"/>
                <span target="#t3082" pos="PRP" lemma="par" corresp="#noTS"/>
                <span target="#t3083" pos="PRP" lemma="en" corresp="#noTS"/>
                <span target="#t3084" pos="PRO:IND" lemma="tout" corresp="#noTS"/>
                <span target="#t3085" pos="NOM" lemma="cas" corresp="dictionnaire_TLFiCategoriesTEI#l14011"/>
                <span target="#t3086" pos="ADV" lemma="ne" corresp="#noTS"/>
                <span target="#t3087" pos="VER:pres" lemma="être" corresp="dictionnaire_TLFiCategoriesTEI#l29037"/>
                <span target="#t3088" pos="ADV" lemma="pas" corresp="dictionnaire_TLFiCategoriesTEI#l54617"/>
                <span target="#t3089" pos="DET:ART" lemma="un" corresp="#noTS"/>
                <span target="#t3090" pos="NOM" lemma="remise" corresp="dictionnaire_TLFiCategoriesTEI#l64871"/>
                <span target="#t3091" pos="PRP" lemma="en" corresp="#noTS"/>
                <span target="#t3092" pos="NOM" lemma="cause" corresp="dictionnaire_TLFiCategoriesTEI#l14293"/>
                <span target="#t3093" pos="PRP" lemma="de" corresp="#noTS"/>
                <span target="#t3094" pos="DET:ART" lemma="le" corresp="#noTS"/>
                <span target="#t3095" pos="NOM" lemma="pertinence" corresp="dictionnaire_TLFiCategoriesTEI#l56124"/>
                <span target="#t3096" pos="PRP" lemma="de" corresp="#noTS"/>
                <span target="#t3097" pos="DET:ART" lemma="le" corresp="#noTS"/>
                <span target="#t3098" pos="NOM" lemma="énonciation" corresp="dictionnaire_TLFiCategoriesTEI#l27514"/>
                <span target="#t3099" pos="PRP:det" lemma="du" corresp="#noTS"/>
                <span target="#t3100" pos="NUM" lemma="premier" corresp="#noTS"/>
                <span target="#t3101" pos="NOM" lemma="acte" corresp="dictionnaire_TLFiCategoriesTEI#l968"/>
                <span target="#t3102" pos="ADJ" lemma="discursif" corresp="dictionnaire_TLFiCategoriesTEI#l24374"/>
                <span target="#t3103" pos="SENT" lemma="." corresp="#noTS"/>
                <span target="#t3104" pos="PRP" lemma="en" corresp="#noTS"/>
                <span target="#t3105" pos="NOM" lemma="effet" corresp="dictionnaire_TLFiCategoriesTEI#l25971"/>
                <span target="#t3106" pos="PUN" lemma="," corresp="#noTS"/>
                <span target="#t3107" pos="PRO:PER" lemma="en" corresp="#noTS"/>
                <span target="#t3108" pos="VER:ppre" lemma="employer" corresp="dictionnaire_TLFiCategoriesTEI#l26848"/>
                <span target="#t3109" pos="PRO:DEM" lemma="ce" corresp="#noTS"/>
                <span target="#t3110" pos="NOM" lemma="connecteur" corresp="dictionnaire_TLFiCategoriesTEI#l18427"/>
                <span target="#t3111" pos="PUN" lemma="," corresp="#noTS"/>
                <span target="#t3112" pos="PUN:cit" lemma="«" corresp="#noTS"/>
                <span target="#t3113" pos="DET:ART" lemma="le" corresp="#noTS"/>
                <span target="#t3114" pos="NOM" lemma="locuteur" corresp="dictionnaire_TLFiCategoriesTEI#l43905"/>
                <span target="#t3115" pos="ADJ" lemma="indique" corresp="#noTS"/>
                <span target="#t3116" pos="PUN" lemma="(" corresp="#noTS"/>
                <span target="#t3117" pos="PUN" lemma="…" corresp="#noTS"/>
                <span target="#t3118" pos="PUN" lemma=")" corresp="#noTS"/>
                <span target="#t3119" pos="PRO:REL" lemma="que" corresp="#noTS"/>
                <span target="#t3120" pos="PRO:PER" lemma="il" corresp="#noTS"/>
                <span target="#t3121" pos="VER:pres" lemma="juger" corresp="dictionnaire_TLFiCategoriesTEI#l41817"/>
                <span target="#t3122" pos="ADJ" lemma="pertinent" corresp="dictionnaire_TLFiCategoriesTEI#l56125"/>
                <span target="#t3123" pos="PRO:DEM" lemma="ce" corresp="#noTS"/>
                <span target="#t3124" pos="PRO:REL" lemma="qui" corresp="#noTS"/>
                <span target="#t3125" pos="VER:pres" lemma="avoir" corresp="dictionnaire_TLFiCategoriesTEI#l8314"/>
                <span target="#t3126" pos="VER:pper" lemma="être" corresp="dictionnaire_TLFiCategoriesTEI#l29037"/>
                <span target="#t3127" pos="VER:pper" lemma="énoncer" corresp="dictionnaire_TLFiCategoriesTEI#l27510"/>
                <span target="#t3128" pos="PRP" lemma="en" corresp="#noTS"/>
                <span target="#t3129" pos="NOM" lemma="p" corresp="dictionnaire_TLFiCategoriesTEI#l53378"/>
                <span target="#t3130" pos="PUN:cit" lemma="»" corresp="#noTS"/>
                <span target="#t3131" pos="SENT" lemma="." corresp="#noTS"/>
                <span target="#t3132" pos="DET:ART" lemma="le" corresp="#noTS"/>
                <span target="#t3133" pos="NOM" lemma="reformulation" corresp="dictionnaire_TLFiCategoriesTEI#l64422"/>
                <span target="#t3134" pos="ADJ" lemma="inhérent" corresp="dictionnaire_TLFiCategoriesTEI#l39900"/>
                <span target="#t3135" pos="PRP" lemma="à" corresp="#noTS"/>
                <span target="#t3136" pos="PRO:DEM" lemma="ce" corresp="#noTS"/>
                <span target="#t3137" pos="NOM" lemma="mot" corresp="dictionnaire_TLFiCategoriesTEI#l48765"/>
                <span target="#t3138" pos="PRP" lemma="de" corresp="#noTS"/>
                <span target="#t3139" pos="NOM" lemma="discours" corresp="dictionnaire_TLFiCategoriesTEI#l24354"/>
                <span target="#t3140" pos="ADV" lemma="ne" corresp="#noTS"/>
                <span target="#t3141" pos="VER:pres" lemma="concerner" corresp="dictionnaire_TLFiCategoriesTEI#l18067"/>
                <span target="#t3142" pos="ADV" lemma="alors" corresp="dictionnaire_TLFiCategoriesTEI#l3840"/>
                <span target="#t3143" pos="ADV" lemma="pas" corresp="dictionnaire_TLFiCategoriesTEI#l54617"/>
                <span target="#t3144" pos="PUN:cit" lemma="«" corresp="#noTS"/>
                <span target="#t3145" pos="DET:ART" lemma="le" corresp="#noTS"/>
                <span target="#t3146" pos="NOM" lemma="état" corresp="dictionnaire_TLFiCategoriesTEI#l28886"/>
                <span target="#t3147" pos="PRP" lemma="de" corresp="#noTS"/>
                <span target="#t3148" pos="NOM" lemma="chose" corresp="dictionnaire_TLFiCategoriesTEI#l15961"/>
                <span target="#t3149" pos="VER:pper" lemma="évoquer" corresp="dictionnaire_TLFiCategoriesTEI#l29323"/>
                <span target="#t3150" pos="PRP" lemma="en" corresp="#noTS"/>
                <span target="#t3151" pos="NOM" lemma="p" corresp="dictionnaire_TLFiCategoriesTEI#l53378"/>
                <span target="#t3152" pos="PUN" lemma="," corresp="#noTS"/>
                <span target="#t3153" pos="KON" lemma="mais" corresp="#noTS"/>
                <span target="#t3154" pos="PUN" lemma="[" corresp="#noTS"/>
                <span target="#t3155" pos="NUM" lemma="un" corresp="#noTS"/>
                <span target="#t3156" pos="PRP:det" lemma="du" corresp="#noTS"/>
                <span target="#t3157" pos="NOM" lemma="élément" corresp="dictionnaire_TLFiCategoriesTEI#l26301"/>
                <span target="#t3158" pos="PUN" lemma="]" corresp="#noTS"/>
                <span target="#t3159" pos="ADJ" lemma="relatif" corresp="dictionnaire_TLFiCategoriesTEI#l64729"/>
                <span target="#t3160" pos="PRP" lemma="à" corresp="#noTS"/>
                <span target="#t3161" pos="PRO:DEM" lemma="ce" corresp="#noTS"/>
                <span target="#t3162" pos="NOM" lemma="état" corresp="dictionnaire_TLFiCategoriesTEI#l28886"/>
                <span target="#t3163" pos="PRP" lemma="de" corresp="#noTS"/>
                <span target="#t3164" pos="NOM" lemma="chose" corresp="dictionnaire_TLFiCategoriesTEI#l15961"/>
                <span target="#t3165" pos="KON" lemma="que" corresp="#noTS"/>
                <span target="#t3166" pos="DET:ART" lemma="le" corresp="#noTS"/>
                <span target="#t3167" pos="ADJ" lemma="simple" corresp="dictionnaire_TLFiCategoriesTEI#l69904"/>
                <span target="#t3168" pos="NOM" lemma="énonciation" corresp="dictionnaire_TLFiCategoriesTEI#l27514"/>
                <span target="#t3169" pos="PRP" lemma="de" corresp="#noTS"/>
                <span target="#t3170" pos="NOM" lemma="p" corresp="dictionnaire_TLFiCategoriesTEI#l53378"/>
                <span target="#t3171" pos="ADV" lemma="ne" corresp="#noTS"/>
                <span target="#t3172" pos="VER:pres" lemma="suffire" corresp="dictionnaire_TLFiCategoriesTEI#l72537"/>
                <span target="#t3173" pos="ADV" lemma="pas" corresp="dictionnaire_TLFiCategoriesTEI#l54617"/>
                <span target="#t3174" pos="PRP" lemma="à" corresp="#noTS"/>
                <span target="#t3175" pos="VER:infi" lemma="exprimer" corresp="dictionnaire_TLFiCategoriesTEI#l29667"/>
                <span target="#t3176" pos="PUN:cit" lemma="»" corresp="#noTS"/>
                <span target="#t3177" pos="SENT" lemma="." corresp="#noTS"/>
                <span target="#t3178" pos="PRO:PER" lemma="en" corresp="#noTS"/>
                <span target="#t3179" pos="VER:futu" lemma="e" corresp="dictionnaire_TLFiCategoriesTEI#l25334"/>
                <span target="#t3180" pos="PUN" lemma="'" corresp="#noTS"/>
                <span target="#t3181" pos="NUM" lemma="4" corresp="#noTS"/>
                <span target="#t3182" pos="PUN" lemma="," corresp="#noTS"/>
                <span target="#t3183" pos="PRP" lemma="en" corresp="#noTS"/>
                <span target="#t3184" pos="PRO:IND" lemma="tout" corresp="#noTS"/>
                <span target="#t3185" pos="NOM" lemma="cas" corresp="dictionnaire_TLFiCategoriesTEI#l14011"/>
                <span target="#t3186" pos="VER:pres" lemma="introduire"
                      corresp="dictionnaire_TLFiCategoriesTEI#l40732"/>
                <span target="#t3187" pos="ADV" lemma="donc" corresp="#noTS"/>
                <span target="#t3188" pos="DET:ART" lemma="un" corresp="#noTS"/>
                <span target="#t3189" pos="NOM" lemma="énoncé" corresp="dictionnaire_TLFiCategoriesTEI#l27509"/>
                <span target="#t3190" pos="PRO:REL" lemma="qui" corresp="#noTS"/>
                <span target="#t3191" pos="VER:pres" lemma="permettre" corresp="dictionnaire_TLFiCategoriesTEI#l55970"/>
                <span target="#t3192" pos="PRP" lemma="de" corresp="#noTS"/>
                <span target="#t3193" pos="VER:infi" lemma="maintenir" corresp="dictionnaire_TLFiCategoriesTEI#l44942"/>
                <span target="#t3194" pos="DET:ART" lemma="le" corresp="#noTS"/>
                <span target="#t3195" pos="NOM" lemma="validité" corresp="dictionnaire_TLFiCategoriesTEI#l79021"/>
                <span target="#t3196" pos="KON" lemma="et" corresp="#noTS"/>
                <span target="#t3197" pos="PRP:det" lemma="du" corresp="#noTS"/>
                <span target="#t3198" pos="NOM" lemma="contenu" corresp="dictionnaire_TLFiCategoriesTEI#l18676"/>
                <span target="#t3199" pos="ADJ" lemma="propositionnel" corresp="dictionnaire_TLFiCategoriesTEI#l60948"/>
                <span target="#t3200" pos="KON" lemma="et" corresp="#noTS"/>
                <span target="#t3201" pos="PRP" lemma="de" corresp="#noTS"/>
                <span target="#t3202" pos="DET:ART" lemma="le" corresp="#noTS"/>
                <span target="#t3203" pos="NOM" lemma="implicitation" corresp="#noTS"/>
                <span target="#t3204" pos="ADJ" lemma="relatif" corresp="dictionnaire_TLFiCategoriesTEI#l64729"/>
                <span target="#t3205" pos="PRP" lemma="à" corresp="#noTS"/>
                <span target="#t3206" pos="NOM" lemma="p" corresp="dictionnaire_TLFiCategoriesTEI#l53378"/>
                <span target="#t3207" pos="SENT" lemma="." corresp="#noTS"/>
                <span target="#t3208" pos="DET:ART" lemma="le" corresp="#noTS"/>
                <span target="#t3209" pos="NOM" lemma="locuteur" corresp="dictionnaire_TLFiCategoriesTEI#l43905"/>
                <span target="#t3210" pos="VER:pres" lemma="sembler" corresp="dictionnaire_TLFiCategoriesTEI#l69025"/>
                <span target="#t3211" pos="PUN" lemma="," corresp="#noTS"/>
                <span target="#t3212" pos="PRP" lemma="en" corresp="#noTS"/>
                <span target="#t3213" pos="NOM" lemma="effet" corresp="dictionnaire_TLFiCategoriesTEI#l25971"/>
                <span target="#t3214" pos="PUN" lemma="," corresp="#noTS"/>
                <span target="#t3215" pos="VER:infi" lemma="reconnaître"
                      corresp="dictionnaire_TLFiCategoriesTEI#l64035"/>
                <span target="#t3216" pos="DET:ART" lemma="le" corresp="#noTS"/>
                <span target="#t3217" pos="NOM" lemma="lien" corresp="dictionnaire_TLFiCategoriesTEI#l43402"/>
                <span target="#t3218" pos="VER:ppre" lemma="exister" corresp="dictionnaire_TLFiCategoriesTEI#l29517"/>
                <span target="#t3219" pos="PRP" lemma="entre" corresp="#noTS"/>
                <span target="#t3220" pos="DET:ART" lemma="le" corresp="#noTS"/>
                <span target="#t3221" pos="NOM" lemma="fait" corresp="dictionnaire_TLFiCategoriesTEI#l29942"/>
                <span target="#t3222" pos="PRP" lemma="de" corresp="#noTS"/>
                <span target="#t3223" pos="VER:infi" lemma="avoir" corresp="dictionnaire_TLFiCategoriesTEI#l8314"/>
                <span target="#t3224" pos="PRP:det" lemma="du" corresp="#noTS"/>
                <span target="#t3225" pos="NOM" lemma="regret" corresp="dictionnaire_TLFiCategoriesTEI#l64595"/>
                <span target="#t3226" pos="KON" lemma="et" corresp="#noTS"/>
                <span target="#t3227" pos="PRO:DEM" lemma="celui" corresp="#noTS"/>
                <span target="#t3228" pos="PRP" lemma="de" corresp="#noTS"/>
                <span target="#t3229" pos="VER:infi" lemma="quitter" corresp="dictionnaire_TLFiCategoriesTEI#l62441"/>
                <span target="#t3230" pos="DET:ART" lemma="le" corresp="#noTS"/>
                <span target="#t3231" pos="NOM" lemma="studio" corresp="dictionnaire_TLFiCategoriesTEI#l72206"/>
                <span target="#t3232" pos="SENT" lemma="." corresp="#noTS"/>
                <span target="#t3233" pos="ADV" lemma="ainsi" corresp="dictionnaire_TLFiCategoriesTEI#l2975"/>
                <span target="#t3234" pos="PUN" lemma="," corresp="#noTS"/>
                <span target="#t3235" pos="DET:ART" lemma="le" corresp="#noTS"/>
                <span target="#t3236" pos="NOM" lemma="reformulation" corresp="dictionnaire_TLFiCategoriesTEI#l64422"/>
                <span target="#t3237" pos="VER:pper" lemma="introduire"
                      corresp="dictionnaire_TLFiCategoriesTEI#l40732"/>
                <span target="#t3238" pos="PRP" lemma="par" corresp="#noTS"/>
                <span target="#t3239" pos="PRP" lemma="en" corresp="#noTS"/>
                <span target="#t3240" pos="PRO:IND" lemma="tout" corresp="#noTS"/>
                <span target="#t3241" pos="NOM" lemma="cas" corresp="dictionnaire_TLFiCategoriesTEI#l14011"/>
                <span target="#t3242" pos="VER:pres" lemma="résulter" corresp="dictionnaire_TLFiCategoriesTEI#l65630"/>
                <span target="#t3243" pos="ADV" lemma="plus" corresp="DicoWiktionaryCategoriesTEI#l6378 #l6379 #l6380"/>
                <span target="#t3244" pos="PRP" lemma="de" corresp="#noTS"/>
                <span target="#t3245" pos="DET:ART" lemma="le" corresp="#noTS"/>
                <span target="#t3246" pos="NOM" lemma="non-actualisation" corresp="#noTS"/>
                <span target="#t3247" pos="PRP" lemma="de" corresp="#noTS"/>
                <span target="#t3248" pos="DET:ART" lemma="le" corresp="#noTS"/>
                <span target="#t3249" pos="NOM" lemma="implicitation" corresp="#noTS"/>
                <span target="#t3250" pos="ADJ" lemma="inférable" corresp="#noTS"/>
                <span target="#t3251" pos="PRP" lemma="de" corresp="#noTS"/>
                <span target="#t3252" pos="NOM" lemma="p" corresp="dictionnaire_TLFiCategoriesTEI#l53378"/>
                <span target="#t3253" pos="KON" lemma="que" corresp="#noTS"/>
                <span target="#t3254" pos="PRP" lemma="de" corresp="#noTS"/>
                <span target="#t3255" pos="DET:POS" lemma="son" corresp="#noTS"/>
                <span target="#t3256" pos="NOM" lemma="invalidation" corresp="dictionnaire_TLFiCategoriesTEI#l40785"/>
                <span target="#t3257" pos="SENT" lemma="." corresp="#noTS"/>
                <span target="#t3258" pos="PRP" lemma="par" corresp="#noTS"/>
                <span target="#t3259" pos="ADJ" lemma="conséquent" corresp="dictionnaire_TLFiCategoriesTEI#l18492"/>
                <span target="#t3260" pos="PUN" lemma="," corresp="#noTS"/>
                <span target="#t3261" pos="DET:ART" lemma="le" corresp="#noTS"/>
                <span target="#t3262" pos="NUM" lemma="deux" corresp="#noTS"/>
                <span target="#t3263" pos="NOM" lemma="connecteur" corresp="dictionnaire_TLFiCategoriesTEI#l18427"/>
                <span target="#t3264" pos="PRP" lemma="de" corresp="#noTS"/>
                <span target="#t3265" pos="PRO:IND" lemma="tout" corresp="#noTS"/>
                <span target="#t3266" pos="NOM" lemma="façon" corresp="dictionnaire_TLFiCategoriesTEI#l29843"/>
                <span target="#t3267" pos="KON" lemma="et" corresp="#noTS"/>
                <span target="#t3268" pos="PRP" lemma="en" corresp="#noTS"/>
                <span target="#t3269" pos="PRO:IND" lemma="tout" corresp="#noTS"/>
                <span target="#t3270" pos="NOM" lemma="cas" corresp="dictionnaire_TLFiCategoriesTEI#l14011"/>
                <span target="#t3271" pos="ADV" lemma="ne" corresp="#noTS"/>
                <span target="#t3272" pos="VER:pres" lemma="pouvoir" corresp="dictionnaire_TLFiCategoriesTEI#l59664"/>
                <span target="#t3273" pos="VER:infi" lemma="être" corresp="dictionnaire_TLFiCategoriesTEI#l29037"/>
                <span target="#t3274" pos="VER:pper" lemma="considérer"
                      corresp="dictionnaire_TLFiCategoriesTEI#l18512"/>
                <span target="#t3275" pos="PUN" lemma="," corresp="#noTS"/>
                <span target="#t3276" pos="ADV" lemma="contrairement" corresp="dictionnaire_TLFiCategoriesTEI#l18762"/>
                <span target="#t3277" pos="PRP" lemma="à" corresp="#noTS"/>
                <span target="#t3278" pos="PRO:DEM" lemma="ce" corresp="#noTS"/>
                <span target="#t3279" pos="PRO:REL" lemma="que" corresp="#noTS"/>
                <span target="#t3280" pos="VER:pres" lemma="sembler" corresp="dictionnaire_TLFiCategoriesTEI#l69025"/>
                <span target="#t3281" pos="VER:infi" lemma="indiquer" corresp="dictionnaire_TLFiCategoriesTEI#l39395"/>
                <span target="#t3282" pos="PRO:IND" lemma="certain" corresp="#noTS"/>
                <span target="#t3283" pos="NOM" lemma="dictionnaire" corresp="dictionnaire_TLFiCategoriesTEI#l24026"/>
                <span target="#t3284" pos="PUN" lemma="," corresp="#noTS"/>
                <span target="#t3285" pos="KON" lemma="comme" corresp="#noTS"/>
                <span target="#t3286" pos="VER:ppre" lemma="être" corresp="dictionnaire_TLFiCategoriesTEI#l29037"/>
                <span target="#t3287" pos="PRP" lemma="de" corresp="#noTS"/>
                <span target="#t3288" pos="NOM" lemma="parfait" corresp="dictionnaire_TLFiCategoriesTEI#l54377"/>
                <span target="#t3289" pos="ADJ" lemma="synonyme" corresp="dictionnaire_TLFiCategoriesTEI#l73848"/>
                <span target="#t3290" pos="SENT" lemma="." corresp="#noTS"/>
                <span target="#t3291" pos="NUM" lemma="2-2-1-2" corresp="#noTS"/>
                <span target="#t3292" pos="SENT" lemma="." corresp="#noTS"/>
                <span target="#t3293" pos="DET:ART" lemma="le" corresp="#noTS"/>
                <span target="#t3294" pos="NOM" lemma="reformulation" corresp="dictionnaire_TLFiCategoriesTEI#l64422"/>
                <span target="#t3295" pos="PUN" lemma=":" corresp="#noTS"/>
                <span target="#t3296" pos="DET:ART" lemma="un" corresp="#noTS"/>
                <span target="#t3297" pos="NOM" lemma="invalidation" corresp="dictionnaire_TLFiCategoriesTEI#l40785"/>
                <span target="#t3298" pos="PRP" lemma="de" corresp="#noTS"/>
                <span target="#t3299" pos="DET:ART" lemma="le" corresp="#noTS"/>
                <span target="#t3300" pos="NOM" lemma="acte" corresp="dictionnaire_TLFiCategoriesTEI#l968"/>
                <span target="#t3301" pos="ADJ" lemma="illocutoire" corresp="dictionnaire_TLFiCategoriesTEI#l38172"/>
                <span target="#t3302" pos="PRP" lemma="de" corresp="#noTS"/>
                <span target="#t3303" pos="NOM" lemma="p" corresp="dictionnaire_TLFiCategoriesTEI#l53378"/>
                <span target="#t3304" pos="KON" lemma="soit" corresp="#noTS"/>
                <span target="#t3305" pos="DET:ART" lemma="le" corresp="#noTS"/>
                <span target="#t3306" pos="NOM" lemma="énoncé" corresp="dictionnaire_TLFiCategoriesTEI#l27509"/>
                <span target="#t3307" pos="VER:futu" lemma="e" corresp="dictionnaire_TLFiCategoriesTEI#l25334"/>
                <span target="#t3308" pos="NUM" lemma="5" corresp="#noTS"/>
                <span target="#t3309" pos="PUN" lemma="(" corresp="#noTS"/>
                <span target="#t3310" pos="VER:pper" lemma="extraire" corresp="dictionnaire_TLFiCategoriesTEI#l29743"/>
                <span target="#t3311" pos="PRP" lemma="de" corresp="#noTS"/>
                <span target="#t3312" pos="ADJ" lemma="légal" corresp="dictionnaire_TLFiCategoriesTEI#l42958"/>
                <span target="#t3313" pos="KON" lemma="ou" corresp="#noTS"/>
                <span target="#t3314" pos="ADV" lemma="pas" corresp="dictionnaire_TLFiCategoriesTEI#l54617"/>
                <span target="#t3315" pos="ADJ" lemma="légal" corresp="dictionnaire_TLFiCategoriesTEI#l42958"/>
                <span target="#t3316" pos="PUN" lemma="," corresp="#noTS"/>
                <span target="#t3317" pos="VER:pper" lemma="diffuser" corresp="dictionnaire_TLFiCategoriesTEI#l24098"/>
                <span target="#t3318" pos="PRP" lemma="sur" corresp="#noTS"/>
                <span target="#t3319" pos="DET:ART" lemma="le" corresp="#noTS"/>
                <span target="#t3320" pos="NUM" lemma="5" corresp="#noTS"/>
                <span target="#t3321" pos="PUN" lemma=")" corresp="#noTS"/>
                <span target="#t3322" pos="PUN" lemma="–" corresp="#noTS"/>
                <span target="#t3323" pos="PUN" lemma="(" corresp="#noTS"/>
                <span target="#t3324" pos="NOM" lemma="l1" corresp="#noTS"/>
                <span target="#t3325" pos="PUN" lemma=")" corresp="#noTS"/>
                <span target="#t3326" pos="DET:ART" lemma="le" corresp="#noTS"/>
                <span target="#t3327" pos="NOM" lemma="animateur" corresp="dictionnaire_TLFiCategoriesTEI#l5072"/>
                <span target="#t3328" pos="PRO:PER" lemma="se" corresp="#noTS"/>
                <span target="#t3329" pos="VER:ppre" lemma="adresser" corresp="dictionnaire_TLFiCategoriesTEI#l1746"/>
                <span target="#t3330" pos="PRP" lemma="à" corresp="#noTS"/>
                <span target="#t3331" pos="DET:ART" lemma="le" corresp="#noTS"/>
                <span target="#t3332" pos="NOM" lemma="candidat" corresp="dictionnaire_TLFiCategoriesTEI#l13278"/>
                <span target="#t3333" pos="PUN" lemma="," corresp="#noTS"/>
                <span target="#t3334" pos="VER:pper" lemma="rester" corresp="dictionnaire_TLFiCategoriesTEI#l65611"/>
                <span target="#t3335" pos="VER:pper" lemma="bloquer" corresp="dictionnaire_TLFiCategoriesTEI#l10767"/>
                <span target="#t3336" pos="PRP" lemma="en" corresp="#noTS"/>
                <span target="#t3337" pos="NOM" lemma="mi-réponse" corresp="#noTS"/>
                <span target="#t3338" pos="PUN" lemma=":" corresp="#noTS"/>
                <span target="#t3339" pos="PUN:cit" lemma="«" corresp="#noTS"/>
                <span target="#t3340" pos="INT" lemma="oui" corresp="#noTS"/>
                <span target="#t3341" pos="PUN" lemma="," corresp="#noTS"/>
                <span target="#t3342" pos="VER:pper" lemma="renaître" corresp="dictionnaire_TLFiCategoriesTEI#l64978"/>
                <span target="#t3343" pos="SENT" lemma="!" corresp="#noTS"/>
                <span target="#t3344" pos="PUN:cit" lemma="»" corresp="#noTS"/>
                <span target="#t3345" pos="PUN" lemma="–" corresp="#noTS"/>
                <span target="#t3346" pos="PUN" lemma="(" corresp="#noTS"/>
                <span target="#t3347" pos="NOM" lemma="l2" corresp="#noTS"/>
                <span target="#t3348" pos="PUN" lemma=")" corresp="#noTS"/>
                <span target="#t3349" pos="VER:pper" lemma="renaître" corresp="dictionnaire_TLFiCategoriesTEI#l64978"/>
                <span target="#t3350" pos="PUN" lemma=":" corresp="#noTS"/>
                <span target="#t3351" pos="PUN:cit" lemma="«" corresp="#noTS"/>
                <span target="#t3352" pos="PRO:PER" lemma="je" corresp="#noTS"/>
                <span target="#t3353" pos="ADV" lemma="ne" corresp="#noTS"/>
                <span target="#t3354" pos="VER:pres" lemma="savoir" corresp="dictionnaire_TLFiCategoriesTEI#l68248"/>
                <span target="#t3355" pos="ADV" lemma="pas" corresp="dictionnaire_TLFiCategoriesTEI#l54617"/>
                <span target="#t3356" pos="PUN" lemma="," corresp="#noTS"/>
                <span target="#t3357" pos="PRO:DEM" lemma="cela" corresp="#noTS"/>
                <span target="#t3358" pos="VER:pres" lemma="venir" corresp="dictionnaire_TLFiCategoriesTEI#l79477"/>
                <span target="#t3359" pos="ADV" lemma="plus" corresp="DicoWiktionaryCategoriesTEI#l6378 #l6379 #l6380"/>
                <span target="#t3360" pos="PUN:cit" lemma="»" corresp="#noTS"/>
                <span target="#t3361" pos="SENT" lemma="." corresp="#noTS"/>
                <span target="#t3362" pos="PUN" lemma="(" corresp="#noTS"/>
                <span target="#t3363" pos="PRO:PER" lemma="on" corresp="#noTS"/>
                <span target="#t3364" pos="VER:pres" lemma="entendre" corresp="dictionnaire_TLFiCategoriesTEI#l27644"/>
                <span target="#t3365" pos="DET:ART" lemma="le" corresp="#noTS"/>
                <span target="#t3366" pos="NOM" lemma="gong" corresp="dictionnaire_TLFiCategoriesTEI#l34337"/>
                <span target="#t3367" pos="PRO:REL" lemma="qui" corresp="#noTS"/>
                <span target="#t3368" pos="VER:pres" lemma="marquer" corresp="dictionnaire_TLFiCategoriesTEI#l45765"/>
                <span target="#t3369" pos="DET:ART" lemma="le" corresp="#noTS"/>
                <span target="#t3370" pos="NOM" lemma="fin" corresp="dictionnaire_TLFiCategoriesTEI#l30908"/>
                <span target="#t3371" pos="PRP:det" lemma="du" corresp="#noTS"/>
                <span target="#t3372" pos="NOM" lemma="temps" corresp="dictionnaire_TLFiCategoriesTEI#l74949"/>
                <span target="#t3373" pos="PRP" lemma="de" corresp="#noTS"/>
                <span target="#t3374" pos="NOM" lemma="réflexion" corresp="dictionnaire_TLFiCategoriesTEI#l64398"/>
                <span target="#t3375" pos="PUN" lemma=")" corresp="#noTS"/>
                <span target="#t3376" pos="PUN" lemma="–" corresp="#noTS"/>
                <span target="#t3377" pos="PUN" lemma="(" corresp="#noTS"/>
                <span target="#t3378" pos="NOM" lemma="l1" corresp="#noTS"/>
                <span target="#t3379" pos="PUN" lemma=")" corresp="#noTS"/>
                <span target="#t3380" pos="PUN:cit" lemma="«" corresp="#noTS"/>
                <span target="#t3381" pos="INT" lemma="eh" corresp="#noTS"/>
                <span target="#t3382" pos="ADV" lemma="ben" corresp="dictionnaire_TLFiCategoriesTEI#l9742"/>
                <span target="#t3383" pos="PUN" lemma="," corresp="#noTS"/>
                <span target="#t3384" pos="PRO:DEM" lemma="ce" corresp="#noTS"/>
                <span target="#t3385" pos="VER:impf" lemma="être" corresp="dictionnaire_TLFiCategoriesTEI#l29037"/>
                <span target="#t3386" pos="DET:ART" lemma="le" corresp="#noTS"/>
                <span target="#t3387" pos="NOM" lemma="fin" corresp="dictionnaire_TLFiCategoriesTEI#l30908"/>
                <span target="#t3388" pos="PRP" lemma="de" corresp="#noTS"/>
                <span target="#t3389" pos="PRO:IND" lemma="tout" corresp="#noTS"/>
                <span target="#t3390" pos="NOM" lemma="façon" corresp="dictionnaire_TLFiCategoriesTEI#l29843"/>
                <span target="#t3391" pos="SENT" lemma="." corresp="#noTS"/>
                <span target="#t3392" pos="PUN:cit" lemma="»" corresp="#noTS"/>
                <span target="#t3393" pos="PRP" lemma="dans" corresp="#noTS"/>
                <span target="#t3394" pos="PRO:DEM" lemma="ce" corresp="#noTS"/>
                <span target="#t3395" pos="NOM" lemma="énoncé" corresp="dictionnaire_TLFiCategoriesTEI#l27509"/>
                <span target="#t3396" pos="PUN" lemma="," corresp="#noTS"/>
                <span target="#t3397" pos="DET:ART" lemma="le" corresp="#noTS"/>
                <span target="#t3398" pos="NOM" lemma="acte" corresp="dictionnaire_TLFiCategoriesTEI#l968"/>
                <span target="#t3399" pos="ADJ" lemma="discursif" corresp="dictionnaire_TLFiCategoriesTEI#l24374"/>
                <span target="#t3400" pos="VER:pper" lemma="marquer" corresp="dictionnaire_TLFiCategoriesTEI#l45765"/>
                <span target="#t3401" pos="PRP" lemma="par" corresp="#noTS"/>
                <span target="#t3402" pos="PRP" lemma="de" corresp="#noTS"/>
                <span target="#t3403" pos="PRO:IND" lemma="tout" corresp="#noTS"/>
                <span target="#t3404" pos="NOM" lemma="façon" corresp="dictionnaire_TLFiCategoriesTEI#l29843"/>
                <span target="#t3405" pos="PUN" lemma="(" corresp="#noTS"/>
                <span target="#t3406" pos="PUN:cit" lemma="«" corresp="#noTS"/>
                <span target="#t3407" pos="INT" lemma="eh" corresp="#noTS"/>
                <span target="#t3408" pos="ADV" lemma="ben" corresp="dictionnaire_TLFiCategoriesTEI#l9742"/>
                <span target="#t3409" pos="PRO:DEM" lemma="ce" corresp="#noTS"/>
                <span target="#t3410" pos="VER:impf" lemma="être" corresp="dictionnaire_TLFiCategoriesTEI#l29037"/>
                <span target="#t3411" pos="DET:ART" lemma="le" corresp="#noTS"/>
                <span target="#t3412" pos="NOM" lemma="fin" corresp="dictionnaire_TLFiCategoriesTEI#l30908"/>
                <span target="#t3413" pos="PUN:cit" lemma="»" corresp="#noTS"/>
                <span target="#t3414" pos="PUN" lemma=")" corresp="#noTS"/>
                <span target="#t3415" pos="VER:pres" lemma="effectuer" corresp="dictionnaire_TLFiCategoriesTEI#l25959"/>
                <span target="#t3416" pos="ADV" lemma="rétrospectivement"
                      corresp="dictionnaire_TLFiCategoriesTEI#l65841"/>
                <span target="#t3417" pos="DET:ART" lemma="un" corresp="#noTS"/>
                <span target="#t3418" pos="NOM" lemma="reformulation" corresp="dictionnaire_TLFiCategoriesTEI#l64422"/>
                <span target="#t3419" pos="PRP:det" lemma="du" corresp="#noTS"/>
                <span target="#t3420" pos="NOM" lemma="acte" corresp="dictionnaire_TLFiCategoriesTEI#l968"/>
                <span target="#t3421" pos="ADJ" lemma="discursif" corresp="dictionnaire_TLFiCategoriesTEI#l24374"/>
                <span target="#t3422" pos="ADJ" lemma="précédent" corresp="dictionnaire_TLFiCategoriesTEI#l59933"/>
                <span target="#t3423" pos="PUN" lemma="," corresp="#noTS"/>
                <span target="#t3424" pos="PRP" lemma="à" corresp="#noTS"/>
                <span target="#t3425" pos="VER:infi" lemma="savoir" corresp="dictionnaire_TLFiCategoriesTEI#l68248"/>
                <span target="#t3426" pos="DET:ART" lemma="le" corresp="#noTS"/>
                <span target="#t3427" pos="NOM" lemma="demande" corresp="dictionnaire_TLFiCategoriesTEI#l22487"/>
                <span target="#t3428" pos="PRP" lemma="de" corresp="#noTS"/>
                <span target="#t3429" pos="NOM" lemma="l1" corresp="#noTS"/>
                <span target="#t3430" pos="KON" lemma="et" corresp="#noTS"/>
                <span target="#t3431" pos="DET:ART" lemma="le" corresp="#noTS"/>
                <span target="#t3432" pos="NOM" lemma="réponse" corresp="dictionnaire_TLFiCategoriesTEI#l65294"/>
                <span target="#t3433" pos="PRP" lemma="de" corresp="#noTS"/>
                <span target="#t3434" pos="NOM" lemma="l2" corresp="#noTS"/>
                <span target="#t3435" pos="SENT" lemma="." corresp="#noTS"/>
                <span target="#t3436" pos="PRO:DEM" lemma="ce" corresp="#noTS"/>
                <span target="#t3437" pos="NOM" lemma="reformulation" corresp="dictionnaire_TLFiCategoriesTEI#l64422"/>
                <span target="#t3438" pos="VER:pres" lemma="invalider" corresp="dictionnaire_TLFiCategoriesTEI#l40788"/>
                <span target="#t3439" pos="DET:ART" lemma="le" corresp="#noTS"/>
                <span target="#t3440" pos="NOM" lemma="acte" corresp="dictionnaire_TLFiCategoriesTEI#l968"/>
                <span target="#t3441" pos="ADJ" lemma="illocutoire" corresp="dictionnaire_TLFiCategoriesTEI#l38172"/>
                <span target="#t3442" pos="VER:pper" lemma="réaliser" corresp="dictionnaire_TLFiCategoriesTEI#l63732"/>
                <span target="#t3443" pos="PRP" lemma="en" corresp="#noTS"/>
                <span target="#t3444" pos="NOM" lemma="p" corresp="dictionnaire_TLFiCategoriesTEI#l53378"/>
                <span target="#t3445" pos="KON" lemma="et" corresp="#noTS"/>
                <span target="#t3446" pos="VER:pres" lemma="engendrer" corresp="dictionnaire_TLFiCategoriesTEI#l27374"/>
                <span target="#t3447" pos="DET:ART" lemma="un" corresp="#noTS"/>
                <span target="#t3448" pos="NOM" lemma="remise" corresp="dictionnaire_TLFiCategoriesTEI#l64871"/>
                <span target="#t3449" pos="PRP" lemma="en" corresp="#noTS"/>
                <span target="#t3450" pos="NOM" lemma="cause" corresp="dictionnaire_TLFiCategoriesTEI#l14293"/>
                <span target="#t3451" pos="PRP" lemma="de" corresp="#noTS"/>
                <span target="#t3452" pos="DET:ART" lemma="le" corresp="#noTS"/>
                <span target="#t3453" pos="NOM" lemma="énonciation" corresp="dictionnaire_TLFiCategoriesTEI#l27514"/>
                <span target="#t3454" pos="ADJ" lemma="même" corresp="dictionnaire_TLFiCategoriesTEI#l46594"/>
                <span target="#t3455" pos="PRP" lemma="de" corresp="#noTS"/>
                <span target="#t3456" pos="PRO:DEM" lemma="ce" corresp="#noTS"/>
                <span target="#t3457" pos="NOM" lemma="proposition" corresp="dictionnaire_TLFiCategoriesTEI#l60947"/>
                <span target="#t3458" pos="SENT" lemma="." corresp="#noTS"/>
                <span target="#t3459" pos="PRP" lemma="en" corresp="#noTS"/>
                <span target="#t3460" pos="NOM" lemma="effet" corresp="dictionnaire_TLFiCategoriesTEI#l25971"/>
                <span target="#t3461" pos="PUN" lemma="," corresp="#noTS"/>
                <span target="#t3462" pos="PRP" lemma="par" corresp="#noTS"/>
                <span target="#t3463" pos="DET:ART" lemma="le" corresp="#noTS"/>
                <span target="#t3464" pos="NOM" lemma="biais" corresp="dictionnaire_TLFiCategoriesTEI#l9999"/>
                <span target="#t3465" pos="PRP" lemma="de" corresp="#noTS"/>
                <span target="#t3466" pos="DET:ART" lemma="le" corresp="#noTS"/>
                <span target="#t3467" pos="NOM" lemma="proposition" corresp="dictionnaire_TLFiCategoriesTEI#l60947"/>
                <span target="#t3468" pos="ADJ" lemma="r" corresp="dictionnaire_TLFiCategoriesTEI#l62459"/>
                <span target="#t3469" pos="PUN" lemma="," corresp="#noTS"/>
                <span target="#t3470" pos="DET:ART" lemma="le" corresp="#noTS"/>
                <span target="#t3471" pos="NOM" lemma="locuteur" corresp="dictionnaire_TLFiCategoriesTEI#l43905"/>
                <span target="#t3472" pos="VER:pres" lemma="remettre" corresp="dictionnaire_TLFiCategoriesTEI#l64866"/>
                <span target="#t3473" pos="PRP" lemma="en" corresp="#noTS"/>
                <span target="#t3474" pos="NOM" lemma="cause" corresp="dictionnaire_TLFiCategoriesTEI#l14293"/>
                <span target="#t3475" pos="DET:POS" lemma="son" corresp="#noTS"/>
                <span target="#t3476" pos="NOM" lemma="demande" corresp="dictionnaire_TLFiCategoriesTEI#l22487"/>
                <span target="#t3477" pos="PRP" lemma="de" corresp="#noTS"/>
                <span target="#t3478" pos="NOM" lemma="justification" corresp="dictionnaire_TLFiCategoriesTEI#l41924"/>
                <span target="#t3479" pos="PUN" lemma="," corresp="#noTS"/>
                <span target="#t3480" pos="KON" lemma="ainsi" corresp="#noTS"/>
                <span target="#t3481" pos="KON" lemma="que" corresp="#noTS"/>
                <span target="#t3482" pos="DET:ART" lemma="le" corresp="#noTS"/>
                <span target="#t3483" pos="NOM" lemma="activité" corresp="dictionnaire_TLFiCategoriesTEI#l1031"/>
                <span target="#t3484" pos="ADJ" lemma="argumentative" corresp="#noTS"/>
                <span target="#t3485" pos="VER:pper" lemma="effectuer" corresp="dictionnaire_TLFiCategoriesTEI#l25959"/>
                <span target="#t3486" pos="PRP" lemma="par" corresp="#noTS"/>
                <span target="#t3487" pos="NOM" lemma="l2" corresp="#noTS"/>
                <span target="#t3488" pos="PUN" lemma="(" corresp="#noTS"/>
                <span target="#t3489" pos="VER:pper" lemma="renaître" corresp="dictionnaire_TLFiCategoriesTEI#l64978"/>
                <span target="#t3490" pos="PUN" lemma=")" corresp="#noTS"/>
                <span target="#t3491" pos="SENT" lemma="." corresp="#noTS"/>
                <span target="#t3492" pos="PRO:DEM" lemma="ce" corresp="#noTS"/>
                <span target="#t3493" pos="NUM" lemma="deux" corresp="#noTS"/>
                <span target="#t3494" pos="NOM" lemma="acte" corresp="dictionnaire_TLFiCategoriesTEI#l968"/>
                <span target="#t3495" pos="ADJ" lemma="discursif" corresp="dictionnaire_TLFiCategoriesTEI#l24374"/>
                <span target="#t3496" pos="VER:pres" lemma="être" corresp="dictionnaire_TLFiCategoriesTEI#l29037"/>
                <span target="#t3497" pos="ADV" lemma="donc" corresp="#noTS"/>
                <span target="#t3498" pos="VER:pper" lemma="présenter" corresp="dictionnaire_TLFiCategoriesTEI#l60258"/>
                <span target="#t3499" pos="PUN" lemma="," corresp="#noTS"/>
                <span target="#t3500" pos="PRP" lemma="après" corresp="#noTS"/>
                <span target="#t3501" pos="NOM" lemma="coup" corresp="dictionnaire_TLFiCategoriesTEI#l19690"/>
                <span target="#t3502" pos="PUN" lemma="," corresp="#noTS"/>
                <span target="#t3503" pos="KON" lemma="comme" corresp="#noTS"/>
                <span target="#t3504" pos="VER:ppre" lemma="être" corresp="dictionnaire_TLFiCategoriesTEI#l29037"/>
                <span target="#t3505" pos="ADJ" lemma="inutile" corresp="dictionnaire_TLFiCategoriesTEI#l40775"/>
                <span target="#t3506" pos="SENT" lemma="." corresp="#noTS"/>
                <span target="#t3507" pos="PRO:PER" lemma="nous" corresp="#noTS"/>
                <span target="#t3508" pos="VER:pres" lemma="pouvoir" corresp="dictionnaire_TLFiCategoriesTEI#l59664"/>
                <span target="#t3509" pos="VER:infi" lemma="paraphraser"
                      corresp="dictionnaire_TLFiCategoriesTEI#l54244"/>
                <span target="#t3510" pos="PRO:DEM" lemma="ce" corresp="#noTS"/>
                <span target="#t3511" pos="NOM" lemma="énoncé" corresp="dictionnaire_TLFiCategoriesTEI#l27509"/>
                <span target="#t3512" pos="ADV" lemma="comme" corresp="DicoWiktionaryCategoriesTEI#l8041"/>
                <span target="#t3513" pos="VER:pres" lemma="suivre" corresp="dictionnaire_TLFiCategoriesTEI#l72609"/>
                <span target="#t3514" pos="PUN" lemma=":" corresp="#noTS"/>
                <span target="#t3515" pos="PUN:cit" lemma="«" corresp="#noTS"/>
                <span target="#t3516" pos="PRP" lemma="de" corresp="#noTS"/>
                <span target="#t3517" pos="PRP" lemma="après" corresp="#noTS"/>
                <span target="#t3518" pos="DET:ART" lemma="le" corresp="#noTS"/>
                <span target="#t3519" pos="NOM" lemma="locuteur" corresp="dictionnaire_TLFiCategoriesTEI#l43905"/>
                <span target="#t3520" pos="ADJ" lemma="l1" corresp="#noTS"/>
                <span target="#t3521" pos="PUN" lemma="," corresp="#noTS"/>
                <span target="#t3522" pos="PRO:PER" lemma="il" corresp="#noTS"/>
                <span target="#t3523" pos="ADV" lemma="ne" corresp="#noTS"/>
                <span target="#t3524" pos="VER:pres" lemma="servir" corresp="dictionnaire_TLFiCategoriesTEI#l69506"/>
                <span target="#t3525" pos="PRP" lemma="à" corresp="#noTS"/>
                <span target="#t3526" pos="NOM" lemma="rien" corresp="DicoWiktionaryCategoriesTEI#l817"/>
                <span target="#t3527" pos="KON" lemma="que" corresp="#noTS"/>
                <span target="#t3528" pos="NOM" lemma="l2" corresp="#noTS"/>
                <span target="#t3529" pos="VER:subp" lemma="répondre" corresp="dictionnaire_TLFiCategoriesTEI#l65291"/>
                <span target="#t3530" pos="PRP" lemma="à" corresp="#noTS"/>
                <span target="#t3531" pos="DET:POS" lemma="son" corresp="#noTS"/>
                <span target="#t3532" pos="NOM" lemma="question" corresp="dictionnaire_TLFiCategoriesTEI#l62301"/>
                <span target="#t3533" pos="PRP" lemma="par" corresp="#noTS"/>
                <span target="#t3534" pos="DET:ART" lemma="un" corresp="#noTS"/>
                <span target="#t3535" pos="NOM" lemma="acte" corresp="dictionnaire_TLFiCategoriesTEI#l968"/>
                <span target="#t3536" pos="VER:ppre" lemma="justifier" corresp="dictionnaire_TLFiCategoriesTEI#l41925"/>
                <span target="#t3537" pos="DET:POS" lemma="son" corresp="#noTS"/>
                <span target="#t3538" pos="NOM" lemma="silence" corresp="dictionnaire_TLFiCategoriesTEI#l69792"/>
                <span target="#t3539" pos="KON" lemma="puisque" corresp="#noTS"/>
                <span target="#t3540" pos="PUN" lemma="[" corresp="#noTS"/>
                <span target="#t3541" pos="PRP" lemma="de" corresp="#noTS"/>
                <span target="#t3542" pos="PRO:IND" lemma="tout" corresp="#noTS"/>
                <span target="#t3543" pos="NOM" lemma="façon" corresp="dictionnaire_TLFiCategoriesTEI#l29843"/>
                <span target="#t3544" pos="PUN" lemma="]" corresp="#noTS"/>
                <span target="#t3545" pos="PRO:PER" lemma="il" corresp="#noTS"/>
                <span target="#t3546" pos="VER:pres" lemma="savoir" corresp="dictionnaire_TLFiCategoriesTEI#l68248"/>
                <span target="#t3547" pos="KON" lemma="que" corresp="#noTS"/>
                <span target="#t3548" pos="NOM" lemma="l2" corresp="#noTS"/>
                <span target="#t3549" pos="ADV" lemma="ne" corresp="#noTS"/>
                <span target="#t3550" pos="VER:cond" lemma="avoir" corresp="dictionnaire_TLFiCategoriesTEI#l8314"/>
                <span target="#t3551" pos="ADV" lemma="pas" corresp="dictionnaire_TLFiCategoriesTEI#l54617"/>
                <span target="#t3552" pos="VER:pper" lemma="pouvoir" corresp="dictionnaire_TLFiCategoriesTEI#l59664"/>
                <span target="#t3553" pos="VER:infi" lemma="terminer" corresp="dictionnaire_TLFiCategoriesTEI#l75134"/>
                <span target="#t3554" pos="DET:POS" lemma="son" corresp="#noTS"/>
                <span target="#t3555" pos="NOM" lemma="réponse" corresp="dictionnaire_TLFiCategoriesTEI#l65294"/>
                <span target="#t3556" pos="VER:pres" lemma="fauter" corresp="dictionnaire_TLFiCategoriesTEI#l30184"/>
                <span target="#t3557" pos="PRP" lemma="de" corresp="#noTS"/>
                <span target="#t3558" pos="NOM" lemma="temps" corresp="dictionnaire_TLFiCategoriesTEI#l74949"/>
                <span target="#t3559" pos="SENT" lemma="." corresp="#noTS"/>
                <span target="#t3560" pos="PUN:cit" lemma="»" corresp="#noTS"/>
                <span target="#t3561" pos="PRP" lemma="dans" corresp="#noTS"/>
                <span target="#t3562" pos="PRO:DEM" lemma="ce" corresp="#noTS"/>
                <span target="#t3563" pos="NOM" lemma="énoncé" corresp="dictionnaire_TLFiCategoriesTEI#l27509"/>
                <span target="#t3564" pos="PUN" lemma="," corresp="#noTS"/>
                <span target="#t3565" pos="PRO:PER" lemma="nous" corresp="#noTS"/>
                <span target="#t3566" pos="ADV" lemma="ne" corresp="#noTS"/>
                <span target="#t3567" pos="VER:pres" lemma="pouvoir" corresp="dictionnaire_TLFiCategoriesTEI#l59664"/>
                <span target="#t3568" pos="ADV" lemma="pas" corresp="dictionnaire_TLFiCategoriesTEI#l54617"/>
                <span target="#t3569" pos="VER:infi" lemma="remplacer" corresp="dictionnaire_TLFiCategoriesTEI#l64937"/>
                <span target="#t3570" pos="DET:ART" lemma="le" corresp="#noTS"/>
                <span target="#t3571" pos="NOM" lemma="connecteur" corresp="dictionnaire_TLFiCategoriesTEI#l18427"/>
                <span target="#t3572" pos="PRP" lemma="de" corresp="#noTS"/>
                <span target="#t3573" pos="PRO:IND" lemma="tout" corresp="#noTS"/>
                <span target="#t3574" pos="NOM" lemma="façon" corresp="dictionnaire_TLFiCategoriesTEI#l29843"/>
                <span target="#t3575" pos="PRP" lemma="par" corresp="#noTS"/>
                <span target="#t3576" pos="PRP" lemma="en" corresp="#noTS"/>
                <span target="#t3577" pos="PRO:IND" lemma="tout" corresp="#noTS"/>
                <span target="#t3578" pos="NOM" lemma="cas" corresp="dictionnaire_TLFiCategoriesTEI#l14011"/>
                <span target="#t3579" pos="SENT" lemma="." corresp="#noTS"/>
                <span target="#t3580" pos="PRP" lemma="en" corresp="#noTS"/>
                <span target="#t3581" pos="NOM" lemma="effet" corresp="dictionnaire_TLFiCategoriesTEI#l25971"/>
                <span target="#t3582" pos="PUN" lemma="," corresp="#noTS"/>
                <span target="#t3583" pos="DET:ART" lemma="le" corresp="#noTS"/>
                <span target="#t3584" pos="NOM" lemma="particularité" corresp="dictionnaire_TLFiCategoriesTEI#l54577"/>
                <span target="#t3585" pos="PRP" lemma="de" corresp="#noTS"/>
                <span target="#t3586" pos="DET:ART" lemma="le" corresp="#noTS"/>
                <span target="#t3587" pos="NOM" lemma="emploi" corresp="dictionnaire_TLFiCategoriesTEI#l26844"/>
                <span target="#t3588" pos="PRP:det" lemma="du" corresp="#noTS"/>
                <span target="#t3589" pos="NOM" lemma="premier" corresp="dictionnaire_TLFiCategoriesTEI#l60151"/>
                <span target="#t3590" pos="VER:pres" lemma="résider" corresp="dictionnaire_TLFiCategoriesTEI#l65459"/>
                <span target="#t3591" pos="PRP" lemma="dans" corresp="#noTS"/>
                <span target="#t3592" pos="DET:ART" lemma="le" corresp="#noTS"/>
                <span target="#t3593" pos="NOM" lemma="fait" corresp="dictionnaire_TLFiCategoriesTEI#l29942"/>
                <span target="#t3594" pos="PRP" lemma="de" corresp="#noTS"/>
                <span target="#t3595" pos="VER:infi" lemma="pouvoir" corresp="dictionnaire_TLFiCategoriesTEI#l59664"/>
                <span target="#t3596" pos="VER:infi" lemma="introduire"
                      corresp="dictionnaire_TLFiCategoriesTEI#l40732"/>
                <span target="#t3597" pos="DET:ART" lemma="un" corresp="#noTS"/>
                <span target="#t3598" pos="NOM" lemma="remise" corresp="dictionnaire_TLFiCategoriesTEI#l64871"/>
                <span target="#t3599" pos="PRP" lemma="en" corresp="#noTS"/>
                <span target="#t3600" pos="NOM" lemma="cause" corresp="dictionnaire_TLFiCategoriesTEI#l14293"/>
                <span target="#t3601" pos="PRP" lemma="de" corresp="#noTS"/>
                <span target="#t3602" pos="DET:ART" lemma="le" corresp="#noTS"/>
                <span target="#t3603" pos="NOM" lemma="pertinence" corresp="dictionnaire_TLFiCategoriesTEI#l56124"/>
                <span target="#t3604" pos="PRP" lemma="de" corresp="#noTS"/>
                <span target="#t3605" pos="DET:ART" lemma="le" corresp="#noTS"/>
                <span target="#t3606" pos="NOM" lemma="acte" corresp="dictionnaire_TLFiCategoriesTEI#l968"/>
                <span target="#t3607" pos="ADJ" lemma="illocutoire" corresp="dictionnaire_TLFiCategoriesTEI#l38172"/>
                <span target="#t3608" pos="PRP" lemma="de" corresp="#noTS"/>
                <span target="#t3609" pos="DET:ART" lemma="le" corresp="#noTS"/>
                <span target="#t3610" pos="NOM" lemma="énoncé" corresp="dictionnaire_TLFiCategoriesTEI#l27509"/>
                <span target="#t3611" pos="ADJ" lemma="antérieur" corresp="dictionnaire_TLFiCategoriesTEI#l5272"/>
                <span target="#t3612" pos="SENT" lemma="." corresp="#noTS"/>
                <span target="#t3613" pos="NOM" lemma="e" corresp="dictionnaire_TLFiCategoriesTEI#l25334"/>
                <span target="#t3614" pos="PUN" lemma="'" corresp="#noTS"/>
                <span target="#t3615" pos="NUM" lemma="5" corresp="#noTS"/>
                <span target="#t3616" pos="NOM" lemma="l1" corresp="#noTS"/>
                <span target="#t3617" pos="PUN" lemma=":" corresp="#noTS"/>
                <span target="#t3618" pos="PUN:cit" lemma="«" corresp="#noTS"/>
                <span target="#t3619" pos="INT" lemma="oui" corresp="#noTS"/>
                <span target="#t3620" pos="PUN" lemma="," corresp="#noTS"/>
                <span target="#t3621" pos="VER:pper" lemma="renaître" corresp="dictionnaire_TLFiCategoriesTEI#l64978"/>
                <span target="#t3622" pos="SENT" lemma="!" corresp="#noTS"/>
                <span target="#t3623" pos="PUN:cit" lemma="»" corresp="#noTS"/>
                <span target="#t3624" pos="NOM" lemma="l2" corresp="#noTS"/>
                <span target="#t3625" pos="PUN" lemma=":" corresp="#noTS"/>
                <span target="#t3626" pos="PUN:cit" lemma="«" corresp="#noTS"/>
                <span target="#t3627" pos="PRO:PER" lemma="je" corresp="#noTS"/>
                <span target="#t3628" pos="ADV" lemma="ne" corresp="#noTS"/>
                <span target="#t3629" pos="VER:pres" lemma="savoir" corresp="dictionnaire_TLFiCategoriesTEI#l68248"/>
                <span target="#t3630" pos="ADV" lemma="pas" corresp="dictionnaire_TLFiCategoriesTEI#l54617"/>
                <span target="#t3631" pos="SENT" lemma="." corresp="#noTS"/>
                <span target="#t3632" pos="PRO:DEM" lemma="cela" corresp="#noTS"/>
                <span target="#t3633" pos="VER:pres" lemma="venir" corresp="dictionnaire_TLFiCategoriesTEI#l79477"/>
                <span target="#t3634" pos="ADV" lemma="plus" corresp="DicoWiktionaryCategoriesTEI#l6378 #l6379 #l6380"/>
                <span target="#t3635" pos="PUN:cit" lemma="»" corresp="#noTS"/>
                <span target="#t3636" pos="SENT" lemma="." corresp="#noTS"/>
                <span target="#t3637" pos="NOM" lemma="l1" corresp="#noTS"/>
                <span target="#t3638" pos="PUN" lemma=":" corresp="#noTS"/>
                <span target="#t3639" pos="SENT" lemma="" corresp="#noTS"/>
                <span target="#t3640" pos="PUN:cit" lemma="«" corresp="#noTS"/>
                <span target="#t3641" pos="INT" lemma="eh" corresp="#noTS"/>
                <span target="#t3642" pos="ADV" lemma="ben" corresp="dictionnaire_TLFiCategoriesTEI#l9742"/>
                <span target="#t3643" pos="PUN" lemma="," corresp="#noTS"/>
                <span target="#t3644" pos="PRO:DEM" lemma="ce" corresp="#noTS"/>
                <span target="#t3645" pos="VER:impf" lemma="être" corresp="dictionnaire_TLFiCategoriesTEI#l29037"/>
                <span target="#t3646" pos="DET:ART" lemma="le" corresp="#noTS"/>
                <span target="#t3647" pos="NOM" lemma="fin" corresp="dictionnaire_TLFiCategoriesTEI#l30908"/>
                <span target="#t3648" pos="PRP" lemma="en" corresp="#noTS"/>
                <span target="#t3649" pos="PRO:IND" lemma="tout" corresp="#noTS"/>
                <span target="#t3650" pos="NOM" lemma="cas" corresp="dictionnaire_TLFiCategoriesTEI#l14011"/>
                <span target="#t3651" pos="PUN:cit" lemma="»" corresp="#noTS"/>
                <span target="#t3652" pos="SENT" lemma="." corresp="#noTS"/>
                <span target="#t3653" pos="ADV" lemma="ici" corresp="dictionnaire_TLFiCategoriesTEI#l37936"/>
                <span target="#t3654" pos="PUN" lemma="," corresp="#noTS"/>
                <span target="#t3655" pos="DET:ART" lemma="le" corresp="#noTS"/>
                <span target="#t3656" pos="NOM" lemma="intervention" corresp="dictionnaire_TLFiCategoriesTEI#l40636"/>
                <span target="#t3657" pos="PRP" lemma="de" corresp="#noTS"/>
                <span target="#t3658" pos="PRP" lemma="en" corresp="#noTS"/>
                <span target="#t3659" pos="PRO:IND" lemma="tout" corresp="#noTS"/>
                <span target="#t3660" pos="NOM" lemma="cas" corresp="dictionnaire_TLFiCategoriesTEI#l14011"/>
                <span target="#t3661" pos="VER:pres" lemma="rendre" corresp="dictionnaire_TLFiCategoriesTEI#l65011"/>
                <span target="#t3662" pos="DET:ART" lemma="le" corresp="#noTS"/>
                <span target="#t3663" pos="NOM" lemma="énoncé" corresp="dictionnaire_TLFiCategoriesTEI#l27509"/>
                <span target="#t3664" pos="ADJ" lemma="e" corresp="dictionnaire_TLFiCategoriesTEI#l25334"/>
                <span target="#t3665" pos="PUN" lemma="'" corresp="#noTS"/>
                <span target="#t3666" pos="NUM" lemma="5" corresp="#noTS"/>
                <span target="#t3667" pos="ADJ" lemma="inacceptable" corresp="dictionnaire_TLFiCategoriesTEI#l38802"/>
                <span target="#t3668" pos="SENT" lemma="." corresp="#noTS"/>
                <span target="#t3669" pos="DET:ART" lemma="le" corresp="#noTS"/>
                <span target="#t3670" pos="NOM" lemma="emploi" corresp="dictionnaire_TLFiCategoriesTEI#l26844"/>
                <span target="#t3671" pos="PRP" lemma="de" corresp="#noTS"/>
                <span target="#t3672" pos="PRO:DEM" lemma="ce" corresp="#noTS"/>
                <span target="#t3673" pos="NOM" lemma="mot" corresp="dictionnaire_TLFiCategoriesTEI#l48765"/>
                <span target="#t3674" pos="PRP:det" lemma="du" corresp="#noTS"/>
                <span target="#t3675" pos="NOM" lemma="discours" corresp="dictionnaire_TLFiCategoriesTEI#l24354"/>
                <span target="#t3676" pos="ADV" lemma="ne" corresp="#noTS"/>
                <span target="#t3677" pos="VER:pres" lemma="être" corresp="dictionnaire_TLFiCategoriesTEI#l29037"/>
                <span target="#t3678" pos="ADV" lemma="pas" corresp="dictionnaire_TLFiCategoriesTEI#l54617"/>
                <span target="#t3679" pos="PUN" lemma="," corresp="#noTS"/>
                <span target="#t3680" pos="PRP" lemma="en" corresp="#noTS"/>
                <span target="#t3681" pos="NOM" lemma="effet" corresp="dictionnaire_TLFiCategoriesTEI#l25971"/>
                <span target="#t3682" pos="PUN" lemma="," corresp="#noTS"/>
                <span target="#t3683" pos="ADJ" lemma="compatible" corresp="dictionnaire_TLFiCategoriesTEI#l17864"/>
                <span target="#t3684" pos="PRP" lemma="avec" corresp="#noTS"/>
                <span target="#t3685" pos="DET:ART" lemma="le" corresp="#noTS"/>
                <span target="#t3686" pos="NOM" lemma="effet" corresp="dictionnaire_TLFiCategoriesTEI#l25971"/>
                <span target="#t3687" pos="PRP" lemma="de" corresp="#noTS"/>
                <span target="#t3688" pos="NOM" lemma="sens" corresp="dictionnaire_TLFiCategoriesTEI#l69148"/>
                <span target="#t3689" pos="VER:pper" lemma="vouloir" corresp="dictionnaire_TLFiCategoriesTEI#l80719"/>
                <span target="#t3690" pos="PRP" lemma="par" corresp="#noTS"/>
                <span target="#t3691" pos="NOM" lemma="l1" corresp="#noTS"/>
                <span target="#t3692" pos="PUN" lemma="," corresp="#noTS"/>
                <span target="#t3693" pos="PRP" lemma="à" corresp="#noTS"/>
                <span target="#t3694" pos="VER:infi" lemma="savoir" corresp="dictionnaire_TLFiCategoriesTEI#l68248"/>
                <span target="#t3695" pos="DET:ART" lemma="le" corresp="#noTS"/>
                <span target="#t3696" pos="NOM" lemma="remise" corresp="dictionnaire_TLFiCategoriesTEI#l64871"/>
                <span target="#t3697" pos="PRP" lemma="en" corresp="#noTS"/>
                <span target="#t3698" pos="NOM" lemma="cause" corresp="dictionnaire_TLFiCategoriesTEI#l14293"/>
                <span target="#t3699" pos="PRP" lemma="de" corresp="#noTS"/>
                <span target="#t3700" pos="DET:ART" lemma="le" corresp="#noTS"/>
                <span target="#t3701" pos="NOM" lemma="activité" corresp="dictionnaire_TLFiCategoriesTEI#l1031"/>
                <span target="#t3702" pos="ADJ" lemma="argumentative" corresp="#noTS"/>
                <span target="#t3703" pos="VER:pper" lemma="faire" corresp="dictionnaire_TLFiCategoriesTEI#l29921"/>
                <span target="#t3704" pos="PRP" lemma="par" corresp="#noTS"/>
                <span target="#t3705" pos="NOM" lemma="l2" corresp="#noTS"/>
                <span target="#t3706" pos="SENT" lemma="." corresp="#noTS"/>
                <span target="#t3707" pos="DET:ART" lemma="le" corresp="#noTS"/>
                <span target="#t3708" pos="NOM" lemma="substitution" corresp="dictionnaire_TLFiCategoriesTEI#l72420"/>
                <span target="#t3709" pos="VER:cond" lemma="avoir" corresp="dictionnaire_TLFiCategoriesTEI#l8314"/>
                <span target="#t3710" pos="VER:pper" lemma="être" corresp="dictionnaire_TLFiCategoriesTEI#l29037"/>
                <span target="#t3711" pos="PUN" lemma="," corresp="#noTS"/>
                <span target="#t3712" pos="ADV" lemma="cependant" corresp="dictionnaire_TLFiCategoriesTEI#l14595"/>
                <span target="#t3713" pos="PUN" lemma="," corresp="#noTS"/>
                <span target="#t3714" pos="ADJ" lemma="possible" corresp="dictionnaire_TLFiCategoriesTEI#l59344"/>
                <span target="#t3715" pos="KON" lemma="si" corresp="#noTS"/>
                <span target="#t3716" pos="DET:ART" lemma="le" corresp="#noTS"/>
                <span target="#t3717" pos="NOM" lemma="locuteur" corresp="dictionnaire_TLFiCategoriesTEI#l43905"/>
                <span target="#t3718" pos="VER:impf" lemma="avoir" corresp="dictionnaire_TLFiCategoriesTEI#l8314"/>
                <span target="#t3719" pos="VER:pper" lemma="formuler" corresp="dictionnaire_TLFiCategoriesTEI#l31586"/>
                <span target="#t3720" pos="DET:POS" lemma="son" corresp="#noTS"/>
                <span target="#t3721" pos="NOM" lemma="énoncé" corresp="dictionnaire_TLFiCategoriesTEI#l27509"/>
                <span target="#t3722" pos="ADV" lemma="ainsi" corresp="dictionnaire_TLFiCategoriesTEI#l2975"/>
                <span target="#t3723" pos="PUN" lemma=":" corresp="#noTS"/>
                <span target="#t3724" pos="PUN:cit" lemma="«" corresp="#noTS"/>
                <span target="#t3725" pos="INT" lemma="eh" corresp="#noTS"/>
                <span target="#t3726" pos="ADV" lemma="ben" corresp="dictionnaire_TLFiCategoriesTEI#l9742"/>
                <span target="#t3727" pos="PUN" lemma="," corresp="#noTS"/>
                <span target="#t3728" pos="PRO:DEM" lemma="ce" corresp="#noTS"/>
                <span target="#t3729" pos="VER:impf" lemma="être" corresp="dictionnaire_TLFiCategoriesTEI#l29037"/>
                <span target="#t3730" pos="DET:ART" lemma="le" corresp="#noTS"/>
                <span target="#t3731" pos="NOM" lemma="fin" corresp="dictionnaire_TLFiCategoriesTEI#l30908"/>
                <span target="#t3732" pos="SENT" lemma="." corresp="#noTS"/>
                <span target="#t3733" pos="PRP" lemma="en" corresp="#noTS"/>
                <span target="#t3734" pos="PRO:IND" lemma="tout" corresp="#noTS"/>
                <span target="#t3735" pos="NOM" lemma="cas" corresp="dictionnaire_TLFiCategoriesTEI#l14011"/>
                <span target="#t3736" pos="PUN" lemma="," corresp="#noTS"/>
                <span target="#t3737" pos="PRO:PER" lemma="vous" corresp="#noTS"/>
                <span target="#t3738" pos="ADV" lemma="ne" corresp="#noTS"/>
                <span target="#t3739" pos="VER:impf" lemma="avoir" corresp="dictionnaire_TLFiCategoriesTEI#l8314"/>
                <span target="#t3740" pos="ADV" lemma="pas" corresp="dictionnaire_TLFiCategoriesTEI#l54617"/>
                <span target="#t3741" pos="DET:ART" lemma="le" corresp="#noTS"/>
                <span target="#t3742" pos="NOM" lemma="air" corresp="dictionnaire_TLFiCategoriesTEI#l2977"/>
                <span target="#t3743" pos="PRP" lemma="de" corresp="#noTS"/>
                <span target="#t3744" pos="PRO:IND" lemma="quelqu'un" corresp="#noTS"/>
                <span target="#t3745" pos="PRO:REL" lemma="qui" corresp="#noTS"/>
                <span target="#t3746" pos="VER:cond" lemma="avoir" corresp="dictionnaire_TLFiCategoriesTEI#l8314"/>
                <span target="#t3747" pos="VER:pper" lemma="pouvoir" corresp="dictionnaire_TLFiCategoriesTEI#l59664"/>
                <span target="#t3748" pos="VER:infi" lemma="trouver" corresp="dictionnaire_TLFiCategoriesTEI#l77853"/>
                <span target="#t3749" pos="DET:ART" lemma="le" corresp="#noTS"/>
                <span target="#t3750" pos="NOM" lemma="réponse" corresp="dictionnaire_TLFiCategoriesTEI#l65294"/>
                <span target="#t3751" pos="PUN:cit" lemma="»" corresp="#noTS"/>
                <span target="#t3752" pos="SENT" lemma="." corresp="#noTS"/>
                <span target="#t3753" pos="PRP" lemma="dans" corresp="#noTS"/>
                <span target="#t3754" pos="PRO:DEM" lemma="ce" corresp="#noTS"/>
                <span target="#t3755" pos="NOM" lemma="cas" corresp="dictionnaire_TLFiCategoriesTEI#l14011"/>
                <span target="#t3756" pos="PUN" lemma="," corresp="#noTS"/>
                <span target="#t3757" pos="PRO:PER" lemma="il" corresp="#noTS"/>
                <span target="#t3758" pos="ADV" lemma="ne" corresp="#noTS"/>
                <span target="#t3759" pos="PRO:PER" lemma="se" corresp="#noTS"/>
                <span target="#t3760" pos="VER:pres" lemma="agir" corresp="dictionnaire_TLFiCategoriesTEI#l2470"/>
                <span target="#t3761" pos="ADV" lemma="plus" corresp="DicoWiktionaryCategoriesTEI#l6378 #l6379 #l6380"/>
                <span target="#t3762" pos="PRP" lemma="de" corresp="#noTS"/>
                <span target="#t3763" pos="DET:ART" lemma="un" corresp="#noTS"/>
                <span target="#t3764" pos="NOM" lemma="invalidation" corresp="dictionnaire_TLFiCategoriesTEI#l40785"/>
                <span target="#t3765" pos="PRP" lemma="de" corresp="#noTS"/>
                <span target="#t3766" pos="DET:ART" lemma="le" corresp="#noTS"/>
                <span target="#t3767" pos="NOM" lemma="acte" corresp="dictionnaire_TLFiCategoriesTEI#l968"/>
                <span target="#t3768" pos="ADJ" lemma="illocutoire" corresp="dictionnaire_TLFiCategoriesTEI#l38172"/>
                <span target="#t3769" pos="PUN" lemma="," corresp="#noTS"/>
                <span target="#t3770" pos="KON" lemma="mais" corresp="#noTS"/>
                <span target="#t3771" pos="ADV" lemma="plutôt" corresp="dictionnaire_TLFiCategoriesTEI#l58374"/>
                <span target="#t3772" pos="PRP" lemma="de" corresp="#noTS"/>
                <span target="#t3773" pos="DET:ART" lemma="le" corresp="#noTS"/>
                <span target="#t3774" pos="NOM" lemma="implicitation" corresp="#noTS"/>
                <span target="#t3775" pos="ADJ" lemma="inférable" corresp="#noTS"/>
                <span target="#t3776" pos="PRP:det" lemma="du" corresp="#noTS"/>
                <span target="#t3777" pos="NOM" lemma="propos" corresp="dictionnaire_TLFiCategoriesTEI#l60942"/>
                <span target="#t3778" pos="PRP" lemma="de" corresp="#noTS"/>
                <span target="#t3779" pos="NOM" lemma="l2" corresp="#noTS"/>
                <span target="#t3780" pos="PUN" lemma="," corresp="#noTS"/>
                <span target="#t3781" pos="PRP" lemma="à" corresp="#noTS"/>
                <span target="#t3782" pos="VER:infi" lemma="savoir" corresp="dictionnaire_TLFiCategoriesTEI#l68248"/>
                <span target="#t3783" pos="PUN" lemma="," corresp="#noTS"/>
                <span target="#t3784" pos="PUN:cit" lemma="«" corresp="#noTS"/>
                <span target="#t3785" pos="PRO:DEM" lemma="cela" corresp="#noTS"/>
                <span target="#t3786" pos="VER:pres" lemma="aller" corresp="dictionnaire_TLFiCategoriesTEI#l3686"/>
                <span target="#t3787" pos="VER:infi" lemma="venir" corresp="dictionnaire_TLFiCategoriesTEI#l79477"/>
                <span target="#t3788" pos="PUN" lemma="," corresp="#noTS"/>
                <span target="#t3789" pos="ADV" lemma="peut-être" corresp="DicoWiktionaryCategoriesTEI#l42274"/>
                <span target="#t3790" pos="PUN:cit" lemma="»" corresp="#noTS"/>
                <span target="#t3791" pos="SENT" lemma="." corresp="#noTS"/>
                <span target="#t3792" pos="NUM" lemma="2-2-1-3" corresp="#noTS"/>
                <span target="#t3793" pos="SENT" lemma="." corresp="#noTS"/>
                <span target="#t3794" pos="DET:ART" lemma="le" corresp="#noTS"/>
                <span target="#t3795" pos="NOM" lemma="reformulation" corresp="dictionnaire_TLFiCategoriesTEI#l64422"/>
                <span target="#t3796" pos="PUN" lemma=":" corresp="#noTS"/>
                <span target="#t3797" pos="DET:ART" lemma="un" corresp="#noTS"/>
                <span target="#t3798" pos="NOM" lemma="invalidation" corresp="dictionnaire_TLFiCategoriesTEI#l40785"/>
                <span target="#t3799" pos="PRP:det" lemma="du" corresp="#noTS"/>
                <span target="#t3800" pos="NOM" lemma="contenu" corresp="dictionnaire_TLFiCategoriesTEI#l18676"/>
                <span target="#t3801" pos="ADJ" lemma="propositionnel" corresp="dictionnaire_TLFiCategoriesTEI#l60948"/>
                <span target="#t3802" pos="PRP" lemma="de" corresp="#noTS"/>
                <span target="#t3803" pos="NOM" lemma="p" corresp="dictionnaire_TLFiCategoriesTEI#l53378"/>
                <span target="#t3804" pos="PRP" lemma="dans" corresp="#noTS"/>
                <span target="#t3805" pos="DET:ART" lemma="un" corresp="#noTS"/>
                <span target="#t3806" pos="NUM" lemma="troisième" corresp="#noTS"/>
                <span target="#t3807" pos="NOM" lemma="cas" corresp="dictionnaire_TLFiCategoriesTEI#l14011"/>
                <span target="#t3808" pos="PRP" lemma="de" corresp="#noTS"/>
                <span target="#t3809" pos="NOM" lemma="figure" corresp="dictionnaire_TLFiCategoriesTEI#l30808"/>
                <span target="#t3810" pos="PUN" lemma="," corresp="#noTS"/>
                <span target="#t3811" pos="DET:ART" lemma="le" corresp="#noTS"/>
                <span target="#t3812" pos="NOM" lemma="remise" corresp="dictionnaire_TLFiCategoriesTEI#l64871"/>
                <span target="#t3813" pos="PRP" lemma="en" corresp="#noTS"/>
                <span target="#t3814" pos="NOM" lemma="cause" corresp="dictionnaire_TLFiCategoriesTEI#l14293"/>
                <span target="#t3815" pos="PRP" lemma="de" corresp="#noTS"/>
                <span target="#t3816" pos="DET:ART" lemma="le" corresp="#noTS"/>
                <span target="#t3817" pos="NOM" lemma="énonciation" corresp="dictionnaire_TLFiCategoriesTEI#l27514"/>
                <span target="#t3818" pos="PRP" lemma="de" corresp="#noTS"/>
                <span target="#t3819" pos="DET:ART" lemma="le" corresp="#noTS"/>
                <span target="#t3820" pos="NOM" lemma="acte" corresp="dictionnaire_TLFiCategoriesTEI#l968"/>
                <span target="#t3821" pos="ADJ" lemma="discursif" corresp="dictionnaire_TLFiCategoriesTEI#l24374"/>
                <span target="#t3822" pos="ADJ" lemma="initial" corresp="dictionnaire_TLFiCategoriesTEI#l39942"/>
                <span target="#t3823" pos="PUN" lemma="(" corresp="#noTS"/>
                <span target="#t3824" pos="NOM" lemma="p" corresp="dictionnaire_TLFiCategoriesTEI#l53378"/>
                <span target="#t3825" pos="PUN" lemma=")" corresp="#noTS"/>
                <span target="#t3826" pos="VER:pres" lemma="demeurer" corresp="dictionnaire_TLFiCategoriesTEI#l22561"/>
                <span target="#t3827" pos="ADV" lemma="toujours" corresp="DicoWiktionaryCategoriesTEI#l1116"/>
                <span target="#t3828" pos="PRP" lemma="de" corresp="#noTS"/>
                <span target="#t3829" pos="NOM" lemma="actualité" corresp="dictionnaire_TLFiCategoriesTEI#l1040"/>
                <span target="#t3830" pos="SENT" lemma="." corresp="#noTS"/>
                <span target="#t3831" pos="KON" lemma="mais" corresp="#noTS"/>
                <span target="#t3832" pos="PRP" lemma="dans" corresp="#noTS"/>
                <span target="#t3833" pos="DET:ART" lemma="le" corresp="#noTS"/>
                <span target="#t3834" pos="NOM" lemma="cas" corresp="dictionnaire_TLFiCategoriesTEI#l14011"/>
                <span target="#t3835" pos="ADJ" lemma="présent" corresp="dictionnaire_TLFiCategoriesTEI#l60248"/>
                <span target="#t3836" pos="PUN" lemma="," corresp="#noTS"/>
                <span target="#t3837" pos="PRO:DEM" lemma="ce" corresp="#noTS"/>
                <span target="#t3838" pos="NOM" lemma="remise" corresp="dictionnaire_TLFiCategoriesTEI#l64871"/>
                <span target="#t3839" pos="PRP" lemma="en" corresp="#noTS"/>
                <span target="#t3840" pos="NOM" lemma="cause" corresp="dictionnaire_TLFiCategoriesTEI#l14293"/>
                <span target="#t3841" pos="ADV" lemma="ne" corresp="#noTS"/>
                <span target="#t3842" pos="VER:pres" lemma="résider" corresp="dictionnaire_TLFiCategoriesTEI#l65459"/>
                <span target="#t3843" pos="ADV" lemma="pas" corresp="dictionnaire_TLFiCategoriesTEI#l54617"/>
                <span target="#t3844" pos="PRP" lemma="dans" corresp="#noTS"/>
                <span target="#t3845" pos="DET:ART" lemma="le" corresp="#noTS"/>
                <span target="#t3846" pos="NOM" lemma="invalidation" corresp="dictionnaire_TLFiCategoriesTEI#l40785"/>
                <span target="#t3847" pos="PRP" lemma="de" corresp="#noTS"/>
                <span target="#t3848" pos="DET:ART" lemma="le" corresp="#noTS"/>
                <span target="#t3849" pos="NOM" lemma="implicitation" corresp="#noTS"/>
                <span target="#t3850" pos="ADJ" lemma="inférable" corresp="#noTS"/>
                <span target="#t3851" pos="PRP" lemma="de" corresp="#noTS"/>
                <span target="#t3852" pos="NOM" lemma="p" corresp="dictionnaire_TLFiCategoriesTEI#l53378"/>
                <span target="#t3853" pos="PUN" lemma="," corresp="#noTS"/>
                <span target="#t3854" pos="KON" lemma="ni" corresp="#noTS"/>
                <span target="#t3855" pos="PRP" lemma="de" corresp="#noTS"/>
                <span target="#t3856" pos="DET:ART" lemma="le" corresp="#noTS"/>
                <span target="#t3857" pos="NOM" lemma="acte" corresp="dictionnaire_TLFiCategoriesTEI#l968"/>
                <span target="#t3858" pos="ADJ" lemma="illocutoire" corresp="dictionnaire_TLFiCategoriesTEI#l38172"/>
                <span target="#t3859" pos="PRO:REL" lemma="qui" corresp="#noTS"/>
                <span target="#t3860" pos="PRO:PER" lemma="lui" corresp="#noTS"/>
                <span target="#t3861" pos="VER:pres" lemma="être" corresp="dictionnaire_TLFiCategoriesTEI#l29037"/>
                <span target="#t3862" pos="VER:pper" lemma="rattacher" corresp="dictionnaire_TLFiCategoriesTEI#l63429"/>
                <span target="#t3863" pos="SENT" lemma="." corresp="#noTS"/>
                <span target="#t3864" pos="PRO:PER" lemma="elle" corresp="#noTS"/>
                <span target="#t3865" pos="VER:pres" lemma="être" corresp="dictionnaire_TLFiCategoriesTEI#l29037"/>
                <span target="#t3866" pos="ADV" lemma="plutôt" corresp="dictionnaire_TLFiCategoriesTEI#l58374"/>
                <span target="#t3867" pos="DET:ART" lemma="le" corresp="#noTS"/>
                <span target="#t3868" pos="NOM" lemma="résultat" corresp="dictionnaire_TLFiCategoriesTEI#l65628"/>
                <span target="#t3869" pos="PRP" lemma="de" corresp="#noTS"/>
                <span target="#t3870" pos="DET:ART" lemma="le" corresp="#noTS"/>
                <span target="#t3871" pos="NOM" lemma="mise" corresp="dictionnaire_TLFiCategoriesTEI#l47828"/>
                <span target="#t3872" pos="PRP" lemma="en" corresp="#noTS"/>
                <span target="#t3873" pos="NOM" lemma="question" corresp="dictionnaire_TLFiCategoriesTEI#l62301"/>
                <span target="#t3874" pos="PRP" lemma="de" corresp="#noTS"/>
                <span target="#t3875" pos="DET:ART" lemma="le" corresp="#noTS"/>
                <span target="#t3876" pos="NOM" lemma="état" corresp="dictionnaire_TLFiCategoriesTEI#l28886"/>
                <span target="#t3877" pos="PRP" lemma="de" corresp="#noTS"/>
                <span target="#t3878" pos="NOM" lemma="chose" corresp="dictionnaire_TLFiCategoriesTEI#l15961"/>
                <span target="#t3879" pos="VER:pper" lemma="exprimer" corresp="dictionnaire_TLFiCategoriesTEI#l29667"/>
                <span target="#t3880" pos="PRP" lemma="en" corresp="#noTS"/>
                <span target="#t3881" pos="NOM" lemma="p" corresp="dictionnaire_TLFiCategoriesTEI#l53378"/>
                <span target="#t3882" pos="SENT" lemma="." corresp="#noTS"/>
                <span target="#t3883" pos="KON" lemma="soit" corresp="#noTS"/>
                <span target="#t3884" pos="VER:subi" lemma="e" corresp="dictionnaire_TLFiCategoriesTEI#l25334"/>
                <span target="#t3885" pos="NUM" lemma="6" corresp="#noTS"/>
                <span target="#t3886" pos="PUN" lemma="(" corresp="#noTS"/>
                <span target="#t3887" pos="VER:pper" lemma="extraire" corresp="dictionnaire_TLFiCategoriesTEI#l29743"/>
                <span target="#t3888" pos="PRP:det" lemma="du" corresp="#noTS"/>
                <span target="#t3889" pos="ADJ" lemma="nouveau" corresp="dictionnaire_TLFiCategoriesTEI#l51087"/>
                <span target="#t3890" pos="NOM" lemma="observateur" corresp="dictionnaire_TLFiCategoriesTEI#l51423"/>
                <span target="#t3891" pos="NOM" lemma="n°1687" corresp="#noTS"/>
                <span target="#t3892" pos="PUN" lemma="," corresp="#noTS"/>
                <span target="#t3893" pos="NOM" lemma="mars" corresp="dictionnaire_TLFiCategoriesTEI#l45790"/>
                <span target="#t3894" pos="NUM" lemma="1997" corresp="#noTS"/>
                <span target="#t3895" pos="PUN" lemma="," corresp="#noTS"/>
                <span target="#t3896" pos="NOM" lemma="p.16" corresp="#noTS"/>
                <span target="#t3897" pos="PUN" lemma=")" corresp="#noTS"/>
                <span target="#t3898" pos="PUN" lemma=":" corresp="#noTS"/>
                <span target="#t3899" pos="PUN" lemma="–" corresp="#noTS"/>
                <span target="#t3900" pos="DET:ART" lemma="le" corresp="#noTS"/>
                <span target="#t3901" pos="ADJ" lemma="nouveau" corresp="dictionnaire_TLFiCategoriesTEI#l51087"/>
                <span target="#t3902" pos="NOM" lemma="observateur" corresp="dictionnaire_TLFiCategoriesTEI#l51423"/>
                <span target="#t3903" pos="PRP" lemma="à" corresp="#noTS"/>
                <span target="#t3904" pos="NOM" lemma="andy" corresp="#noTS"/>
                <span target="#t3905" pos="ADJ" lemma="grove" corresp="#noTS"/>
                <span target="#t3906" pos="PUN" lemma="," corresp="#noTS"/>
                <span target="#t3907" pos="NOM" lemma="patron" corresp="dictionnaire_TLFiCategoriesTEI#l54976"/>
                <span target="#t3908" pos="PRP" lemma="de" corresp="#noTS"/>
                <span target="#t3909" pos="DET:ART" lemma="le" corresp="#noTS"/>
                <span target="#t3910" pos="NOM" lemma="intel" corresp="#noTS"/>
                <span target="#t3911" pos="PUN" lemma=":" corresp="#noTS"/>
                <span target="#t3912" pos="PUN:cit" lemma="«" corresp="#noTS"/>
                <span target="#t3913" pos="ADJ" lemma="intel" corresp="#noTS"/>
                <span target="#t3914" pos="NOM" lemma="affiche" corresp="dictionnaire_TLFiCategoriesTEI#l2036"/>
                <span target="#t3915" pos="NUM" lemma="60" corresp="#noTS"/>
                <span target="#t3916" pos="SYM" lemma="%" corresp="#noTS"/>
                <span target="#t3917" pos="PRP" lemma="de" corresp="#noTS"/>
                <span target="#t3918" pos="NOM" lemma="marge" corresp="dictionnaire_TLFiCategoriesTEI#l45610"/>
                <span target="#t3919" pos="ADJ" lemma="brut" corresp="dictionnaire_TLFiCategoriesTEI#l12297"/>
                <span target="#t3920" pos="SENT" lemma="." corresp="#noTS"/>
                <span target="#t3921" pos="ADV" lemma="ne" corresp="#noTS"/>
                <span target="#t3922" pos="VER:cond" lemma="pouvoir" corresp="dictionnaire_TLFiCategoriesTEI#l59664"/>
                <span target="#t3923" pos="PRO:PER" lemma="vous" corresp="#noTS"/>
                <span target="#t3924" pos="ADV" lemma="pas" corresp="dictionnaire_TLFiCategoriesTEI#l54617"/>
                <span target="#t3925" pos="PUN" lemma="," corresp="#noTS"/>
                <span target="#t3926" pos="PRP" lemma="sans" corresp="#noTS"/>
                <span target="#t3927" pos="VER:infi" lemma="affecter" corresp="dictionnaire_TLFiCategoriesTEI#l1997"/>
                <span target="#t3928" pos="DET:POS" lemma="votre" corresp="#noTS"/>
                <span target="#t3929" pos="NOM" lemma="capacité" corresp="dictionnaire_TLFiCategoriesTEI#l13408"/>
                <span target="#t3930" pos="PRP" lemma="à" corresp="#noTS"/>
                <span target="#t3931" pos="VER:infi" lemma="construire"
                      corresp="dictionnaire_TLFiCategoriesTEI#l18618"/>
                <span target="#t3932" pos="PRP" lemma="de" corresp="#noTS"/>
                <span target="#t3933" pos="ADJ" lemma="nouveau" corresp="dictionnaire_TLFiCategoriesTEI#l51087"/>
                <span target="#t3934" pos="NOM" lemma="usine" corresp="dictionnaire_TLFiCategoriesTEI#l78814"/>
                <span target="#t3935" pos="PUN" lemma="," corresp="#noTS"/>
                <span target="#t3936" pos="VER:infi" lemma="réduire" corresp="dictionnaire_TLFiCategoriesTEI#l64290"/>
                <span target="#t3937" pos="DET:ART" lemma="le" corresp="#noTS"/>
                <span target="#t3938" pos="NOM" lemma="prix" corresp="dictionnaire_TLFiCategoriesTEI#l60560"/>
                <span target="#t3939" pos="PRP" lemma="de" corresp="#noTS"/>
                <span target="#t3940" pos="DET:POS" lemma="votre" corresp="#noTS"/>
                <span target="#t3941" pos="NOM" lemma="processeur" corresp="dictionnaire_TLFiCategoriesTEI#l60626"/>
                <span target="#t3942" pos="KON" lemma="et" corresp="#noTS"/>
                <span target="#t3943" pos="VER:infi" lemma="augmenter" corresp="dictionnaire_TLFiCategoriesTEI#l7181"/>
                <span target="#t3944" pos="ADV" lemma="ainsi" corresp="dictionnaire_TLFiCategoriesTEI#l2975"/>
                <span target="#t3945" pos="DET:ART" lemma="le" corresp="#noTS"/>
                <span target="#t3946" pos="NOM" lemma="taux" corresp="dictionnaire_TLFiCategoriesTEI#l74560"/>
                <span target="#t3947" pos="PRP" lemma="de" corresp="#noTS"/>
                <span target="#t3948" pos="NOM" lemma="pénétration" corresp="dictionnaire_TLFiCategoriesTEI#l55463"/>
                <span target="#t3949" pos="PRP:det" lemma="du" corresp="#noTS"/>
                <span target="#t3950" pos="NOM" lemma="micro-ordinateur"
                      corresp="dictionnaire_TLFiCategoriesTEI#l47392"/>
                <span target="#t3951" pos="PRP" lemma="dans" corresp="#noTS"/>
                <span target="#t3952" pos="DET:ART" lemma="le" corresp="#noTS"/>
                <span target="#t3953" pos="NOM" lemma="foyer" corresp="dictionnaire_TLFiCategoriesTEI#l31816"/>
                <span target="#t3954" pos="SENT" lemma="" corresp="#noTS"/>
                <span target="#t3955" pos="PUN:cit" lemma="»" corresp="#noTS"/>
                <span target="#t3956" pos="PUN" lemma="–" corresp="#noTS"/>
                <span target="#t3957" pos="NOM" lemma="a.g" corresp="#noTS"/>
                <span target="#t3958" pos="SENT" lemma="." corresp="#noTS"/>
                <span target="#t3959" pos="PUN" lemma=":" corresp="#noTS"/>
                <span target="#t3960" pos="PUN:cit" lemma="«" corresp="#noTS"/>
                <span target="#t3961" pos="DET:POS" lemma="notre" corresp="#noTS"/>
                <span target="#t3962" pos="NOM" lemma="politique"
                      corresp="dictionnaire_TLFiCategoriesTEI#l58776 #l58777"/>
                <span target="#t3963" pos="PRP" lemma="de" corresp="#noTS"/>
                <span target="#t3964" pos="NOM" lemma="prix" corresp="dictionnaire_TLFiCategoriesTEI#l60560"/>
                <span target="#t3965" pos="VER:pres" lemma="être" corresp="dictionnaire_TLFiCategoriesTEI#l29037"/>
                <span target="#t3966" pos="ADV" lemma="déjà" corresp="DicoWiktionaryCategoriesTEI#l2721"/>
                <span target="#t3967" pos="ADV" lemma="très" corresp="DicoWiktionaryCategoriesTEI#l2809"/>
                <span target="#t3968" pos="ADJ" lemma="agressif" corresp="dictionnaire_TLFiCategoriesTEI#l2594"/>
                <span target="#t3969" pos="PUN" lemma=":" corresp="#noTS"/>
                <span target="#t3970" pos="PRO:PER" lemma="nous" corresp="#noTS"/>
                <span target="#t3971" pos="VER:pres" lemma="introduire"
                      corresp="dictionnaire_TLFiCategoriesTEI#l40732"/>
                <span target="#t3972" pos="DET:POS" lemma="notre" corresp="#noTS"/>
                <span target="#t3973" pos="ADJ" lemma="nouveau" corresp="dictionnaire_TLFiCategoriesTEI#l51087"/>
                <span target="#t3974" pos="NOM" lemma="processeur" corresp="dictionnaire_TLFiCategoriesTEI#l60626"/>
                <span target="#t3975" pos="ADV" lemma="autour" corresp="dictionnaire_TLFiCategoriesTEI#l7445"/>
                <span target="#t3976" pos="PRP" lemma="de" corresp="#noTS"/>
                <span target="#t3977" pos="NUM" lemma="1000" corresp="#noTS"/>
                <span target="#t3978" pos="NOM" lemma="dollar" corresp="dictionnaire_TLFiCategoriesTEI#l24735"/>
                <span target="#t3979" pos="PUN" lemma=";" corresp="#noTS"/>
                <span target="#t3980" pos="NUM" lemma="dix-huit" corresp="#noTS"/>
                <span target="#t3981" pos="NOM" lemma="mois" corresp="dictionnaire_TLFiCategoriesTEI#l48077"/>
                <span target="#t3982" pos="ADV" lemma="plus" corresp="DicoWiktionaryCategoriesTEI#l6378 #l6379 #l6380"/>
                <span target="#t3983" pos="ADV" lemma="tard" corresp="dictionnaire_TLFiCategoriesTEI#l74369"/>
                <span target="#t3984" pos="PUN" lemma="," corresp="#noTS"/>
                <span target="#t3985" pos="PRO:PER" lemma="il" corresp="#noTS"/>
                <span target="#t3986" pos="ADV" lemma="ne" corresp="#noTS"/>
                <span target="#t3987" pos="PRO:PER" lemma="en" corresp="#noTS"/>
                <span target="#t3988" pos="VER:pres" lemma="valoir" corresp="dictionnaire_TLFiCategoriesTEI#l79035"/>
                <span target="#t3989" pos="ADV" lemma="plus" corresp="DicoWiktionaryCategoriesTEI#l6378 #l6379 #l6380"/>
                <span target="#t3990" pos="KON" lemma="que" corresp="#noTS"/>
                <span target="#t3991" pos="NUM" lemma="100" corresp="#noTS"/>
                <span target="#t3992" pos="SENT" lemma="!" corresp="#noTS"/>
                <span target="#t3993" pos="DET:POS" lemma="notre" corresp="#noTS"/>
                <span target="#t3994" pos="NOM" lemma="marge" corresp="dictionnaire_TLFiCategoriesTEI#l45610"/>
                <span target="#t3995" pos="NOM" lemma="brute" corresp="dictionnaire_TLFiCategoriesTEI#l12308"/>
                <span target="#t3996" pos="VER:cond" lemma="devoir" corresp="dictionnaire_TLFiCategoriesTEI#l23820"/>
                <span target="#t3997" pos="PRP" lemma="de" corresp="#noTS"/>
                <span target="#t3998" pos="ADV" lemma="ailleurs" corresp="dictionnaire_TLFiCategoriesTEI#l2906"/>
                <span target="#t3999" pos="PUN" lemma="," corresp="#noTS"/>
                <span target="#t4000" pos="PRP" lemma="à" corresp="#noTS"/>
                <span target="#t4001" pos="NOM" lemma="terme" corresp="dictionnaire_TLFiCategoriesTEI#l75126"/>
                <span target="#t4002" pos="PUN" lemma="," corresp="#noTS"/>
                <span target="#t4003" pos="VER:infi" lemma="revenir" corresp="dictionnaire_TLFiCategoriesTEI#l65920"/>
                <span target="#t4004" pos="ADV" lemma="autour" corresp="dictionnaire_TLFiCategoriesTEI#l7445"/>
                <span target="#t4005" pos="PRP" lemma="de" corresp="#noTS"/>
                <span target="#t4006" pos="NUM" lemma="50" corresp="#noTS"/>
                <span target="#t4007" pos="SYM" lemma="%" corresp="#noTS"/>
                <span target="#t4008" pos="SENT" lemma="." corresp="#noTS"/>
                <span target="#t4009" pos="PRP" lemma="de" corresp="#noTS"/>
                <span target="#t4010" pos="PRO:IND" lemma="tout" corresp="#noTS"/>
                <span target="#t4011" pos="NOM" lemma="façon" corresp="dictionnaire_TLFiCategoriesTEI#l29843"/>
                <span target="#t4012" pos="PUN" lemma="," corresp="#noTS"/>
                <span target="#t4013" pos="PRO:PER" lemma="je" corresp="#noTS"/>
                <span target="#t4014" pos="ADV" lemma="ne" corresp="#noTS"/>
                <span target="#t4015" pos="VER:pres" lemma="croire" corresp="dictionnaire_TLFiCategoriesTEI#l20369"/>
                <span target="#t4016" pos="ADV" lemma="pas" corresp="dictionnaire_TLFiCategoriesTEI#l54617"/>
                <span target="#t4017" pos="KON" lemma="que" corresp="#noTS"/>
                <span target="#t4018" pos="DET:ART" lemma="un" corresp="#noTS"/>
                <span target="#t4019" pos="NOM" lemma="baisse" corresp="dictionnaire_TLFiCategoriesTEI#l8699"/>
                <span target="#t4020" pos="PRP:det" lemma="du" corresp="#noTS"/>
                <span target="#t4021" pos="NOM" lemma="prix" corresp="dictionnaire_TLFiCategoriesTEI#l60560"/>
                <span target="#t4022" pos="VER:cond" lemma="stimuler" corresp="dictionnaire_TLFiCategoriesTEI#l71988"/>
                <span target="#t4023" pos="ADV" lemma="réellement" corresp="DicoWiktionaryCategoriesTEI#l9450"/>
                <span target="#t4024" pos="DET:ART" lemma="le" corresp="#noTS"/>
                <span target="#t4025" pos="NOM" lemma="demande" corresp="dictionnaire_TLFiCategoriesTEI#l22487"/>
                <span target="#t4026" pos="PRP" lemma="de" corresp="#noTS"/>
                <span target="#t4027" pos="NOM" lemma="ordinateur" corresp="dictionnaire_TLFiCategoriesTEI#l52597"/>
                <span target="#t4028" pos="PUN:cit" lemma="»" corresp="#noTS"/>
                <span target="#t4029" pos="SENT" lemma="." corresp="#noTS"/>
                <span target="#t4030" pos="KON" lemma="comme" corresp="#noTS"/>
                <span target="#t4031" pos="PRP" lemma="dans" corresp="#noTS"/>
                <span target="#t4032" pos="DET:ART" lemma="le" corresp="#noTS"/>
                <span target="#t4033" pos="NOM" lemma="énoncé" corresp="dictionnaire_TLFiCategoriesTEI#l27509"/>
                <span target="#t4034" pos="VER:futu" lemma="e" corresp="dictionnaire_TLFiCategoriesTEI#l25334"/>
                <span target="#t4035" pos="NUM" lemma="4" corresp="#noTS"/>
                <span target="#t4036" pos="KON" lemma="et" corresp="#noTS"/>
                <span target="#t4037" pos="VER:simp" lemma="e" corresp="dictionnaire_TLFiCategoriesTEI#l25334"/>
                <span target="#t4038" pos="NUM" lemma="5" corresp="#noTS"/>
                <span target="#t4039" pos="PUN" lemma="," corresp="#noTS"/>
                <span target="#t4040" pos="DET:ART" lemma="le" corresp="#noTS"/>
                <span target="#t4041" pos="NOM" lemma="connecteur" corresp="dictionnaire_TLFiCategoriesTEI#l18427"/>
                <span target="#t4042" pos="ADJ" lemma="reformulatif" corresp="#noTS"/>
                <span target="#t4043" pos="PRP" lemma="de" corresp="#noTS"/>
                <span target="#t4044" pos="PRO:IND" lemma="tout" corresp="#noTS"/>
                <span target="#t4045" pos="NOM" lemma="façon" corresp="dictionnaire_TLFiCategoriesTEI#l29843"/>
                <span target="#t4046" pos="VER:pres" lemma="enchaîner" corresp="dictionnaire_TLFiCategoriesTEI#l27074"/>
                <span target="#t4047" pos="PUN" lemma="," corresp="#noTS"/>
                <span target="#t4048" pos="PRO:PER" lemma="en" corresp="#noTS"/>
                <span target="#t4049" pos="VER:futu" lemma="e" corresp="dictionnaire_TLFiCategoriesTEI#l25334"/>
                <span target="#t4050" pos="NUM" lemma="6" corresp="#noTS"/>
                <span target="#t4051" pos="PUN" lemma="," corresp="#noTS"/>
                <span target="#t4052" pos="PRP" lemma="sur" corresp="#noTS"/>
                <span target="#t4053" pos="DET:ART" lemma="le" corresp="#noTS"/>
                <span target="#t4054" pos="NOM" lemma="discours" corresp="dictionnaire_TLFiCategoriesTEI#l24354"/>
                <span target="#t4055" pos="PRP" lemma="de" corresp="#noTS"/>
                <span target="#t4056" pos="DET:ART" lemma="le" corresp="#noTS"/>
                <span target="#t4057" pos="ADJ" lemma="autre" corresp="dictionnaire_TLFiCategoriesTEI#l7449"/>
                <span target="#t4058" pos="PUN" lemma="," corresp="#noTS"/>
                <span target="#t4059" pos="KON" lemma="et" corresp="#noTS"/>
                <span target="#t4060" pos="PRO:DEM" lemma="ce" corresp="#noTS"/>
                <span target="#t4061" pos="PUN" lemma="," corresp="#noTS"/>
                <span target="#t4062" pos="KON" lemma="afin" corresp="#noTS"/>
                <span target="#t4063" pos="PRP" lemma="de" corresp="#noTS"/>
                <span target="#t4064" pos="VER:infi" lemma="remettre" corresp="dictionnaire_TLFiCategoriesTEI#l64866"/>
                <span target="#t4065" pos="PRP" lemma="en" corresp="#noTS"/>
                <span target="#t4066" pos="NOM" lemma="cause" corresp="dictionnaire_TLFiCategoriesTEI#l14293"/>
                <span target="#t4067" pos="DET:ART" lemma="le" corresp="#noTS"/>
                <span target="#t4068" pos="NOM" lemma="pertinence" corresp="dictionnaire_TLFiCategoriesTEI#l56124"/>
                <span target="#t4069" pos="PRP" lemma="de" corresp="#noTS"/>
                <span target="#t4070" pos="DET:POS" lemma="son" corresp="#noTS"/>
                <span target="#t4071" pos="NOM" lemma="énonciation" corresp="dictionnaire_TLFiCategoriesTEI#l27514"/>
                <span target="#t4072" pos="SENT" lemma="." corresp="#noTS"/>
                <span target="#t4073" pos="PRP" lemma="en" corresp="#noTS"/>
                <span target="#t4074" pos="NOM" lemma="effet" corresp="dictionnaire_TLFiCategoriesTEI#l25971"/>
                <span target="#t4075" pos="PUN" lemma="," corresp="#noTS"/>
                <span target="#t4076" pos="PUN:cit" lemma="«" corresp="#noTS"/>
                <span target="#t4077" pos="DET:ART" lemma="le" corresp="#noTS"/>
                <span target="#t4078" pos="NOM" lemma="tirade" corresp="dictionnaire_TLFiCategoriesTEI#l75922"/>
                <span target="#t4079" pos="PUN:cit" lemma="»" corresp="#noTS"/>
                <span target="#t4080" pos="PRP" lemma="de" corresp="#noTS"/>
                <span target="#t4081" pos="VER:pres" lemma="avoir" corresp="dictionnaire_TLFiCategoriesTEI#l8314"/>
                <span target="#t4082" pos="SENT" lemma="." corresp="#noTS"/>
                <span target="#t4083" pos="NOM" lemma="grove" corresp="#noTS"/>
                <span target="#t4084" pos="PUN" lemma="," corresp="#noTS"/>
                <span target="#t4085" pos="DET:ART" lemma="le" corresp="#noTS"/>
                <span target="#t4086" pos="NOM" lemma="patron" corresp="dictionnaire_TLFiCategoriesTEI#l54976"/>
                <span target="#t4087" pos="PRP" lemma="de" corresp="#noTS"/>
                <span target="#t4088" pos="NOM" lemma="intel" corresp="#noTS"/>
                <span target="#t4089" pos="PUN" lemma="," corresp="#noTS"/>
                <span target="#t4090" pos="ADV" lemma="ne" corresp="#noTS"/>
                <span target="#t4091" pos="VER:pres" lemma="avoir" corresp="dictionnaire_TLFiCategoriesTEI#l8314"/>
                <span target="#t4092" pos="PRP" lemma="pour" corresp="#noTS"/>
                <span target="#t4093" pos="NOM" lemma="objectif" corresp="dictionnaire_TLFiCategoriesTEI#l51336"/>
                <span target="#t4094" pos="KON" lemma="que" corresp="#noTS"/>
                <span target="#t4095" pos="PRP" lemma="de" corresp="#noTS"/>
                <span target="#t4096" pos="VER:infi" lemma="invalider" corresp="dictionnaire_TLFiCategoriesTEI#l40788"/>
                <span target="#t4097" pos="ADV" lemma="radicalement" corresp="dictionnaire_TLFiCategoriesTEI#l62666"/>
                <span target="#t4098" pos="DET:ART" lemma="le" corresp="#noTS"/>
                <span target="#t4099" pos="NOM" lemma="contenu" corresp="dictionnaire_TLFiCategoriesTEI#l18676"/>
                <span target="#t4100" pos="ADJ" lemma="propositionnel" corresp="dictionnaire_TLFiCategoriesTEI#l60948"/>
                <span target="#t4101" pos="PRP" lemma="de" corresp="#noTS"/>
                <span target="#t4102" pos="DET:ART" lemma="le" corresp="#noTS"/>
                <span target="#t4103" pos="NOM" lemma="énoncé" corresp="dictionnaire_TLFiCategoriesTEI#l27509"/>
                <span target="#t4104" pos="PRP:det" lemma="du" corresp="#noTS"/>
                <span target="#t4105" pos="NOM" lemma="journaliste" corresp="dictionnaire_TLFiCategoriesTEI#l41727"/>
                <span target="#t4106" pos="KON" lemma="et" corresp="#noTS"/>
                <span target="#t4107" pos="PRP" lemma="par" corresp="#noTS"/>
                <span target="#t4108" pos="ADJ" lemma="conséquent" corresp="dictionnaire_TLFiCategoriesTEI#l18492"/>
                <span target="#t4109" pos="PUN" lemma="," corresp="#noTS"/>
                <span target="#t4110" pos="PRP" lemma="de" corresp="#noTS"/>
                <span target="#t4111" pos="VER:infi" lemma="infirmer" corresp="dictionnaire_TLFiCategoriesTEI#l39744"/>
                <span target="#t4112" pos="DET:POS" lemma="son" corresp="#noTS"/>
                <span target="#t4113" pos="NOM" lemma="visée" corresp="dictionnaire_TLFiCategoriesTEI#l80333"/>
                <span target="#t4114" pos="ADJ" lemma="argumentatives" corresp="#noTS"/>
                <span target="#t4115" pos="SENT" lemma="." corresp="#noTS"/>
                <span target="#t4116" pos="VER:pper" lemma="voir" corresp="dictionnaire_TLFiCategoriesTEI#l80514"/>
                <span target="#t4117" pos="DET:ART" lemma="le" corresp="#noTS"/>
                <span target="#t4118" pos="NOM" lemma="complexité" corresp="dictionnaire_TLFiCategoriesTEI#l17926"/>
                <span target="#t4119" pos="PRP:det" lemma="du" corresp="#noTS"/>
                <span target="#t4120" pos="NUM" lemma="deux" corresp="#noTS"/>
                <span target="#t4121" pos="NOM" lemma="acte" corresp="dictionnaire_TLFiCategoriesTEI#l968"/>
                <span target="#t4122" pos="ADJ" lemma="discursif" corresp="dictionnaire_TLFiCategoriesTEI#l24374"/>
                <span target="#t4123" pos="PUN" lemma="," corresp="#noTS"/>
                <span target="#t4124" pos="DET:ART" lemma="un" corresp="#noTS"/>
                <span target="#t4125" pos="NOM" lemma="analyse" corresp="dictionnaire_TLFiCategoriesTEI#l4664"/>
                <span target="#t4126" pos="ADJ" lemma="linéaire" corresp="dictionnaire_TLFiCategoriesTEI#l43569"/>
                <span target="#t4127" pos="PRP" lemma="de" corresp="#noTS"/>
                <span target="#t4128" pos="DET:POS" lemma="leur" corresp="#noTS"/>
                <span target="#t4129" pos="NOM" lemma="proposition" corresp="dictionnaire_TLFiCategoriesTEI#l60947"/>
                <span target="#t4130" pos="ADJ" lemma="constituant" corresp="dictionnaire_TLFiCategoriesTEI#l18593"/>
                <span target="#t4131" pos="PRO:PER" lemma="se" corresp="#noTS"/>
                <span target="#t4132" pos="VER:pres" lemma="imposer" corresp="dictionnaire_TLFiCategoriesTEI#l38609"/>
                <span target="#t4133" pos="SENT" lemma="." corresp="#noTS"/>
                <span target="#t4134" pos="PUN" lemma="–" corresp="#noTS"/>
                <span target="#t4135" pos="DET:ART" lemma="le" corresp="#noTS"/>
                <span target="#t4136" pos="NUM" lemma="premier" corresp="#noTS"/>
                <span target="#t4137" pos="NOM" lemma="séquence" corresp="dictionnaire_TLFiCategoriesTEI#l69269"/>
                <span target="#t4138" pos="ADJ" lemma="discursif" corresp="dictionnaire_TLFiCategoriesTEI#l24374"/>
                <span target="#t4139" pos="PRO:PER" lemma="se" corresp="#noTS"/>
                <span target="#t4140" pos="VER:pres" lemma="composer" corresp="dictionnaire_TLFiCategoriesTEI#l17952"/>
                <span target="#t4141" pos="PRP" lemma="de" corresp="#noTS"/>
                <span target="#t4142" pos="NUM" lemma="trois" corresp="#noTS"/>
                <span target="#t4143" pos="NOM" lemma="partie" corresp="dictionnaire_TLFiCategoriesTEI#l54583"/>
                <span target="#t4144" pos="PUN" lemma=":" corresp="#noTS"/>
                <span target="#t4145" pos="NOM" lemma="●" corresp="#noTS"/>
                <span target="#t4146" pos="PUN:cit" lemma="«" corresp="#noTS"/>
                <span target="#t4147" pos="ADJ" lemma="intel" corresp="#noTS"/>
                <span target="#t4148" pos="NOM" lemma="affiche" corresp="dictionnaire_TLFiCategoriesTEI#l2036"/>
                <span target="#t4149" pos="NUM" lemma="60" corresp="#noTS"/>
                <span target="#t4150" pos="SYM" lemma="%" corresp="#noTS"/>
                <span target="#t4151" pos="PRP" lemma="de" corresp="#noTS"/>
                <span target="#t4152" pos="NOM" lemma="marge" corresp="dictionnaire_TLFiCategoriesTEI#l45610"/>
                <span target="#t4153" pos="ADJ" lemma="brut" corresp="dictionnaire_TLFiCategoriesTEI#l12297"/>
                <span target="#t4154" pos="PUN:cit" lemma="»" corresp="#noTS"/>
                <span target="#t4155" pos="SENT" lemma="." corresp="#noTS"/>
                <span target="#t4156" pos="PRO:DEM" lemma="ce" corresp="#noTS"/>
                <span target="#t4157" pos="NOM" lemma="assertion" corresp="dictionnaire_TLFiCategoriesTEI#l7466"/>
                <span target="#t4158" pos="VER:pres" lemma="être" corresp="dictionnaire_TLFiCategoriesTEI#l29037"/>
                <span target="#t4159" pos="VER:pper" lemma="produire" corresp="dictionnaire_TLFiCategoriesTEI#l60701"/>
                <span target="#t4160" pos="PRP" lemma="sans" corresp="#noTS"/>
                <span target="#t4161" pos="VER:infi" lemma="avoir" corresp="dictionnaire_TLFiCategoriesTEI#l8314"/>
                <span target="#t4162" pos="NOM" lemma="recours" corresp="dictionnaire_TLFiCategoriesTEI#l64078"/>
                <span target="#t4163" pos="PRP" lemma="à" corresp="#noTS"/>
                <span target="#t4164" pos="PRO:IND" lemma="aucun" corresp="#noTS"/>
                <span target="#t4165" pos="NOM" lemma="forme" corresp="dictionnaire_TLFiCategoriesTEI#l31561"/>
                <span target="#t4166" pos="PRP" lemma="de" corresp="#noTS"/>
                <span target="#t4167" pos="NOM" lemma="modalisation" corresp="dictionnaire_TLFiCategoriesTEI#l47966"/>
                <span target="#t4168" pos="PUN" lemma="," corresp="#noTS"/>
                <span target="#t4169" pos="KON" lemma="que" corresp="#noTS"/>
                <span target="#t4170" pos="PRO:DEM" lemma="ce" corresp="#noTS"/>
                <span target="#t4171" pos="ADJ" lemma="dernier" corresp="dictionnaire_TLFiCategoriesTEI#l23197"/>
                <span target="#t4172" pos="KON" lemma="soit" corresp="#noTS"/>
                <span target="#t4173" pos="ADJ" lemma="verbal" corresp="dictionnaire_TLFiCategoriesTEI#l79556"/>
                <span target="#t4174" pos="PUN" lemma="(" corresp="#noTS"/>
                <span target="#t4175" pos="PRP:det" lemma="du" corresp="#noTS"/>
                <span target="#t4176" pos="NOM" lemma="type" corresp="dictionnaire_TLFiCategoriesTEI#l78232"/>
                <span target="#t4177" pos="PUN" lemma=":" corresp="#noTS"/>
                <span target="#t4178" pos="PUN:cit" lemma="«" corresp="#noTS"/>
                <span target="#t4179" pos="VER:pres" lemma="sembler" corresp="dictionnaire_TLFiCategoriesTEI#l69025"/>
                <span target="#t4180" pos="VER:infi" lemma="afficher" corresp="dictionnaire_TLFiCategoriesTEI#l2037"/>
                <span target="#t4181" pos="PUN:cit" lemma="»" corresp="#noTS"/>
                <span target="#t4182" pos="PUN" lemma=")" corresp="#noTS"/>
                <span target="#t4183" pos="KON" lemma="ou" corresp="#noTS"/>
                <span target="#t4184" pos="ADJ" lemma="locutif" corresp="dictionnaire_TLFiCategoriesTEI#l43907"/>
                <span target="#t4185" pos="PUN" lemma="(" corresp="#noTS"/>
                <span target="#t4186" pos="PRP:det" lemma="du" corresp="#noTS"/>
                <span target="#t4187" pos="NOM" lemma="type" corresp="dictionnaire_TLFiCategoriesTEI#l78232"/>
                <span target="#t4188" pos="PUN" lemma=":" corresp="#noTS"/>
                <span target="#t4189" pos="PUN:cit" lemma="«" corresp="#noTS"/>
                <span target="#t4190" pos="PRP" lemma="à" corresp="#noTS"/>
                <span target="#t4191" pos="ADV" lemma="peu" corresp="DicoWiktionaryCategoriesTEI#l3226"/>
                <span target="#t4192" pos="ADV" lemma="près" corresp="dictionnaire_TLFiCategoriesTEI#l60219"/>
                <span target="#t4193" pos="NUM" lemma="60" corresp="#noTS"/>
                <span target="#t4194" pos="SYM" lemma="%" corresp="#noTS"/>
                <span target="#t4195" pos="PUN:cit" lemma="»" corresp="#noTS"/>
                <span target="#t4196" pos="PUN" lemma=")" corresp="#noTS"/>
                <span target="#t4197" pos="SENT" lemma="." corresp="#noTS"/>
                <span target="#t4198" pos="DET:ART" lemma="le" corresp="#noTS"/>
                <span target="#t4199" pos="NOM" lemma="journaliste" corresp="dictionnaire_TLFiCategoriesTEI#l41727"/>
                <span target="#t4200" pos="VER:pres" lemma="poser" corresp="dictionnaire_TLFiCategoriesTEI#l59303"/>
                <span target="#t4201" pos="ADV" lemma="donc" corresp="#noTS"/>
                <span target="#t4202" pos="PRO:DEM" lemma="ce" corresp="#noTS"/>
                <span target="#t4203" pos="NOM" lemma="information" corresp="dictionnaire_TLFiCategoriesTEI#l39791"/>
                <span target="#t4204" pos="ADV" lemma="comme" corresp="DicoWiktionaryCategoriesTEI#l8041"/>
                <span target="#t4205" pos="VER:ppre" lemma="être" corresp="dictionnaire_TLFiCategoriesTEI#l29037"/>
                <span target="#t4206" pos="ADJ" lemma="vrai" corresp="dictionnaire_TLFiCategoriesTEI#l80768"/>
                <span target="#t4207" pos="KON" lemma="et" corresp="#noTS"/>
                <span target="#t4208" pos="ADJ" lemma="indiscutable" corresp="dictionnaire_TLFiCategoriesTEI#l39409"/>
                <span target="#t4209" pos="SENT" lemma="." corresp="#noTS"/>
                <span target="#t4210" pos="ABR" lemma="●" corresp="#noTS"/>
                <span target="#t4211" pos="PUN:cit" lemma="«" corresp="#noTS"/>
                <span target="#t4212" pos="ADV" lemma="ne" corresp="#noTS"/>
                <span target="#t4213" pos="VER:cond" lemma="pouvoir" corresp="dictionnaire_TLFiCategoriesTEI#l59664"/>
                <span target="#t4214" pos="PRO:PER" lemma="vous" corresp="#noTS"/>
                <span target="#t4215" pos="ADV" lemma="pas" corresp="dictionnaire_TLFiCategoriesTEI#l54617"/>
                <span target="#t4216" pos="PUN" lemma="," corresp="#noTS"/>
                <span target="#t4217" pos="PRP" lemma="sans" corresp="#noTS"/>
                <span target="#t4218" pos="VER:infi" lemma="affecter" corresp="dictionnaire_TLFiCategoriesTEI#l1997"/>
                <span target="#t4219" pos="DET:POS" lemma="votre" corresp="#noTS"/>
                <span target="#t4220" pos="NOM" lemma="capacité" corresp="dictionnaire_TLFiCategoriesTEI#l13408"/>
                <span target="#t4221" pos="PRP" lemma="à" corresp="#noTS"/>
                <span target="#t4222" pos="VER:infi" lemma="construire"
                      corresp="dictionnaire_TLFiCategoriesTEI#l18618"/>
                <span target="#t4223" pos="PRP" lemma="de" corresp="#noTS"/>
                <span target="#t4224" pos="ADJ" lemma="nouveau" corresp="dictionnaire_TLFiCategoriesTEI#l51087"/>
                <span target="#t4225" pos="NOM" lemma="usine" corresp="dictionnaire_TLFiCategoriesTEI#l78814"/>
                <span target="#t4226" pos="PUN" lemma="," corresp="#noTS"/>
                <span target="#t4227" pos="VER:infi" lemma="réduire" corresp="dictionnaire_TLFiCategoriesTEI#l64290"/>
                <span target="#t4228" pos="DET:ART" lemma="le" corresp="#noTS"/>
                <span target="#t4229" pos="NOM" lemma="prix" corresp="dictionnaire_TLFiCategoriesTEI#l60560"/>
                <span target="#t4230" pos="PRP" lemma="de" corresp="#noTS"/>
                <span target="#t4231" pos="DET:POS" lemma="votre" corresp="#noTS"/>
                <span target="#t4232" pos="NOM" lemma="processeur" corresp="dictionnaire_TLFiCategoriesTEI#l60626"/>
                <span target="#t4233" pos="SENT" lemma="" corresp="#noTS"/>
                <span target="#t4234" pos="PUN:cit" lemma="»" corresp="#noTS"/>
                <span target="#t4235" pos="DET:ART" lemma="le" corresp="#noTS"/>
                <span target="#t4236" pos="NOM" lemma="propos" corresp="dictionnaire_TLFiCategoriesTEI#l60942"/>
                <span target="#t4237" pos="PRP:det" lemma="du" corresp="#noTS"/>
                <span target="#t4238" pos="NOM" lemma="journaliste" corresp="dictionnaire_TLFiCategoriesTEI#l41727"/>
                <span target="#t4239" pos="VER:pres" lemma="prendre" corresp="dictionnaire_TLFiCategoriesTEI#l60177"/>
                <span target="#t4240" pos="DET:ART" lemma="le" corresp="#noTS"/>
                <span target="#t4241" pos="NOM" lemma="forme" corresp="dictionnaire_TLFiCategoriesTEI#l31561"/>
                <span target="#t4242" pos="PRP" lemma="de" corresp="#noTS"/>
                <span target="#t4243" pos="DET:ART" lemma="un" corresp="#noTS"/>
                <span target="#t4244" pos="NOM" lemma="interrogation" corresp="dictionnaire_TLFiCategoriesTEI#l40604"/>
                <span target="#t4245" pos="ADJ" lemma="total" corresp="dictionnaire_TLFiCategoriesTEI#l76388"/>
                <span target="#t4246" pos="SENT" lemma="." corresp="#noTS"/>
                <span target="#t4247" pos="PRO:DEM" lemma="ce" corresp="#noTS"/>
                <span target="#t4248" pos="ADJ" lemma="dernier" corresp="dictionnaire_TLFiCategoriesTEI#l23197"/>
                <span target="#t4249" pos="VER:pres" lemma="exiger" corresp="dictionnaire_TLFiCategoriesTEI#l29502"/>
                <span target="#t4250" pos="DET:ART" lemma="un" corresp="#noTS"/>
                <span target="#t4251" pos="NOM" lemma="réponse" corresp="dictionnaire_TLFiCategoriesTEI#l65294"/>
                <span target="#t4252" pos="PRP" lemma="par" corresp="#noTS"/>
                <span target="#t4253" pos="PUN:cit" lemma="«" corresp="#noTS"/>
                <span target="#t4254" pos="INT" lemma="oui" corresp="#noTS"/>
                <span target="#t4255" pos="PUN:cit" lemma="»" corresp="#noTS"/>
                <span target="#t4256" pos="KON" lemma="ou" corresp="#noTS"/>
                <span target="#t4257" pos="PRP" lemma="par" corresp="#noTS"/>
                <span target="#t4258" pos="PUN:cit" lemma="«" corresp="#noTS"/>
                <span target="#t4259" pos="ADV" lemma="non" corresp="DicoWiktionaryCategoriesTEI#l819"/>
                <span target="#t4260" pos="PUN:cit" lemma="»" corresp="#noTS"/>
                <span target="#t4261" pos="SENT" lemma="." corresp="#noTS"/>
                <span target="#t4262" pos="DET:ART" lemma="le" corresp="#noTS"/>
                <span target="#t4263" pos="NOM" lemma="objet" corresp="dictionnaire_TLFiCategoriesTEI#l51346"/>
                <span target="#t4264" pos="PRP" lemma="de" corresp="#noTS"/>
                <span target="#t4265" pos="DET:ART" lemma="le" corresp="#noTS"/>
                <span target="#t4266" pos="NOM" lemma="question" corresp="dictionnaire_TLFiCategoriesTEI#l62301"/>
                <span target="#t4267" pos="PRP" lemma="concernant" corresp="#noTS"/>
                <span target="#t4268" pos="PUN:cit" lemma="«" corresp="#noTS"/>
                <span target="#t4269" pos="DET:ART" lemma="le" corresp="#noTS"/>
                <span target="#t4270" pos="NOM" lemma="pouvoir" corresp="dictionnaire_TLFiCategoriesTEI#l59665"/>
                <span target="#t4271" pos="PRP" lemma="de" corresp="#noTS"/>
                <span target="#t4272" pos="VER:infi" lemma="faire" corresp="dictionnaire_TLFiCategoriesTEI#l29921"/>
                <span target="#t4273" pos="NOM" lemma="x" corresp="dictionnaire_TLFiCategoriesTEI#l80915"/>
                <span target="#t4274" pos="PUN:cit" lemma="»" corresp="#noTS"/>
                <span target="#t4275" pos="PUN" lemma="," corresp="#noTS"/>
                <span target="#t4276" pos="PRO:DEM" lemma="ce" corresp="#noTS"/>
                <span target="#t4277" pos="NOM" lemma="interrogation" corresp="dictionnaire_TLFiCategoriesTEI#l40604"/>
                <span target="#t4278" pos="VER:pres" lemma="prévoir" corresp="dictionnaire_TLFiCategoriesTEI#l60424"/>
                <span target="#t4279" pos="PUN" lemma="," corresp="#noTS"/>
                <span target="#t4280" pos="ADV" lemma="donc" corresp="#noTS"/>
                <span target="#t4281" pos="PUN" lemma="," corresp="#noTS"/>
                <span target="#t4282" pos="DET:ART" lemma="un" corresp="#noTS"/>
                <span target="#t4283" pos="NOM" lemma="réponse" corresp="dictionnaire_TLFiCategoriesTEI#l65294"/>
                <span target="#t4284" pos="PRP:det" lemma="du" corresp="#noTS"/>
                <span target="#t4285" pos="NOM" lemma="type" corresp="dictionnaire_TLFiCategoriesTEI#l78232"/>
                <span target="#t4286" pos="PUN" lemma=":" corresp="#noTS"/>
                <span target="#t4287" pos="PUN:cit" lemma="«" corresp="#noTS"/>
                <span target="#t4288" pos="INT" lemma="oui" corresp="#noTS"/>
                <span target="#t4289" pos="PUN" lemma="," corresp="#noTS"/>
                <span target="#t4290" pos="PRO:PER" lemma="nous" corresp="#noTS"/>
                <span target="#t4291" pos="VER:pres" lemma="pouvoir" corresp="dictionnaire_TLFiCategoriesTEI#l59664"/>
                <span target="#t4292" pos="PUN:cit" lemma="»" corresp="#noTS"/>
                <span target="#t4293" pos="KON" lemma="ou" corresp="#noTS"/>
                <span target="#t4294" pos="PUN:cit" lemma="«" corresp="#noTS"/>
                <span target="#t4295" pos="ADV" lemma="non" corresp="DicoWiktionaryCategoriesTEI#l819"/>
                <span target="#t4296" pos="PUN" lemma="," corresp="#noTS"/>
                <span target="#t4297" pos="PRO:PER" lemma="nous" corresp="#noTS"/>
                <span target="#t4298" pos="ADV" lemma="ne" corresp="#noTS"/>
                <span target="#t4299" pos="VER:pres" lemma="pouvoir" corresp="dictionnaire_TLFiCategoriesTEI#l59664"/>
                <span target="#t4300" pos="ADV" lemma="pas" corresp="dictionnaire_TLFiCategoriesTEI#l54617"/>
                <span target="#t4301" pos="PUN:cit" lemma="»" corresp="#noTS"/>
                <span target="#t4302" pos="SENT" lemma="." corresp="#noTS"/>
                <span target="#t4303" pos="PRP" lemma="dans" corresp="#noTS"/>
                <span target="#t4304" pos="DET:ART" lemma="le" corresp="#noTS"/>
                <span target="#t4305" pos="NUM" lemma="deux" corresp="#noTS"/>
                <span target="#t4306" pos="NOM" lemma="cas" corresp="dictionnaire_TLFiCategoriesTEI#l14011"/>
                <span target="#t4307" pos="PUN" lemma="," corresp="#noTS"/>
                <span target="#t4308" pos="DET:ART" lemma="le" corresp="#noTS"/>
                <span target="#t4309" pos="NOM" lemma="action" corresp="dictionnaire_TLFiCategoriesTEI#l1017"/>
                <span target="#t4310" pos="PRP" lemma="de" corresp="#noTS"/>
                <span target="#t4311" pos="PUN:cit" lemma="«" corresp="#noTS"/>
                <span target="#t4312" pos="VER:infi" lemma="baisser" corresp="dictionnaire_TLFiCategoriesTEI#l8701"/>
                <span target="#t4313" pos="DET:ART" lemma="le" corresp="#noTS"/>
                <span target="#t4314" pos="NOM" lemma="prix" corresp="dictionnaire_TLFiCategoriesTEI#l60560"/>
                <span target="#t4315" pos="PUN:cit" lemma="»" corresp="#noTS"/>
                <span target="#t4316" pos="VER:pres" lemma="être" corresp="dictionnaire_TLFiCategoriesTEI#l29037"/>
                <span target="#t4317" pos="ADJ" lemma="irréel" corresp="dictionnaire_TLFiCategoriesTEI#l41025"/>
                <span target="#t4318" pos="PRP" lemma="dans" corresp="#noTS"/>
                <span target="#t4319" pos="DET:ART" lemma="le" corresp="#noTS"/>
                <span target="#t4320" pos="ADJ" lemma="présent" corresp="dictionnaire_TLFiCategoriesTEI#l60248"/>
                <span target="#t4321" pos="PUN" lemma=":" corresp="#noTS"/>
                <span target="#t4322" pos="PUN" lemma="–" corresp="#noTS"/>
                <span target="#t4323" pos="PUN:cit" lemma="«" corresp="#noTS"/>
                <span target="#t4324" pos="PRO:PER" lemma="nous" corresp="#noTS"/>
                <span target="#t4325" pos="VER:pres" lemma="pouvoir" corresp="dictionnaire_TLFiCategoriesTEI#l59664"/>
                <span target="#t4326" pos="PUN:cit" lemma="»" corresp="#noTS"/>
                <span target="#t4327" pos="ADV" lemma="ne" corresp="#noTS"/>
                <span target="#t4328" pos="VER:pres" lemma="impliquer" corresp="dictionnaire_TLFiCategoriesTEI#l38568"/>
                <span target="#t4329" pos="ADV" lemma="pas" corresp="dictionnaire_TLFiCategoriesTEI#l54617"/>
                <span target="#t4330" pos="ADV" lemma="nécessairement" corresp="dictionnaire_TLFiCategoriesTEI#l50020"/>
                <span target="#t4331" pos="PUN:cit" lemma="«" corresp="#noTS"/>
                <span target="#t4332" pos="PRO:PER" lemma="nous" corresp="#noTS"/>
                <span target="#t4333" pos="VER:pres" lemma="faire" corresp="dictionnaire_TLFiCategoriesTEI#l29921"/>
                <span target="#t4334" pos="PUN:cit" lemma="»" corresp="#noTS"/>
                <span target="#t4335" pos="SENT" lemma="." corresp="#noTS"/>
                <span target="#t4336" pos="PUN" lemma="–" corresp="#noTS"/>
                <span target="#t4337" pos="PUN:cit" lemma="«" corresp="#noTS"/>
                <span target="#t4338" pos="PRO:PER" lemma="nous" corresp="#noTS"/>
                <span target="#t4339" pos="ADV" lemma="ne" corresp="#noTS"/>
                <span target="#t4340" pos="VER:pres" lemma="pouvoir" corresp="dictionnaire_TLFiCategoriesTEI#l59664"/>
                <span target="#t4341" pos="ADV" lemma="pas" corresp="dictionnaire_TLFiCategoriesTEI#l54617"/>
                <span target="#t4342" pos="PUN:cit" lemma="»" corresp="#noTS"/>
                <span target="#t4343" pos="VER:pres" lemma="impliquer" corresp="dictionnaire_TLFiCategoriesTEI#l38568"/>
                <span target="#t4344" pos="PUN:cit" lemma="«" corresp="#noTS"/>
                <span target="#t4345" pos="PRO:PER" lemma="nous" corresp="#noTS"/>
                <span target="#t4346" pos="ADV" lemma="ne" corresp="#noTS"/>
                <span target="#t4347" pos="VER:pres" lemma="faire" corresp="dictionnaire_TLFiCategoriesTEI#l29921"/>
                <span target="#t4348" pos="ADV" lemma="pas" corresp="dictionnaire_TLFiCategoriesTEI#l54617"/>
                <span target="#t4349" pos="PUN:cit" lemma="»" corresp="#noTS"/>
                <span target="#t4350" pos="SENT" lemma="." corresp="#noTS"/>
                <span target="#t4351" pos="DET:ART" lemma="le" corresp="#noTS"/>
                <span target="#t4352" pos="NOM" lemma="question" corresp="dictionnaire_TLFiCategoriesTEI#l62301"/>
                <span target="#t4353" pos="PRP:det" lemma="du" corresp="#noTS"/>
                <span target="#t4354" pos="NOM" lemma="journaliste" corresp="dictionnaire_TLFiCategoriesTEI#l41727"/>
                <span target="#t4355" pos="VER:pres" lemma="poser" corresp="dictionnaire_TLFiCategoriesTEI#l59303"/>
                <span target="#t4356" pos="ADV" lemma="comme" corresp="DicoWiktionaryCategoriesTEI#l8041"/>
                <span target="#t4357" pos="ADJ" lemma="évident" corresp="dictionnaire_TLFiCategoriesTEI#l29300"/>
                <span target="#t4358" pos="DET:ART" lemma="le" corresp="#noTS"/>
                <span target="#t4359" pos="NOM" lemma="fait" corresp="dictionnaire_TLFiCategoriesTEI#l29942"/>
                <span target="#t4360" pos="KON" lemma="que" corresp="#noTS"/>
                <span target="#t4361" pos="NOM" lemma="intel" corresp="#noTS"/>
                <span target="#t4362" pos="ADV" lemma="ne" corresp="#noTS"/>
                <span target="#t4363" pos="VER:subp" lemma="avoir" corresp="dictionnaire_TLFiCategoriesTEI#l8314"/>
                <span target="#t4364" pos="ADV" lemma="pas" corresp="dictionnaire_TLFiCategoriesTEI#l54617"/>
                <span target="#t4365" pos="VER:pper" lemma="baisser" corresp="dictionnaire_TLFiCategoriesTEI#l8701"/>
                <span target="#t4366" pos="DET:POS" lemma="son" corresp="#noTS"/>
                <span target="#t4367" pos="NOM" lemma="prix" corresp="dictionnaire_TLFiCategoriesTEI#l60560"/>
                <span target="#t4368" pos="PUN" lemma="," corresp="#noTS"/>
                <span target="#t4369" pos="KON" lemma="et" corresp="#noTS"/>
                <span target="#t4370" pos="VER:pres" lemma="présupposer"
                      corresp="dictionnaire_TLFiCategoriesTEI#l60347"/>
                <span target="#t4371" pos="KON" lemma="que" corresp="#noTS"/>
                <span target="#t4372" pos="PRO:DEM" lemma="ce" corresp="#noTS"/>
                <span target="#t4373" pos="NOM" lemma="dernier" corresp="dictionnaire_TLFiCategoriesTEI#l23197"/>
                <span target="#t4374" pos="VER:pres" lemma="être" corresp="dictionnaire_TLFiCategoriesTEI#l29037"/>
                <span target="#t4375" pos="ADV" lemma="assez" corresp="DicoWiktionaryCategoriesTEI#l9515"/>
                <span target="#t4376" pos="VER:pper" lemma="élever" corresp="dictionnaire_TLFiCategoriesTEI#l26325"/>
                <span target="#t4377" pos="SENT" lemma="." corresp="#noTS"/>
                <span target="#t4378" pos="NOM" lemma="●" corresp="#noTS"/>
                <span target="#t4379" pos="PUN:cit" lemma="«" corresp="#noTS"/>
                <span target="#t4380" pos="KON" lemma="et" corresp="#noTS"/>
                <span target="#t4381" pos="VER:infi" lemma="augmenter" corresp="dictionnaire_TLFiCategoriesTEI#l7181"/>
                <span target="#t4382" pos="ADV" lemma="ainsi" corresp="dictionnaire_TLFiCategoriesTEI#l2975"/>
                <span target="#t4383" pos="DET:ART" lemma="le" corresp="#noTS"/>
                <span target="#t4384" pos="NOM" lemma="taux" corresp="dictionnaire_TLFiCategoriesTEI#l74560"/>
                <span target="#t4385" pos="PRP" lemma="de" corresp="#noTS"/>
                <span target="#t4386" pos="NOM" lemma="pénétration" corresp="dictionnaire_TLFiCategoriesTEI#l55463"/>
                <span target="#t4387" pos="PRP:det" lemma="du" corresp="#noTS"/>
                <span target="#t4388" pos="NOM" lemma="micro-ordinateur"
                      corresp="dictionnaire_TLFiCategoriesTEI#l47392"/>
                <span target="#t4389" pos="PRP" lemma="dans" corresp="#noTS"/>
                <span target="#t4390" pos="DET:ART" lemma="le" corresp="#noTS"/>
                <span target="#t4391" pos="NOM" lemma="foyer" corresp="dictionnaire_TLFiCategoriesTEI#l31816"/>
                <span target="#t4392" pos="SENT" lemma="" corresp="#noTS"/>
                <span target="#t4393" pos="PUN:cit" lemma="»" corresp="#noTS"/>
                <span target="#t4394" pos="DET:ART" lemma="le" corresp="#noTS"/>
                <span target="#t4395" pos="NOM" lemma="journaliste" corresp="dictionnaire_TLFiCategoriesTEI#l41727"/>
                <span target="#t4396" pos="ADV" lemma="ne" corresp="#noTS"/>
                <span target="#t4397" pos="VER:pres" lemma="présenter" corresp="dictionnaire_TLFiCategoriesTEI#l60258"/>
                <span target="#t4398" pos="ADV" lemma="pas" corresp="dictionnaire_TLFiCategoriesTEI#l54617"/>
                <span target="#t4399" pos="DET:ART" lemma="le" corresp="#noTS"/>
                <span target="#t4400" pos="NOM" lemma="fait" corresp="dictionnaire_TLFiCategoriesTEI#l29942"/>
                <span target="#t4401" pos="PRP" lemma="de" corresp="#noTS"/>
                <span target="#t4402" pos="PUN:cit" lemma="«" corresp="#noTS"/>
                <span target="#t4403" pos="VER:infi" lemma="baisser" corresp="dictionnaire_TLFiCategoriesTEI#l8701"/>
                <span target="#t4404" pos="DET:ART" lemma="le" corresp="#noTS"/>
                <span target="#t4405" pos="NOM" lemma="prix" corresp="dictionnaire_TLFiCategoriesTEI#l60560"/>
                <span target="#t4406" pos="PUN:cit" lemma="»" corresp="#noTS"/>
                <span target="#t4407" pos="KON" lemma="et" corresp="#noTS"/>
                <span target="#t4408" pos="PRO:DEM" lemma="celui" corresp="#noTS"/>
                <span target="#t4409" pos="PUN:cit" lemma="«" corresp="#noTS"/>
                <span target="#t4410" pos="PRP" lemma="de" corresp="#noTS"/>
                <span target="#t4411" pos="VER:infi" lemma="augmenter" corresp="dictionnaire_TLFiCategoriesTEI#l7181"/>
                <span target="#t4412" pos="DET:ART" lemma="le" corresp="#noTS"/>
                <span target="#t4413" pos="NOM" lemma="nombre" corresp="dictionnaire_TLFiCategoriesTEI#l50792"/>
                <span target="#t4414" pos="PRP" lemma="de" corresp="#noTS"/>
                <span target="#t4415" pos="NOM" lemma="consommateur" corresp="dictionnaire_TLFiCategoriesTEI#l18538"/>
                <span target="#t4416" pos="PUN:cit" lemma="»" corresp="#noTS"/>
                <span target="#t4417" pos="KON" lemma="comme" corresp="#noTS"/>
                <span target="#t4418" pos="VER:ppre" lemma="être" corresp="dictionnaire_TLFiCategoriesTEI#l29037"/>
                <span target="#t4419" pos="DET:ART" lemma="le" corresp="#noTS"/>
                <span target="#t4420" pos="NOM" lemma="prémisse" corresp="dictionnaire_TLFiCategoriesTEI#l60164"/>
                <span target="#t4421" pos="PRP" lemma="de" corresp="#noTS"/>
                <span target="#t4422" pos="DET:ART" lemma="un" corresp="#noTS"/>
                <span target="#t4423" pos="NOM" lemma="topo" corresp="dictionnaire_TLFiCategoriesTEI#l76251"/>
                <span target="#t4424" pos="PUN" lemma="," corresp="#noTS"/>
                <span target="#t4425" pos="KON" lemma="mais" corresp="#noTS"/>
                <span target="#t4426" pos="ADV" lemma="plutôt" corresp="dictionnaire_TLFiCategoriesTEI#l58374"/>
                <span target="#t4427" pos="ADV" lemma="comme" corresp="DicoWiktionaryCategoriesTEI#l8041"/>
                <span target="#t4428" pos="PRP:det" lemma="du" corresp="#noTS"/>
                <span target="#t4429" pos="NOM" lemma="fait" corresp="dictionnaire_TLFiCategoriesTEI#l29942"/>
                <span target="#t4430" pos="ADJ" lemma="logique" corresp="dictionnaire_TLFiCategoriesTEI#l43947"/>
                <span target="#t4431" pos="VER:pper" lemma="lier" corresp="dictionnaire_TLFiCategoriesTEI#l43407"/>
                <span target="#t4432" pos="PRP" lemma="par" corresp="#noTS"/>
                <span target="#t4433" pos="PRP:det" lemma="du" corresp="#noTS"/>
                <span target="#t4434" pos="NOM" lemma="rapport" corresp="dictionnaire_TLFiCategoriesTEI#l63284"/>
                <span target="#t4435" pos="PRP" lemma="de" corresp="#noTS"/>
                <span target="#t4436" pos="NOM" lemma="cause" corresp="dictionnaire_TLFiCategoriesTEI#l14293"/>
                <span target="#t4437" pos="PRP" lemma="à" corresp="#noTS"/>
                <span target="#t4438" pos="NOM" lemma="conséquence" corresp="dictionnaire_TLFiCategoriesTEI#l18491"/>
                <span target="#t4439" pos="SENT" lemma="." corresp="#noTS"/>
                <span target="#t4440" pos="PRO:PER" lemma="en" corresp="#noTS"/>
                <span target="#t4441" pos="VER:pres" lemma="témoigner" corresp="dictionnaire_TLFiCategoriesTEI#l74911"/>
                <span target="#t4442" pos="DET:ART" lemma="le" corresp="#noTS"/>
                <span target="#t4443" pos="NOM" lemma="usage" corresp="dictionnaire_TLFiCategoriesTEI#l78802"/>
                <span target="#t4444" pos="PRP" lemma="de" corresp="#noTS"/>
                <span target="#t4445" pos="DET:ART" lemma="le" corresp="#noTS"/>
                <span target="#t4446" pos="NOM" lemma="adverbe" corresp="dictionnaire_TLFiCategoriesTEI#l1793"/>
                <span target="#t4447" pos="PUN:cit" lemma="«" corresp="#noTS"/>
                <span target="#t4448" pos="KON" lemma="ainsi" corresp="#noTS"/>
                <span target="#t4449" pos="PUN:cit" lemma="»" corresp="#noTS"/>
                <span target="#t4450" pos="SENT" lemma="." corresp="#noTS"/>
                <span target="#t4451" pos="DET:ART" lemma="le" corresp="#noTS"/>
                <span target="#t4452" pos="NOM" lemma="intervention" corresp="dictionnaire_TLFiCategoriesTEI#l40636"/>
                <span target="#t4453" pos="PRP:det" lemma="du" corresp="#noTS"/>
                <span target="#t4454" pos="NOM" lemma="journaliste" corresp="dictionnaire_TLFiCategoriesTEI#l41727"/>
                <span target="#t4455" pos="VER:pres" lemma="être" corresp="dictionnaire_TLFiCategoriesTEI#l29037"/>
                <span target="#t4456" pos="ADV" lemma="donc" corresp="#noTS"/>
                <span target="#t4457" pos="VER:pper" lemma="constituer"
                      corresp="dictionnaire_TLFiCategoriesTEI#l18595"/>
                <span target="#t4458" pos="PRP" lemma="de" corresp="#noTS"/>
                <span target="#t4459" pos="NOM" lemma="fait" corresp="dictionnaire_TLFiCategoriesTEI#l29942"/>
                <span target="#t4460" pos="VER:pper" lemma="présenter" corresp="dictionnaire_TLFiCategoriesTEI#l60258"/>
                <span target="#t4461" pos="ADV" lemma="comme" corresp="DicoWiktionaryCategoriesTEI#l8041"/>
                <span target="#t4462" pos="ADJ" lemma="vrai" corresp="dictionnaire_TLFiCategoriesTEI#l80768"/>
                <span target="#t4463" pos="KON" lemma="et" corresp="#noTS"/>
                <span target="#t4464" pos="ADJ" lemma="irréfutable" corresp="dictionnaire_TLFiCategoriesTEI#l41036"/>
                <span target="#t4465" pos="SENT" lemma="." corresp="#noTS"/>
                <span target="#t4466" pos="PUN" lemma="–" corresp="#noTS"/>
                <span target="#t4467" pos="DET:ART" lemma="le" corresp="#noTS"/>
                <span target="#t4468" pos="NUM" lemma="second" corresp="#noTS"/>
                <span target="#t4469" pos="NOM" lemma="séquence" corresp="dictionnaire_TLFiCategoriesTEI#l69269"/>
                <span target="#t4470" pos="ADJ" lemma="discursif" corresp="dictionnaire_TLFiCategoriesTEI#l24374"/>
                <span target="#t4471" pos="PUN" lemma=":" corresp="#noTS"/>
                <span target="#t4472" pos="DET:ART" lemma="le" corresp="#noTS"/>
                <span target="#t4473" pos="NUM" lemma="premier" corresp="#noTS"/>
                <span target="#t4474" pos="NOM" lemma="partie" corresp="dictionnaire_TLFiCategoriesTEI#l54583"/>
                <span target="#t4475" pos="PRP" lemma="de" corresp="#noTS"/>
                <span target="#t4476" pos="PRO:DEM" lemma="ce" corresp="#noTS"/>
                <span target="#t4477" pos="NOM" lemma="séquence" corresp="dictionnaire_TLFiCategoriesTEI#l69269"/>
                <span target="#t4478" pos="PUN" lemma="," corresp="#noTS"/>
                <span target="#t4479" pos="PRP" lemma="en" corresp="#noTS"/>
                <span target="#t4480" pos="DET:ART" lemma="le" corresp="#noTS"/>
                <span target="#t4481" pos="NOM" lemma="occurrence" corresp="dictionnaire_TLFiCategoriesTEI#l51545"/>
                <span target="#t4482" pos="PRO:DEM" lemma="celui" corresp="#noTS"/>
                <span target="#t4483" pos="PRO:REL" lemma="qui" corresp="#noTS"/>
                <span target="#t4484" pos="VER:pres" lemma="être" corresp="dictionnaire_TLFiCategoriesTEI#l29037"/>
                <span target="#t4485" pos="VER:pper" lemma="situer" corresp="dictionnaire_TLFiCategoriesTEI#l70094"/>
                <span target="#t4486" pos="PRP" lemma="à" corresp="#noTS"/>
                <span target="#t4487" pos="NOM" lemma="gauche" corresp="dictionnaire_TLFiCategoriesTEI#l33132"/>
                <span target="#t4488" pos="PRP:det" lemma="du" corresp="#noTS"/>
                <span target="#t4489" pos="NOM" lemma="connecteur" corresp="dictionnaire_TLFiCategoriesTEI#l18427"/>
                <span target="#t4490" pos="PUN" lemma="," corresp="#noTS"/>
                <span target="#t4491" pos="VER:pres" lemma="pouvoir" corresp="dictionnaire_TLFiCategoriesTEI#l59664"/>
                <span target="#t4492" pos="VER:infi" lemma="être" corresp="dictionnaire_TLFiCategoriesTEI#l29037"/>
                <span target="#t4493" pos="VER:pper" lemma="considérer"
                      corresp="dictionnaire_TLFiCategoriesTEI#l18512"/>
                <span target="#t4494" pos="ADV" lemma="comme" corresp="DicoWiktionaryCategoriesTEI#l8041"/>
                <span target="#t4495" pos="DET:ART" lemma="un" corresp="#noTS"/>
                <span target="#t4496" pos="NOM" lemma="sorte" corresp="dictionnaire_TLFiCategoriesTEI#l70678"/>
                <span target="#t4497" pos="PRP" lemma="de" corresp="#noTS"/>
                <span target="#t4498" pos="NOM" lemma="incise" corresp="dictionnaire_TLFiCategoriesTEI#l38995"/>
                <span target="#t4499" pos="PUN" lemma="," corresp="#noTS"/>
                <span target="#t4500" pos="PRP" lemma="de" corresp="#noTS"/>
                <span target="#t4501" pos="NOM" lemma="apposition" corresp="dictionnaire_TLFiCategoriesTEI#l6053"/>
                <span target="#t4502" pos="SENT" lemma="." corresp="#noTS"/>
                <span target="#t4503" pos="PRP" lemma="avant" corresp="#noTS"/>
                <span target="#t4504" pos="PRP" lemma="de" corresp="#noTS"/>
                <span target="#t4505" pos="VER:infi" lemma="répondre" corresp="dictionnaire_TLFiCategoriesTEI#l65291"/>
                <span target="#t4506" pos="ADV" lemma="directement" corresp="dictionnaire_TLFiCategoriesTEI#l24290"/>
                <span target="#t4507" pos="PRP" lemma="à" corresp="#noTS"/>
                <span target="#t4508" pos="DET:ART" lemma="le" corresp="#noTS"/>
                <span target="#t4509" pos="NOM" lemma="question" corresp="dictionnaire_TLFiCategoriesTEI#l62301"/>
                <span target="#t4510" pos="PRP:det" lemma="du" corresp="#noTS"/>
                <span target="#t4511" pos="NOM" lemma="journaliste" corresp="dictionnaire_TLFiCategoriesTEI#l41727"/>
                <span target="#t4512" pos="PUN" lemma="," corresp="#noTS"/>
                <span target="#t4513" pos="PRO:DEM" lemma="ce" corresp="#noTS"/>
                <span target="#t4514" pos="PRO:REL" lemma="qui" corresp="#noTS"/>
                <span target="#t4515" pos="PUN" lemma="," corresp="#noTS"/>
                <span target="#t4516" pos="VER:pres" lemma="sommer" corresp="dictionnaire_TLFiCategoriesTEI#l70516"/>
                <span target="#t4517" pos="PRO:IND" lemma="tout" corresp="#noTS"/>
                <span target="#t4518" pos="PUN" lemma="," corresp="#noTS"/>
                <span target="#t4519" pos="VER:pres" lemma="constituer"
                      corresp="dictionnaire_TLFiCategoriesTEI#l18595"/>
                <span target="#t4520" pos="DET:ART" lemma="le" corresp="#noTS"/>
                <span target="#t4521" pos="NOM" lemma="essentiel" corresp="dictionnaire_TLFiCategoriesTEI#l28675"/>
                <span target="#t4522" pos="PRP" lemma="de" corresp="#noTS"/>
                <span target="#t4523" pos="DET:POS" lemma="son" corresp="#noTS"/>
                <span target="#t4524" pos="NOM" lemma="discours" corresp="dictionnaire_TLFiCategoriesTEI#l24354"/>
                <span target="#t4525" pos="PUN" lemma="," corresp="#noTS"/>
                <span target="#t4526" pos="DET:ART" lemma="le" corresp="#noTS"/>
                <span target="#t4527" pos="NOM" lemma="patron" corresp="dictionnaire_TLFiCategoriesTEI#l54976"/>
                <span target="#t4528" pos="PRP" lemma="de" corresp="#noTS"/>
                <span target="#t4529" pos="NOM" lemma="intel" corresp="#noTS"/>
                <span target="#t4530" pos="VER:pres" lemma="juger" corresp="dictionnaire_TLFiCategoriesTEI#l41817"/>
                <span target="#t4531" pos="ADJ" lemma="indispensable" corresp="dictionnaire_TLFiCategoriesTEI#l39412"/>
                <span target="#t4532" pos="PRP" lemma="de" corresp="#noTS"/>
                <span target="#t4533" pos="VER:infi" lemma="rectifier" corresp="dictionnaire_TLFiCategoriesTEI#l64147"/>
                <span target="#t4534" pos="PUN" lemma="," corresp="#noTS"/>
                <span target="#t4535" pos="ADV" lemma="voire" corresp="dictionnaire_TLFiCategoriesTEI#l80518"/>
                <span target="#t4536" pos="PRP" lemma="de" corresp="#noTS"/>
                <span target="#t4537" pos="VER:infi" lemma="contredire"
                      corresp="dictionnaire_TLFiCategoriesTEI#l18832"/>
                <span target="#t4538" pos="PUN" lemma="," corresp="#noTS"/>
                <span target="#t4539" pos="DET:ART" lemma="le" corresp="#noTS"/>
                <span target="#t4540" pos="NOM" lemma="fait" corresp="dictionnaire_TLFiCategoriesTEI#l29942"/>
                <span target="#t4541" pos="VER:pper" lemma="avancer" corresp="dictionnaire_TLFiCategoriesTEI#l8136"/>
                <span target="#t4542" pos="PRP" lemma="par" corresp="#noTS"/>
                <span target="#t4543" pos="DET:POS" lemma="son" corresp="#noTS"/>
                <span target="#t4544" pos="NOM" lemma="interlocuteur" corresp="dictionnaire_TLFiCategoriesTEI#l40514"/>
                <span target="#t4545" pos="SENT" lemma="." corresp="#noTS"/>
                <span target="#t4546" pos="DET:ART" lemma="le" corresp="#noTS"/>
                <span target="#t4547" pos="NOM" lemma="acte" corresp="dictionnaire_TLFiCategoriesTEI#l968"/>
                <span target="#t4548" pos="PRP" lemma="de" corresp="#noTS"/>
                <span target="#t4549" pos="NOM" lemma="reformulation" corresp="dictionnaire_TLFiCategoriesTEI#l64422"/>
                <span target="#t4550" pos="VER:pper" lemma="introduire"
                      corresp="dictionnaire_TLFiCategoriesTEI#l40732"/>
                <span target="#t4551" pos="PRP" lemma="par" corresp="#noTS"/>
                <span target="#t4552" pos="DET:ART" lemma="le" corresp="#noTS"/>
                <span target="#t4553" pos="NOM" lemma="connecteur" corresp="dictionnaire_TLFiCategoriesTEI#l18427"/>
                <span target="#t4554" pos="PRP" lemma="de" corresp="#noTS"/>
                <span target="#t4555" pos="PRO:IND" lemma="tout" corresp="#noTS"/>
                <span target="#t4556" pos="NOM" lemma="façon" corresp="dictionnaire_TLFiCategoriesTEI#l29843"/>
                <span target="#t4557" pos="VER:pres" lemma="représenter"
                      corresp="dictionnaire_TLFiCategoriesTEI#l65341"/>
                <span target="#t4558" pos="PUN" lemma="," corresp="#noTS"/>
                <span target="#t4559" pos="ADV" lemma="donc" corresp="#noTS"/>
                <span target="#t4560" pos="PUN" lemma="," corresp="#noTS"/>
                <span target="#t4561" pos="DET:ART" lemma="le" corresp="#noTS"/>
                <span target="#t4562" pos="NOM" lemma="suite" corresp="dictionnaire_TLFiCategoriesTEI#l72595"/>
                <span target="#t4563" pos="PRP" lemma="de" corresp="#noTS"/>
                <span target="#t4564" pos="PRO:DEM" lemma="ce" corresp="#noTS"/>
                <span target="#t4565" pos="NOM" lemma="contestation" corresp="dictionnaire_TLFiCategoriesTEI#l18694"/>
                <span target="#t4566" pos="SENT" lemma="." corresp="#noTS"/>
                <span target="#t4567" pos="PRP" lemma="pour" corresp="#noTS"/>
                <span target="#t4568" pos="ADV" lemma="mieux" corresp="DicoWiktionaryCategoriesTEI#l39737 #l39738"/>
                <span target="#t4569" pos="VER:infi" lemma="expliciter"
                      corresp="dictionnaire_TLFiCategoriesTEI#l29622"/>
                <span target="#t4570" pos="PRO:DEM" lemma="ce" corresp="#noTS"/>
                <span target="#t4571" pos="NOM" lemma="fait" corresp="dictionnaire_TLFiCategoriesTEI#l29942"/>
                <span target="#t4572" pos="PUN" lemma="," corresp="#noTS"/>
                <span target="#t4573" pos="VER:pres" lemma="étudier" corresp="dictionnaire_TLFiCategoriesTEI#l29070"/>
                <span target="#t4574" pos="PRP" lemma="de" corresp="#noTS"/>
                <span target="#t4575" pos="ADV" lemma="près" corresp="dictionnaire_TLFiCategoriesTEI#l60219"/>
                <span target="#t4576" pos="DET:ART" lemma="le" corresp="#noTS"/>
                <span target="#t4577" pos="NOM" lemma="partie" corresp="dictionnaire_TLFiCategoriesTEI#l54583"/>
                <span target="#t4578" pos="PRP" lemma="de" corresp="#noTS"/>
                <span target="#t4579" pos="PRO:DEM" lemma="ce" corresp="#noTS"/>
                <span target="#t4580" pos="NUM" lemma="second" corresp="#noTS"/>
                <span target="#t4581" pos="NOM" lemma="acte" corresp="dictionnaire_TLFiCategoriesTEI#l968"/>
                <span target="#t4582" pos="SENT" lemma="." corresp="#noTS"/>
                <span target="#t4583" pos="ABR" lemma="●" corresp="#noTS"/>
                <span target="#t4584" pos="PUN:cit" lemma="«" corresp="#noTS"/>
                <span target="#t4585" pos="DET:POS" lemma="notre" corresp="#noTS"/>
                <span target="#t4586" pos="NOM" lemma="politique"
                      corresp="dictionnaire_TLFiCategoriesTEI#l58776 #l58777"/>
                <span target="#t4587" pos="PRP" lemma="de" corresp="#noTS"/>
                <span target="#t4588" pos="NOM" lemma="prix" corresp="dictionnaire_TLFiCategoriesTEI#l60560"/>
                <span target="#t4589" pos="VER:pres" lemma="être" corresp="dictionnaire_TLFiCategoriesTEI#l29037"/>
                <span target="#t4590" pos="ADV" lemma="déjà" corresp="DicoWiktionaryCategoriesTEI#l2721"/>
                <span target="#t4591" pos="PUN" lemma="…" corresp="#noTS"/>
                <span target="#t4592" pos="ADV" lemma="plus" corresp="DicoWiktionaryCategoriesTEI#l6378 #l6379 #l6380"/>
                <span target="#t4593" pos="KON" lemma="que" corresp="#noTS"/>
                <span target="#t4594" pos="NUM" lemma="100" corresp="#noTS"/>
                <span target="#t4595" pos="SENT" lemma="." corresp="#noTS"/>
                <span target="#t4596" pos="PUN:cit" lemma="»" corresp="#noTS"/>
                <span target="#t4597" pos="PRO:DEM" lemma="ce" corresp="#noTS"/>
                <span target="#t4598" pos="NOM" lemma="énoncé" corresp="dictionnaire_TLFiCategoriesTEI#l27509"/>
                <span target="#t4599" pos="VER:simp" lemma="contredire"
                      corresp="dictionnaire_TLFiCategoriesTEI#l18832"/>
                <span target="#t4600" pos="DET:ART" lemma="le" corresp="#noTS"/>
                <span target="#t4601" pos="NOM" lemma="information" corresp="dictionnaire_TLFiCategoriesTEI#l39791"/>
                <span target="#t4602" pos="VER:pper" lemma="véhiculer" corresp="dictionnaire_TLFiCategoriesTEI#l79330"/>
                <span target="#t4603" pos="PRP" lemma="par" corresp="#noTS"/>
                <span target="#t4604" pos="DET:ART" lemma="le" corresp="#noTS"/>
                <span target="#t4605" pos="NOM" lemma="journaliste" corresp="dictionnaire_TLFiCategoriesTEI#l41727"/>
                <span target="#t4606" pos="PRP" lemma="selon" corresp="#noTS"/>
                <span target="#t4607" pos="PRO:REL" lemma="lequel" corresp="#noTS"/>
                <span target="#t4608" pos="DET:ART" lemma="le" corresp="#noTS"/>
                <span target="#t4609" pos="NOM" lemma="prix" corresp="dictionnaire_TLFiCategoriesTEI#l60560"/>
                <span target="#t4610" pos="PRP:det" lemma="du" corresp="#noTS"/>
                <span target="#t4611" pos="NOM" lemma="processeur" corresp="dictionnaire_TLFiCategoriesTEI#l60626"/>
                <span target="#t4612" pos="ADJ" lemma="intel" corresp="#noTS"/>
                <span target="#t4613" pos="VER:pres" lemma="être" corresp="dictionnaire_TLFiCategoriesTEI#l29037"/>
                <span target="#t4614" pos="ADJ" lemma="inabordable" corresp="dictionnaire_TLFiCategoriesTEI#l38797"/>
                <span target="#t4615" pos="PRP" lemma="pour" corresp="#noTS"/>
                <span target="#t4616" pos="DET:ART" lemma="un" corresp="#noTS"/>
                <span target="#t4617" pos="NOM" lemma="particulier" corresp="dictionnaire_TLFiCategoriesTEI#l54580"/>
                <span target="#t4618" pos="SENT" lemma="." corresp="#noTS"/>
                <span target="#t4619" pos="ABR" lemma="●" corresp="#noTS"/>
                <span target="#t4620" pos="PUN:cit" lemma="«" corresp="#noTS"/>
                <span target="#t4621" pos="DET:POS" lemma="notre" corresp="#noTS"/>
                <span target="#t4622" pos="NOM" lemma="marge" corresp="dictionnaire_TLFiCategoriesTEI#l45610"/>
                <span target="#t4623" pos="NOM" lemma="brute" corresp="dictionnaire_TLFiCategoriesTEI#l12308"/>
                <span target="#t4624" pos="VER:cond" lemma="devoir" corresp="dictionnaire_TLFiCategoriesTEI#l23820"/>
                <span target="#t4625" pos="PUN" lemma="," corresp="#noTS"/>
                <span target="#t4626" pos="PRP" lemma="de" corresp="#noTS"/>
                <span target="#t4627" pos="ADV" lemma="ailleurs" corresp="dictionnaire_TLFiCategoriesTEI#l2906"/>
                <span target="#t4628" pos="PUN" lemma="," corresp="#noTS"/>
                <span target="#t4629" pos="PRP" lemma="à" corresp="#noTS"/>
                <span target="#t4630" pos="NOM" lemma="terme" corresp="dictionnaire_TLFiCategoriesTEI#l75126"/>
                <span target="#t4631" pos="PUN" lemma="," corresp="#noTS"/>
                <span target="#t4632" pos="VER:infi" lemma="revenir" corresp="dictionnaire_TLFiCategoriesTEI#l65920"/>
                <span target="#t4633" pos="ADV" lemma="autour" corresp="dictionnaire_TLFiCategoriesTEI#l7445"/>
                <span target="#t4634" pos="PRP" lemma="de" corresp="#noTS"/>
                <span target="#t4635" pos="NUM" lemma="50" corresp="#noTS"/>
                <span target="#t4636" pos="SYM" lemma="%" corresp="#noTS"/>
                <span target="#t4637" pos="PUN:cit" lemma="»" corresp="#noTS"/>
                <span target="#t4638" pos="PRO:DEM" lemma="ce" corresp="#noTS"/>
                <span target="#t4639" pos="NOM" lemma="énoncé" corresp="dictionnaire_TLFiCategoriesTEI#l27509"/>
                <span target="#t4640" pos="PUN" lemma="," corresp="#noTS"/>
                <span target="#t4641" pos="VER:pper" lemma="marquer" corresp="dictionnaire_TLFiCategoriesTEI#l45765"/>
                <span target="#t4642" pos="PRP" lemma="par" corresp="#noTS"/>
                <span target="#t4643" pos="DET:ART" lemma="le" corresp="#noTS"/>
                <span target="#t4644" pos="NOM" lemma="connecteur" corresp="dictionnaire_TLFiCategoriesTEI#l18427"/>
                <span target="#t4645" pos="PRP" lemma="de" corresp="#noTS"/>
                <span target="#t4646" pos="ADV" lemma="ailleurs" corresp="dictionnaire_TLFiCategoriesTEI#l2906"/>
                <span target="#t4647" pos="PUN" lemma="," corresp="#noTS"/>
                <span target="#t4648" pos="VER:pres" lemma="constituer"
                      corresp="dictionnaire_TLFiCategoriesTEI#l18595"/>
                <span target="#t4649" pos="DET:ART" lemma="un" corresp="#noTS"/>
                <span target="#t4650" pos="NOM" lemma="argument" corresp="dictionnaire_TLFiCategoriesTEI#l6533"/>
                <span target="#t4651" pos="VER:pper" lemma="coorienté" corresp="#noTS"/>
                <span target="#t4652" pos="PRP" lemma="par" corresp="#noTS"/>
                <span target="#t4653" pos="NOM" lemma="rapport" corresp="dictionnaire_TLFiCategoriesTEI#l63284"/>
                <span target="#t4654" pos="PRP" lemma="à" corresp="#noTS"/>
                <span target="#t4655" pos="DET:ART" lemma="un" corresp="#noTS"/>
                <span target="#t4656" pos="NOM" lemma="argument" corresp="dictionnaire_TLFiCategoriesTEI#l6533"/>
                <span target="#t4657" pos="ADJ" lemma="précédent" corresp="dictionnaire_TLFiCategoriesTEI#l59933"/>
                <span target="#t4658" pos="SENT" lemma="." corresp="#noTS"/>
                <span target="#t4659" pos="PRO:DEM" lemma="ce" corresp="#noTS"/>
                <span target="#t4660" pos="NUM" lemma="deux" corresp="#noTS"/>
                <span target="#t4661" pos="NOM" lemma="argument" corresp="dictionnaire_TLFiCategoriesTEI#l6533"/>
                <span target="#t4662" pos="VER:pres" lemma="servir" corresp="dictionnaire_TLFiCategoriesTEI#l69506"/>
                <span target="#t4663" pos="DET:ART" lemma="le" corresp="#noTS"/>
                <span target="#t4664" pos="ADJ" lemma="même" corresp="dictionnaire_TLFiCategoriesTEI#l46594"/>
                <span target="#t4665" pos="NOM" lemma="conclusion" corresp="dictionnaire_TLFiCategoriesTEI#l18120"/>
                <span target="#t4666" pos="PRP" lemma="à" corresp="#noTS"/>
                <span target="#t4667" pos="NOM" lemma="propos" corresp="dictionnaire_TLFiCategoriesTEI#l60942"/>
                <span target="#t4668" pos="PRP" lemma="de" corresp="#noTS"/>
                <span target="#t4669" pos="PUN:cit" lemma="«" corresp="#noTS"/>
                <span target="#t4670" pos="DET:ART" lemma="le" corresp="#noTS"/>
                <span target="#t4671" pos="NOM" lemma="accessibilité" corresp="dictionnaire_TLFiCategoriesTEI#l1302"/>
                <span target="#t4672" pos="PRP:det" lemma="du" corresp="#noTS"/>
                <span target="#t4673" pos="NOM" lemma="prix" corresp="dictionnaire_TLFiCategoriesTEI#l60560"/>
                <span target="#t4674" pos="PRP:det" lemma="du" corresp="#noTS"/>
                <span target="#t4675" pos="NOM" lemma="processeur" corresp="dictionnaire_TLFiCategoriesTEI#l60626"/>
                <span target="#t4676" pos="ADJ" lemma="intel" corresp="#noTS"/>
                <span target="#t4677" pos="PUN:cit" lemma="»" corresp="#noTS"/>
                <span target="#t4678" pos="SENT" lemma="." corresp="#noTS"/>
                <span target="#t4679" pos="DET:ART" lemma="le" corresp="#noTS"/>
                <span target="#t4680" pos="NOM" lemma="rectification" corresp="dictionnaire_TLFiCategoriesTEI#l64146"/>
                <span target="#t4681" pos="VER:pper" lemma="introduire"
                      corresp="dictionnaire_TLFiCategoriesTEI#l40732"/>
                <span target="#t4682" pos="PRP" lemma="dans" corresp="#noTS"/>
                <span target="#t4683" pos="PRO:DEM" lemma="ce" corresp="#noTS"/>
                <span target="#t4684" pos="NOM" lemma="acte" corresp="dictionnaire_TLFiCategoriesTEI#l968"/>
                <span target="#t4685" pos="VER:pres" lemma="concerner" corresp="dictionnaire_TLFiCategoriesTEI#l18067"/>
                <span target="#t4686" pos="DET:ART" lemma="le" corresp="#noTS"/>
                <span target="#t4687" pos="NOM" lemma="chiffre" corresp="dictionnaire_TLFiCategoriesTEI#l15733"/>
                <span target="#t4688" pos="VER:pper" lemma="donner" corresp="dictionnaire_TLFiCategoriesTEI#l24800"/>
                <span target="#t4689" pos="PRP" lemma="par" corresp="#noTS"/>
                <span target="#t4690" pos="DET:ART" lemma="le" corresp="#noTS"/>
                <span target="#t4691" pos="NOM" lemma="journaliste" corresp="dictionnaire_TLFiCategoriesTEI#l41727"/>
                <span target="#t4692" pos="PUN" lemma="(" corresp="#noTS"/>
                <span target="#t4693" pos="PUN:cit" lemma="«" corresp="#noTS"/>
                <span target="#t4694" pos="ADV" lemma="autour" corresp="dictionnaire_TLFiCategoriesTEI#l7445"/>
                <span target="#t4695" pos="PRP" lemma="de" corresp="#noTS"/>
                <span target="#t4696" pos="NUM" lemma="50" corresp="#noTS"/>
                <span target="#t4697" pos="SYM" lemma="%" corresp="#noTS"/>
                <span target="#t4698" pos="PUN:cit" lemma="»" corresp="#noTS"/>
                <span target="#t4699" pos="NOM" lemma="≠" corresp="#noTS"/>
                <span target="#t4700" pos="PUN:cit" lemma="«" corresp="#noTS"/>
                <span target="#t4701" pos="NUM" lemma="60" corresp="#noTS"/>
                <span target="#t4702" pos="SYM" lemma="%" corresp="#noTS"/>
                <span target="#t4703" pos="PUN:cit" lemma="»" corresp="#noTS"/>
                <span target="#t4704" pos="PUN" lemma=")" corresp="#noTS"/>
                <span target="#t4705" pos="SENT" lemma="." corresp="#noTS"/>
                <span target="#t4706" pos="PRO:PER" lemma="elle" corresp="#noTS"/>
                <span target="#t4707" pos="VER:pres" lemma="remettre" corresp="dictionnaire_TLFiCategoriesTEI#l64866"/>
                <span target="#t4708" pos="PRP" lemma="en" corresp="#noTS"/>
                <span target="#t4709" pos="NOM" lemma="question" corresp="dictionnaire_TLFiCategoriesTEI#l62301"/>
                <span target="#t4710" pos="DET:ART" lemma="le" corresp="#noTS"/>
                <span target="#t4711" pos="NOM" lemma="exactitude" corresp="dictionnaire_TLFiCategoriesTEI#l29335"/>
                <span target="#t4712" pos="PRP:det" lemma="du" corresp="#noTS"/>
                <span target="#t4713" pos="NOM" lemma="dire" corresp="dictionnaire_TLFiCategoriesTEI#l24287"/>
                <span target="#t4714" pos="PRP" lemma="de" corresp="#noTS"/>
                <span target="#t4715" pos="PRO:DEM" lemma="ce" corresp="#noTS"/>
                <span target="#t4716" pos="ADJ" lemma="dernier" corresp="dictionnaire_TLFiCategoriesTEI#l23197"/>
                <span target="#t4717" pos="KON" lemma="et" corresp="#noTS"/>
                <span target="#t4718" pos="PUN" lemma="," corresp="#noTS"/>
                <span target="#t4719" pos="PRP" lemma="par" corresp="#noTS"/>
                <span target="#t4720" pos="ADJ" lemma="conséquent" corresp="dictionnaire_TLFiCategoriesTEI#l18492"/>
                <span target="#t4721" pos="PUN" lemma="," corresp="#noTS"/>
                <span target="#t4722" pos="DET:POS" lemma="son" corresp="#noTS"/>
                <span target="#t4723" pos="NOM" lemma="crédibilité" corresp="dictionnaire_TLFiCategoriesTEI#l20125"/>
                <span target="#t4724" pos="SENT" lemma="." corresp="#noTS"/>
                <span target="#t4725" pos="NOM" lemma="●" corresp="#noTS"/>
                <span target="#t4726" pos="PUN:cit" lemma="«" corresp="#noTS"/>
                <span target="#t4727" pos="PRP" lemma="de" corresp="#noTS"/>
                <span target="#t4728" pos="PRO:IND" lemma="tout" corresp="#noTS"/>
                <span target="#t4729" pos="NOM" lemma="façon" corresp="dictionnaire_TLFiCategoriesTEI#l29843"/>
                <span target="#t4730" pos="PUN" lemma="," corresp="#noTS"/>
                <span target="#t4731" pos="PRO:PER" lemma="je" corresp="#noTS"/>
                <span target="#t4732" pos="ADV" lemma="ne" corresp="#noTS"/>
                <span target="#t4733" pos="VER:pres" lemma="croire" corresp="dictionnaire_TLFiCategoriesTEI#l20369"/>
                <span target="#t4734" pos="ADV" lemma="pas" corresp="dictionnaire_TLFiCategoriesTEI#l54617"/>
                <span target="#t4735" pos="KON" lemma="que" corresp="#noTS"/>
                <span target="#t4736" pos="DET:ART" lemma="un" corresp="#noTS"/>
                <span target="#t4737" pos="NOM" lemma="baisse" corresp="dictionnaire_TLFiCategoriesTEI#l8699"/>
                <span target="#t4738" pos="PRP:det" lemma="du" corresp="#noTS"/>
                <span target="#t4739" pos="NOM" lemma="prix" corresp="dictionnaire_TLFiCategoriesTEI#l60560"/>
                <span target="#t4740" pos="VER:cond" lemma="stimuler" corresp="dictionnaire_TLFiCategoriesTEI#l71988"/>
                <span target="#t4741" pos="ADV" lemma="réellement" corresp="DicoWiktionaryCategoriesTEI#l9450"/>
                <span target="#t4742" pos="DET:ART" lemma="le" corresp="#noTS"/>
                <span target="#t4743" pos="NOM" lemma="demande" corresp="dictionnaire_TLFiCategoriesTEI#l22487"/>
                <span target="#t4744" pos="PRP" lemma="de" corresp="#noTS"/>
                <span target="#t4745" pos="NOM" lemma="ordinateur" corresp="dictionnaire_TLFiCategoriesTEI#l52597"/>
                <span target="#t4746" pos="PUN:cit" lemma="»" corresp="#noTS"/>
                <span target="#t4747" pos="SENT" lemma="." corresp="#noTS"/>
                <span target="#t4748" pos="PRO:PER" lemma="en" corresp="#noTS"/>
                <span target="#t4749" pos="VER:ppre" lemma="rectifier" corresp="dictionnaire_TLFiCategoriesTEI#l64147"/>
                <span target="#t4750" pos="PRO:IND" lemma="tout" corresp="#noTS"/>
                <span target="#t4751" pos="DET:ART" lemma="le" corresp="#noTS"/>
                <span target="#t4752" pos="NOM" lemma="information" corresp="dictionnaire_TLFiCategoriesTEI#l39791"/>
                <span target="#t4753" pos="VER:pper" lemma="donner" corresp="dictionnaire_TLFiCategoriesTEI#l24800"/>
                <span target="#t4754" pos="PRP" lemma="par" corresp="#noTS"/>
                <span target="#t4755" pos="DET:ART" lemma="le" corresp="#noTS"/>
                <span target="#t4756" pos="NOM" lemma="journaliste" corresp="dictionnaire_TLFiCategoriesTEI#l41727"/>
                <span target="#t4757" pos="VER:ppre" lemma="concerner" corresp="dictionnaire_TLFiCategoriesTEI#l18067"/>
                <span target="#t4758" pos="DET:ART" lemma="le" corresp="#noTS"/>
                <span target="#t4759" pos="NOM" lemma="stratégie" corresp="dictionnaire_TLFiCategoriesTEI#l72088"/>
                <span target="#t4760" pos="PRP:det" lemma="du" corresp="#noTS"/>
                <span target="#t4761" pos="NOM" lemma="prix" corresp="dictionnaire_TLFiCategoriesTEI#l60560"/>
                <span target="#t4762" pos="PRP" lemma="de" corresp="#noTS"/>
                <span target="#t4763" pos="NOM" lemma="intel" corresp="#noTS"/>
                <span target="#t4764" pos="PUN" lemma="," corresp="#noTS"/>
                <span target="#t4765" pos="VER:pres" lemma="avoir" corresp="dictionnaire_TLFiCategoriesTEI#l8314"/>
                <span target="#t4766" pos="SENT" lemma="." corresp="#noTS"/>
                <span target="#t4767" pos="NOM" lemma="grove" corresp="#noTS"/>
                <span target="#t4768" pos="PRO:PER" lemma="le" corresp="#noTS"/>
                <span target="#t4769" pos="VER:pres" lemma="discréditer"
                      corresp="dictionnaire_TLFiCategoriesTEI#l24358"/>
                <span target="#t4770" pos="KON" lemma="et" corresp="#noTS"/>
                <span target="#t4771" pos="VER:pres" lemma="mettre" corresp="dictionnaire_TLFiCategoriesTEI#l47277"/>
                <span target="#t4772" pos="PRP" lemma="en" corresp="#noTS"/>
                <span target="#t4773" pos="NOM" lemma="cause" corresp="dictionnaire_TLFiCategoriesTEI#l14293"/>
                <span target="#t4774" pos="DET:ART" lemma="le" corresp="#noTS"/>
                <span target="#t4775" pos="NOM" lemma="pertinence" corresp="dictionnaire_TLFiCategoriesTEI#l56124"/>
                <span target="#t4776" pos="ADJ" lemma="même" corresp="dictionnaire_TLFiCategoriesTEI#l46594"/>
                <span target="#t4777" pos="PRP" lemma="de" corresp="#noTS"/>
                <span target="#t4778" pos="DET:POS" lemma="son" corresp="#noTS"/>
                <span target="#t4779" pos="NOM" lemma="réflexion" corresp="dictionnaire_TLFiCategoriesTEI#l64398"/>
                <span target="#t4780" pos="ADJ" lemma="essentiel" corresp="dictionnaire_TLFiCategoriesTEI#l28675"/>
                <span target="#t4781" pos="PUN" lemma="," corresp="#noTS"/>
                <span target="#t4782" pos="PRP" lemma="à" corresp="#noTS"/>
                <span target="#t4783" pos="VER:infi" lemma="savoir" corresp="dictionnaire_TLFiCategoriesTEI#l68248"/>
                <span target="#t4784" pos="DET:ART" lemma="le" corresp="#noTS"/>
                <span target="#t4785" pos="NOM" lemma="existence" corresp="dictionnaire_TLFiCategoriesTEI#l4771"/>
                <span target="#t4786" pos="PRP" lemma="de" corresp="#noTS"/>
                <span target="#t4787" pos="DET:ART" lemma="un" corresp="#noTS"/>
                <span target="#t4788" pos="NOM" lemma="rapport" corresp="dictionnaire_TLFiCategoriesTEI#l63284"/>
                <span target="#t4789" pos="PRP" lemma="de" corresp="#noTS"/>
                <span target="#t4790" pos="NOM" lemma="cause" corresp="dictionnaire_TLFiCategoriesTEI#l14293"/>
                <span target="#t4791" pos="PRP" lemma="à" corresp="#noTS"/>
                <span target="#t4792" pos="NOM" lemma="conséquence" corresp="dictionnaire_TLFiCategoriesTEI#l18491"/>
                <span target="#t4793" pos="VER:ppre" lemma="lier" corresp="dictionnaire_TLFiCategoriesTEI#l43407"/>
                <span target="#t4794" pos="DET:ART" lemma="le" corresp="#noTS"/>
                <span target="#t4795" pos="NOM" lemma="baisse" corresp="dictionnaire_TLFiCategoriesTEI#l8699"/>
                <span target="#t4796" pos="PRP:det" lemma="du" corresp="#noTS"/>
                <span target="#t4797" pos="NOM" lemma="prix" corresp="dictionnaire_TLFiCategoriesTEI#l60560"/>
                <span target="#t4798" pos="PRP" lemma="à" corresp="#noTS"/>
                <span target="#t4799" pos="DET:ART" lemma="le" corresp="#noTS"/>
                <span target="#t4800" pos="NOM" lemma="augmentation" corresp="dictionnaire_TLFiCategoriesTEI#l7180"/>
                <span target="#t4801" pos="PRP:det" lemma="du" corresp="#noTS"/>
                <span target="#t4802" pos="NOM" lemma="achat" corresp="dictionnaire_TLFiCategoriesTEI#l707"/>
                <span target="#t4803" pos="PRP:det" lemma="du" corresp="#noTS"/>
                <span target="#t4804" pos="NOM" lemma="particulier" corresp="dictionnaire_TLFiCategoriesTEI#l54580"/>
                <span target="#t4805" pos="SENT" lemma="." corresp="#noTS"/>
                <span target="#t4806" pos="PRP" lemma="de" corresp="#noTS"/>
                <span target="#t4807" pos="NOM" lemma="surcroît" corresp="dictionnaire_TLFiCategoriesTEI#l73138"/>
                <span target="#t4808" pos="PUN" lemma="," corresp="#noTS"/>
                <span target="#t4809" pos="DET:ART" lemma="le" corresp="#noTS"/>
                <span target="#t4810" pos="NOM" lemma="remise" corresp="dictionnaire_TLFiCategoriesTEI#l64871"/>
                <span target="#t4811" pos="PRP" lemma="en" corresp="#noTS"/>
                <span target="#t4812" pos="NOM" lemma="cause" corresp="dictionnaire_TLFiCategoriesTEI#l14293"/>
                <span target="#t4813" pos="ADJ" lemma="radical" corresp="dictionnaire_TLFiCategoriesTEI#l62662"/>
                <span target="#t4814" pos="PRP:det" lemma="du" corresp="#noTS"/>
                <span target="#t4815" pos="NOM" lemma="contenu" corresp="dictionnaire_TLFiCategoriesTEI#l18676"/>
                <span target="#t4816" pos="ADJ" lemma="propositionnel" corresp="dictionnaire_TLFiCategoriesTEI#l60948"/>
                <span target="#t4817" pos="PRP" lemma="de" corresp="#noTS"/>
                <span target="#t4818" pos="NOM" lemma="p" corresp="dictionnaire_TLFiCategoriesTEI#l53378"/>
                <span target="#t4819" pos="VER:pres" lemma="permettre" corresp="dictionnaire_TLFiCategoriesTEI#l55970"/>
                <span target="#t4820" pos="PRP" lemma="de" corresp="#noTS"/>
                <span target="#t4821" pos="VER:infi" lemma="annuler" corresp="dictionnaire_TLFiCategoriesTEI#l5154"/>
                <span target="#t4822" pos="PUN" lemma="," corresp="#noTS"/>
                <span target="#t4823" pos="PRP" lemma="de" corresp="#noTS"/>
                <span target="#t4824" pos="DET:ART" lemma="un" corresp="#noTS"/>
                <span target="#t4825" pos="NOM" lemma="façon" corresp="dictionnaire_TLFiCategoriesTEI#l29843"/>
                <span target="#t4826" pos="ADJ" lemma="systématique" corresp="dictionnaire_TLFiCategoriesTEI#l73912"/>
                <span target="#t4827" pos="PUN" lemma="," corresp="#noTS"/>
                <span target="#t4828" pos="DET:ART" lemma="le" corresp="#noTS"/>
                <span target="#t4829" pos="NOM" lemma="contenu" corresp="dictionnaire_TLFiCategoriesTEI#l18676"/>
                <span target="#t4830" pos="VER:pper" lemma="insinuer" corresp="dictionnaire_TLFiCategoriesTEI#l40151"/>
                <span target="#t4831" pos="PRP" lemma="dans" corresp="#noTS"/>
                <span target="#t4832" pos="PRO:DEM" lemma="ce" corresp="#noTS"/>
                <span target="#t4833" pos="NOM" lemma="acte" corresp="dictionnaire_TLFiCategoriesTEI#l968"/>
                <span target="#t4834" pos="PUN" lemma="," corresp="#noTS"/>
                <span target="#t4835" pos="PRP" lemma="à" corresp="#noTS"/>
                <span target="#t4836" pos="DET:ART" lemma="le" corresp="#noTS"/>
                <span target="#t4837" pos="NOM" lemma="exemple" corresp="dictionnaire_TLFiCategoriesTEI#l29460"/>
                <span target="#t4838" pos="PRP" lemma="de" corresp="#noTS"/>
                <span target="#t4839" pos="PUN" lemma=":" corresp="#noTS"/>
                <span target="#t4840" pos="PUN:cit" lemma="«" corresp="#noTS"/>
                <span target="#t4841" pos="ADJ" lemma="intel" corresp="#noTS"/>
                <span target="#t4842" pos="ADV" lemma="ne" corresp="#noTS"/>
                <span target="#t4843" pos="VER:pres" lemma="chercher" corresp="dictionnaire_TLFiCategoriesTEI#l15550"/>
                <span target="#t4844" pos="ADV" lemma="pas" corresp="dictionnaire_TLFiCategoriesTEI#l54617"/>
                <span target="#t4845" pos="ADV" lemma="vraiment" corresp="dictionnaire_TLFiCategoriesTEI#l80770"/>
                <span target="#t4846" pos="PRP" lemma="à" corresp="#noTS"/>
                <span target="#t4847" pos="VER:infi" lemma="élargir" corresp="dictionnaire_TLFiCategoriesTEI#l26163"/>
                <span target="#t4848" pos="DET:POS" lemma="son" corresp="#noTS"/>
                <span target="#t4849" pos="NOM" lemma="marché" corresp="dictionnaire_TLFiCategoriesTEI#l45568"/>
                <span target="#t4850" pos="PUN:cit" lemma="»" corresp="#noTS"/>
                <span target="#t4851" pos="SENT" lemma="." corresp="#noTS"/>
                <span target="#t4852" pos="PRO:PER" lemma="il" corresp="#noTS"/>
                <span target="#t4853" pos="VER:pres" lemma="apparaître" corresp="dictionnaire_TLFiCategoriesTEI#l232"/>
                <span target="#t4854" pos="PUN" lemma="," corresp="#noTS"/>
                <span target="#t4855" pos="ADV" lemma="ainsi" corresp="dictionnaire_TLFiCategoriesTEI#l2975"/>
                <span target="#t4856" pos="PUN" lemma="," corresp="#noTS"/>
                <span target="#t4857" pos="KON" lemma="que" corresp="#noTS"/>
                <span target="#t4858" pos="PRP" lemma="dans" corresp="#noTS"/>
                <span target="#t4859" pos="DET:ART" lemma="le" corresp="#noTS"/>
                <span target="#t4860" pos="NOM" lemma="énoncé" corresp="dictionnaire_TLFiCategoriesTEI#l27509"/>
                <span target="#t4861" pos="ADV" lemma="uniquement" corresp="dictionnaire_TLFiCategoriesTEI#l78573"/>
                <span target="#t4862" pos="ADJ" lemma="reformulatifs" corresp="#noTS"/>
                <span target="#t4863" pos="PUN" lemma="," corresp="#noTS"/>
                <span target="#t4864" pos="DET:ART" lemma="le" corresp="#noTS"/>
                <span target="#t4865" pos="NOM" lemma="fonction" corresp="dictionnaire_TLFiCategoriesTEI#l31425"/>
                <span target="#t4866" pos="PRP" lemma="de" corresp="#noTS"/>
                <span target="#t4867" pos="PRP" lemma="de" corresp="#noTS"/>
                <span target="#t4868" pos="PRO:IND" lemma="tout" corresp="#noTS"/>
                <span target="#t4869" pos="NOM" lemma="façon" corresp="dictionnaire_TLFiCategoriesTEI#l29843"/>
                <span target="#t4870" pos="VER:pres" lemma="consister" corresp="dictionnaire_TLFiCategoriesTEI#l18519"/>
                <span target="#t4871" pos="PRP" lemma="à" corresp="#noTS"/>
                <span target="#t4872" pos="VER:infi" lemma="remettre" corresp="dictionnaire_TLFiCategoriesTEI#l64866"/>
                <span target="#t4873" pos="PRP" lemma="en" corresp="#noTS"/>
                <span target="#t4874" pos="NOM" lemma="cause" corresp="dictionnaire_TLFiCategoriesTEI#l14293"/>
                <span target="#t4875" pos="DET:ART" lemma="le" corresp="#noTS"/>
                <span target="#t4876" pos="NOM" lemma="pertinence" corresp="dictionnaire_TLFiCategoriesTEI#l56124"/>
                <span target="#t4877" pos="PRP" lemma="de" corresp="#noTS"/>
                <span target="#t4878" pos="DET:ART" lemma="le" corresp="#noTS"/>
                <span target="#t4879" pos="NOM" lemma="énonciation" corresp="dictionnaire_TLFiCategoriesTEI#l27514"/>
                <span target="#t4880" pos="PRP" lemma="de" corresp="#noTS"/>
                <span target="#t4881" pos="DET:ART" lemma="le" corresp="#noTS"/>
                <span target="#t4882" pos="NOM" lemma="acte" corresp="dictionnaire_TLFiCategoriesTEI#l968"/>
                <span target="#t4883" pos="ADJ" lemma="discursif" corresp="dictionnaire_TLFiCategoriesTEI#l24374"/>
                <span target="#t4884" pos="ADJ" lemma="initial" corresp="dictionnaire_TLFiCategoriesTEI#l39942"/>
                <span target="#t4885" pos="SENT" lemma="." corresp="#noTS"/>
                <span target="#t4886" pos="PRO:DEM" lemma="ce" corresp="#noTS"/>
                <span target="#t4887" pos="NOM" lemma="mise" corresp="dictionnaire_TLFiCategoriesTEI#l47828"/>
                <span target="#t4888" pos="PRP" lemma="en" corresp="#noTS"/>
                <span target="#t4889" pos="NOM" lemma="cause" corresp="dictionnaire_TLFiCategoriesTEI#l14293"/>
                <span target="#t4890" pos="PRO:PER" lemma="se" corresp="#noTS"/>
                <span target="#t4891" pos="VER:pres" lemma="faire" corresp="dictionnaire_TLFiCategoriesTEI#l29921"/>
                <span target="#t4892" pos="PUN" lemma="," corresp="#noTS"/>
                <span target="#t4893" pos="KON" lemma="comme" corresp="#noTS"/>
                <span target="#t4894" pos="PRO:PER" lemma="nous" corresp="#noTS"/>
                <span target="#t4895" pos="PRO:PER" lemma="le" corresp="#noTS"/>
                <span target="#t4896" pos="VER:pres" lemma="avoir" corresp="dictionnaire_TLFiCategoriesTEI#l8314"/>
                <span target="#t4897" pos="VER:pper" lemma="montrer" corresp="dictionnaire_TLFiCategoriesTEI#l48499"/>
                <span target="#t4898" pos="PUN" lemma="," corresp="#noTS"/>
                <span target="#t4899" pos="PRP" lemma="par" corresp="#noTS"/>
                <span target="#t4900" pos="DET:ART" lemma="le" corresp="#noTS"/>
                <span target="#t4901" pos="NOM" lemma="invalidation" corresp="dictionnaire_TLFiCategoriesTEI#l40785"/>
                <span target="#t4902" pos="PRP" lemma="de" corresp="#noTS"/>
                <span target="#t4903" pos="DET:ART" lemma="un" corresp="#noTS"/>
                <span target="#t4904" pos="NOM" lemma="élément" corresp="dictionnaire_TLFiCategoriesTEI#l26301"/>
                <span target="#t4905" pos="PRP" lemma="de" corresp="#noTS"/>
                <span target="#t4906" pos="NOM" lemma="p" corresp="dictionnaire_TLFiCategoriesTEI#l53378"/>
                <span target="#t4907" pos="PUN" lemma=":" corresp="#noTS"/>
                <span target="#t4908" pos="DET:POS" lemma="son" corresp="#noTS"/>
                <span target="#t4909" pos="NOM" lemma="implicitation" corresp="#noTS"/>
                <span target="#t4910" pos="PUN" lemma="," corresp="#noTS"/>
                <span target="#t4911" pos="DET:POS" lemma="son" corresp="#noTS"/>
                <span target="#t4912" pos="NOM" lemma="acte" corresp="dictionnaire_TLFiCategoriesTEI#l968"/>
                <span target="#t4913" pos="ADJ" lemma="illocutoire" corresp="dictionnaire_TLFiCategoriesTEI#l38172"/>
                <span target="#t4914" pos="KON" lemma="ou" corresp="#noTS"/>
                <span target="#t4915" pos="DET:POS" lemma="son" corresp="#noTS"/>
                <span target="#t4916" pos="NOM" lemma="contenu" corresp="dictionnaire_TLFiCategoriesTEI#l18676"/>
                <span target="#t4917" pos="ADJ" lemma="propositionnel" corresp="dictionnaire_TLFiCategoriesTEI#l60948"/>
                <span target="#t4918" pos="SENT" lemma="." corresp="#noTS"/>
                <span target="#t4919" pos="PRO:REL" lemma="qui" corresp="#noTS"/>
                <span target="#t4920" pos="ADV" lemma="plus" corresp="DicoWiktionaryCategoriesTEI#l6378 #l6379 #l6380"/>
                <span target="#t4921" pos="VER:pres" lemma="être" corresp="dictionnaire_TLFiCategoriesTEI#l29037"/>
                <span target="#t4922" pos="PUN" lemma="," corresp="#noTS"/>
                <span target="#t4923" pos="DET:ART" lemma="le" corresp="#noTS"/>
                <span target="#t4924" pos="NOM" lemma="connecteur" corresp="dictionnaire_TLFiCategoriesTEI#l18427"/>
                <span target="#t4925" pos="PRP" lemma="de" corresp="#noTS"/>
                <span target="#t4926" pos="PRO:IND" lemma="tout" corresp="#noTS"/>
                <span target="#t4927" pos="NOM" lemma="façon" corresp="dictionnaire_TLFiCategoriesTEI#l29843"/>
                <span target="#t4928" pos="ADV" lemma="ne" corresp="#noTS"/>
                <span target="#t4929" pos="VER:pres" lemma="être" corresp="dictionnaire_TLFiCategoriesTEI#l29037"/>
                <span target="#t4930" pos="ADJ" lemma="supprimable" corresp="dictionnaire_TLFiCategoriesTEI#l72885"/>
                <span target="#t4931" pos="PRP" lemma="dans" corresp="#noTS"/>
                <span target="#t4932" pos="PRO:IND" lemma="aucun" corresp="#noTS"/>
                <span target="#t4933" pos="PRP:det" lemma="du" corresp="#noTS"/>
                <span target="#t4934" pos="NOM" lemma="énoncé" corresp="dictionnaire_TLFiCategoriesTEI#l27509"/>
                <span target="#t4935" pos="VER:futu" lemma="e" corresp="dictionnaire_TLFiCategoriesTEI#l25334"/>
                <span target="#t4936" pos="NUM" lemma="4" corresp="#noTS"/>
                <span target="#t4937" pos="PUN" lemma="," corresp="#noTS"/>
                <span target="#t4938" pos="VER:pper" lemma="e" corresp="dictionnaire_TLFiCategoriesTEI#l25334"/>
                <span target="#t4939" pos="NUM" lemma="5" corresp="#noTS"/>
                <span target="#t4940" pos="KON" lemma="et" corresp="#noTS"/>
                <span target="#t4941" pos="VER:simp" lemma="e" corresp="dictionnaire_TLFiCategoriesTEI#l25334"/>
                <span target="#t4942" pos="NUM" lemma="6" corresp="#noTS"/>
                <span target="#t4943" pos="SENT" lemma="." corresp="#noTS"/>
                <span target="#t4944" pos="NOM" lemma="2–2–2" corresp="#noTS"/>
                <span target="#t4945" pos="SENT" lemma="." corresp="#noTS"/>
                <span target="#t4946" pos="NOM" lemma="propriété" corresp="dictionnaire_TLFiCategoriesTEI#l60959"/>
                <span target="#t4947" pos="PRP:det" lemma="du" corresp="#noTS"/>
                <span target="#t4948" pos="NOM" lemma="cooccurrences" corresp="#noTS"/>
                <span target="#t4949" pos="PRO:PER" lemma="nous" corresp="#noTS"/>
                <span target="#t4950" pos="VER:pres" lemma="proposer" corresp="dictionnaire_TLFiCategoriesTEI#l60945"/>
                <span target="#t4951" pos="PRP" lemma="pour" corresp="#noTS"/>
                <span target="#t4952" pos="DET:ART" lemma="le" corresp="#noTS"/>
                <span target="#t4953" pos="NOM" lemma="énoncé" corresp="dictionnaire_TLFiCategoriesTEI#l27509"/>
                <span target="#t4954" pos="ADV" lemma="uniquement" corresp="dictionnaire_TLFiCategoriesTEI#l78573"/>
                <span target="#t4955" pos="ADJ" lemma="reformulatifs" corresp="#noTS"/>
                <span target="#t4956" pos="DET:ART" lemma="un" corresp="#noTS"/>
                <span target="#t4957" pos="NOM" lemma="structure" corresp="dictionnaire_TLFiCategoriesTEI#l72185"/>
                <span target="#t4958" pos="ADJ" lemma="représentatif" corresp="dictionnaire_TLFiCategoriesTEI#l65337"/>
                <span target="#t4959" pos="ADJ" lemma="unique" corresp="dictionnaire_TLFiCategoriesTEI#l78571"/>
                <span target="#t4960" pos="PRO:REL" lemma="qui" corresp="#noTS"/>
                <span target="#t4961" pos="VER:cond" lemma="être" corresp="dictionnaire_TLFiCategoriesTEI#l29037"/>
                <span target="#t4962" pos="PRP:det" lemma="du" corresp="#noTS"/>
                <span target="#t4963" pos="NOM" lemma="type" corresp="dictionnaire_TLFiCategoriesTEI#l78232"/>
                <span target="#t4964" pos="PUN:cit" lemma="«" corresp="#noTS"/>
                <span target="#t4965" pos="NOM" lemma="p" corresp="dictionnaire_TLFiCategoriesTEI#l53378"/>
                <span target="#t4966" pos="PRP" lemma="de" corresp="#noTS"/>
                <span target="#t4967" pos="PRO:IND" lemma="tout" corresp="#noTS"/>
                <span target="#t4968" pos="NOM" lemma="façon" corresp="dictionnaire_TLFiCategoriesTEI#l29843"/>
                <span target="#t4969" pos="ADJ" lemma="r" corresp="dictionnaire_TLFiCategoriesTEI#l62459"/>
                <span target="#t4970" pos="PUN:cit" lemma="»" corresp="#noTS"/>
                <span target="#t4971" pos="SENT" lemma="." corresp="#noTS"/>
                <span target="#t4972" pos="PRO:DEM" lemma="ce" corresp="#noTS"/>
                <span target="#t4973" pos="NOM" lemma="choix" corresp="dictionnaire_TLFiCategoriesTEI#l15894"/>
                <span target="#t4974" pos="VER:pres" lemma="être" corresp="dictionnaire_TLFiCategoriesTEI#l29037"/>
                <span target="#t4975" pos="VER:pper" lemma="motiver" corresp="dictionnaire_TLFiCategoriesTEI#l48787"/>
                <span target="#t4976" pos="PRP" lemma="par" corresp="#noTS"/>
                <span target="#t4977" pos="DET:ART" lemma="le" corresp="#noTS"/>
                <span target="#t4978" pos="NOM" lemma="fait" corresp="dictionnaire_TLFiCategoriesTEI#l29942"/>
                <span target="#t4979" pos="KON" lemma="que" corresp="#noTS"/>
                <span target="#t4980" pos="DET:ART" lemma="le" corresp="#noTS"/>
                <span target="#t4981" pos="NOM" lemma="présence" corresp="dictionnaire_TLFiCategoriesTEI#l60247"/>
                <span target="#t4982" pos="PRP" lemma="de" corresp="#noTS"/>
                <span target="#t4983" pos="DET:ART" lemma="le" corresp="#noTS"/>
                <span target="#t4984" pos="ADJ" lemma="variable" corresp="dictionnaire_TLFiCategoriesTEI#l79127"/>
                <span target="#t4985" pos="NOM" lemma="q" corresp="dictionnaire_TLFiCategoriesTEI#l62048"/>
                <span target="#t4986" pos="PUN" lemma="," corresp="#noTS"/>
                <span target="#t4987" pos="ADV" lemma="généralement" corresp="dictionnaire_TLFiCategoriesTEI#l33367"/>
                <span target="#t4988" pos="VER:pper" lemma="associer" corresp="dictionnaire_TLFiCategoriesTEI#l7525"/>
                <span target="#t4989" pos="PRP" lemma="à" corresp="#noTS"/>
                <span target="#t4990" pos="DET:ART" lemma="le" corresp="#noTS"/>
                <span target="#t4991" pos="NOM" lemma="argument" corresp="dictionnaire_TLFiCategoriesTEI#l6533"/>
                <span target="#t4992" pos="ADJ" lemma="implicite" corresp="dictionnaire_TLFiCategoriesTEI#l38566"/>
                <span target="#t4993" pos="PUN" lemma="," corresp="#noTS"/>
                <span target="#t4994" pos="VER:pres" lemma="pouvoir" corresp="dictionnaire_TLFiCategoriesTEI#l59664"/>
                <span target="#t4995" pos="VER:infi" lemma="rendre" corresp="dictionnaire_TLFiCategoriesTEI#l65011"/>
                <span target="#t4996" pos="DET:ART" lemma="le" corresp="#noTS"/>
                <span target="#t4997" pos="NOM" lemma="analyse" corresp="dictionnaire_TLFiCategoriesTEI#l4664"/>
                <span target="#t4998" pos="ADJ" lemma="confus" corresp="dictionnaire_TLFiCategoriesTEI#l18317"/>
                <span target="#t4999" pos="SENT" lemma="." corresp="#noTS"/>
                <span target="#t5000" pos="NOM" lemma="p" corresp="dictionnaire_TLFiCategoriesTEI#l53378"/>
                <span target="#t5001" pos="VER:pres" lemma="correspondre"
                      corresp="dictionnaire_TLFiCategoriesTEI#l19367"/>
                <span target="#t5002" pos="ADV" lemma="donc" corresp="#noTS"/>
                <span target="#t5003" pos="PRP" lemma="à" corresp="#noTS"/>
                <span target="#t5004" pos="DET:ART" lemma="le" corresp="#noTS"/>
                <span target="#t5005" pos="NOM" lemma="acte" corresp="dictionnaire_TLFiCategoriesTEI#l968"/>
                <span target="#t5006" pos="ADJ" lemma="discursif" corresp="dictionnaire_TLFiCategoriesTEI#l24374"/>
                <span target="#t5007" pos="ADJ" lemma="initial" corresp="dictionnaire_TLFiCategoriesTEI#l39942"/>
                <span target="#t5008" pos="PUN" lemma="," corresp="#noTS"/>
                <span target="#t5009" pos="NOM" lemma="objet" corresp="dictionnaire_TLFiCategoriesTEI#l51346"/>
                <span target="#t5010" pos="PRP" lemma="de" corresp="#noTS"/>
                <span target="#t5011" pos="DET:ART" lemma="le" corresp="#noTS"/>
                <span target="#t5012" pos="NOM" lemma="reformulation" corresp="dictionnaire_TLFiCategoriesTEI#l64422"/>
                <span target="#t5013" pos="PUN" lemma="," corresp="#noTS"/>
                <span target="#t5014" pos="KON" lemma="que" corresp="#noTS"/>
                <span target="#t5015" pos="PRO:DEM" lemma="ce" corresp="#noTS"/>
                <span target="#t5016" pos="NOM" lemma="acte" corresp="dictionnaire_TLFiCategoriesTEI#l968"/>
                <span target="#t5017" pos="VER:pres" lemma="représenter"
                      corresp="dictionnaire_TLFiCategoriesTEI#l65341"/>
                <span target="#t5018" pos="DET:ART" lemma="un" corresp="#noTS"/>
                <span target="#t5019" pos="ADJ" lemma="seul" corresp="dictionnaire_TLFiCategoriesTEI#l69542"/>
                <span target="#t5020" pos="NOM" lemma="intervention" corresp="dictionnaire_TLFiCategoriesTEI#l40636"/>
                <span target="#t5021" pos="KON" lemma="ou" corresp="#noTS"/>
                <span target="#t5022" pos="PRO:IND" lemma="plusieurs" corresp="#noTS"/>
                <span target="#t5023" pos="SENT" lemma="." corresp="#noTS"/>
                <span target="#t5024" pos="ADV" lemma="ainsi" corresp="dictionnaire_TLFiCategoriesTEI#l2975"/>
                <span target="#t5025" pos="PUN" lemma="," corresp="#noTS"/>
                <span target="#t5026" pos="DET:ART" lemma="le" corresp="#noTS"/>
                <span target="#t5027" pos="NOM" lemma="cooccurrences" corresp="#noTS"/>
                <span target="#t5028" pos="PRP:det" lemma="du" corresp="#noTS"/>
                <span target="#t5029" pos="NOM" lemma="connecteur" corresp="dictionnaire_TLFiCategoriesTEI#l18427"/>
                <span target="#t5030" pos="PRP" lemma="de" corresp="#noTS"/>
                <span target="#t5031" pos="PRO:IND" lemma="tout" corresp="#noTS"/>
                <span target="#t5032" pos="NOM" lemma="façon" corresp="dictionnaire_TLFiCategoriesTEI#l29843"/>
                <span target="#t5033" pos="PUN" lemma="," corresp="#noTS"/>
                <span target="#t5034" pos="PRO:REL" lemma="qui" corresp="#noTS"/>
                <span target="#t5035" pos="VER:pres" lemma="constituer"
                      corresp="dictionnaire_TLFiCategoriesTEI#l18595"/>
                <span target="#t5036" pos="DET:ART" lemma="le" corresp="#noTS"/>
                <span target="#t5037" pos="NOM" lemma="objet" corresp="dictionnaire_TLFiCategoriesTEI#l51346"/>
                <span target="#t5038" pos="PRP" lemma="de" corresp="#noTS"/>
                <span target="#t5039" pos="PRO:DEM" lemma="ce" corresp="#noTS"/>
                <span target="#t5040" pos="NOM" lemma="présentation" corresp="dictionnaire_TLFiCategoriesTEI#l60254"/>
                <span target="#t5041" pos="PUN" lemma="," corresp="#noTS"/>
                <span target="#t5042" pos="VER:pres" lemma="être" corresp="dictionnaire_TLFiCategoriesTEI#l29037"/>
                <span target="#t5043" pos="DET:ART" lemma="le" corresp="#noTS"/>
                <span target="#t5044" pos="NOM" lemma="proposition" corresp="dictionnaire_TLFiCategoriesTEI#l60947"/>
                <span target="#t5045" pos="ADJ" lemma="r" corresp="dictionnaire_TLFiCategoriesTEI#l62459"/>
                <span target="#t5046" pos="KON" lemma="et" corresp="#noTS"/>
                <span target="#t5047" pos="NOM" lemma="p" corresp="dictionnaire_TLFiCategoriesTEI#l53378"/>
                <span target="#t5048" pos="SENT" lemma="." corresp="#noTS"/>
                <span target="#t5049" pos="PRO:PER" lemma="en" corresp="#noTS"/>
                <span target="#t5050" pos="VER:futu" lemma="r" corresp="dictionnaire_TLFiCategoriesTEI#l62459"/>
                <span target="#t5051" pos="PUN" lemma="," corresp="#noTS"/>
                <span target="#t5052" pos="PRO:PER" lemma="nous" corresp="#noTS"/>
                <span target="#t5053" pos="VER:pres" lemma="trouver" corresp="dictionnaire_TLFiCategoriesTEI#l77853"/>
                <span target="#t5054" pos="DET:ART" lemma="le" corresp="#noTS"/>
                <span target="#t5055" pos="NOM" lemma="évocation" corresp="dictionnaire_TLFiCategoriesTEI#l29313"/>
                <span target="#t5056" pos="PRP" lemma="de" corresp="#noTS"/>
                <span target="#t5057" pos="PRO:DEM" lemma="ce" corresp="#noTS"/>
                <span target="#t5058" pos="PRO:REL" lemma="qui" corresp="#noTS"/>
                <span target="#t5059" pos="VER:pres" lemma="pousser" corresp="dictionnaire_TLFiCategoriesTEI#l59643"/>
                <span target="#t5060" pos="DET:ART" lemma="le" corresp="#noTS"/>
                <span target="#t5061" pos="NOM" lemma="interlocuteur" corresp="dictionnaire_TLFiCategoriesTEI#l40514"/>
                <span target="#t5062" pos="PRP" lemma="à" corresp="#noTS"/>
                <span target="#t5063" pos="VER:infi" lemma="remettre" corresp="dictionnaire_TLFiCategoriesTEI#l64866"/>
                <span target="#t5064" pos="PRP" lemma="en" corresp="#noTS"/>
                <span target="#t5065" pos="NOM" lemma="cause" corresp="dictionnaire_TLFiCategoriesTEI#l14293"/>
                <span target="#t5066" pos="DET:ART" lemma="le" corresp="#noTS"/>
                <span target="#t5067" pos="NOM" lemma="pertinence" corresp="dictionnaire_TLFiCategoriesTEI#l56124"/>
                <span target="#t5068" pos="PRP" lemma="de" corresp="#noTS"/>
                <span target="#t5069" pos="DET:ART" lemma="le" corresp="#noTS"/>
                <span target="#t5070" pos="NOM" lemma="énonciation" corresp="dictionnaire_TLFiCategoriesTEI#l27514"/>
                <span target="#t5071" pos="PRP" lemma="de" corresp="#noTS"/>
                <span target="#t5072" pos="NOM" lemma="p" corresp="dictionnaire_TLFiCategoriesTEI#l53378"/>
                <span target="#t5073" pos="SENT" lemma="." corresp="#noTS"/>
                <span target="#t5074" pos="ADV" lemma="ainsi" corresp="dictionnaire_TLFiCategoriesTEI#l2975"/>
                <span target="#t5075" pos="PUN" lemma="," corresp="#noTS"/>
                <span target="#t5076" pos="PRP:det" lemma="du" corresp="#noTS"/>
                <span target="#t5077" pos="NOM" lemma="point" corresp="dictionnaire_TLFiCategoriesTEI#l58621"/>
                <span target="#t5078" pos="PRP" lemma="de" corresp="#noTS"/>
                <span target="#t5079" pos="NOM" lemma="vue" corresp="dictionnaire_TLFiCategoriesTEI#l80517"/>
                <span target="#t5080" pos="ADJ" lemma="fonctionnel" corresp="dictionnaire_TLFiCategoriesTEI#l3206"/>
                <span target="#t5081" pos="PUN" lemma="," corresp="#noTS"/>
                <span target="#t5082" pos="PRO:PER" lemma="nous" corresp="#noTS"/>
                <span target="#t5083" pos="VER:pres" lemma="pouvoir" corresp="dictionnaire_TLFiCategoriesTEI#l59664"/>
                <span target="#t5084" pos="VER:infi" lemma="considérer"
                      corresp="dictionnaire_TLFiCategoriesTEI#l18512"/>
                <span target="#t5085" pos="DET:ART" lemma="le" corresp="#noTS"/>
                <span target="#t5086" pos="NOM" lemma="énoncé" corresp="dictionnaire_TLFiCategoriesTEI#l27509"/>
                <span target="#t5087" pos="ADJ" lemma="r" corresp="dictionnaire_TLFiCategoriesTEI#l62459"/>
                <span target="#t5088" pos="KON" lemma="comme" corresp="#noTS"/>
                <span target="#t5089" pos="VER:ppre" lemma="être" corresp="dictionnaire_TLFiCategoriesTEI#l29037"/>
                <span target="#t5090" pos="DET:ART" lemma="le" corresp="#noTS"/>
                <span target="#t5091" pos="NOM" lemma="lieu" corresp="dictionnaire_TLFiCategoriesTEI#l43412"/>
                <span target="#t5092" pos="PRP" lemma="de" corresp="#noTS"/>
                <span target="#t5093" pos="DET:ART" lemma="le" corresp="#noTS"/>
                <span target="#t5094" pos="NOM" lemma="reformulation" corresp="dictionnaire_TLFiCategoriesTEI#l64422"/>
                <span target="#t5095" pos="KON" lemma="et" corresp="#noTS"/>
                <span target="#t5096" pos="PUN" lemma="," corresp="#noTS"/>
                <span target="#t5097" pos="ADV" lemma="donc" corresp="#noTS"/>
                <span target="#t5098" pos="PUN" lemma="," corresp="#noTS"/>
                <span target="#t5099" pos="KON" lemma="comme" corresp="#noTS"/>
                <span target="#t5100" pos="VER:ppre" lemma="être" corresp="dictionnaire_TLFiCategoriesTEI#l29037"/>
                <span target="#t5101" pos="PUN:cit" lemma="«" corresp="#noTS"/>
                <span target="#t5102" pos="DET:ART" lemma="le" corresp="#noTS"/>
                <span target="#t5103" pos="NOM" lemma="visée" corresp="dictionnaire_TLFiCategoriesTEI#l80333"/>
                <span target="#t5104" pos="ADJ" lemma="intentionnel" corresp="dictionnaire_TLFiCategoriesTEI#l3230"/>
                <span target="#t5105" pos="ADJ" lemma="global" corresp="dictionnaire_TLFiCategoriesTEI#l33944"/>
                <span target="#t5106" pos="PUN:cit" lemma="»" corresp="#noTS"/>
                <span target="#t5107" pos="PRP" lemma="de" corresp="#noTS"/>
                <span target="#t5108" pos="DET:ART" lemma="le" corresp="#noTS"/>
                <span target="#t5109" pos="NOM" lemma="énoncé" corresp="dictionnaire_TLFiCategoriesTEI#l27509"/>
                <span target="#t5110" pos="PRO:REL" lemma="dont" corresp="#noTS"/>
                <span target="#t5111" pos="PRO:PER" lemma="il" corresp="#noTS"/>
                <span target="#t5112" pos="VER:pres" lemma="faire" corresp="dictionnaire_TLFiCategoriesTEI#l29921"/>
                <span target="#t5113" pos="NOM" lemma="partie" corresp="dictionnaire_TLFiCategoriesTEI#l54583"/>
                <span target="#t5114" pos="SENT" lemma="." corresp="#noTS"/>
                <span target="#t5115" pos="DET:ART" lemma="le" corresp="#noTS"/>
                <span target="#t5116" pos="NOM" lemma="acte" corresp="dictionnaire_TLFiCategoriesTEI#l968"/>
                <span target="#t5117" pos="ADJ" lemma="discursif" corresp="dictionnaire_TLFiCategoriesTEI#l24374"/>
                <span target="#t5118" pos="NOM" lemma="p" corresp="dictionnaire_TLFiCategoriesTEI#l53378"/>
                <span target="#t5119" pos="PUN" lemma="," corresp="#noTS"/>
                <span target="#t5120" pos="PRP" lemma="quant" corresp="#noTS"/>
                <span target="#t5121" pos="PRP" lemma="à" corresp="#noTS"/>
                <span target="#t5122" pos="PRO:PER" lemma="lui" corresp="#noTS"/>
                <span target="#t5123" pos="PUN" lemma="," corresp="#noTS"/>
                <span target="#t5124" pos="VER:pres" lemma="représenter"
                      corresp="dictionnaire_TLFiCategoriesTEI#l65341"/>
                <span target="#t5125" pos="ADV" lemma="initialement" corresp="dictionnaire_TLFiCategoriesTEI#l39946"/>
                <span target="#t5126" pos="DET:ART" lemma="un" corresp="#noTS"/>
                <span target="#t5127" pos="NOM" lemma="acte" corresp="dictionnaire_TLFiCategoriesTEI#l968"/>
                <span target="#t5128" pos="ADJ" lemma="complet" corresp="dictionnaire_TLFiCategoriesTEI#l17912"/>
                <span target="#t5129" pos="KON" lemma="et" corresp="#noTS"/>
                <span target="#t5130" pos="ADJ" lemma="pertinent" corresp="dictionnaire_TLFiCategoriesTEI#l56125"/>
                <span target="#t5131" pos="SENT" lemma="." corresp="#noTS"/>
                <span target="#t5132" pos="PRO:DEM" lemma="ce" corresp="#noTS"/>
                <span target="#t5133" pos="VER:pres" lemma="être" corresp="dictionnaire_TLFiCategoriesTEI#l29037"/>
                <span target="#t5134" pos="PRP" lemma="en" corresp="#noTS"/>
                <span target="#t5135" pos="DET:ART" lemma="le" corresp="#noTS"/>
                <span target="#t5136" pos="VER:ppre" lemma="connecter" corresp="dictionnaire_TLFiCategoriesTEI#l18426"/>
                <span target="#t5137" pos="PRP" lemma="à" corresp="#noTS"/>
                <span target="#t5138" pos="PRP" lemma="de" corresp="#noTS"/>
                <span target="#t5139" pos="PRO:IND" lemma="tout" corresp="#noTS"/>
                <span target="#t5140" pos="NOM" lemma="façon" corresp="dictionnaire_TLFiCategoriesTEI#l29843"/>
                <span target="#t5141" pos="KON" lemma="que" corresp="#noTS"/>
                <span target="#t5142" pos="DET:ART" lemma="le" corresp="#noTS"/>
                <span target="#t5143" pos="NOM" lemma="locuteur" corresp="dictionnaire_TLFiCategoriesTEI#l43905"/>
                <span target="#t5144" pos="PRO:PER" lemma="lui" corresp="#noTS"/>
                <span target="#t5145" pos="VER:pres" lemma="faire" corresp="dictionnaire_TLFiCategoriesTEI#l29921"/>
                <span target="#t5146" pos="VER:infi" lemma="perdre" corresp="dictionnaire_TLFiCategoriesTEI#l55725"/>
                <span target="#t5147" pos="DET:POS" lemma="son" corresp="#noTS"/>
                <span target="#t5148" pos="NOM" lemma="indépendance" corresp="dictionnaire_TLFiCategoriesTEI#l4788"/>
                <span target="#t5149" pos="SENT" lemma="." corresp="#noTS"/>
                <span target="#t5150" pos="PRO:DEM" lemma="ce" corresp="#noTS"/>
                <span target="#t5151" pos="NOM" lemma="changement" corresp="dictionnaire_TLFiCategoriesTEI#l15032"/>
                <span target="#t5152" pos="PRP" lemma="de" corresp="#noTS"/>
                <span target="#t5153" pos="NOM" lemma="statut" corresp="dictionnaire_TLFiCategoriesTEI#l71783"/>
                <span target="#t5154" pos="VER:pres" lemma="être" corresp="dictionnaire_TLFiCategoriesTEI#l29037"/>
                <span target="#t5155" pos="ADV" lemma="plus" corresp="DicoWiktionaryCategoriesTEI#l6378 #l6379 #l6380"/>
                <span target="#t5156" pos="ADJ" lemma="perceptible" corresp="dictionnaire_TLFiCategoriesTEI#l55679"/>
                <span target="#t5157" pos="PRP" lemma="dans" corresp="#noTS"/>
                <span target="#t5158" pos="DET:ART" lemma="le" corresp="#noTS"/>
                <span target="#t5159" pos="NOM" lemma="emploi" corresp="dictionnaire_TLFiCategoriesTEI#l26844"/>
                <span target="#t5160" pos="ADJ" lemma="dialogaux" corresp="#noTS"/>
                <span target="#t5161" pos="KON" lemma="car" corresp="#noTS"/>
                <span target="#t5162" pos="PUN" lemma="," corresp="#noTS"/>
                <span target="#t5163" pos="PRP" lemma="dans" corresp="#noTS"/>
                <span target="#t5164" pos="PRO:DEM" lemma="ce" corresp="#noTS"/>
                <span target="#t5165" pos="NOM" lemma="cas" corresp="dictionnaire_TLFiCategoriesTEI#l14011"/>
                <span target="#t5166" pos="PUN" lemma="," corresp="#noTS"/>
                <span target="#t5167" pos="DET:ART" lemma="le" corresp="#noTS"/>
                <span target="#t5168" pos="NOM" lemma="proposition" corresp="dictionnaire_TLFiCategoriesTEI#l60947"/>
                <span target="#t5169" pos="NOM" lemma="p" corresp="dictionnaire_TLFiCategoriesTEI#l53378"/>
                <span target="#t5170" pos="VER:pres" lemma="être" corresp="dictionnaire_TLFiCategoriesTEI#l29037"/>
                <span target="#t5171" pos="VER:pper" lemma="enchaîner" corresp="dictionnaire_TLFiCategoriesTEI#l27074"/>
                <span target="#t5172" pos="PRP:det" lemma="au" corresp="#noTS"/>
                <span target="#t5173" pos="NOM" lemma="discours" corresp="dictionnaire_TLFiCategoriesTEI#l24354"/>
                <span target="#t5174" pos="PRP" lemma="de" corresp="#noTS"/>
                <span target="#t5175" pos="DET:ART" lemma="le" corresp="#noTS"/>
                <span target="#t5176" pos="ADJ" lemma="autre" corresp="dictionnaire_TLFiCategoriesTEI#l7449"/>
                <span target="#t5177" pos="SENT" lemma="." corresp="#noTS"/>
                <span target="#t5178" pos="VER:subp" lemma="être" corresp="dictionnaire_TLFiCategoriesTEI#l29037"/>
                <span target="#t5179" pos="DET:ART" lemma="le" corresp="#noTS"/>
                <span target="#t5180" pos="NOM" lemma="énoncé" corresp="dictionnaire_TLFiCategoriesTEI#l27509"/>
                <span target="#t5181" pos="VER:futu" lemma="e" corresp="dictionnaire_TLFiCategoriesTEI#l25334"/>
                <span target="#t5182" pos="NUM" lemma="7" corresp="#noTS"/>
                <span target="#t5183" pos="PUN" lemma="(" corresp="#noTS"/>
                <span target="#t5184" pos="VER:pper" lemma="extraire" corresp="dictionnaire_TLFiCategoriesTEI#l29743"/>
                <span target="#t5185" pos="PRP" lemma="de" corresp="#noTS"/>
                <span target="#t5186" pos="NOM" lemma="biba" corresp="#noTS"/>
                <span target="#t5187" pos="NOM" lemma="n°221" corresp="#noTS"/>
                <span target="#t5188" pos="PUN" lemma="," corresp="#noTS"/>
                <span target="#t5189" pos="NOM" lemma="juillet" corresp="dictionnaire_TLFiCategoriesTEI#l41837"/>
                <span target="#t5190" pos="NUM" lemma="1998" corresp="#noTS"/>
                <span target="#t5191" pos="PUN" lemma="," corresp="#noTS"/>
                <span target="#t5192" pos="NOM" lemma="p" corresp="dictionnaire_TLFiCategoriesTEI#l53378"/>
                <span target="#t5193" pos="NUM" lemma="72" corresp="#noTS"/>
                <span target="#t5194" pos="PUN" lemma=")" corresp="#noTS"/>
                <span target="#t5195" pos="KON" lemma="et" corresp="#noTS"/>
                <span target="#t5196" pos="VER:subi" lemma="e" corresp="dictionnaire_TLFiCategoriesTEI#l25334"/>
                <span target="#t5197" pos="PUN" lemma="'" corresp="#noTS"/>
                <span target="#t5198" pos="NUM" lemma="7" corresp="#noTS"/>
                <span target="#t5199" pos="PUN" lemma=":" corresp="#noTS"/>
                <span target="#t5200" pos="PUN" lemma="(" corresp="#noTS"/>
                <span target="#t5201" pos="VER:pper" lemma="e" corresp="dictionnaire_TLFiCategoriesTEI#l25334"/>
                <span target="#t5202" pos="NUM" lemma="7" corresp="#noTS"/>
                <span target="#t5203" pos="PUN" lemma=")" corresp="#noTS"/>
                <span target="#t5204" pos="PUN" lemma="–" corresp="#noTS"/>
                <span target="#t5205" pos="VER:simp" lemma="biba" corresp="#noTS"/>
                <span target="#t5206" pos="NOM" lemma="demande" corresp="dictionnaire_TLFiCategoriesTEI#l22487"/>
                <span target="#t5207" pos="PRP" lemma="à" corresp="#noTS"/>
                <span target="#t5208" pos="DET:ART" lemma="le" corresp="#noTS"/>
                <span target="#t5209" pos="ADV" lemma="ex" corresp="DicoWiktionaryCategoriesTEI#l46797"/>
                <span target="#t5210" pos="PRP" lemma="de" corresp="#noTS"/>
                <span target="#t5211" pos="DET:ART" lemma="un" corresp="#noTS"/>
                <span target="#t5212" pos="NOM" lemma="musicien" corresp="dictionnaire_TLFiCategoriesTEI#l49344"/>
                <span target="#t5213" pos="PUN" lemma=":" corresp="#noTS"/>
                <span target="#t5214" pos="PUN:cit" lemma="«" corresp="#noTS"/>
                <span target="#t5215" pos="PRO:PER" lemma="se" corresp="#noTS"/>
                <span target="#t5216" pos="PRO:PER" lemma="il" corresp="#noTS"/>
                <span target="#t5217" pos="ADV" lemma="ne" corresp="#noTS"/>
                <span target="#t5218" pos="VER:impf" lemma="avoir" corresp="dictionnaire_TLFiCategoriesTEI#l8314"/>
                <span target="#t5219" pos="ADV" lemma="pas" corresp="dictionnaire_TLFiCategoriesTEI#l54617"/>
                <span target="#t5220" pos="VER:pper" lemma="être" corresp="dictionnaire_TLFiCategoriesTEI#l29037"/>
                <span target="#t5221" pos="NOM" lemma="musicien" corresp="dictionnaire_TLFiCategoriesTEI#l49344"/>
                <span target="#t5222" pos="PUN" lemma="," corresp="#noTS"/>
                <span target="#t5223" pos="PRO:PER" lemma="il" corresp="#noTS"/>
                <span target="#t5224" pos="VER:cond" lemma="avoir" corresp="dictionnaire_TLFiCategoriesTEI#l8314"/>
                <span target="#t5225" pos="NOM" lemma="fait" corresp="dictionnaire_TLFiCategoriesTEI#l29942"/>
                <span target="#t5226" pos="PRO:REL" lemma="quoi" corresp="#noTS"/>
                <span target="#t5227" pos="SENT" lemma="" corresp="#noTS"/>
                <span target="#t5228" pos="PUN:cit" lemma="»" corresp="#noTS"/>
                <span target="#t5229" pos="PUN" lemma="–" corresp="#noTS"/>
                <span target="#t5230" pos="NOM" lemma="maud" corresp="#noTS"/>
                <span target="#t5231" pos="PUN" lemma=":" corresp="#noTS"/>
                <span target="#t5232" pos="PUN:cit" lemma="«" corresp="#noTS"/>
                <span target="#t5233" pos="NOM" lemma="coureur" corresp="dictionnaire_TLFiCategoriesTEI#l19768"/>
                <span target="#t5234" pos="PRP" lemma="de" corresp="#noTS"/>
                <span target="#t5235" pos="NOM" lemma="jupon" corresp="dictionnaire_TLFiCategoriesTEI#l41871"/>
                <span target="#t5236" pos="PUN" lemma="," corresp="#noTS"/>
                <span target="#t5237" pos="KON" lemma="mais" corresp="#noTS"/>
                <span target="#t5238" pos="PRO:DEM" lemma="cela" corresp="#noTS"/>
                <span target="#t5239" pos="ADV" lemma="ne" corresp="#noTS"/>
                <span target="#t5240" pos="VER:pres" lemma="avoir" corresp="dictionnaire_TLFiCategoriesTEI#l8314"/>
                <span target="#t5241" pos="ADV" lemma="rien" corresp="DicoWiktionaryCategoriesTEI#l818"/>
                <span target="#t5242" pos="VER:pper" lemma="empêcher" corresp="dictionnaire_TLFiCategoriesTEI#l26789"/>
                <span target="#t5243" pos="PRP" lemma="de" corresp="#noTS"/>
                <span target="#t5244" pos="PRO:IND" lemma="tout" corresp="#noTS"/>
                <span target="#t5245" pos="NOM" lemma="façon" corresp="dictionnaire_TLFiCategoriesTEI#l29843"/>
                <span target="#t5246" pos="PUN:cit" lemma="»" corresp="#noTS"/>
                <span target="#t5247" pos="SENT" lemma="." corresp="#noTS"/>
                <span target="#t5248" pos="PUN" lemma="(" corresp="#noTS"/>
                <span target="#t5249" pos="VER:pper" lemma="e" corresp="dictionnaire_TLFiCategoriesTEI#l25334"/>
                <span target="#t5250" pos="PUN" lemma="'" corresp="#noTS"/>
                <span target="#t5251" pos="NUM" lemma="7" corresp="#noTS"/>
                <span target="#t5252" pos="PUN" lemma=")" corresp="#noTS"/>
                <span target="#t5253" pos="PUN" lemma="–" corresp="#noTS"/>
                <span target="#t5254" pos="NOM" lemma="maud" corresp="#noTS"/>
                <span target="#t5255" pos="PUN" lemma=":" corresp="#noTS"/>
                <span target="#t5256" pos="PUN:cit" lemma="«" corresp="#noTS"/>
                <span target="#t5257" pos="NOM" lemma="coureur" corresp="dictionnaire_TLFiCategoriesTEI#l19768"/>
                <span target="#t5258" pos="PRP" lemma="de" corresp="#noTS"/>
                <span target="#t5259" pos="NOM" lemma="jupon" corresp="dictionnaire_TLFiCategoriesTEI#l41871"/>
                <span target="#t5260" pos="PUN:cit" lemma="»" corresp="#noTS"/>
                <span target="#t5261" pos="SENT" lemma="." corresp="#noTS"/>
                <span target="#t5262" pos="PUN" lemma="–" corresp="#noTS"/>
                <span target="#t5263" pos="NOM" lemma="laure" corresp="dictionnaire_TLFiCategoriesTEI#l42861"/>
                <span target="#t5264" pos="PUN" lemma=":" corresp="#noTS"/>
                <span target="#t5265" pos="PUN:cit" lemma="«" corresp="#noTS"/>
                <span target="#t5266" pos="PRO:DEM" lemma="cela" corresp="#noTS"/>
                <span target="#t5267" pos="ADV" lemma="ne" corresp="#noTS"/>
                <span target="#t5268" pos="VER:pres" lemma="avoir" corresp="dictionnaire_TLFiCategoriesTEI#l8314"/>
                <span target="#t5269" pos="ADV" lemma="rien" corresp="DicoWiktionaryCategoriesTEI#l818"/>
                <span target="#t5270" pos="VER:pper" lemma="empêcher" corresp="dictionnaire_TLFiCategoriesTEI#l26789"/>
                <span target="#t5271" pos="PRP" lemma="de" corresp="#noTS"/>
                <span target="#t5272" pos="PRO:IND" lemma="tout" corresp="#noTS"/>
                <span target="#t5273" pos="NOM" lemma="façon" corresp="dictionnaire_TLFiCategoriesTEI#l29843"/>
                <span target="#t5274" pos="PUN:cit" lemma="»" corresp="#noTS"/>
                <span target="#t5275" pos="SENT" lemma="." corresp="#noTS"/>
                <span target="#t5276" pos="DET:ART" lemma="le" corresp="#noTS"/>
                <span target="#t5277" pos="NOM" lemma="énoncé" corresp="dictionnaire_TLFiCategoriesTEI#l27509"/>
                <span target="#t5278" pos="PUN:cit" lemma="«" corresp="#noTS"/>
                <span target="#t5279" pos="NOM" lemma="coureur" corresp="dictionnaire_TLFiCategoriesTEI#l19768"/>
                <span target="#t5280" pos="PRP" lemma="de" corresp="#noTS"/>
                <span target="#t5281" pos="NOM" lemma="jupon" corresp="dictionnaire_TLFiCategoriesTEI#l41871"/>
                <span target="#t5282" pos="PUN:cit" lemma="»" corresp="#noTS"/>
                <span target="#t5283" pos="VER:pres" lemma="pouvoir" corresp="dictionnaire_TLFiCategoriesTEI#l59664"/>
                <span target="#t5284" pos="VER:infi" lemma="constituer"
                      corresp="dictionnaire_TLFiCategoriesTEI#l18595"/>
                <span target="#t5285" pos="PUN" lemma="," corresp="#noTS"/>
                <span target="#t5286" pos="PRP" lemma="à" corresp="#noTS"/>
                <span target="#t5287" pos="PRO:PER" lemma="lui" corresp="#noTS"/>
                <span target="#t5288" pos="NOM" lemma="seul" corresp="dictionnaire_TLFiCategoriesTEI#l69542"/>
                <span target="#t5289" pos="PUN" lemma="," corresp="#noTS"/>
                <span target="#t5290" pos="DET:ART" lemma="un" corresp="#noTS"/>
                <span target="#t5291" pos="NOM" lemma="réponse" corresp="dictionnaire_TLFiCategoriesTEI#l65294"/>
                <span target="#t5292" pos="ADJ" lemma="acceptable" corresp="dictionnaire_TLFiCategoriesTEI#l1289"/>
                <span target="#t5293" pos="KON" lemma="et" corresp="#noTS"/>
                <span target="#t5294" pos="ADJ" lemma="complet" corresp="dictionnaire_TLFiCategoriesTEI#l17912"/>
                <span target="#t5295" pos="PRP" lemma="à" corresp="#noTS"/>
                <span target="#t5296" pos="DET:ART" lemma="le" corresp="#noTS"/>
                <span target="#t5297" pos="NOM" lemma="question" corresp="dictionnaire_TLFiCategoriesTEI#l62301"/>
                <span target="#t5298" pos="PRP" lemma="de" corresp="#noTS"/>
                <span target="#t5299" pos="DET:ART" lemma="le" corresp="#noTS"/>
                <span target="#t5300" pos="NOM" lemma="interviewer" corresp="dictionnaire_TLFiCategoriesTEI#l40644"/>
                <span target="#t5301" pos="SENT" lemma="." corresp="#noTS"/>
                <span target="#t5302" pos="VER:pper" lemma="articuler" corresp="dictionnaire_TLFiCategoriesTEI#l6906"/>
                <span target="#t5303" pos="PRP" lemma="à" corresp="#noTS"/>
                <span target="#t5304" pos="DET:ART" lemma="le" corresp="#noTS"/>
                <span target="#t5305" pos="NOM" lemma="séquence" corresp="dictionnaire_TLFiCategoriesTEI#l69269"/>
                <span target="#t5306" pos="PUN" lemma=":" corresp="#noTS"/>
                <span target="#t5307" pos="PUN:cit" lemma="«" corresp="#noTS"/>
                <span target="#t5308" pos="PRO:DEM" lemma="cela" corresp="#noTS"/>
                <span target="#t5309" pos="ADV" lemma="ne" corresp="#noTS"/>
                <span target="#t5310" pos="VER:pres" lemma="avoir" corresp="dictionnaire_TLFiCategoriesTEI#l8314"/>
                <span target="#t5311" pos="ADV" lemma="rien" corresp="DicoWiktionaryCategoriesTEI#l818"/>
                <span target="#t5312" pos="VER:pper" lemma="empêcher" corresp="dictionnaire_TLFiCategoriesTEI#l26789"/>
                <span target="#t5313" pos="PRP" lemma="de" corresp="#noTS"/>
                <span target="#t5314" pos="PRO:IND" lemma="tout" corresp="#noTS"/>
                <span target="#t5315" pos="NOM" lemma="façon" corresp="dictionnaire_TLFiCategoriesTEI#l29843"/>
                <span target="#t5316" pos="PUN:cit" lemma="»" corresp="#noTS"/>
                <span target="#t5317" pos="PUN" lemma="," corresp="#noTS"/>
                <span target="#t5318" pos="PRO:DEM" lemma="ce" corresp="#noTS"/>
                <span target="#t5319" pos="NOM" lemma="énoncé" corresp="dictionnaire_TLFiCategoriesTEI#l27509"/>
                <span target="#t5320" pos="VER:pres" lemma="passer" corresp="dictionnaire_TLFiCategoriesTEI#l54706"/>
                <span target="#t5321" pos="PUN" lemma="," corresp="#noTS"/>
                <span target="#t5322" pos="ADV" lemma="cependant" corresp="dictionnaire_TLFiCategoriesTEI#l14595"/>
                <span target="#t5323" pos="PUN" lemma="," corresp="#noTS"/>
                <span target="#t5324" pos="PRP:det" lemma="du" corresp="#noTS"/>
                <span target="#t5325" pos="NOM" lemma="statut" corresp="dictionnaire_TLFiCategoriesTEI#l71783"/>
                <span target="#t5326" pos="PRP" lemma="de" corresp="#noTS"/>
                <span target="#t5327" pos="DET:ART" lemma="un" corresp="#noTS"/>
                <span target="#t5328" pos="NOM" lemma="acte" corresp="dictionnaire_TLFiCategoriesTEI#l968"/>
                <span target="#t5329" pos="ADJ" lemma="indépendant" corresp="dictionnaire_TLFiCategoriesTEI#l39301"/>
                <span target="#t5330" pos="PUN" lemma="(" corresp="#noTS"/>
                <span target="#t5331" pos="VER:pres" lemma="avoir" corresp="dictionnaire_TLFiCategoriesTEI#l8314"/>
                <span target="#t5332" pos="PUN" lemma=")" corresp="#noTS"/>
                <span target="#t5333" pos="PRP" lemma="à" corresp="#noTS"/>
                <span target="#t5334" pos="PRO:DEM" lemma="celui" corresp="#noTS"/>
                <span target="#t5335" pos="PRP" lemma="de" corresp="#noTS"/>
                <span target="#t5336" pos="DET:ART" lemma="un" corresp="#noTS"/>
                <span target="#t5337" pos="NOM" lemma="acte" corresp="dictionnaire_TLFiCategoriesTEI#l968"/>
                <span target="#t5338" pos="VER:pper" lemma="subordonner"
                      corresp="dictionnaire_TLFiCategoriesTEI#l72372"/>
                <span target="#t5339" pos="PUN" lemma="(" corresp="#noTS"/>
                <span target="#t5340" pos="VER:pres" lemma="avoir" corresp="dictionnaire_TLFiCategoriesTEI#l8314"/>
                <span target="#t5341" pos="PUN" lemma=")" corresp="#noTS"/>
                <span target="#t5342" pos="SENT" lemma="." corresp="#noTS"/>
                <span target="#t5343" pos="PRO:PER" lemma="en" corresp="#noTS"/>
                <span target="#t5344" pos="VER:pres" lemma="témoigner" corresp="dictionnaire_TLFiCategoriesTEI#l74911"/>
                <span target="#t5345" pos="DET:ART" lemma="le" corresp="#noTS"/>
                <span target="#t5346" pos="NOM" lemma="énoncé" corresp="dictionnaire_TLFiCategoriesTEI#l27509"/>
                <span target="#t5347" pos="ADJ" lemma="e" corresp="dictionnaire_TLFiCategoriesTEI#l25334"/>
                <span target="#t5348" pos="PUN" lemma="'" corresp="#noTS"/>
                <span target="#t5349" pos="NUM" lemma="7" corresp="#noTS"/>
                <span target="#t5350" pos="SENT" lemma="." corresp="#noTS"/>
                <span target="#t5351" pos="NOM" lemma="conclusion" corresp="dictionnaire_TLFiCategoriesTEI#l18120"/>
                <span target="#t5352" pos="PRO:PER" lemma="nous" corresp="#noTS"/>
                <span target="#t5353" pos="VER:pres" lemma="avoir" corresp="dictionnaire_TLFiCategoriesTEI#l8314"/>
                <span target="#t5354" pos="VER:pper" lemma="tenter" corresp="dictionnaire_TLFiCategoriesTEI#l75060"/>
                <span target="#t5355" pos="PRP" lemma="dans" corresp="#noTS"/>
                <span target="#t5356" pos="PRO:DEM" lemma="ce" corresp="#noTS"/>
                <span target="#t5357" pos="NOM" lemma="étude" corresp="dictionnaire_TLFiCategoriesTEI#l29067"/>
                <span target="#t5358" pos="PRP:det" lemma="du" corresp="#noTS"/>
                <span target="#t5359" pos="NOM" lemma="connecteur" corresp="dictionnaire_TLFiCategoriesTEI#l18427"/>
                <span target="#t5360" pos="PRP" lemma="de" corresp="#noTS"/>
                <span target="#t5361" pos="PRO:IND" lemma="tout" corresp="#noTS"/>
                <span target="#t5362" pos="NOM" lemma="façon" corresp="dictionnaire_TLFiCategoriesTEI#l29843"/>
                <span target="#t5363" pos="PRP" lemma="de" corresp="#noTS"/>
                <span target="#t5364" pos="VER:infi" lemma="répartir" corresp="dictionnaire_TLFiCategoriesTEI#l65192"/>
                <span target="#t5365" pos="DET:ART" lemma="le" corresp="#noTS"/>
                <span target="#t5366" pos="NOM" lemma="fonctionnement" corresp="dictionnaire_TLFiCategoriesTEI#l31438"/>
                <span target="#t5367" pos="PRP" lemma="de" corresp="#noTS"/>
                <span target="#t5368" pos="PRO:DEM" lemma="ce" corresp="#noTS"/>
                <span target="#t5369" pos="NOM" lemma="morphème" corresp="dictionnaire_TLFiCategoriesTEI#l48663"/>
                <span target="#t5370" pos="PRP" lemma="en" corresp="#noTS"/>
                <span target="#t5371" pos="NUM" lemma="deux" corresp="#noTS"/>
                <span target="#t5372" pos="NOM" lemma="catégorie" corresp="dictionnaire_TLFiCategoriesTEI#l14201"/>
                <span target="#t5373" pos="SENT" lemma="." corresp="#noTS"/>
                <span target="#t5374" pos="DET:ART" lemma="le" corresp="#noTS"/>
                <span target="#t5375" pos="NUM" lemma="premier" corresp="#noTS"/>
                <span target="#t5376" pos="VER:pres" lemma="concerner" corresp="dictionnaire_TLFiCategoriesTEI#l18067"/>
                <span target="#t5377" pos="DET:ART" lemma="le" corresp="#noTS"/>
                <span target="#t5378" pos="NOM" lemma="intervention" corresp="dictionnaire_TLFiCategoriesTEI#l40636"/>
                <span target="#t5379" pos="PRP" lemma="de" corresp="#noTS"/>
                <span target="#t5380" pos="PRO:DEM" lemma="ce" corresp="#noTS"/>
                <span target="#t5381" pos="NOM" lemma="mot" corresp="dictionnaire_TLFiCategoriesTEI#l48765"/>
                <span target="#t5382" pos="PRP" lemma="de" corresp="#noTS"/>
                <span target="#t5383" pos="NOM" lemma="discours" corresp="dictionnaire_TLFiCategoriesTEI#l24354"/>
                <span target="#t5384" pos="PRP" lemma="dans" corresp="#noTS"/>
                <span target="#t5385" pos="DET:ART" lemma="un" corresp="#noTS"/>
                <span target="#t5386" pos="NOM" lemma="énoncé" corresp="dictionnaire_TLFiCategoriesTEI#l27509"/>
                <span target="#t5387" pos="ADV" lemma="initialement" corresp="dictionnaire_TLFiCategoriesTEI#l39946"/>
                <span target="#t5388" pos="ADJ" lemma="argumentatif" corresp="#noTS"/>
                <span target="#t5389" pos="PUN" lemma="," corresp="#noTS"/>
                <span target="#t5390" pos="DET:ART" lemma="le" corresp="#noTS"/>
                <span target="#t5391" pos="NUM" lemma="second" corresp="#noTS"/>
                <span target="#t5392" pos="PRO:PER" lemma="se" corresp="#noTS"/>
                <span target="#t5393" pos="VER:pres" lemma="rattacher" corresp="dictionnaire_TLFiCategoriesTEI#l63429"/>
                <span target="#t5394" pos="PRP" lemma="à" corresp="#noTS"/>
                <span target="#t5395" pos="DET:POS" lemma="son" corresp="#noTS"/>
                <span target="#t5396" pos="NOM" lemma="fonctionnement" corresp="dictionnaire_TLFiCategoriesTEI#l31438"/>
                <span target="#t5397" pos="PRP" lemma="dans" corresp="#noTS"/>
                <span target="#t5398" pos="DET:ART" lemma="un" corresp="#noTS"/>
                <span target="#t5399" pos="NOM" lemma="énoncé" corresp="dictionnaire_TLFiCategoriesTEI#l27509"/>
                <span target="#t5400" pos="ADV" lemma="uniquement" corresp="dictionnaire_TLFiCategoriesTEI#l78573"/>
                <span target="#t5401" pos="ADJ" lemma="reformulatif" corresp="#noTS"/>
                <span target="#t5402" pos="SENT" lemma="." corresp="#noTS"/>
                <span target="#t5403" pos="PRO:DEM" lemma="ce" corresp="#noTS"/>
                <span target="#t5404" pos="NOM" lemma="classification" corresp="dictionnaire_TLFiCategoriesTEI#l16622"/>
                <span target="#t5405" pos="VER:pres" lemma="avoir" corresp="dictionnaire_TLFiCategoriesTEI#l8314"/>
                <span target="#t5406" pos="VER:pper" lemma="permettre" corresp="dictionnaire_TLFiCategoriesTEI#l55970"/>
                <span target="#t5407" pos="PRP" lemma="de" corresp="#noTS"/>
                <span target="#t5408" pos="VER:infi" lemma="cerner" corresp="dictionnaire_TLFiCategoriesTEI#l14739"/>
                <span target="#t5409" pos="DET:ART" lemma="le" corresp="#noTS"/>
                <span target="#t5410" pos="NOM" lemma="statut" corresp="dictionnaire_TLFiCategoriesTEI#l71783"/>
                <span target="#t5411" pos="ADJ" lemma="ambivalent" corresp="dictionnaire_TLFiCategoriesTEI#l4110"/>
                <span target="#t5412" pos="PRP" lemma="de" corresp="#noTS"/>
                <span target="#t5413" pos="PRP" lemma="de" corresp="#noTS"/>
                <span target="#t5414" pos="PRO:IND" lemma="tout" corresp="#noTS"/>
                <span target="#t5415" pos="NOM" lemma="façon" corresp="dictionnaire_TLFiCategoriesTEI#l29843"/>
                <span target="#t5416" pos="PUN" lemma="," corresp="#noTS"/>
                <span target="#t5417" pos="PRO:REL" lemma="qui" corresp="#noTS"/>
                <span target="#t5418" pos="VER:pres" lemma="pouvoir" corresp="dictionnaire_TLFiCategoriesTEI#l59664"/>
                <span target="#t5419" pos="VER:infi" lemma="être" corresp="dictionnaire_TLFiCategoriesTEI#l29037"/>
                <span target="#t5420" pos="ADJ" lemma="indispensable" corresp="dictionnaire_TLFiCategoriesTEI#l39412"/>
                <span target="#t5421" pos="KON" lemma="ou" corresp="#noTS"/>
                <span target="#t5422" pos="ADV" lemma="non" corresp="DicoWiktionaryCategoriesTEI#l819"/>
                <span target="#t5423" pos="PRP" lemma="à" corresp="#noTS"/>
                <span target="#t5424" pos="DET:ART" lemma="le" corresp="#noTS"/>
                <span target="#t5425" pos="NOM" lemma="énoncé" corresp="dictionnaire_TLFiCategoriesTEI#l27509"/>
                <span target="#t5426" pos="PRO:REL" lemma="que" corresp="#noTS"/>
                <span target="#t5427" pos="PRO:PER" lemma="il" corresp="#noTS"/>
                <span target="#t5428" pos="VER:pres" lemma="articuler" corresp="dictionnaire_TLFiCategoriesTEI#l6906"/>
                <span target="#t5429" pos="SENT" lemma="." corresp="#noTS"/>
                <span target="#t5430" pos="PRO:PER" lemma="elle" corresp="#noTS"/>
                <span target="#t5431" pos="VER:pres" lemma="avoir" corresp="dictionnaire_TLFiCategoriesTEI#l8314"/>
                <span target="#t5432" pos="VER:pper" lemma="expliciter"
                      corresp="dictionnaire_TLFiCategoriesTEI#l29622"/>
                <span target="#t5433" pos="PUN" lemma="," corresp="#noTS"/>
                <span target="#t5434" pos="PRP" lemma="en" corresp="#noTS"/>
                <span target="#t5435" pos="ADV" lemma="outre" corresp="dictionnaire_TLFiCategoriesTEI#l53192"/>
                <span target="#t5436" pos="PUN" lemma="," corresp="#noTS"/>
                <span target="#t5437" pos="DET:ART" lemma="le" corresp="#noTS"/>
                <span target="#t5438" pos="NUM" lemma="deux" corresp="#noTS"/>
                <span target="#t5439" pos="NOM" lemma="effet" corresp="dictionnaire_TLFiCategoriesTEI#l25971"/>
                <span target="#t5440" pos="PRP" lemma="de" corresp="#noTS"/>
                <span target="#t5441" pos="NOM" lemma="sens" corresp="dictionnaire_TLFiCategoriesTEI#l69148"/>
                <span target="#t5442" pos="ADJ" lemma="majeur" corresp="dictionnaire_TLFiCategoriesTEI#l44971"/>
                <span target="#t5443" pos="PRP" lemma="de" corresp="#noTS"/>
                <span target="#t5444" pos="PRO:DEM" lemma="ce" corresp="#noTS"/>
                <span target="#t5445" pos="NOM" lemma="mot" corresp="dictionnaire_TLFiCategoriesTEI#l48765"/>
                <span target="#t5446" pos="PRP" lemma="de" corresp="#noTS"/>
                <span target="#t5447" pos="NOM" lemma="discours" corresp="dictionnaire_TLFiCategoriesTEI#l24354"/>
                <span target="#t5448" pos="PUN" lemma="," corresp="#noTS"/>
                <span target="#t5449" pos="PRO:REL" lemma="qui" corresp="#noTS"/>
                <span target="#t5450" pos="VER:pres" lemma="être" corresp="dictionnaire_TLFiCategoriesTEI#l29037"/>
                <span target="#t5451" pos="PUN" lemma=":" corresp="#noTS"/>
                <span target="#t5452" pos="DET:ART" lemma="le" corresp="#noTS"/>
                <span target="#t5453" pos="NOM" lemma="sens" corresp="dictionnaire_TLFiCategoriesTEI#l69148"/>
                <span target="#t5454" pos="ADJ" lemma="argumentatif-reformulatif" corresp="#noTS"/>
                <span target="#t5455" pos="KON" lemma="ou" corresp="#noTS"/>
                <span target="#t5456" pos="ADV" lemma="essentiellement"
                      corresp="dictionnaire_TLFiCategoriesTEI#l28676"/>
                <span target="#t5457" pos="ADJ" lemma="reformulatif" corresp="#noTS"/>
                <span target="#t5458" pos="SENT" lemma="." corresp="#noTS"/>
                <span target="#t5459" pos="DET:ART" lemma="le" corresp="#noTS"/>
                <span target="#t5460" pos="NOM" lemma="sens" corresp="dictionnaire_TLFiCategoriesTEI#l69148"/>
                <span target="#t5461" pos="ADV" lemma="uniquement" corresp="dictionnaire_TLFiCategoriesTEI#l78573"/>
                <span target="#t5462" pos="ADJ" lemma="reformulatif" corresp="#noTS"/>
                <span target="#t5463" pos="SENT" lemma="." corresp="#noTS"/>
                <span target="#t5464" pos="PRP" lemma="par" corresp="#noTS"/>
                <span target="#t5465" pos="ADV" lemma="ailleurs" corresp="dictionnaire_TLFiCategoriesTEI#l2906"/>
                <span target="#t5466" pos="PUN" lemma="," corresp="#noTS"/>
                <span target="#t5467" pos="DET:ART" lemma="le" corresp="#noTS"/>
                <span target="#t5468" pos="NOM" lemma="analyse" corresp="dictionnaire_TLFiCategoriesTEI#l4664"/>
                <span target="#t5469" pos="PRP:det" lemma="du" corresp="#noTS"/>
                <span target="#t5470" pos="NOM" lemma="énoncé" corresp="dictionnaire_TLFiCategoriesTEI#l27509"/>
                <span target="#t5471" pos="ADJ" lemma="authentique" corresp="dictionnaire_TLFiCategoriesTEI#l7281"/>
                <span target="#t5472" pos="VER:pper" lemma="marquer" corresp="dictionnaire_TLFiCategoriesTEI#l45765"/>
                <span target="#t5473" pos="PRP" lemma="par" corresp="#noTS"/>
                <span target="#t5474" pos="PRP" lemma="de" corresp="#noTS"/>
                <span target="#t5475" pos="PRO:IND" lemma="tout" corresp="#noTS"/>
                <span target="#t5476" pos="NOM" lemma="façon" corresp="dictionnaire_TLFiCategoriesTEI#l29843"/>
                <span target="#t5477" pos="VER:pres" lemma="avoir" corresp="dictionnaire_TLFiCategoriesTEI#l8314"/>
                <span target="#t5478" pos="VER:pper" lemma="révéler" corresp="dictionnaire_TLFiCategoriesTEI#l65904"/>
                <span target="#t5479" pos="DET:ART" lemma="le" corresp="#noTS"/>
                <span target="#t5480" pos="NOM" lemma="existence" corresp="dictionnaire_TLFiCategoriesTEI#l4771"/>
                <span target="#t5481" pos="PRP" lemma="de" corresp="#noTS"/>
                <span target="#t5482" pos="ADJ" lemma="divers" corresp="dictionnaire_TLFiCategoriesTEI#l24593"/>
                <span target="#t5483" pos="NOM" lemma="type" corresp="dictionnaire_TLFiCategoriesTEI#l78232"/>
                <span target="#t5484" pos="PRP" lemma="de" corresp="#noTS"/>
                <span target="#t5485" pos="NOM" lemma="reformulation" corresp="dictionnaire_TLFiCategoriesTEI#l64422"/>
                <span target="#t5486" pos="SENT" lemma="." corresp="#noTS"/>
                <span target="#t5487" pos="PRP" lemma="en" corresp="#noTS"/>
                <span target="#t5488" pos="NOM" lemma="effet" corresp="dictionnaire_TLFiCategoriesTEI#l25971"/>
                <span target="#t5489" pos="PUN" lemma="," corresp="#noTS"/>
                <span target="#t5490" pos="PRO:DEM" lemma="ce" corresp="#noTS"/>
                <span target="#t5491" pos="NOM" lemma="opération" corresp="dictionnaire_TLFiCategoriesTEI#l52341"/>
                <span target="#t5492" pos="PUN" lemma="," corresp="#noTS"/>
                <span target="#t5493" pos="VER:pper" lemma="effectuer" corresp="dictionnaire_TLFiCategoriesTEI#l25959"/>
                <span target="#t5494" pos="PRP" lemma="sur" corresp="#noTS"/>
                <span target="#t5495" pos="DET:ART" lemma="un" corresp="#noTS"/>
                <span target="#t5496" pos="NOM" lemma="proposition" corresp="dictionnaire_TLFiCategoriesTEI#l60947"/>
                <span target="#t5497" pos="NOM" lemma="p" corresp="dictionnaire_TLFiCategoriesTEI#l53378"/>
                <span target="#t5498" pos="PUN" lemma="," corresp="#noTS"/>
                <span target="#t5499" pos="VER:pres" lemma="pouvoir" corresp="dictionnaire_TLFiCategoriesTEI#l59664"/>
                <span target="#t5500" pos="ADV" lemma="aussi" corresp="DicoWiktionaryCategoriesTEI#l1466"/>
                <span target="#t5501" pos="ADV" lemma="bien" corresp="dictionnaire_TLFiCategoriesTEI#l10128"/>
                <span target="#t5502" pos="VER:infi" lemma="concerner" corresp="dictionnaire_TLFiCategoriesTEI#l18067"/>
                <span target="#t5503" pos="DET:ART" lemma="le" corresp="#noTS"/>
                <span target="#t5504" pos="NOM" lemma="acte" corresp="dictionnaire_TLFiCategoriesTEI#l968"/>
                <span target="#t5505" pos="ADJ" lemma="illocutoire" corresp="dictionnaire_TLFiCategoriesTEI#l38172"/>
                <span target="#t5506" pos="PUN" lemma="," corresp="#noTS"/>
                <span target="#t5507" pos="DET:ART" lemma="le" corresp="#noTS"/>
                <span target="#t5508" pos="NOM" lemma="contenu" corresp="dictionnaire_TLFiCategoriesTEI#l18676"/>
                <span target="#t5509" pos="ADJ" lemma="propositionnel" corresp="dictionnaire_TLFiCategoriesTEI#l60948"/>
                <span target="#t5510" pos="KON" lemma="que" corresp="#noTS"/>
                <span target="#t5511" pos="DET:ART" lemma="le" corresp="#noTS"/>
                <span target="#t5512" pos="NOM" lemma="implicitation" corresp="#noTS"/>
                <span target="#t5513" pos="ADJ" lemma="relatif" corresp="dictionnaire_TLFiCategoriesTEI#l64729"/>
                <span target="#t5514" pos="PRP" lemma="à" corresp="#noTS"/>
                <span target="#t5515" pos="PRO:DEM" lemma="ce" corresp="#noTS"/>
                <span target="#t5516" pos="ADJ" lemma="dernier" corresp="dictionnaire_TLFiCategoriesTEI#l23197"/>
                <span target="#t5517" pos="SENT" lemma="." corresp="#noTS"/>
                <span target="#t5518" pos="DET:ART" lemma="le" corresp="#noTS"/>
                <span target="#t5519" pos="NOM" lemma="appellation" corresp="dictionnaire_TLFiCategoriesTEI#l6000"/>
                <span target="#t5520" pos="PRP" lemma="de" corresp="#noTS"/>
                <span target="#t5521" pos="PUN:cit" lemma="«" corresp="#noTS"/>
                <span target="#t5522" pos="ADJ" lemma="conclusif" corresp="dictionnaire_TLFiCategoriesTEI#l18119"/>
                <span target="#t5523" pos="PUN:cit" lemma="»" corresp="#noTS"/>
                <span target="#t5524" pos="VER:pres" lemma="revenir" corresp="dictionnaire_TLFiCategoriesTEI#l65920"/>
                <span target="#t5525" pos="PRP" lemma="à" corresp="#noTS"/>
                <span target="#t5526" pos="NOM" lemma="m" corresp="dictionnaire_TLFiCategoriesTEI#l44523"/>
                <span target="#t5527" pos="SENT" lemma="." corresp="#noTS"/>
                <span target="#t5528" pos="NOM" lemma="schelling" corresp="DicoWiktionaryCategoriesTEI#l198544"/>
                <span target="#t5529" pos="PUN" lemma="(" corresp="#noTS"/>
                <span target="#t5530" pos="NUM" lemma="1982" corresp="#noTS"/>
                <span target="#t5531" pos="PUN" lemma=")" corresp="#noTS"/>
                <span target="#t5532" pos="SENT" lemma="." corresp="#noTS"/>
                <span target="#t5533" pos="DET:ART" lemma="le" corresp="#noTS"/>
                <span target="#t5534" pos="NOM" lemma="appellation" corresp="dictionnaire_TLFiCategoriesTEI#l6000"/>
                <span target="#t5535" pos="PRP" lemma="de" corresp="#noTS"/>
                <span target="#t5536" pos="PUN:cit" lemma="«" corresp="#noTS"/>
                <span target="#t5537" pos="NOM" lemma="réévaluatif" corresp="#noTS"/>
                <span target="#t5538" pos="PUN:cit" lemma="»" corresp="#noTS"/>
                <span target="#t5539" pos="PUN" lemma="," corresp="#noTS"/>
                <span target="#t5540" pos="PRP" lemma="quant" corresp="#noTS"/>
                <span target="#t5541" pos="PRP" lemma="à" corresp="#noTS"/>
                <span target="#t5542" pos="PRO:PER" lemma="elle" corresp="#noTS"/>
                <span target="#t5543" pos="PUN" lemma="," corresp="#noTS"/>
                <span target="#t5544" pos="VER:pres" lemma="être" corresp="dictionnaire_TLFiCategoriesTEI#l29037"/>
                <span target="#t5545" pos="PRP" lemma="de" corresp="#noTS"/>
                <span target="#t5546" pos="NOM" lemma="roulet" corresp="DicoWiktionaryCategoriesTEI#l21106"/>
                <span target="#t5547" pos="PUN" lemma="(" corresp="#noTS"/>
                <span target="#t5548" pos="NUM" lemma="1985" corresp="#noTS"/>
                <span target="#t5549" pos="PUN" lemma=")" corresp="#noTS"/>
                <span target="#t5550" pos="PUN" lemma="," corresp="#noTS"/>
                <span target="#t5551" pos="PRO:PER" lemma="il" corresp="#noTS"/>
                <span target="#t5552" pos="PRO:PER" lemma="se" corresp="#noTS"/>
                <span target="#t5553" pos="VER:pres" lemma="agir" corresp="dictionnaire_TLFiCategoriesTEI#l2470"/>
                <span target="#t5554" pos="PRP" lemma="de" corresp="#noTS"/>
                <span target="#t5555" pos="DET:ART" lemma="le" corresp="#noTS"/>
                <span target="#t5556" pos="NUM" lemma="premier" corresp="#noTS"/>
                <span target="#t5557" pos="NOM" lemma="qualification" corresp="dictionnaire_TLFiCategoriesTEI#l62120"/>
                <span target="#t5558" pos="KON" lemma="que" corresp="#noTS"/>
                <span target="#t5559" pos="NOM" lemma="e" corresp="dictionnaire_TLFiCategoriesTEI#l25334"/>
                <span target="#t5560" pos="SENT" lemma="." corresp="#noTS"/>
                <span target="#t5561" pos="NOM" lemma="roulet" corresp="DicoWiktionaryCategoriesTEI#l21106"/>
                <span target="#t5562" pos="VER:pres" lemma="donner" corresp="dictionnaire_TLFiCategoriesTEI#l24800"/>
                <span target="#t5563" pos="PRP" lemma="à" corresp="#noTS"/>
                <span target="#t5564" pos="DET:ART" lemma="le" corresp="#noTS"/>
                <span target="#t5565" pos="NOM" lemma="classe" corresp="dictionnaire_TLFiCategoriesTEI#l16610"/>
                <span target="#t5566" pos="PRP:det" lemma="du" corresp="#noTS"/>
                <span target="#t5567" pos="NOM" lemma="connecteur" corresp="dictionnaire_TLFiCategoriesTEI#l18427"/>
                <span target="#t5568" pos="PRO:REL" lemma="dont" corresp="#noTS"/>
                <span target="#t5569" pos="VER:pres" lemma="faire" corresp="dictionnaire_TLFiCategoriesTEI#l29921"/>
                <span target="#t5570" pos="VER:pper" lemma="partir" corresp="dictionnaire_TLFiCategoriesTEI#l54588"/>
                <span target="#t5571" pos="PRP" lemma="de" corresp="#noTS"/>
                <span target="#t5572" pos="PRO:IND" lemma="tout" corresp="#noTS"/>
                <span target="#t5573" pos="NOM" lemma="façon" corresp="dictionnaire_TLFiCategoriesTEI#l29843"/>
                <span target="#t5574" pos="SENT" lemma="." corresp="#noTS"/>
                <span target="#t5575" pos="DET:ART" lemma="un" corresp="#noTS"/>
                <span target="#t5576" pos="NOM" lemma="acte" corresp="dictionnaire_TLFiCategoriesTEI#l968"/>
                <span target="#t5577" pos="ADJ" lemma="principal" corresp="dictionnaire_TLFiCategoriesTEI#l60512"/>
                <span target="#t5578" pos="KON" lemma="ou" corresp="#noTS"/>
                <span target="#t5579" pos="ADJ" lemma="directeur" corresp="dictionnaire_TLFiCategoriesTEI#l24291"/>
                <span target="#t5580" pos="VER:pres" lemma="correspondre"
                      corresp="dictionnaire_TLFiCategoriesTEI#l19367"/>
                <span target="#t5581" pos="PRP" lemma="à" corresp="#noTS"/>
                <span target="#t5582" pos="DET:ART" lemma="le" corresp="#noTS"/>
                <span target="#t5583" pos="NOM" lemma="énoncé" corresp="dictionnaire_TLFiCategoriesTEI#l27509"/>
                <span target="#t5584" pos="PRO:REL" lemma="qui" corresp="#noTS"/>
                <span target="#t5585" pos="VER:pres" lemma="détenir" corresp="dictionnaire_TLFiCategoriesTEI#l23617"/>
                <span target="#t5586" pos="DET:ART" lemma="le" corresp="#noTS"/>
                <span target="#t5587" pos="NOM" lemma="fonction" corresp="dictionnaire_TLFiCategoriesTEI#l31425"/>
                <span target="#t5588" pos="ADJ" lemma="illocutoire" corresp="dictionnaire_TLFiCategoriesTEI#l38172"/>
                <span target="#t5589" pos="PRP" lemma="de" corresp="#noTS"/>
                <span target="#t5590" pos="DET:ART" lemma="le" corresp="#noTS"/>
                <span target="#t5591" pos="NOM" lemma="acte" corresp="dictionnaire_TLFiCategoriesTEI#l968"/>
                <span target="#t5592" pos="PRP" lemma="de" corresp="#noTS"/>
                <span target="#t5593" pos="NOM" lemma="discours" corresp="dictionnaire_TLFiCategoriesTEI#l24354"/>
                <span target="#t5594" pos="SENT" lemma="." corresp="#noTS"/>
                <span target="#t5595" pos="PRO:DEM" lemma="cela" corresp="#noTS"/>
                <span target="#t5596" pos="PUN" lemma="," corresp="#noTS"/>
                <span target="#t5597" pos="ADV" lemma="contrairement" corresp="dictionnaire_TLFiCategoriesTEI#l18762"/>
                <span target="#t5598" pos="PRP" lemma="à" corresp="#noTS"/>
                <span target="#t5599" pos="DET:ART" lemma="le" corresp="#noTS"/>
                <span target="#t5600" pos="NOM" lemma="acte" corresp="dictionnaire_TLFiCategoriesTEI#l968"/>
                <span target="#t5601" pos="ADJ" lemma="subordonné" corresp="dictionnaire_TLFiCategoriesTEI#l72373"/>
                <span target="#t5602" pos="PRO:REL" lemma="qui" corresp="#noTS"/>
                <span target="#t5603" pos="PRO:PER" lemma="lui" corresp="#noTS"/>
                <span target="#t5604" pos="VER:pres" lemma="être" corresp="dictionnaire_TLFiCategoriesTEI#l29037"/>
                <span target="#t5605" pos="ADJ" lemma="dépendant" corresp="dictionnaire_TLFiCategoriesTEI#l22935"/>
                <span target="#t5606" pos="SENT" lemma="." corresp="#noTS"/>
                <span target="#t5607" pos="NOM" lemma="rossari" corresp="#noTS"/>
                <span target="#t5608" pos="PUN" lemma="(" corresp="#noTS"/>
                <span target="#t5609" pos="NUM" lemma="1994" corresp="#noTS"/>
                <span target="#t5610" pos="PUN" lemma=":" corresp="#noTS"/>
                <span target="#t5611" pos="NUM" lemma="9" corresp="#noTS"/>
                <span target="#t5612" pos="PUN" lemma=")" corresp="#noTS"/>
                <span target="#t5613" pos="SENT" lemma="." corresp="#noTS"/>
                <span target="#t5614" pos="NOM" lemma="p" corresp="dictionnaire_TLFiCategoriesTEI#l53378"/>
                <span target="#t5615" pos="PUN" lemma="," corresp="#noTS"/>
                <span target="#t5616" pos="NOM" lemma="q" corresp="dictionnaire_TLFiCategoriesTEI#l62048"/>
                <span target="#t5617" pos="KON" lemma="et" corresp="#noTS"/>
                <span target="#t5618" pos="NOM" lemma="r" corresp="dictionnaire_TLFiCategoriesTEI#l62459"/>
                <span target="#t5619" pos="VER:pres" lemma="être" corresp="dictionnaire_TLFiCategoriesTEI#l29037"/>
                <span target="#t5620" pos="PRP:det" lemma="du" corresp="#noTS"/>
                <span target="#t5621" pos="NOM" lemma="entité" corresp="dictionnaire_TLFiCategoriesTEI#l27681"/>
                <span target="#t5622" pos="ADJ" lemma="abstrait" corresp="dictionnaire_TLFiCategoriesTEI#l442"/>
                <span target="#t5623" pos="PRO:REL" lemma="qui" corresp="#noTS"/>
                <span target="#t5624" pos="VER:pres" lemma="désigner" corresp="dictionnaire_TLFiCategoriesTEI#l23431"/>
                <span target="#t5625" pos="PUN" lemma="," corresp="#noTS"/>
                <span target="#t5626" pos="PRP" lemma="en" corresp="#noTS"/>
                <span target="#t5627" pos="NOM" lemma="conformité" corresp="dictionnaire_TLFiCategoriesTEI#l18297"/>
                <span target="#t5628" pos="PRP" lemma="avec" corresp="#noTS"/>
                <span target="#t5629" pos="DET:ART" lemma="le" corresp="#noTS"/>
                <span target="#t5630" pos="NOM" lemma="convention" corresp="dictionnaire_TLFiCategoriesTEI#l19014"/>
                <span target="#t5631" pos="PRP" lemma="de" corresp="#noTS"/>
                <span target="#t5632" pos="NOM" lemma="j.-c" corresp="#noTS"/>
                <span target="#t5633" pos="SENT" lemma="." corresp="#noTS"/>
                <span target="#t5634" pos="NOM" lemma="anscombre" corresp="#noTS"/>
                <span target="#t5635" pos="KON" lemma="et" corresp="#noTS"/>
                <span target="#t5636" pos="PRP" lemma="de" corresp="#noTS"/>
                <span target="#t5637" pos="NOM" lemma="o" corresp="dictionnaire_TLFiCategoriesTEI#l51273"/>
                <span target="#t5638" pos="SENT" lemma="." corresp="#noTS"/>
                <span target="#t5639" pos="NOM" lemma="ducrot" corresp="#noTS"/>
                <span target="#t5640" pos="PUN" lemma="(" corresp="#noTS"/>
                <span target="#t5641" pos="NUM" lemma="1983" corresp="#noTS"/>
                <span target="#t5642" pos="PUN" lemma=")" corresp="#noTS"/>
                <span target="#t5643" pos="PUN" lemma="," corresp="#noTS"/>
                <span target="#t5644" pos="DET:ART" lemma="le" corresp="#noTS"/>
                <span target="#t5645" pos="NOM" lemma="proposition" corresp="dictionnaire_TLFiCategoriesTEI#l60947"/>
                <span target="#t5646" pos="VER:ppre" lemma="former" corresp="dictionnaire_TLFiCategoriesTEI#l31564"/>
                <span target="#t5647" pos="DET:ART" lemma="un" corresp="#noTS"/>
                <span target="#t5648" pos="NOM" lemma="énoncé" corresp="dictionnaire_TLFiCategoriesTEI#l27509"/>
                <span target="#t5649" pos="PUN" lemma="," corresp="#noTS"/>
                <span target="#t5650" pos="KON" lemma="que" corresp="#noTS"/>
                <span target="#t5651" pos="PRO:DEM" lemma="ce" corresp="#noTS"/>
                <span target="#t5652" pos="NOM" lemma="proposition" corresp="dictionnaire_TLFiCategoriesTEI#l60947"/>
                <span target="#t5653" pos="VER:subp" lemma="être" corresp="dictionnaire_TLFiCategoriesTEI#l29037"/>
                <span target="#t5654" pos="ADJ" lemma="explicite" corresp="dictionnaire_TLFiCategoriesTEI#l29620"/>
                <span target="#t5655" pos="KON" lemma="ou" corresp="#noTS"/>
                <span target="#t5656" pos="ADJ" lemma="implicite" corresp="dictionnaire_TLFiCategoriesTEI#l38566"/>
                <span target="#t5657" pos="SENT" lemma="." corresp="#noTS"/>
                <span target="#t5658" pos="PRP:det" lemma="au" corresp="#noTS"/>
                <span target="#t5659" pos="NOM" lemma="sens" corresp="dictionnaire_TLFiCategoriesTEI#l69148"/>
                <span target="#t5660" pos="PRP" lemma="de" corresp="#noTS"/>
                <span target="#t5661" pos="NOM" lemma="anscombre" corresp="#noTS"/>
                <span target="#t5662" pos="NUM" lemma="1995" corresp="#noTS"/>
                <span target="#t5663" pos="SENT" lemma="." corresp="#noTS"/>
                <span target="#t5664" pos="DET:ART" lemma="le" corresp="#noTS"/>
                <span target="#t5665" pos="ADJ" lemma="variable" corresp="dictionnaire_TLFiCategoriesTEI#l79127"/>
                <span target="#t5666" pos="NOM" lemma="p" corresp="dictionnaire_TLFiCategoriesTEI#l53378"/>
                <span target="#t5667" pos="PUN" lemma="," corresp="#noTS"/>
                <span target="#t5668" pos="NOM" lemma="q" corresp="dictionnaire_TLFiCategoriesTEI#l62048"/>
                <span target="#t5669" pos="KON" lemma="et" corresp="#noTS"/>
                <span target="#t5670" pos="VER:simp" lemma="r" corresp="dictionnaire_TLFiCategoriesTEI#l62459"/>
                <span target="#t5671" pos="PRP" lemma="de" corresp="#noTS"/>
                <span target="#t5672" pos="DET:ART" lemma="le" corresp="#noTS"/>
                <span target="#t5673" pos="NOM" lemma="énoncé" corresp="dictionnaire_TLFiCategoriesTEI#l27509"/>
                <span target="#t5674" pos="ADJ" lemma="argumentatif" corresp="#noTS"/>
                <span target="#t5675" pos="PUN" lemma="(" corresp="#noTS"/>
                <span target="#t5676" pos="VER:pper" lemma="e" corresp="dictionnaire_TLFiCategoriesTEI#l25334"/>
                <span target="#t5677" pos="PUN" lemma="'" corresp="#noTS"/>
                <span target="#t5678" pos="NUM" lemma="3" corresp="#noTS"/>
                <span target="#t5679" pos="PUN" lemma=")" corresp="#noTS"/>
                <span target="#t5680" pos="ADV" lemma="ne" corresp="#noTS"/>
                <span target="#t5681" pos="ADJ" lemma="coïncident" corresp="dictionnaire_TLFiCategoriesTEI#l17245"/>
                <span target="#t5682" pos="ADV" lemma="pas" corresp="dictionnaire_TLFiCategoriesTEI#l54617"/>
                <span target="#t5683" pos="PRP" lemma="avec" corresp="#noTS"/>
                <span target="#t5684" pos="PRO:DEM" lemma="celui" corresp="#noTS"/>
                <span target="#t5685" pos="PRP" lemma="de" corresp="#noTS"/>
                <span target="#t5686" pos="DET:ART" lemma="le" corresp="#noTS"/>
                <span target="#t5687" pos="NOM" lemma="énoncé" corresp="dictionnaire_TLFiCategoriesTEI#l27509"/>
                <span target="#t5688" pos="ADJ" lemma="reformulatif" corresp="#noTS"/>
                <span target="#t5689" pos="PUN" lemma="(" corresp="#noTS"/>
                <span target="#t5690" pos="VER:pper" lemma="e" corresp="dictionnaire_TLFiCategoriesTEI#l25334"/>
                <span target="#t5691" pos="NUM" lemma="3" corresp="#noTS"/>
                <span target="#t5692" pos="PUN" lemma=")" corresp="#noTS"/>
                <span target="#t5693" pos="SENT" lemma="." corresp="#noTS"/>
                <span target="#t5694" pos="PRP" lemma="en" corresp="#noTS"/>
                <span target="#t5695" pos="NOM" lemma="effet" corresp="dictionnaire_TLFiCategoriesTEI#l25971"/>
                <span target="#t5696" pos="PUN" lemma="," corresp="#noTS"/>
                <span target="#t5697" pos="DET:ART" lemma="le" corresp="#noTS"/>
                <span target="#t5698" pos="NOM" lemma="connecteur" corresp="dictionnaire_TLFiCategoriesTEI#l18427"/>
                <span target="#t5699" pos="ADJ" lemma="argumentatif" corresp="#noTS"/>
                <span target="#t5700" pos="VER:pres" lemma="introduire"
                      corresp="dictionnaire_TLFiCategoriesTEI#l40732"/>
                <span target="#t5701" pos="DET:ART" lemma="un" corresp="#noTS"/>
                <span target="#t5702" pos="NOM" lemma="acte" corresp="dictionnaire_TLFiCategoriesTEI#l968"/>
                <span target="#t5703" pos="VER:pper" lemma="subordonner"
                      corresp="dictionnaire_TLFiCategoriesTEI#l72372"/>
                <span target="#t5704" pos="PUN" lemma="," corresp="#noTS"/>
                <span target="#t5705" pos="PRO:PER" lemma="il" corresp="#noTS"/>
                <span target="#t5706" pos="PRO:PER" lemma="se" corresp="#noTS"/>
                <span target="#t5707" pos="VER:pres" lemma="agir" corresp="dictionnaire_TLFiCategoriesTEI#l2470"/>
                <span target="#t5708" pos="PRP" lemma="de" corresp="#noTS"/>
                <span target="#t5709" pos="NOM" lemma="q" corresp="dictionnaire_TLFiCategoriesTEI#l62048"/>
                <span target="#t5710" pos="SENT" lemma="." corresp="#noTS"/>
                <span target="#t5711" pos="PRP" lemma="par" corresp="#noTS"/>
                <span target="#t5712" pos="NOM" lemma="contre" corresp="dictionnaire_TLFiCategoriesTEI#l18785"/>
                <span target="#t5713" pos="PUN" lemma="," corresp="#noTS"/>
                <span target="#t5714" pos="DET:ART" lemma="un" corresp="#noTS"/>
                <span target="#t5715" pos="NOM" lemma="connecteur" corresp="dictionnaire_TLFiCategoriesTEI#l18427"/>
                <span target="#t5716" pos="ADJ" lemma="reformulatif" corresp="#noTS"/>
                <span target="#t5717" pos="VER:pres" lemma="introduire"
                      corresp="dictionnaire_TLFiCategoriesTEI#l40732"/>
                <span target="#t5718" pos="DET:ART" lemma="un" corresp="#noTS"/>
                <span target="#t5719" pos="NOM" lemma="actedirecteur" corresp="#noTS"/>
                <span target="#t5720" pos="PUN" lemma="," corresp="#noTS"/>
                <span target="#t5721" pos="PRO:REL" lemma="qui" corresp="#noTS"/>
                <span target="#t5722" pos="ADV" lemma="ne" corresp="#noTS"/>
                <span target="#t5723" pos="VER:pres" lemma="pouvoir" corresp="dictionnaire_TLFiCategoriesTEI#l59664"/>
                <span target="#t5724" pos="VER:infi" lemma="correspondre"
                      corresp="dictionnaire_TLFiCategoriesTEI#l19367"/>
                <span target="#t5725" pos="PRP" lemma="à" corresp="#noTS"/>
                <span target="#t5726" pos="NOM" lemma="p" corresp="dictionnaire_TLFiCategoriesTEI#l53378"/>
                <span target="#t5727" pos="KON" lemma="ou" corresp="#noTS"/>
                <span target="#t5728" pos="NOM" lemma="q" corresp="dictionnaire_TLFiCategoriesTEI#l62048"/>
                <span target="#t5729" pos="PUN" lemma="," corresp="#noTS"/>
                <span target="#t5730" pos="PRO:REL" lemma="qui" corresp="#noTS"/>
                <span target="#t5731" pos="ADV" lemma="ne" corresp="#noTS"/>
                <span target="#t5732" pos="VER:pres" lemma="désigner" corresp="dictionnaire_TLFiCategoriesTEI#l23431"/>
                <span target="#t5733" pos="ADV" lemma="que" corresp="DicoWiktionaryCategoriesTEI#l688 #l689"/>
                <span target="#t5734" pos="PRP:det" lemma="du" corresp="#noTS"/>
                <span target="#t5735" pos="NOM" lemma="acte" corresp="dictionnaire_TLFiCategoriesTEI#l968"/>
                <span target="#t5736" pos="ADJ" lemma="subordonné" corresp="dictionnaire_TLFiCategoriesTEI#l72373"/>
                <span target="#t5737" pos="SENT" lemma="." corresp="#noTS"/>
                <span target="#t5738" pos="PRO:PER" lemma="il" corresp="#noTS"/>
                <span target="#t5739" pos="PRO:PER" lemma="se" corresp="#noTS"/>
                <span target="#t5740" pos="VER:pres" lemma="agir" corresp="dictionnaire_TLFiCategoriesTEI#l2470"/>
                <span target="#t5741" pos="ADV" lemma="donc" corresp="#noTS"/>
                <span target="#t5742" pos="PRP" lemma="de" corresp="#noTS"/>
                <span target="#t5743" pos="NOM" lemma="r" corresp="dictionnaire_TLFiCategoriesTEI#l62459"/>
                <span target="#t5744" pos="SENT" lemma="." corresp="#noTS"/>
                <span target="#t5745" pos="DET:ART" lemma="le" corresp="#noTS"/>
                <span target="#t5746" pos="NUM" lemma="second" corresp="#noTS"/>
                <span target="#t5747" pos="PUN" lemma="," corresp="#noTS"/>
                <span target="#t5748" pos="KON" lemma="comme" corresp="#noTS"/>
                <span target="#t5749" pos="PRO:PER" lemma="le" corresp="#noTS"/>
                <span target="#t5750" pos="VER:pres" lemma="signaler" corresp="dictionnaire_TLFiCategoriesTEI#l69766"/>
                <span target="#t5751" pos="VER:pper" lemma="e" corresp="dictionnaire_TLFiCategoriesTEI#l25334"/>
                <span target="#t5752" pos="SENT" lemma="." corresp="#noTS"/>
                <span target="#t5753" pos="NOM" lemma="roulet" corresp="DicoWiktionaryCategoriesTEI#l21106"/>
                <span target="#t5754" pos="PUN" lemma="(" corresp="#noTS"/>
                <span target="#t5755" pos="NUM" lemma="1985" corresp="#noTS"/>
                <span target="#t5756" pos="PUN" lemma=":" corresp="#noTS"/>
                <span target="#t5757" pos="NUM" lemma="174" corresp="#noTS"/>
                <span target="#t5758" pos="PUN" lemma=")" corresp="#noTS"/>
                <span target="#t5759" pos="VER:pres" lemma="être" corresp="dictionnaire_TLFiCategoriesTEI#l29037"/>
                <span target="#t5760" pos="DET:ART" lemma="le" corresp="#noTS"/>
                <span target="#t5761" pos="ADV" lemma="plus" corresp="DicoWiktionaryCategoriesTEI#l6378 #l6379 #l6380"/>
                <span target="#t5762" pos="ADJ" lemma="immédiat" corresp="dictionnaire_TLFiCategoriesTEI#l38304"/>
                <span target="#t5763" pos="SENT" lemma="." corresp="#noTS"/>
                <span target="#t5764" pos="ADV" lemma="comme" corresp="DicoWiktionaryCategoriesTEI#l8041"/>
                <span target="#t5765" pos="VER:pper" lemma="c" corresp="dictionnaire_TLFiCategoriesTEI#l12533"/>
                <span target="#t5766" pos="SENT" lemma="." corresp="#noTS"/>
                <span target="#t5767" pos="NOM" lemma="rossari" corresp="#noTS"/>
                <span target="#t5768" pos="PUN" lemma="," corresp="#noTS"/>
                <span target="#t5769" pos="PRO:PER" lemma="nous" corresp="#noTS"/>
                <span target="#t5770" pos="VER:pres" lemma="recourir" corresp="dictionnaire_TLFiCategoriesTEI#l64077"/>
                <span target="#t5771" pos="PRP" lemma="à" corresp="#noTS"/>
                <span target="#t5772" pos="DET:ART" lemma="le" corresp="#noTS"/>
                <span target="#t5773" pos="NOM" lemma="paraphrase" corresp="dictionnaire_TLFiCategoriesTEI#l54243"/>
                <span target="#t5774" pos="PRP" lemma="pour" corresp="#noTS"/>
                <span target="#t5775" pos="VER:infi" lemma="expliciter"
                      corresp="dictionnaire_TLFiCategoriesTEI#l29622"/>
                <span target="#t5776" pos="PRO:IND" lemma="certain" corresp="#noTS"/>
                <span target="#t5777" pos="NOM" lemma="fonctionnement" corresp="dictionnaire_TLFiCategoriesTEI#l31438"/>
                <span target="#t5778" pos="PRP:det" lemma="du" corresp="#noTS"/>
                <span target="#t5779" pos="NOM" lemma="connecteur" corresp="dictionnaire_TLFiCategoriesTEI#l18427"/>
                <span target="#t5780" pos="PRP" lemma="de" corresp="#noTS"/>
                <span target="#t5781" pos="PRO:IND" lemma="tout" corresp="#noTS"/>
                <span target="#t5782" pos="NOM" lemma="façon" corresp="dictionnaire_TLFiCategoriesTEI#l29843"/>
                <span target="#t5783" pos="SENT" lemma="." corresp="#noTS"/>
                <span target="#t5784" pos="PUN:cit" lemma="«" corresp="#noTS"/>
                <span target="#t5785" pos="PRO:PER" lemma="on" corresp="#noTS"/>
                <span target="#t5786" pos="VER:cond" lemma="pouvoir" corresp="dictionnaire_TLFiCategoriesTEI#l59664"/>
                <span target="#t5787" pos="ADV" lemma="effectivement" corresp="dictionnaire_TLFiCategoriesTEI#l25958"/>
                <span target="#t5788" pos="VER:infi" lemma="paraphraser"
                      corresp="dictionnaire_TLFiCategoriesTEI#l54244"/>
                <span target="#t5789" pos="PUN" lemma="[" corresp="#noTS"/>
                <span target="#t5790" pos="PUN" lemma="…" corresp="#noTS"/>
                <span target="#t5791" pos="PUN" lemma="]" corresp="#noTS"/>
                <span target="#t5792" pos="PRP" lemma="par" corresp="#noTS"/>
                <span target="#t5793" pos="DET:ART" lemma="un" corresp="#noTS"/>
                <span target="#t5794" pos="NOM" lemma="formule" corresp="dictionnaire_TLFiCategoriesTEI#l31583"/>
                <span target="#t5795" pos="PRP:det" lemma="du" corresp="#noTS"/>
                <span target="#t5796" pos="NOM" lemma="type" corresp="dictionnaire_TLFiCategoriesTEI#l78232"/>
                <span target="#t5797" pos="PUN" lemma=":" corresp="#noTS"/>
                <span target="#t5798" pos="PUN:cit" lemma="«" corresp="#noTS"/>
                <span target="#t5799" pos="PRO:PER" lemma="il" corresp="#noTS"/>
                <span target="#t5800" pos="ADV" lemma="ne" corresp="#noTS"/>
                <span target="#t5801" pos="VER:pres" lemma="servir" corresp="dictionnaire_TLFiCategoriesTEI#l69506"/>
                <span target="#t5802" pos="PRP" lemma="à" corresp="#noTS"/>
                <span target="#t5803" pos="NOM" lemma="rien" corresp="DicoWiktionaryCategoriesTEI#l817"/>
                <span target="#t5804" pos="PRP" lemma="de" corresp="#noTS"/>
                <span target="#t5805" pos="VER:infi" lemma="dire" corresp="dictionnaire_TLFiCategoriesTEI#l24284"/>
                <span target="#t5806" pos="NOM" lemma="p" corresp="dictionnaire_TLFiCategoriesTEI#l53378"/>
                <span target="#t5807" pos="KON" lemma="puisque" corresp="#noTS"/>
                <span target="#t5808" pos="PRP" lemma="de" corresp="#noTS"/>
                <span target="#t5809" pos="PRO:IND" lemma="tout" corresp="#noTS"/>
                <span target="#t5810" pos="NOM" lemma="façon" corresp="dictionnaire_TLFiCategoriesTEI#l29843"/>
                <span target="#t5811" pos="ADJ" lemma="r" corresp="dictionnaire_TLFiCategoriesTEI#l62459"/>
                <span target="#t5812" pos="PUN:cit" lemma="»" corresp="#noTS"/>
                <span target="#t5813" pos="PUN" lemma="(" corresp="#noTS"/>
                <span target="#t5814" pos="NOM" lemma="rossari" corresp="#noTS"/>
                <span target="#t5815" pos="PUN" lemma="," corresp="#noTS"/>
                <span target="#t5816" pos="NUM" lemma="1994" corresp="#noTS"/>
                <span target="#t5817" pos="PUN" lemma=":" corresp="#noTS"/>
                <span target="#t5818" pos="NUM" lemma="67" corresp="#noTS"/>
                <span target="#t5819" pos="PUN" lemma=")" corresp="#noTS"/>
                <span target="#t5820" pos="SENT" lemma="." corresp="#noTS"/>
                <span target="#t5821" pos="VER:ppre" lemma="etant" corresp="#noTS"/>
                <span target="#t5822" pos="VER:pper" lemma="invalider" corresp="dictionnaire_TLFiCategoriesTEI#l40788"/>
                <span target="#t5823" pos="ADV" lemma="comme" corresp="DicoWiktionaryCategoriesTEI#l8041"/>
                <span target="#t5824" pos="NOM" lemma="énonciation" corresp="dictionnaire_TLFiCategoriesTEI#l27514"/>
                <span target="#t5825" pos="PUN" lemma="," corresp="#noTS"/>
                <span target="#t5826" pos="NOM" lemma="p" corresp="dictionnaire_TLFiCategoriesTEI#l53378"/>
                <span target="#t5827" pos="ADV" lemma="ne" corresp="#noTS"/>
                <span target="#t5828" pos="VER:pres" lemma="pouvoir" corresp="dictionnaire_TLFiCategoriesTEI#l59664"/>
                <span target="#t5829" pos="VER:infi" lemma="représenter"
                      corresp="dictionnaire_TLFiCategoriesTEI#l65341"/>
                <span target="#t5830" pos="DET:ART" lemma="le" corresp="#noTS"/>
                <span target="#t5831" pos="NOM" lemma="acte" corresp="dictionnaire_TLFiCategoriesTEI#l968"/>
                <span target="#t5832" pos="ADJ" lemma="directeur" corresp="dictionnaire_TLFiCategoriesTEI#l24291"/>
                <span target="#t5833" pos="PRP" lemma="de" corresp="#noTS"/>
                <span target="#t5834" pos="DET:ART" lemma="un" corresp="#noTS"/>
                <span target="#t5835" pos="NOM" lemma="énoncé" corresp="dictionnaire_TLFiCategoriesTEI#l27509"/>
                <span target="#t5836" pos="ADJ" lemma="argumentatif" corresp="#noTS"/>
                <span target="#t5837" pos="SENT" lemma="." corresp="#noTS"/>
                <span target="#t5838" pos="DET:ART" lemma="le" corresp="#noTS"/>
                <span target="#t5839" pos="NOM" lemma="relation" corresp="dictionnaire_TLFiCategoriesTEI#l64730"/>
                <span target="#t5840" pos="PRP" lemma="de" corresp="#noTS"/>
                <span target="#t5841" pos="NOM" lemma="argument" corresp="dictionnaire_TLFiCategoriesTEI#l6533"/>
                <span target="#t5842" pos="PRP" lemma="à" corresp="#noTS"/>
                <span target="#t5843" pos="NOM" lemma="conclusion" corresp="dictionnaire_TLFiCategoriesTEI#l18120"/>
                <span target="#t5844" pos="ADV" lemma="ne" corresp="#noTS"/>
                <span target="#t5845" pos="VER:pres" lemma="être" corresp="dictionnaire_TLFiCategoriesTEI#l29037"/>
                <span target="#t5846" pos="ADV" lemma="donc" corresp="#noTS"/>
                <span target="#t5847" pos="ADV" lemma="plus" corresp="DicoWiktionaryCategoriesTEI#l6378 #l6379 #l6380"/>
                <span target="#t5848" pos="ADJ" lemma="valide" corresp="dictionnaire_TLFiCategoriesTEI#l79018"/>
                <span target="#t5849" pos="PUN" lemma="(" corresp="#noTS"/>
                <span target="#t5850" pos="VER:infi" lemma="voir" corresp="dictionnaire_TLFiCategoriesTEI#l80514"/>
                <span target="#t5851" pos="VER:pper" lemma="e" corresp="dictionnaire_TLFiCategoriesTEI#l25334"/>
                <span target="#t5852" pos="PUN" lemma="'" corresp="#noTS"/>
                <span target="#t5853" pos="NUM" lemma="3" corresp="#noTS"/>
                <span target="#t5854" pos="KON" lemma="et" corresp="#noTS"/>
                <span target="#t5855" pos="VER:simp" lemma="e" corresp="dictionnaire_TLFiCategoriesTEI#l25334"/>
                <span target="#t5856" pos="PUN" lemma="'" corresp="#noTS"/>
                <span target="#t5857" pos="PUN" lemma="'" corresp="#noTS"/>
                <span target="#t5858" pos="NUM" lemma="3" corresp="#noTS"/>
                <span target="#t5859" pos="PUN" lemma=")" corresp="#noTS"/>
                <span target="#t5860" pos="SENT" lemma="." corresp="#noTS"/>
                <span target="#t5861" pos="PRO:PER" lemma="il" corresp="#noTS"/>
                <span target="#t5862" pos="PRO:PER" lemma="se" corresp="#noTS"/>
                <span target="#t5863" pos="VER:pres" lemma="agir" corresp="dictionnaire_TLFiCategoriesTEI#l2470"/>
                <span target="#t5864" pos="PRP" lemma="de" corresp="#noTS"/>
                <span target="#t5865" pos="DET:ART" lemma="un" corresp="#noTS"/>
                <span target="#t5866" pos="NOM" lemma="stratégie" corresp="dictionnaire_TLFiCategoriesTEI#l72088"/>
                <span target="#t5867" pos="PRP" lemma="de" corresp="#noTS"/>
                <span target="#t5868" pos="NOM" lemma="anticipation" corresp="dictionnaire_TLFiCategoriesTEI#l5430"/>
                <span target="#t5869" pos="VER:pper" lemma="effectuer" corresp="dictionnaire_TLFiCategoriesTEI#l25959"/>
                <span target="#t5870" pos="PRP" lemma="par" corresp="#noTS"/>
                <span target="#t5871" pos="DET:ART" lemma="le" corresp="#noTS"/>
                <span target="#t5872" pos="NOM" lemma="locuteur" corresp="dictionnaire_TLFiCategoriesTEI#l43905"/>
                <span target="#t5873" pos="PRP" lemma="de" corresp="#noTS"/>
                <span target="#t5874" pos="NOM" lemma="e" corresp="dictionnaire_TLFiCategoriesTEI#l25334"/>
                <span target="#t5875" pos="NUM" lemma="3" corresp="#noTS"/>
                <span target="#t5876" pos="SENT" lemma="." corresp="#noTS"/>
                <span target="#t5877" pos="PRP" lemma="selon" corresp="#noTS"/>
                <span target="#t5878" pos="NOM" lemma="r" corresp="dictionnaire_TLFiCategoriesTEI#l62459"/>
                <span target="#t5879" pos="SENT" lemma="." corresp="#noTS"/>
                <span target="#t5880" pos="NOM" lemma="martin" corresp="dictionnaire_TLFiCategoriesTEI#l45817"/>
                <span target="#t5881" pos="PUN" lemma="(" corresp="#noTS"/>
                <span target="#t5882" pos="NUM" lemma="1973" corresp="#noTS"/>
                <span target="#t5883" pos="PUN" lemma=")" corresp="#noTS"/>
                <span target="#t5884" pos="SENT" lemma="." corresp="#noTS"/>
                <span target="#t5885" pos="PRO:PER" lemma="il" corresp="#noTS"/>
                <span target="#t5886" pos="VER:pres" lemma="falloir" corresp="dictionnaire_TLFiCategoriesTEI#l29961"/>
                <span target="#t5887" pos="VER:infi" lemma="signaler" corresp="dictionnaire_TLFiCategoriesTEI#l69766"/>
                <span target="#t5888" pos="KON" lemma="que" corresp="#noTS"/>
                <span target="#t5889" pos="DET:ART" lemma="le" corresp="#noTS"/>
                <span target="#t5890" pos="NOM" lemma="intervention" corresp="dictionnaire_TLFiCategoriesTEI#l40636"/>
                <span target="#t5891" pos="PRP" lemma="de" corresp="#noTS"/>
                <span target="#t5892" pos="KON" lemma="puisque" corresp="#noTS"/>
                <span target="#t5893" pos="PRO:PER" lemma="en" corresp="#noTS"/>
                <span target="#t5894" pos="VER:futu" lemma="e" corresp="dictionnaire_TLFiCategoriesTEI#l25334"/>
                <span target="#t5895" pos="PUN" lemma="'" corresp="#noTS"/>
                <span target="#t5896" pos="PUN" lemma="'" corresp="#noTS"/>
                <span target="#t5897" pos="NUM" lemma="3" corresp="#noTS"/>
                <span target="#t5898" pos="VER:pres" lemma="entraîner" corresp="dictionnaire_TLFiCategoriesTEI#l27722"/>
                <span target="#t5899" pos="DET:ART" lemma="un" corresp="#noTS"/>
                <span target="#t5900" pos="NOM" lemma="différence" corresp="dictionnaire_TLFiCategoriesTEI#l4762"/>
                <span target="#t5901" pos="PRP" lemma="de" corresp="#noTS"/>
                <span target="#t5902" pos="NOM" lemma="sens" corresp="dictionnaire_TLFiCategoriesTEI#l69148"/>
                <span target="#t5903" pos="ADJ" lemma="notable" corresp="dictionnaire_TLFiCategoriesTEI#l51013"/>
                <span target="#t5904" pos="PUN" lemma=":" corresp="#noTS"/>
                <span target="#t5905" pos="DET:ART" lemma="le" corresp="#noTS"/>
                <span target="#t5906" pos="NOM" lemma="rôle" corresp="dictionnaire_TLFiCategoriesTEI#l66646"/>
                <span target="#t5907" pos="VER:pper" lemma="donner" corresp="dictionnaire_TLFiCategoriesTEI#l24800"/>
                <span target="#t5908" pos="PRP:det" lemma="au" corresp="#noTS"/>
                <span target="#t5909" pos="NOM" lemma="médias" corresp="#noTS"/>
                <span target="#t5910" pos="PRP" lemma="dans" corresp="#noTS"/>
                <span target="#t5911" pos="DET:ART" lemma="le" corresp="#noTS"/>
                <span target="#t5912" pos="NOM" lemma="réussite" corresp="dictionnaire_TLFiCategoriesTEI#l65871"/>
                <span target="#t5913" pos="PRP" lemma="de" corresp="#noTS"/>
                <span target="#t5914" pos="DET:ART" lemma="le" corresp="#noTS"/>
                <span target="#t5915" pos="NOM" lemma="relation" corresp="dictionnaire_TLFiCategoriesTEI#l64730"/>
                <span target="#t5916" pos="VER:pres" lemma="être" corresp="dictionnaire_TLFiCategoriesTEI#l29037"/>
                <span target="#t5917" pos="ADV" lemma="ici" corresp="dictionnaire_TLFiCategoriesTEI#l37936"/>
                <span target="#t5918" pos="ADJ" lemma="crucial" corresp="dictionnaire_TLFiCategoriesTEI#l20472"/>
                <span target="#t5919" pos="SENT" lemma="." corresp="#noTS"/>
                <span target="#t5920" pos="PRO:DEM" lemma="ce" corresp="#noTS"/>
                <span target="#t5921" pos="ADV" lemma="est-à-dire" corresp="#noTS"/>
                <span target="#t5922" pos="PRP" lemma="dans" corresp="#noTS"/>
                <span target="#t5923" pos="DET:ART" lemma="un" corresp="#noTS"/>
                <span target="#t5924" pos="NOM" lemma="énoncé" corresp="dictionnaire_TLFiCategoriesTEI#l27509"/>
                <span target="#t5925" pos="ADV" lemma="initialement" corresp="dictionnaire_TLFiCategoriesTEI#l39946"/>
                <span target="#t5926" pos="ADJ" lemma="argumentatif" corresp="#noTS"/>
                <span target="#t5927" pos="SENT" lemma="." corresp="#noTS"/>
                <span target="#t5928" pos="NOM" lemma="p" corresp="dictionnaire_TLFiCategoriesTEI#l53378"/>
                <span target="#t5929" pos="VER:pres" lemma="désigner" corresp="dictionnaire_TLFiCategoriesTEI#l23431"/>
                <span target="#t5930" pos="DET:ART" lemma="le" corresp="#noTS"/>
                <span target="#t5931" pos="NOM" lemma="acte" corresp="dictionnaire_TLFiCategoriesTEI#l968"/>
                <span target="#t5932" pos="ADJ" lemma="discursif" corresp="dictionnaire_TLFiCategoriesTEI#l24374"/>
                <span target="#t5933" pos="VER:pper" lemma="reformuler"
                      corresp="dictionnaire_TLFiCategoriesTEI#l64421"/>
                <span target="#t5934" pos="SENT" lemma="." corresp="#noTS"/>
                <span target="#t5935" pos="PRO:PER" lemma="nous" corresp="#noTS"/>
                <span target="#t5936" pos="ADV" lemma="ne" corresp="#noTS"/>
                <span target="#t5937" pos="VER:pres" lemma="introduire"
                      corresp="dictionnaire_TLFiCategoriesTEI#l40732"/>
                <span target="#t5938" pos="ADV" lemma="plus" corresp="DicoWiktionaryCategoriesTEI#l6378 #l6379 #l6380"/>
                <span target="#t5939" pos="DET:ART" lemma="le" corresp="#noTS"/>
                <span target="#t5940" pos="ADJ" lemma="variable" corresp="dictionnaire_TLFiCategoriesTEI#l79127"/>
                <span target="#t5941" pos="NOM" lemma="q" corresp="dictionnaire_TLFiCategoriesTEI#l62048"/>
                <span target="#t5942" pos="PRP" lemma="dans" corresp="#noTS"/>
                <span target="#t5943" pos="DET:POS" lemma="notre" corresp="#noTS"/>
                <span target="#t5944" pos="NOM" lemma="analyse" corresp="dictionnaire_TLFiCategoriesTEI#l4664"/>
                <span target="#t5945" pos="KON" lemma="car" corresp="#noTS"/>
                <span target="#t5946" pos="PRO:PER" lemma="elle" corresp="#noTS"/>
                <span target="#t5947" pos="VER:pres" lemma="être" corresp="dictionnaire_TLFiCategoriesTEI#l29037"/>
                <span target="#t5948" pos="ADV" lemma="généralement" corresp="dictionnaire_TLFiCategoriesTEI#l33367"/>
                <span target="#t5949" pos="VER:pper" lemma="associer" corresp="dictionnaire_TLFiCategoriesTEI#l7525"/>
                <span target="#t5950" pos="PRP" lemma="à" corresp="#noTS"/>
                <span target="#t5951" pos="DET:ART" lemma="le" corresp="#noTS"/>
                <span target="#t5952" pos="NOM" lemma="argument" corresp="dictionnaire_TLFiCategoriesTEI#l6533"/>
                <span target="#t5953" pos="ADJ" lemma="implicite" corresp="dictionnaire_TLFiCategoriesTEI#l38566"/>
                <span target="#t5954" pos="PUN" lemma="," corresp="#noTS"/>
                <span target="#t5955" pos="ADJ" lemma="absent" corresp="dictionnaire_TLFiCategoriesTEI#l367"/>
                <span target="#t5956" pos="PRP" lemma="dans" corresp="#noTS"/>
                <span target="#t5957" pos="DET:ART" lemma="le" corresp="#noTS"/>
                <span target="#t5958" pos="NOM" lemma="énoncé" corresp="dictionnaire_TLFiCategoriesTEI#l27509"/>
                <span target="#t5959" pos="ADV" lemma="uniquement" corresp="dictionnaire_TLFiCategoriesTEI#l78573"/>
                <span target="#t5960" pos="ADJ" lemma="reformulatifs" corresp="#noTS"/>
                <span target="#t5961" pos="VER:pper" lemma="marquer" corresp="dictionnaire_TLFiCategoriesTEI#l45765"/>
                <span target="#t5962" pos="PRP" lemma="par" corresp="#noTS"/>
                <span target="#t5963" pos="PRP" lemma="de" corresp="#noTS"/>
                <span target="#t5964" pos="PRO:IND" lemma="tout" corresp="#noTS"/>
                <span target="#t5965" pos="NOM" lemma="façon" corresp="dictionnaire_TLFiCategoriesTEI#l29843"/>
                <span target="#t5966" pos="SENT" lemma="." corresp="#noTS"/>
                <span target="#t5967" pos="NOM" lemma="moeschler" corresp="#noTS"/>
                <span target="#t5968" pos="PUN" lemma="(" corresp="#noTS"/>
                <span target="#t5969" pos="NUM" lemma="1994" corresp="#noTS"/>
                <span target="#t5970" pos="PUN" lemma=":" corresp="#noTS"/>
                <span target="#t5971" pos="NUM" lemma="532" corresp="#noTS"/>
                <span target="#t5972" pos="PUN" lemma=")" corresp="#noTS"/>
                <span target="#t5973" pos="SENT" lemma="." corresp="#noTS"/>
                <span target="#t5974" pos="ADJ" lemma="c" corresp="dictionnaire_TLFiCategoriesTEI#l12533"/>
                <span target="#t5975" pos="NOM" lemma="terme" corresp="dictionnaire_TLFiCategoriesTEI#l75126"/>
                <span target="#t5976" pos="ADV" lemma="ne" corresp="#noTS"/>
                <span target="#t5977" pos="VER:pres" lemma="être" corresp="dictionnaire_TLFiCategoriesTEI#l29037"/>
                <span target="#t5978" pos="ADV" lemma="pas" corresp="dictionnaire_TLFiCategoriesTEI#l54617"/>
                <span target="#t5979" pos="PUN" lemma="," corresp="#noTS"/>
                <span target="#t5980" pos="ADV" lemma="donc" corresp="#noTS"/>
                <span target="#t5981" pos="PUN" lemma="," corresp="#noTS"/>
                <span target="#t5982" pos="ADJ" lemma="synonyme" corresp="dictionnaire_TLFiCategoriesTEI#l73848"/>
                <span target="#t5983" pos="PRP:det" lemma="du" corresp="#noTS"/>
                <span target="#t5984" pos="NOM" lemma="terme" corresp="dictionnaire_TLFiCategoriesTEI#l75126"/>
                <span target="#t5985" pos="PUN:cit" lemma="«" corresp="#noTS"/>
                <span target="#t5986" pos="ADJ" lemma="implicite" corresp="dictionnaire_TLFiCategoriesTEI#l38566"/>
                <span target="#t5987" pos="PUN:cit" lemma="«" corresp="#noTS"/>
                <span target="#t5988" pos="PRO:REL" lemma="qui" corresp="#noTS"/>
                <span target="#t5989" pos="PUN" lemma="," corresp="#noTS"/>
                <span target="#t5990" pos="PRO:PER" lemma="lui" corresp="#noTS"/>
                <span target="#t5991" pos="PUN" lemma="," corresp="#noTS"/>
                <span target="#t5992" pos="VER:pres" lemma="être" corresp="dictionnaire_TLFiCategoriesTEI#l29037"/>
                <span target="#t5993" pos="ADV" lemma="plutôt" corresp="dictionnaire_TLFiCategoriesTEI#l58374"/>
                <span target="#t5994" pos="PUN:cit" lemma="«" corresp="#noTS"/>
                <span target="#t5995" pos="NOM" lemma="contenu" corresp="dictionnaire_TLFiCategoriesTEI#l18676"/>
                <span target="#t5996" pos="PRP" lemma="dans" corresp="#noTS"/>
                <span target="#t5997" pos="DET:ART" lemma="un" corresp="#noTS"/>
                <span target="#t5998" pos="NOM" lemma="proposition" corresp="dictionnaire_TLFiCategoriesTEI#l60947"/>
                <span target="#t5999" pos="PRP" lemma="sans" corresp="#noTS"/>
                <span target="#t6000" pos="VER:infi" lemma="être" corresp="dictionnaire_TLFiCategoriesTEI#l29037"/>
                <span target="#t6001" pos="VER:pper" lemma="exprimer" corresp="dictionnaire_TLFiCategoriesTEI#l29667"/>
                <span target="#t6002" pos="PRP" lemma="en" corresp="#noTS"/>
                <span target="#t6003" pos="NOM" lemma="terme" corresp="dictionnaire_TLFiCategoriesTEI#l75126"/>
                <span target="#t6004" pos="ADJ" lemma="précis" corresp="dictionnaire_TLFiCategoriesTEI#l59980"/>
                <span target="#t6005" pos="PUN" lemma="," corresp="#noTS"/>
                <span target="#t6006" pos="ADJ" lemma="formel" corresp="dictionnaire_TLFiCategoriesTEI#l31562"/>
                <span target="#t6007" pos="PUN:cit" lemma="»" corresp="#noTS"/>
                <span target="#t6008" pos="PUN" lemma="(" corresp="#noTS"/>
                <span target="#t6009" pos="NOM" lemma="larousse" corresp="#noTS"/>
                <span target="#t6010" pos="NUM" lemma="1999" corresp="#noTS"/>
                <span target="#t6011" pos="PUN" lemma=":" corresp="#noTS"/>
                <span target="#t6012" pos="NUM" lemma="532" corresp="#noTS"/>
                <span target="#t6013" pos="PUN" lemma=")" corresp="#noTS"/>
                <span target="#t6014" pos="SENT" lemma="." corresp="#noTS"/>
                <span target="#t6015" pos="PRP" lemma="selon" corresp="#noTS"/>
                <span target="#t6016" pos="NOM" lemma="rossari" corresp="#noTS"/>
                <span target="#t6017" pos="PUN" lemma="(" corresp="#noTS"/>
                <span target="#t6018" pos="NUM" lemma="1994" corresp="#noTS"/>
                <span target="#t6019" pos="PUN" lemma=":" corresp="#noTS"/>
                <span target="#t6020" pos="NUM" lemma="67" corresp="#noTS"/>
                <span target="#t6021" pos="PUN" lemma=")" corresp="#noTS"/>
                <span target="#t6022" pos="PUN" lemma="," corresp="#noTS"/>
                <span target="#t6023" pos="PRO:PER" lemma="il" corresp="#noTS"/>
                <span target="#t6024" pos="PRO:PER" lemma="se" corresp="#noTS"/>
                <span target="#t6025" pos="VER:pres" lemma="agir" corresp="dictionnaire_TLFiCategoriesTEI#l2470"/>
                <span target="#t6026" pos="PRP:det" lemma="du" corresp="#noTS"/>
                <span target="#t6027" pos="NOM" lemma="point" corresp="dictionnaire_TLFiCategoriesTEI#l58621"/>
                <span target="#t6028" pos="ADJ" lemma="commun" corresp="dictionnaire_TLFiCategoriesTEI#l17792"/>
                <span target="#t6029" pos="ADJ" lemma="possible" corresp="dictionnaire_TLFiCategoriesTEI#l59344"/>
                <span target="#t6030" pos="PRP" lemma="entre" corresp="#noTS"/>
                <span target="#t6031" pos="DET:ART" lemma="le" corresp="#noTS"/>
                <span target="#t6032" pos="NOM" lemma="emploi" corresp="dictionnaire_TLFiCategoriesTEI#l26844"/>
                <span target="#t6033" pos="PRP:det" lemma="du" corresp="#noTS"/>
                <span target="#t6034" pos="NOM" lemma="connecteur" corresp="dictionnaire_TLFiCategoriesTEI#l18427"/>
                <span target="#t6035" pos="ADJ" lemma="reformulatif" corresp="#noTS"/>
                <span target="#t6036" pos="PRP" lemma="en" corresp="#noTS"/>
                <span target="#t6037" pos="PRO:IND" lemma="tout" corresp="#noTS"/>
                <span target="#t6038" pos="NOM" lemma="cas" corresp="dictionnaire_TLFiCategoriesTEI#l14011"/>
                <span target="#t6039" pos="KON" lemma="et" corresp="#noTS"/>
                <span target="#t6040" pos="PRO:IND" lemma="certain" corresp="#noTS"/>
                <span target="#t6041" pos="NOM" lemma="emploi" corresp="dictionnaire_TLFiCategoriesTEI#l26844"/>
                <span target="#t6042" pos="PRP" lemma="de" corresp="#noTS"/>
                <span target="#t6043" pos="PRP" lemma="de" corresp="#noTS"/>
                <span target="#t6044" pos="PRO:IND" lemma="tout" corresp="#noTS"/>
                <span target="#t6045" pos="NOM" lemma="façon" corresp="dictionnaire_TLFiCategoriesTEI#l29843"/>
                <span target="#t6046" pos="SENT" lemma="." corresp="#noTS"/>
                <span target="#t6047" pos="NOM" lemma="rossari" corresp="#noTS"/>
                <span target="#t6048" pos="PUN" lemma="(" corresp="#noTS"/>
                <span target="#t6049" pos="NUM" lemma="1994" corresp="#noTS"/>
                <span target="#t6050" pos="PUN" lemma=":" corresp="#noTS"/>
                <span target="#t6051" pos="NUM" lemma="75" corresp="#noTS"/>
                <span target="#t6052" pos="PUN" lemma=")" corresp="#noTS"/>
                <span target="#t6053" pos="SENT" lemma="." corresp="#noTS"/>
                <span target="#t6054" pos="PRP" lemma="dans" corresp="#noTS"/>
                <span target="#t6055" pos="PRO:DEM" lemma="ce" corresp="#noTS"/>
                <span target="#t6056" pos="ADJ" lemma="même" corresp="dictionnaire_TLFiCategoriesTEI#l46594"/>
                <span target="#t6057" pos="NOM" lemma="contexte" corresp="dictionnaire_TLFiCategoriesTEI#l18701"/>
                <span target="#t6058" pos="ADJ" lemma="énonciatif" corresp="dictionnaire_TLFiCategoriesTEI#l27513"/>
                <span target="#t6059" pos="ADV" lemma="tout" corresp="dictionnaire_TLFiCategoriesTEI#l76554"/>
                <span target="#t6060" pos="PRP:det" lemma="au" corresp="#noTS"/>
                <span target="#t6061" pos="ADV" lemma="moins" corresp="DicoWiktionaryCategoriesTEI#l79045"/>
                <span target="#t6062" pos="SENT" lemma="." corresp="#noTS"/>
                <span target="#t6063" pos="ADV" lemma="outre" corresp="dictionnaire_TLFiCategoriesTEI#l53192"/>
                <span target="#t6064" pos="DET:ART" lemma="le" corresp="#noTS"/>
                <span target="#t6065" pos="NOM" lemma="publicité" corresp="dictionnaire_TLFiCategoriesTEI#l61637"/>
                <span target="#t6066" pos="ADV" lemma="bien" corresp="dictionnaire_TLFiCategoriesTEI#l10128"/>
                <span target="#t6067" pos="ADJ" lemma="sûr" corresp="dictionnaire_TLFiCategoriesTEI#l73090"/>
                <span target="#t6068" pos="SENT" lemma="." corresp="#noTS"/>
                <span target="#t6069" pos="VER:infi" lemma="dire" corresp="dictionnaire_TLFiCategoriesTEI#l24284"/>
                <span target="#t6070" pos="PUN:cit" lemma="«" corresp="#noTS"/>
                <span target="#t6071" pos="PRO:PER" lemma="nous" corresp="#noTS"/>
                <span target="#t6072" pos="VER:pres" lemma="pouvoir" corresp="dictionnaire_TLFiCategoriesTEI#l59664"/>
                <span target="#t6073" pos="PUN:cit" lemma="»" corresp="#noTS"/>
                <span target="#t6074" pos="VER:pres" lemma="pouvoir" corresp="dictionnaire_TLFiCategoriesTEI#l59664"/>
                <span target="#t6075" pos="VER:infi" lemma="impliquer" corresp="dictionnaire_TLFiCategoriesTEI#l38568"/>
                <span target="#t6076" pos="ADV" lemma="aussi" corresp="DicoWiktionaryCategoriesTEI#l1466"/>
                <span target="#t6077" pos="ADV" lemma="bien" corresp="dictionnaire_TLFiCategoriesTEI#l10128"/>
                <span target="#t6078" pos="PUN:cit" lemma="«" corresp="#noTS"/>
                <span target="#t6079" pos="PRO:PER" lemma="nous" corresp="#noTS"/>
                <span target="#t6080" pos="VER:pres" lemma="faire" corresp="dictionnaire_TLFiCategoriesTEI#l29921"/>
                <span target="#t6081" pos="PUN:cit" lemma="»" corresp="#noTS"/>
                <span target="#t6082" pos="KON" lemma="que" corresp="#noTS"/>
                <span target="#t6083" pos="PUN:cit" lemma="«" corresp="#noTS"/>
                <span target="#t6084" pos="PRO:PER" lemma="nous" corresp="#noTS"/>
                <span target="#t6085" pos="ADV" lemma="ne" corresp="#noTS"/>
                <span target="#t6086" pos="VER:pres" lemma="faire" corresp="dictionnaire_TLFiCategoriesTEI#l29921"/>
                <span target="#t6087" pos="ADV" lemma="pas" corresp="dictionnaire_TLFiCategoriesTEI#l54617"/>
                <span target="#t6088" pos="PUN:cit" lemma="»" corresp="#noTS"/>
                <span target="#t6089" pos="SENT" lemma="." corresp="#noTS"/>
                <span target="#t6090" pos="PRO" lemma="qui" corresp="#noTS"/>
                <span target="#t6091" pos="VER:pres" lemma="être" corresp="dictionnaire_TLFiCategoriesTEI#l29037"/>
                <span target="#t6092" pos="PUN" lemma="," corresp="#noTS"/>
                <span target="#t6093" pos="ADV" lemma="donc" corresp="#noTS"/>
                <span target="#t6094" pos="PUN" lemma="," corresp="#noTS"/>
                <span target="#t6095" pos="ADJ" lemma="discutable" corresp="dictionnaire_TLFiCategoriesTEI#l24379"/>
                <span target="#t6096" pos="SENT" lemma="." corresp="#noTS"/>
                <span target="#t6097" pos="DET:ART" lemma="le" corresp="#noTS"/>
                <span target="#t6098" pos="NOM" lemma="énoncé" corresp="dictionnaire_TLFiCategoriesTEI#l27509"/>
                <span target="#t6099" pos="PRP" lemma="sur" corresp="#noTS"/>
                <span target="#t6100" pos="PRO:REL" lemma="lequel" corresp="#noTS"/>
                <span target="#t6101" pos="PRO:PER" lemma="il" corresp="#noTS"/>
                <span target="#t6102" pos="VER:pres" lemma="enchaîner" corresp="dictionnaire_TLFiCategoriesTEI#l27074"/>
                <span target="#t6103" pos="PUN" lemma=":" corresp="#noTS"/>
                <span target="#t6104" pos="PUN:cit" lemma="«" corresp="#noTS"/>
                <span target="#t6105" pos="DET:POS" lemma="notre" corresp="#noTS"/>
                <span target="#t6106" pos="NOM" lemma="politique"
                      corresp="dictionnaire_TLFiCategoriesTEI#l58776 #l58777"/>
                <span target="#t6107" pos="PRP" lemma="de" corresp="#noTS"/>
                <span target="#t6108" pos="NOM" lemma="prix" corresp="dictionnaire_TLFiCategoriesTEI#l60560"/>
                <span target="#t6109" pos="VER:pres" lemma="être" corresp="dictionnaire_TLFiCategoriesTEI#l29037"/>
                <span target="#t6110" pos="ADJ" lemma="déjà…" corresp="#noTS"/>
                <span target="#t6111" pos="ADV" lemma="plus" corresp="DicoWiktionaryCategoriesTEI#l6378 #l6379 #l6380"/>
                <span target="#t6112" pos="KON" lemma="que" corresp="#noTS"/>
                <span target="#t6113" pos="NUM" lemma="100" corresp="#noTS"/>
                <span target="#t6114" pos="PUN:cit" lemma="»" corresp="#noTS"/>
                <span target="#t6115" pos="KON" lemma="car" corresp="#noTS"/>
                <span target="#t6116" pos="PRO:PER" lemma="nous" corresp="#noTS"/>
                <span target="#t6117" pos="VER:pres" lemma="parler" corresp="dictionnaire_TLFiCategoriesTEI#l54448"/>
                <span target="#t6118" pos="ADV" lemma="ici" corresp="dictionnaire_TLFiCategoriesTEI#l37936"/>
                <span target="#t6119" pos="PRP" lemma="de" corresp="#noTS"/>
                <span target="#t6120" pos="NOM" lemma="énoncé" corresp="dictionnaire_TLFiCategoriesTEI#l27509"/>
                <span target="#t6121" pos="ADJ" lemma="dialogaux" corresp="#noTS"/>
                <span target="#t6122" pos="SENT" lemma="." corresp="#noTS"/>
                <span target="#t6123" pos="PRO:DEM" lemma="ce" corresp="#noTS"/>
                <span target="#t6124" pos="NOM" lemma="interlocuteur" corresp="dictionnaire_TLFiCategoriesTEI#l40514"/>
                <span target="#t6125" pos="ADV" lemma="ne" corresp="#noTS"/>
                <span target="#t6126" pos="VER:pres" lemma="être" corresp="dictionnaire_TLFiCategoriesTEI#l29037"/>
                <span target="#t6127" pos="ADV" lemma="pas" corresp="dictionnaire_TLFiCategoriesTEI#l54617"/>
                <span target="#t6128" pos="PRP" lemma="de" corresp="#noTS"/>
                <span target="#t6129" pos="NOM" lemma="accord" corresp="dictionnaire_TLFiCategoriesTEI#l1388"/>
                <span target="#t6130" pos="PRP" lemma="avec" corresp="#noTS"/>
                <span target="#t6131" pos="DET:ART" lemma="le" corresp="#noTS"/>
                <span target="#t6132" pos="NOM" lemma="implicitation" corresp="#noTS"/>
                <span target="#t6133" pos="PUN" lemma="," corresp="#noTS"/>
                <span target="#t6134" pos="DET:ART" lemma="le" corresp="#noTS"/>
                <span target="#t6135" pos="NOM" lemma="acte" corresp="dictionnaire_TLFiCategoriesTEI#l968"/>
                <span target="#t6136" pos="ADJ" lemma="illocutoire" corresp="dictionnaire_TLFiCategoriesTEI#l38172"/>
                <span target="#t6137" pos="KON" lemma="ou" corresp="#noTS"/>
                <span target="#t6138" pos="DET:ART" lemma="le" corresp="#noTS"/>
                <span target="#t6139" pos="NOM" lemma="contenu" corresp="dictionnaire_TLFiCategoriesTEI#l18676"/>
                <span target="#t6140" pos="ADJ" lemma="propositionnel" corresp="dictionnaire_TLFiCategoriesTEI#l60948"/>
                <span target="#t6141" pos="PRP" lemma="de" corresp="#noTS"/>
                <span target="#t6142" pos="NOM" lemma="p" corresp="dictionnaire_TLFiCategoriesTEI#l53378"/>
                <span target="#t6143" pos="SENT" lemma="." corresp="#noTS"/>
                <span target="#t6144" pos="NOM" lemma="m" corresp="dictionnaire_TLFiCategoriesTEI#l44523"/>
                <span target="#t6145" pos="SENT" lemma="." corresp="#noTS"/>
                <span target="#t6146" pos="NOM" lemma="schelling" corresp="DicoWiktionaryCategoriesTEI#l198544"/>
                <span target="#t6147" pos="PUN" lemma="(" corresp="#noTS"/>
                <span target="#t6148" pos="NUM" lemma="1982" corresp="#noTS"/>
                <span target="#t6149" pos="PUN" lemma=":" corresp="#noTS"/>
                <span target="#t6150" pos="NUM" lemma="97" corresp="#noTS"/>
                <span target="#t6151" pos="PUN" lemma=")" corresp="#noTS"/>
                <span target="#t6152" pos="SENT" lemma="." corresp="#noTS"/>
            </spanGrp>
            <spanGrp type="candidatsTermes">
                <interpGrp>
                    <interp xml:id="DM1">Occurrence du candidat terme validée seulement au niveau syntaxique</interp>
                    <interp xml:id="DM2">Occurrence du candidat terme validée au niveau scientifique et syntaxique
                    </interp>
                    <interp xml:id="DM3">Occurrence du candidat terme validée au niveau disciplinaire, scientifique et
                        syntaxique
                    </interp>
                    <interp xml:id="DM4">Occurrence du candidat terme validée sur tous les niveaux d'annotation. Elle
                        est validée au niveau terminologique
                    </interp>
                    <interp xml:id="DM0">Occurrence du candidat terme rejetée dès le niveau syntaxique</interp>
                </interpGrp>
                <interpGrp>
                    <interp xml:id="DAOn">Occurrence du candidat terme validée au niveau terminologique selon le système
                        de désambiguïsation utilisé
                    </interp>
                    <interp xml:id="DAOff">Occurrence du candidat terme non valide par le système de désambiguïsation
                    </interp>
                </interpGrp>
                <span target="#t6" lemma="connecteurs" corresp="#TS2.0-entry-9722-#TS1.4-entry-386124"
                      ana="#noDM #DAOn"/>
                <span target="#t15" lemma="Ducrot" corresp="#TS2.0-entry-31203-#TS1.4-entry-395608" ana="#noDM #DAOff"/>
                <span target="#t21 #t22" lemma="moyens linguistiques" corresp="#TS2.0-entry-10458-#TS1.4-entry-1613170"
                      ana="#noDM #DAOff"/>
                <span target="#t22" lemma="linguistiques" corresp="#TS2.0-entry-173-#TS1.4-entry-47530"
                      ana="#noDM #DAOn"/>
                <span target="#t26" lemma="locuteur" corresp="#TS2.0-entry-2257-#TS1.4-entry-490000" ana="#noDM #DAOn"/>
                <span target="#t30 #t31" lemma="acte discursif" corresp="#TS2.0-entry-11613-#TS1.4-entry-5680933"
                      ana="#noDM #noDA"/>
                <span target="#t31" lemma="discursif" corresp="#TS2.0-entry-2436-#TS1.4-entry-672070"
                      ana="#noDM #DAOff"/>
                <span target="#t70" lemma="énoncés" corresp="#TS2.0-entry-4057-#TS1.4-entry-840929" ana="#noDM #DAOff"/>
                <span target="#t84" lemma="connecteur" corresp="#TS2.0-entry-9722-#TS1.4-entry-386124"
                      ana="#noDM #DAOn"/>
                <span target="#t93" lemma="énoncés" corresp="#TS2.0-entry-4057-#TS1.4-entry-840929" ana="#noDM #DAOn"/>
                <span target="#t96" lemma="connecteur" corresp="#TS2.0-entry-9722-#TS1.4-entry-386124"
                      ana="#noDM #DAOn"/>
                <span target="#t278" lemma="Ducrot" corresp="#TS2.0-entry-31203-#TS1.4-entry-395608"
                      ana="#noDM #DAOff"/>
                <span target="#t363" lemma="reformulation" corresp="#TS2.0-entry-17534-#TS1.4-entry-19683"
                      ana="#noDM #DAOn"/>
                <span target="#t366" lemma="constituant" corresp="#TS2.0-entry-17383-#TS1.4-entry-422084"
                      ana="#noDM #DAOff"/>
                <span target="#t373" lemma="énoncé" corresp="#TS2.0-entry-4057-#TS1.4-entry-840929" ana="#noDM #DAOn"/>
                <span target="#t376" lemma="délimitation" corresp="#TS2.0-entry-37916-#TS1.4-entry-204770"
                      ana="#noDM #DAOff"/>
                <span target="#t380" lemma="reformulatif" corresp="#TS2.0-entry-42742-#TS1.4-entry-119227"
                      ana="#noDM #noDA"/>
                <span target="#t422" lemma="reformulation" corresp="#TS2.0-entry-17534-#TS1.4-entry-19683"
                      ana="#noDM #DAOn"/>
                <span target="#t451" lemma="énoncés" corresp="#TS2.0-entry-4057-#TS1.4-entry-840929" ana="#noDM #DAOn"/>
                <span target="#t459" lemma="argumentative" corresp="#TS2.0-entry-40157-#TS1.4-entry-48035"
                      ana="#noDM #DAOff"/>
                <span target="#t465" lemma="reformulatif" corresp="#TS2.0-entry-42742-#TS1.4-entry-119227"
                      ana="#noDM #noDA"/>
                <span target="#t475" lemma="connecteur" corresp="#TS2.0-entry-9722-#TS1.4-entry-386124"
                      ana="#noDM #noDA"/>
                <span target="#t477" lemma="connecteur" corresp="#TS2.0-entry-9722-#TS1.4-entry-386124"
                      ana="#noDM #DAOn"/>
                <span target="#t497" lemma="connecteur" corresp="#TS2.0-entry-9722-#TS1.4-entry-386124"
                      ana="#noDM #DAOn"/>
                <span target="#t499" lemma="conclusif" corresp="#TS2.0-entry-31663-#TS1.4-entry-832353"
                      ana="#noDM #DAOff"/>
                <span target="#t524" lemma="adéquate" corresp="#TS2.0-entry-3483-#TS1.4-entry-144075"
                      ana="#noDM #DAOff"/>
                <span target="#t534" lemma="Roulet" corresp="#TS2.0-entry-42756-#TS1.4-entry-151756"
                      ana="#noDM #DAOff"/>
                <span target="#t541" lemma="Rossari" corresp="#TS2.0-entry-42757-#TS1.4-entry-737262"
                      ana="#noDM #noDA"/>
                <span target="#t547" lemma="locution" corresp="#TS2.0-entry-3946-#TS1.4-entry-420897"
                      ana="#noDM #DAOn"/>
                <span target="#t553 #t554" lemma="connecteur reformulatif"
                      corresp="#TS2.0-entry-42758-#TS1.4-entry-2094017" ana="#noDM #noDA"/>
                <span target="#t553" lemma="connecteur" corresp="#TS2.0-entry-9722-#TS1.4-entry-386124"
                      ana="#noDM #DAOn"/>
                <span target="#t554" lemma="reformulatif" corresp="#TS2.0-entry-42742-#TS1.4-entry-119227"
                      ana="#noDM #noDA"/>
                <span target="#t572" lemma="reformulation" corresp="#TS2.0-entry-17534-#TS1.4-entry-19683"
                      ana="#noDM #noDA"/>
                <span target="#t576" lemma="reformulation" corresp="#TS2.0-entry-17534-#TS1.4-entry-19683"
                      ana="#noDM #DAOn"/>
                <span target="#t583" lemma="réinterprétation" corresp="#TS2.0-entry-36707" ana="#noDM #noDA"/>
                <span target="#t590" lemma="subordination" corresp="#TS2.0-entry-9807-#TS1.4-entry-188601"
                      ana="#noDM #DAOff"/>
                <span target="#t591" lemma="rétroactive" corresp="#TS2.0-entry-9950" ana="#noDM #noDA"/>
                <span target="#t594 #t595" lemma="acte discursif" corresp="#TS2.0-entry-11613-#TS1.4-entry-5680933"
                      ana="#noDM #noDA"/>
                <span target="#t595" lemma="discursif" corresp="#TS2.0-entry-2436-#TS1.4-entry-672070"
                      ana="#noDM #DAOff"/>
                <span target="#t599" lemma="implicite" corresp="#TS2.0-entry-740-#TS1.4-entry-27656"
                      ana="#noDM #DAOff"/>
                <span target="#t614" lemma="énonciative" corresp="#TS2.0-entry-2192-#TS1.4-entry-381709"
                      ana="#noDM #DAOff"/>
                <span target="#t617 #t618" lemma="connecteur reformulatif"
                      corresp="#TS2.0-entry-42758-#TS1.4-entry-2094017" ana="#noDM #noDA"/>
                <span target="#t617" lemma="connecteur" corresp="#TS2.0-entry-9722-#TS1.4-entry-386124"
                      ana="#noDM #DAOn"/>
                <span target="#t618" lemma="reformulatif" corresp="#TS2.0-entry-42742-#TS1.4-entry-119227"
                      ana="#noDM #noDA"/>
                <span target="#t644" lemma="connecteur" corresp="#TS2.0-entry-9722-#TS1.4-entry-386124"
                      ana="#noDM #DAOn"/>
                <span target="#t661" lemma="énoncé" corresp="#TS2.0-entry-4057-#TS1.4-entry-840929" ana="#noDM #DAOn"/>
                <span target="#t665 #t666" lemma="acte discursif" corresp="#TS2.0-entry-11613-#TS1.4-entry-5680933"
                      ana="#noDM #noDA"/>
                <span target="#t666" lemma="discursif" corresp="#TS2.0-entry-2436-#TS1.4-entry-672070"
                      ana="#noDM #DAOff"/>
                <span target="#t671" lemma="énoncés" corresp="#TS2.0-entry-4057-#TS1.4-entry-840929" ana="#noDM #DAOn"/>
                <span target="#t682" lemma="reformulation" corresp="#TS2.0-entry-17534-#TS1.4-entry-19683"
                      ana="#noDM #DAOn"/>
                <span target="#t705" lemma="énoncé" corresp="#TS2.0-entry-4057-#TS1.4-entry-840929" ana="#noDM #DAOn"/>
                <span target="#t711 #t712" lemma="connecteur reformulatif"
                      corresp="#TS2.0-entry-42758-#TS1.4-entry-2094017" ana="#noDM #noDA"/>
                <span target="#t711" lemma="connecteur" corresp="#TS2.0-entry-9722-#TS1.4-entry-386124"
                      ana="#noDM #DAOn"/>
                <span target="#t712" lemma="reformulatif" corresp="#TS2.0-entry-42742-#TS1.4-entry-119227"
                      ana="#noDM #noDA"/>
                <span target="#t719" lemma="énoncé" corresp="#TS2.0-entry-4057-#TS1.4-entry-840929" ana="#noDM #DAOn"/>
                <span target="#t720" lemma="argumentatif" corresp="#TS2.0-entry-31879-#TS1.4-entry-44197"
                      ana="#noDM #DAOff"/>
                <span target="#t726" lemma="connecteur" corresp="#TS2.0-entry-9722-#TS1.4-entry-386124"
                      ana="#noDM #DAOn"/>
                <span target="#t747 #t748" lemma="actes discursifs" corresp="#TS2.0-entry-11613-#TS1.4-entry-5680933"
                      ana="#noDM #noDA"/>
                <span target="#t748" lemma="discursifs" corresp="#TS2.0-entry-2436-#TS1.4-entry-672070"
                      ana="#noDM #DAOff"/>
                <span target="#t754" lemma="reformulation" corresp="#TS2.0-entry-17534-#TS1.4-entry-19683"
                      ana="#noDM #DAOn"/>
                <span target="#t761" lemma="connecteur" corresp="#TS2.0-entry-9722-#TS1.4-entry-386124"
                      ana="#noDM #DAOn"/>
                <span target="#t765" lemma="juxtaposition" corresp="#TS2.0-entry-9811-#TS1.4-entry-142068"
                      ana="#noDM #DAOn"/>
                <span target="#t773" lemma="énoncé" corresp="#TS2.0-entry-4057-#TS1.4-entry-840929" ana="#noDM #DAOn"/>
                <span target="#t837" lemma="S.V" corresp="#TS2.0-entry-42788" ana="#noDM #noDA"/>
                <span target="#t973" lemma="énonciatives" corresp="#TS2.0-entry-2192-#TS1.4-entry-381709"
                      ana="#noDM #DAOff"/>
                <span target="#t988" lemma="connecteur" corresp="#TS2.0-entry-9722-#TS1.4-entry-386124"
                      ana="#noDM #DAOn"/>
                <span target="#t996 #t997 #t998" lemma="types d'énoncés"
                      corresp="#TS2.0-entry-42800-#TS1.4-entry-5014342" ana="#noDM #DAOff"/>
                <span target="#t998" lemma="énoncés" corresp="#TS2.0-entry-4057-#TS1.4-entry-840929"
                      ana="#noDM #DAOff"/>
                <span target="#t1010" lemma="connecteur" corresp="#TS2.0-entry-9722-#TS1.4-entry-386124"
                      ana="#noDM #DAOn"/>
                <span target="#t1014" lemma="argumentative" corresp="#TS2.0-entry-40157-#TS1.4-entry-48035"
                      ana="#noDM #DAOff"/>
                <span target="#t1021" lemma="reformulatif" corresp="#TS2.0-entry-42742-#TS1.4-entry-119227"
                      ana="#noDM #noDA"/>
                <span target="#t1060 #t1061 #t1062" lemma="type d'énoncé"
                      corresp="#TS2.0-entry-42800-#TS1.4-entry-5014342" ana="#noDM #DAOff"/>
                <span target="#t1062" lemma="énoncé" corresp="#TS2.0-entry-4057-#TS1.4-entry-840929"
                      ana="#noDM #DAOff"/>
                <span target="#t1073 #t1074" lemma="sens produit" corresp="#TS2.0-entry-42807" ana="#noDM #noDA"/>
                <span target="#t1077" lemma="énoncé" corresp="#TS2.0-entry-4057-#TS1.4-entry-840929"
                      ana="#noDM #DAOff"/>
                <span target="#t1079" lemma="argumentatif" corresp="#TS2.0-entry-31879-#TS1.4-entry-44197"
                      ana="#noDM #DAOff"/>
                <span target="#t1088" lemma="énoncé" corresp="#TS2.0-entry-4057-#TS1.4-entry-840929" ana="#noDM #noDA"/>
                <span target="#t1090" lemma="argumentatif" corresp="#TS2.0-entry-31879-#TS1.4-entry-44197"
                      ana="#noDM #noDA"/>
                <span target="#t1095" lemma="énoncé" corresp="#TS2.0-entry-4057-#TS1.4-entry-840929" ana="#noDM #DAOn"/>
                <span target="#t1125 #t1126" lemma="sens produit" corresp="#TS2.0-entry-42807" ana="#noDM #noDA"/>
                <span target="#t1136" lemma="cooccurrences" corresp="#TS2.0-entry-2543-#TS1.4-entry-929881"
                      ana="#noDM #noDA"/>
                <span target="#t1139" lemma="connecteur" corresp="#TS2.0-entry-9722-#TS1.4-entry-386124"
                      ana="#noDM #DAOn"/>
                <span target="#t1214" lemma="respectives" corresp="#TS2.0-entry-13799-#TS1.4-entry-108159"
                      ana="#noDM #noDA"/>
                <span target="#t1255" lemma="locuteur" corresp="#TS2.0-entry-2257-#TS1.4-entry-490000"
                      ana="#noDM #DAOn"/>
                <span target="#t1259 #t1260 #t1261" lemma="acte de langage"
                      corresp="#TS2.0-entry-38140-#TS1.4-entry-2609944" ana="#noDM #DAOn"/>
                <span target="#t1276 #t1277" lemma="acte discursif" corresp="#TS2.0-entry-11613-#TS1.4-entry-5680933"
                      ana="#noDM #noDA"/>
                <span target="#t1277" lemma="discursif" corresp="#TS2.0-entry-2436-#TS1.4-entry-672070"
                      ana="#noDM #DAOff"/>
                <span target="#t1280" lemma="énoncé" corresp="#TS2.0-entry-4057-#TS1.4-entry-840929" ana="#noDM #DAOn"/>
                <span target="#t1285" lemma="respectives" corresp="#TS2.0-entry-13799-#TS1.4-entry-108159"
                      ana="#noDM #DAOff"/>
                <span target="#t1331" lemma="énonciative" corresp="#TS2.0-entry-2192-#TS1.4-entry-381709"
                      ana="#noDM #DAOff"/>
                <span target="#t1337 #t1338" lemma="acte discursif" corresp="#TS2.0-entry-11613-#TS1.4-entry-5680933"
                      ana="#noDM #noDA"/>
                <span target="#t1338" lemma="discursif" corresp="#TS2.0-entry-2436-#TS1.4-entry-672070"
                      ana="#noDM #DAOff"/>
                <span target="#t1346 #t1347" lemma="connecteur reformulatif"
                      corresp="#TS2.0-entry-42758-#TS1.4-entry-2094017" ana="#noDM #noDA"/>
                <span target="#t1346" lemma="connecteur" corresp="#TS2.0-entry-9722-#TS1.4-entry-386124"
                      ana="#noDM #DAOn"/>
                <span target="#t1347" lemma="reformulatif" corresp="#TS2.0-entry-42742-#TS1.4-entry-119227"
                      ana="#noDM #noDA"/>
                <span target="#t1437 #t1438" lemma="discours argumentatif" corresp="#TS2.0-entry-42831"
                      ana="#noDM #noDA"/>
                <span target="#t1438" lemma="argumentatif" corresp="#TS2.0-entry-31879-#TS1.4-entry-44197"
                      ana="#noDM #DAOff"/>
                <span target="#t1446 #t1447" lemma="connecteur reformulatif"
                      corresp="#TS2.0-entry-42758-#TS1.4-entry-2094017" ana="#noDM #noDA"/>
                <span target="#t1446" lemma="connecteur" corresp="#TS2.0-entry-9722-#TS1.4-entry-386124"
                      ana="#noDM #DAOn"/>
                <span target="#t1447" lemma="reformulatif" corresp="#TS2.0-entry-42742-#TS1.4-entry-119227"
                      ana="#noDM #noDA"/>
                <span target="#t1452" lemma="énoncé" corresp="#TS2.0-entry-4057-#TS1.4-entry-840929" ana="#noDM #DAOn"/>
                <span target="#t1490" lemma="respectives" corresp="#TS2.0-entry-13799-#TS1.4-entry-108159"
                      ana="#noDM #noDA"/>
                <span target="#t1528" lemma="locuteur" corresp="#TS2.0-entry-2257-#TS1.4-entry-490000"
                      ana="#noDM #DAOn"/>
                <span target="#t1532" lemma="topos" corresp="#TS2.0-entry-42836" ana="#noDM #noDA"/>
                <span target="#t1606" lemma="connecteur" corresp="#TS2.0-entry-9722-#TS1.4-entry-386124"
                      ana="#noDM #DAOn"/>
                <span target="#t1609" lemma="argumentatif" corresp="#TS2.0-entry-31879-#TS1.4-entry-44197"
                      ana="#noDM #DAOff"/>
                <span target="#t1617" lemma="respectives" corresp="#TS2.0-entry-13799-#TS1.4-entry-108159"
                      ana="#noDM #noDA"/>
                <span target="#t1652" lemma="enchâssement" corresp="#TS2.0-entry-42067" ana="#noDM #noDA"/>
                <span target="#t1683" lemma="invalidation" corresp="#TS2.0-entry-19976-#TS1.4-entry-567010"
                      ana="#noDM #noDA"/>
                <span target="#t1692" lemma="énonciation" corresp="#TS2.0-entry-2468-#TS1.4-entry-964434"
                      ana="#noDM #DAOn"/>
                <span target="#t1703" lemma="argumentative" corresp="#TS2.0-entry-40157-#TS1.4-entry-48035"
                      ana="#noDM #DAOff"/>
                <span target="#t1748" lemma="mass" corresp="#TS2.0-entry-35641-#TS1.4-entry-317739" ana="#noDM #noDA"/>
                <span target="#t1765" lemma="énoncé" corresp="#TS2.0-entry-4057-#TS1.4-entry-840929" ana="#noDM #DAOn"/>
                <span target="#t1784" lemma="énonciation" corresp="#TS2.0-entry-2468-#TS1.4-entry-964434"
                      ana="#noDM #DAOn"/>
                <span target="#t1791" lemma="interactive" corresp="#TS2.0-entry-18225-#TS1.4-entry-626196"
                      ana="#noDM #DAOff"/>
                <span target="#t1801" lemma="interactive" corresp="#TS2.0-entry-18225-#TS1.4-entry-626196"
                      ana="#noDM #DAOff"/>
                <span target="#t1803" lemma="reformulation" corresp="#TS2.0-entry-17534-#TS1.4-entry-19683"
                      ana="#noDM #DAOn"/>
                <span target="#t1807" lemma="invalidation" corresp="#TS2.0-entry-19976-#TS1.4-entry-567010"
                      ana="#noDM #noDA"/>
                <span target="#t1817" lemma="implicite" corresp="#TS2.0-entry-740-#TS1.4-entry-27656"
                      ana="#noDM #DAOff"/>
                <span target="#t1849" lemma="respectives" corresp="#TS2.0-entry-13799-#TS1.4-entry-108159"
                      ana="#noDM #noDA"/>
                <span target="#t1900" lemma="reformulation" corresp="#TS2.0-entry-17534-#TS1.4-entry-19683"
                      ana="#noDM #DAOn"/>
                <span target="#t1908" lemma="implicite" corresp="#TS2.0-entry-740-#TS1.4-entry-27656"
                      ana="#noDM #DAOff"/>
                <span target="#t1922" lemma="énoncé" corresp="#TS2.0-entry-4057-#TS1.4-entry-840929" ana="#noDM #DAOn"/>
                <span target="#t1937" lemma="implicite" corresp="#TS2.0-entry-740-#TS1.4-entry-27656"
                      ana="#noDM #DAOff"/>
                <span target="#t1952" lemma="argumentative" corresp="#TS2.0-entry-40157-#TS1.4-entry-48035"
                      ana="#noDM #DAOff"/>
                <span target="#t1959" lemma="interactive" corresp="#TS2.0-entry-18225-#TS1.4-entry-626196"
                      ana="#noDM #DAOff"/>
                <span target="#t1967" lemma="énoncés" corresp="#TS2.0-entry-4057-#TS1.4-entry-840929"
                      ana="#noDM #DAOn"/>
                <span target="#t2032" lemma="connecteur" corresp="#TS2.0-entry-9722-#TS1.4-entry-386124"
                      ana="#noDM #DAOn"/>
                <span target="#t2035" lemma="actualisation" corresp="#TS2.0-entry-41346-#TS1.4-entry-537137"
                      ana="#noDM #DAOff"/>
                <span target="#t2038 #t2039" lemma="dimension argumentative"
                      corresp="#TS2.0-entry-42885-#TS1.4-entry-4685575" ana="#noDM #DAOff"/>
                <span target="#t2039" lemma="argumentative" corresp="#TS2.0-entry-40157-#TS1.4-entry-48035"
                      ana="#noDM #DAOff"/>
                <span target="#t2042" lemma="énoncé" corresp="#TS2.0-entry-4057-#TS1.4-entry-840929" ana="#noDM #DAOn"/>
                <span target="#t2077" lemma="constituants" corresp="#TS2.0-entry-17383-#TS1.4-entry-422084"
                      ana="#noDM #DAOff"/>
                <span target="#t2080" lemma="énoncé" corresp="#TS2.0-entry-4057-#TS1.4-entry-840929" ana="#noDM #DAOn"/>
                <span target="#t2094" lemma="locuteur" corresp="#TS2.0-entry-2257-#TS1.4-entry-490000"
                      ana="#noDM #DAOn"/>
                <span target="#t2102" lemma="énoncé" corresp="#TS2.0-entry-4057-#TS1.4-entry-840929" ana="#noDM #DAOn"/>
                <span target="#t2115" lemma="irréfutable" corresp="#TS2.0-entry-42887" ana="#noDM #noDA"/>
                <span target="#t2124 #t2125" lemma="connecteur reformulatif"
                      corresp="#TS2.0-entry-42758-#TS1.4-entry-2094017" ana="#noDM #noDA"/>
                <span target="#t2124" lemma="connecteur" corresp="#TS2.0-entry-9722-#TS1.4-entry-386124"
                      ana="#noDM #DAOn"/>
                <span target="#t2125" lemma="reformulatif" corresp="#TS2.0-entry-42742-#TS1.4-entry-119227"
                      ana="#noDM #noDA"/>
                <span target="#t2128 #t2129 #t2130" lemma="conjonction de subordination"
                      corresp="#TS2.0-entry-28157-#TS1.4-entry-1997386" ana="#noDM #noDA"/>
                <span target="#t2130" lemma="subordination" corresp="#TS2.0-entry-9807-#TS1.4-entry-188601"
                      ana="#noDM #DAOff"/>
                <span target="#t2145" lemma="respectives" corresp="#TS2.0-entry-13799-#TS1.4-entry-108159"
                      ana="#noDM #noDA"/>
                <span target="#t2164 #t2165 #t2166 #t2167" lemma="analyse de l'énoncé" corresp="#TS2.0-entry-42889"
                      ana="#noDM #noDA"/>
                <span target="#t2167" lemma="énoncé" corresp="#TS2.0-entry-4057-#TS1.4-entry-840929"
                      ana="#noDM #DAOff"/>
                <span target="#t2186" lemma="énoncé" corresp="#TS2.0-entry-4057-#TS1.4-entry-840929" ana="#noDM #noDA"/>
                <span target="#t2188" lemma="argumentatif" corresp="#TS2.0-entry-31879-#TS1.4-entry-44197"
                      ana="#noDM #noDA"/>
                <span target="#t2206 #t2207" lemma="acte discursif" corresp="#TS2.0-entry-11613-#TS1.4-entry-5680933"
                      ana="#noDM #noDA"/>
                <span target="#t2207" lemma="discursif" corresp="#TS2.0-entry-2436-#TS1.4-entry-672070"
                      ana="#noDM #noDA"/>
                <span target="#t2221" lemma="implicite" corresp="#TS2.0-entry-740-#TS1.4-entry-27656"
                      ana="#noDM #noDA"/>
                <span target="#t2229" lemma="connecteur" corresp="#TS2.0-entry-9722-#TS1.4-entry-386124"
                      ana="#noDM #noDA"/>
                <span target="#t2235 #t2236 #t2237" lemma="type d'énoncé"
                      corresp="#TS2.0-entry-42800-#TS1.4-entry-5014342" ana="#noDM #noDA"/>
                <span target="#t2237" lemma="énoncé" corresp="#TS2.0-entry-4057-#TS1.4-entry-840929" ana="#noDM #noDA"/>
                <span target="#t2247 #t2248" lemma="actes discursifs" corresp="#TS2.0-entry-11613-#TS1.4-entry-5680933"
                      ana="#noDM #noDA"/>
                <span target="#t2248" lemma="discursifs" corresp="#TS2.0-entry-2436-#TS1.4-entry-672070"
                      ana="#noDM #noDA"/>
                <span target="#t2257" lemma="énoncé" corresp="#TS2.0-entry-4057-#TS1.4-entry-840929" ana="#noDM #noDA"/>
                <span target="#t2259" lemma="reformulatif" corresp="#TS2.0-entry-42742-#TS1.4-entry-119227"
                      ana="#noDM #noDA"/>
                <span target="#t2266" lemma="énoncés" corresp="#TS2.0-entry-4057-#TS1.4-entry-840929"
                      ana="#noDM #DAOn"/>
                <span target="#t2289" lemma="énoncés" corresp="#TS2.0-entry-4057-#TS1.4-entry-840929"
                      ana="#noDM #DAOn"/>
                <span target="#t2291" lemma="argumentatifs" corresp="#TS2.0-entry-42903-#TS1.4-entry-55291"
                      ana="#noDM #DAOff"/>
                <span target="#t2296 #t2297" lemma="connecteur reformulatif"
                      corresp="#TS2.0-entry-42758-#TS1.4-entry-2094017" ana="#noDM #noDA"/>
                <span target="#t2296" lemma="connecteur" corresp="#TS2.0-entry-9722-#TS1.4-entry-386124"
                      ana="#noDM #DAOn"/>
                <span target="#t2297" lemma="reformulatif" corresp="#TS2.0-entry-42742-#TS1.4-entry-119227"
                      ana="#noDM #noDA"/>
                <span target="#t2318" lemma="intentionnelle" corresp="#TS2.0-entry-41503-#TS1.4-entry-217276"
                      ana="#noDM #DAOff"/>
                <span target="#t2322" lemma="énoncé" corresp="#TS2.0-entry-4057-#TS1.4-entry-840929" ana="#noDM #DAOn"/>
                <span target="#t2326" lemma="argumentative" corresp="#TS2.0-entry-40157-#TS1.4-entry-48035"
                      ana="#noDM #DAOff"/>
                <span target="#t2362" lemma="reformulation" corresp="#TS2.0-entry-17534-#TS1.4-entry-19683"
                      ana="#noDM #DAOn"/>
                <span target="#t2380" lemma="acceptabilité" corresp="#TS2.0-entry-25060-#TS1.4-entry-843054"
                      ana="#noDM #DAOn"/>
                <span target="#t2383" lemma="énoncé" corresp="#TS2.0-entry-4057-#TS1.4-entry-840929"
                      ana="#noDM #DAOff"/>
                <span target="#t2396" lemma="réinterprétation" corresp="#TS2.0-entry-36707" ana="#noDM #noDA"/>
                <span target="#t2399 #t2400" lemma="acte discursif" corresp="#TS2.0-entry-11613-#TS1.4-entry-5680933"
                      ana="#noDM #noDA"/>
                <span target="#t2400" lemma="discursif" corresp="#TS2.0-entry-2436-#TS1.4-entry-672070"
                      ana="#noDM #DAOff"/>
                <span target="#t2417" lemma="invalidation" corresp="#TS2.0-entry-19976-#TS1.4-entry-567010"
                      ana="#noDM #noDA"/>
                <span target="#t2420 #t2421" lemma="acte discursif" corresp="#TS2.0-entry-11613-#TS1.4-entry-5680933"
                      ana="#noDM #noDA"/>
                <span target="#t2421" lemma="discursif" corresp="#TS2.0-entry-2436-#TS1.4-entry-672070"
                      ana="#noDM #DAOff"/>
                <span target="#t2424" lemma="énoncé" corresp="#TS2.0-entry-4057-#TS1.4-entry-840929" ana="#noDM #DAOn"/>
                <span target="#t2426" lemma="reformulatif" corresp="#TS2.0-entry-42742-#TS1.4-entry-119227"
                      ana="#noDM #noDA"/>
                <span target="#t2447" lemma="énonciation" corresp="#TS2.0-entry-2468-#TS1.4-entry-964434"
                      ana="#noDM #DAOn"/>
                <span target="#t2466" lemma="invalidation" corresp="#TS2.0-entry-19976-#TS1.4-entry-567010"
                      ana="#noDM #noDA"/>
                <span target="#t2469" lemma="implicitation" corresp="#TS2.0-entry-42918-#TS1.4-entry-138513"
                      ana="#noDM #noDA"/>
                <span target="#t2475" lemma="invalidation" corresp="#TS2.0-entry-19976-#TS1.4-entry-567010"
                      ana="#noDM #noDA"/>
                <span target="#t2478 #t2479" lemma="acte illocutoire" corresp="#TS2.0-entry-42922-#TS1.4-entry-2892414"
                      ana="#noDM #noDA"/>
                <span target="#t2479" lemma="illocutoire" corresp="#TS2.0-entry-38143-#TS1.4-entry-555526"
                      ana="#noDM #noDA"/>
                <span target="#t2485" lemma="invalidation" corresp="#TS2.0-entry-19976-#TS1.4-entry-567010"
                      ana="#noDM #noDA"/>
                <span target="#t2487 #t2488" lemma="contenu propositionnel"
                      corresp="#TS2.0-entry-25490-#TS1.4-entry-4118439" ana="#noDM #noDA"/>
                <span target="#t2488" lemma="propositionnel" corresp="#TS2.0-entry-13701-#TS1.4-entry-918914"
                      ana="#noDM #noDA"/>
                <span target="#t2495" lemma="reformulation" corresp="#TS2.0-entry-17534-#TS1.4-entry-19683"
                      ana="#noDM #noDA"/>
                <span target="#t2498" lemma="invalidation" corresp="#TS2.0-entry-19976-#TS1.4-entry-567010"
                      ana="#noDM #noDA"/>
                <span target="#t2501" lemma="implicitation" corresp="#TS2.0-entry-42918-#TS1.4-entry-138513"
                      ana="#noDM #noDA"/>
                <span target="#t2505" lemma="implicitation" corresp="#TS2.0-entry-42918-#TS1.4-entry-138513"
                      ana="#noDM #noDA"/>
                <span target="#t2521" lemma="énoncé" corresp="#TS2.0-entry-4057-#TS1.4-entry-840929" ana="#noDM #DAOn"/>
                <span target="#t2547" lemma="connecteur" corresp="#TS2.0-entry-9722-#TS1.4-entry-386124"
                      ana="#noDM #DAOn"/>
                <span target="#t2553" lemma="invalidation" corresp="#TS2.0-entry-19976-#TS1.4-entry-567010"
                      ana="#noDM #noDA"/>
                <span target="#t2579" lemma="L1" corresp="#TS2.0-entry-10354" ana="#noDM #noDA"/>
                <span target="#t2638" lemma="L2" corresp="#TS2.0-entry-10356" ana="#noDM #noDA"/>
                <span target="#t2656" lemma="L1" corresp="#TS2.0-entry-10354" ana="#noDM #noDA"/>
                <span target="#t2683" lemma="énoncé" corresp="#TS2.0-entry-4057-#TS1.4-entry-840929" ana="#noDM #DAOn"/>
                <span target="#t2697 #t2698" lemma="question posée" corresp="#TS2.0-entry-6775" ana="#noDM #noDA"/>
                <span target="#t2700" lemma="L1" corresp="#TS2.0-entry-10354" ana="#noDM #noDA"/>
                <span target="#t2707" lemma="L2" corresp="#TS2.0-entry-10356" ana="#noDM #noDA"/>
                <span target="#t2714 #t2715" lemma="acte discursif" corresp="#TS2.0-entry-11613-#TS1.4-entry-5680933"
                      ana="#noDM #noDA"/>
                <span target="#t2715" lemma="discursif" corresp="#TS2.0-entry-2436-#TS1.4-entry-672070"
                      ana="#noDM #DAOff"/>
                <span target="#t2721" lemma="reformulation" corresp="#TS2.0-entry-17534-#TS1.4-entry-19683"
                      ana="#noDM #DAOn"/>
                <span target="#t2732" lemma="énonciation" corresp="#TS2.0-entry-2468-#TS1.4-entry-964434"
                      ana="#noDM #DAOn"/>
                <span target="#t2743" lemma="implicitation" corresp="#TS2.0-entry-42918-#TS1.4-entry-138513"
                      ana="#noDM #noDA"/>
                <span target="#t2744" lemma="déductible" corresp="#TS2.0-entry-13986" ana="#noDM #noDA"/>
                <span target="#t2747" lemma="énoncé" corresp="#TS2.0-entry-4057-#TS1.4-entry-840929" ana="#noDM #DAOn"/>
                <span target="#t2776 #t2777" lemma="acte discursif" corresp="#TS2.0-entry-11613-#TS1.4-entry-5680933"
                      ana="#noDM #noDA"/>
                <span target="#t2777" lemma="discursif" corresp="#TS2.0-entry-2436-#TS1.4-entry-672070"
                      ana="#noDM #DAOff"/>
                <span target="#t2803" lemma="implicitation" corresp="#TS2.0-entry-42918-#TS1.4-entry-138513"
                      ana="#noDM #noDA"/>
                <span target="#t2826" lemma="reformulation" corresp="#TS2.0-entry-17534-#TS1.4-entry-19683"
                      ana="#noDM #DAOn"/>
                <span target="#t2840 #t2841 #t2842" lemma="réponse du candidat" corresp="#TS2.0-entry-34538"
                      ana="#noDM #noDA"/>
                <span target="#t2872 #t2873 #t2874" lemma="demande d'information" corresp="#TS2.0-entry-42944"
                      ana="#noDM #noDA"/>
                <span target="#t2878" lemma="inférence" corresp="#TS2.0-entry-742-#TS1.4-entry-812935"
                      ana="#noDM #DAOn"/>
                <span target="#t2920" lemma="reformulation" corresp="#TS2.0-entry-17534-#TS1.4-entry-19683"
                      ana="#noDM #DAOn"/>
                <span target="#t2934" lemma="énonciation" corresp="#TS2.0-entry-2468-#TS1.4-entry-964434"
                      ana="#noDM #DAOn"/>
                <span target="#t2952" lemma="implicitation" corresp="#TS2.0-entry-42918-#TS1.4-entry-138513"
                      ana="#noDM #noDA"/>
                <span target="#t2958" lemma="énonciation" corresp="#TS2.0-entry-2468-#TS1.4-entry-964434"
                      ana="#noDM #DAOn"/>
                <span target="#t2966" lemma="informatif" corresp="#TS2.0-entry-9908-#TS1.4-entry-863627"
                      ana="#noDM #DAOff"/>
                <span target="#t2986" lemma="connecteur" corresp="#TS2.0-entry-9722-#TS1.4-entry-386124"
                      ana="#noDM #DAOn"/>
                <span target="#t2992" lemma="connecteur" corresp="#TS2.0-entry-9722-#TS1.4-entry-386124"
                      ana="#noDM #DAOn"/>
                <span target="#t3012 #t3013" lemma="connecteur reformulatif"
                      corresp="#TS2.0-entry-42758-#TS1.4-entry-2094017" ana="#noDM #noDA"/>
                <span target="#t3012" lemma="connecteur" corresp="#TS2.0-entry-9722-#TS1.4-entry-386124"
                      ana="#noDM #DAOn"/>
                <span target="#t3013" lemma="reformulatif" corresp="#TS2.0-entry-42742-#TS1.4-entry-119227"
                      ana="#noDM #noDA"/>
                <span target="#t3030 #t3031 #t3032" lemma="différence de sens" corresp="#TS2.0-entry-36031"
                      ana="#noDM #noDA"/>
                <span target="#t3080 #t3081" lemma="sens produit" corresp="#TS2.0-entry-42807" ana="#noDM #noDA"/>
                <span target="#t3098" lemma="énonciation" corresp="#TS2.0-entry-2468-#TS1.4-entry-964434"
                      ana="#noDM #DAOn"/>
                <span target="#t3101 #t3102" lemma="acte discursif" corresp="#TS2.0-entry-11613-#TS1.4-entry-5680933"
                      ana="#noDM #noDA"/>
                <span target="#t3102" lemma="discursif" corresp="#TS2.0-entry-2436-#TS1.4-entry-672070"
                      ana="#noDM #DAOff"/>
                <span target="#t3110" lemma="connecteur" corresp="#TS2.0-entry-9722-#TS1.4-entry-386124"
                      ana="#noDM #DAOn"/>
                <span target="#t3114" lemma="locuteur" corresp="#TS2.0-entry-2257-#TS1.4-entry-490000"
                      ana="#noDM #DAOn"/>
                <span target="#t3133" lemma="reformulation" corresp="#TS2.0-entry-17534-#TS1.4-entry-19683"
                      ana="#noDM #DAOn"/>
                <span target="#t3134" lemma="inhérente" corresp="#TS2.0-entry-3539-#TS1.4-entry-810718"
                      ana="#noDM #DAOff"/>
                <span target="#t3168" lemma="énonciation" corresp="#TS2.0-entry-2468-#TS1.4-entry-964434"
                      ana="#noDM #DAOn"/>
                <span target="#t3189" lemma="énoncé" corresp="#TS2.0-entry-4057-#TS1.4-entry-840929" ana="#noDM #DAOn"/>
                <span target="#t3198 #t3199" lemma="contenu propositionnel"
                      corresp="#TS2.0-entry-25490-#TS1.4-entry-4118439" ana="#noDM #DAOn"/>
                <span target="#t3199" lemma="propositionnel" corresp="#TS2.0-entry-13701-#TS1.4-entry-918914"
                      ana="#noDM #DAOff"/>
                <span target="#t3203" lemma="implicitation" corresp="#TS2.0-entry-42918-#TS1.4-entry-138513"
                      ana="#noDM #noDA"/>
                <span target="#t3209" lemma="locuteur" corresp="#TS2.0-entry-2257-#TS1.4-entry-490000"
                      ana="#noDM #DAOn"/>
                <span target="#t3236" lemma="reformulation" corresp="#TS2.0-entry-17534-#TS1.4-entry-19683"
                      ana="#noDM #DAOn"/>
                <span target="#t3249" lemma="implicitation" corresp="#TS2.0-entry-42918-#TS1.4-entry-138513"
                      ana="#noDM #noDA"/>
                <span target="#t3256" lemma="invalidation" corresp="#TS2.0-entry-19976-#TS1.4-entry-567010"
                      ana="#noDM #noDA"/>
                <span target="#t3263" lemma="connecteurs" corresp="#TS2.0-entry-9722-#TS1.4-entry-386124"
                      ana="#noDM #DAOn"/>
                <span target="#t3288" lemma="parfaits" corresp="#TS2.0-entry-42962-#TS1.4-entry-539928"
                      ana="#noDM #DAOff"/>
                <span target="#t3294" lemma="reformulation" corresp="#TS2.0-entry-17534-#TS1.4-entry-19683"
                      ana="#noDM #noDA"/>
                <span target="#t3297" lemma="invalidation" corresp="#TS2.0-entry-19976-#TS1.4-entry-567010"
                      ana="#noDM #noDA"/>
                <span target="#t3300 #t3301" lemma="acte illocutoire" corresp="#TS2.0-entry-42922-#TS1.4-entry-2892414"
                      ana="#noDM #noDA"/>
                <span target="#t3301" lemma="illocutoire" corresp="#TS2.0-entry-38143-#TS1.4-entry-555526"
                      ana="#noDM #noDA"/>
                <span target="#t3306" lemma="énoncé" corresp="#TS2.0-entry-4057-#TS1.4-entry-840929" ana="#noDM #DAOn"/>
                <span target="#t3324" lemma="L1" corresp="#TS2.0-entry-10354" ana="#noDM #noDA"/>
                <span target="#t3347" lemma="L2" corresp="#TS2.0-entry-10356" ana="#noDM #noDA"/>
                <span target="#t3378" lemma="L1" corresp="#TS2.0-entry-10354" ana="#noDM #noDA"/>
                <span target="#t3395" lemma="énoncé" corresp="#TS2.0-entry-4057-#TS1.4-entry-840929" ana="#noDM #DAOn"/>
                <span target="#t3398 #t3399" lemma="acte discursif" corresp="#TS2.0-entry-11613-#TS1.4-entry-5680933"
                      ana="#noDM #noDA"/>
                <span target="#t3399" lemma="discursif" corresp="#TS2.0-entry-2436-#TS1.4-entry-672070"
                      ana="#noDM #DAOff"/>
                <span target="#t3418" lemma="reformulation" corresp="#TS2.0-entry-17534-#TS1.4-entry-19683"
                      ana="#noDM #DAOn"/>
                <span target="#t3420 #t3421" lemma="actes discursifs" corresp="#TS2.0-entry-11613-#TS1.4-entry-5680933"
                      ana="#noDM #noDA"/>
                <span target="#t3421" lemma="discursifs" corresp="#TS2.0-entry-2436-#TS1.4-entry-672070"
                      ana="#noDM #DAOff"/>
                <span target="#t3429" lemma="L1" corresp="#TS2.0-entry-10354" ana="#noDM #noDA"/>
                <span target="#t3434" lemma="L2" corresp="#TS2.0-entry-10356" ana="#noDM #noDA"/>
                <span target="#t3437" lemma="reformulation" corresp="#TS2.0-entry-17534-#TS1.4-entry-19683"
                      ana="#noDM #DAOn"/>
                <span target="#t3440 #t3441" lemma="actes illocutoires"
                      corresp="#TS2.0-entry-42922-#TS1.4-entry-2892414" ana="#noDM #noDA"/>
                <span target="#t3441" lemma="illocutoires" corresp="#TS2.0-entry-38143-#TS1.4-entry-555526"
                      ana="#noDM #noDA"/>
                <span target="#t3453" lemma="énonciation" corresp="#TS2.0-entry-2468-#TS1.4-entry-964434"
                      ana="#noDM #DAOn"/>
                <span target="#t3471" lemma="locuteur" corresp="#TS2.0-entry-2257-#TS1.4-entry-490000"
                      ana="#noDM #DAOn"/>
                <span target="#t3484" lemma="argumentative" corresp="#TS2.0-entry-40157-#TS1.4-entry-48035"
                      ana="#noDM #DAOff"/>
                <span target="#t3487" lemma="L2" corresp="#TS2.0-entry-10356" ana="#noDM #noDA"/>
                <span target="#t3494 #t3495" lemma="actes discursifs" corresp="#TS2.0-entry-11613-#TS1.4-entry-5680933"
                      ana="#noDM #noDA"/>
                <span target="#t3495" lemma="discursifs" corresp="#TS2.0-entry-2436-#TS1.4-entry-672070"
                      ana="#noDM #DAOff"/>
                <span target="#t3511" lemma="énoncé" corresp="#TS2.0-entry-4057-#TS1.4-entry-840929" ana="#noDM #DAOn"/>
                <span target="#t3519" lemma="locuteur" corresp="#TS2.0-entry-2257-#TS1.4-entry-490000"
                      ana="#noDM #DAOn"/>
                <span target="#t3520" lemma="L1" corresp="#TS2.0-entry-10391" ana="#noDM #noDA"/>
                <span target="#t3528" lemma="L2" corresp="#TS2.0-entry-10356" ana="#noDM #noDA"/>
                <span target="#t3548" lemma="L2" corresp="#TS2.0-entry-10356" ana="#noDM #noDA"/>
                <span target="#t3563" lemma="énoncé" corresp="#TS2.0-entry-4057-#TS1.4-entry-840929" ana="#noDM #DAOn"/>
                <span target="#t3571" lemma="connecteur" corresp="#TS2.0-entry-9722-#TS1.4-entry-386124"
                      ana="#noDM #DAOn"/>
                <span target="#t3606 #t3607" lemma="acte illocutoire" corresp="#TS2.0-entry-42922-#TS1.4-entry-2892414"
                      ana="#noDM #noDA"/>
                <span target="#t3607" lemma="illocutoire" corresp="#TS2.0-entry-38143-#TS1.4-entry-555526"
                      ana="#noDM #noDA"/>
                <span target="#t3610 #t3611" lemma="énoncé antérieur" corresp="#TS2.0-entry-42982" ana="#noDM #noDA"/>
                <span target="#t3610" lemma="énoncé" corresp="#TS2.0-entry-4057-#TS1.4-entry-840929" ana="#noDM #DAOn"/>
                <span target="#t3616" lemma="L1" corresp="#TS2.0-entry-10354" ana="#noDM #noDA"/>
                <span target="#t3624" lemma="L2" corresp="#TS2.0-entry-10356" ana="#noDM #noDA"/>
                <span target="#t3637" lemma="L1" corresp="#TS2.0-entry-10354" ana="#noDM #noDA"/>
                <span target="#t3663" lemma="énoncé" corresp="#TS2.0-entry-4057-#TS1.4-entry-840929" ana="#noDM #DAOn"/>
                <span target="#t3691" lemma="L1" corresp="#TS2.0-entry-10354" ana="#noDM #noDA"/>
                <span target="#t3702" lemma="argumentative" corresp="#TS2.0-entry-40157-#TS1.4-entry-48035"
                      ana="#noDM #DAOff"/>
                <span target="#t3705" lemma="L2" corresp="#TS2.0-entry-10356" ana="#noDM #noDA"/>
                <span target="#t3717" lemma="locuteur" corresp="#TS2.0-entry-2257-#TS1.4-entry-490000"
                      ana="#noDM #DAOn"/>
                <span target="#t3721" lemma="énoncé" corresp="#TS2.0-entry-4057-#TS1.4-entry-840929" ana="#noDM #DAOn"/>
                <span target="#t3764" lemma="invalidation" corresp="#TS2.0-entry-19976-#TS1.4-entry-567010"
                      ana="#noDM #noDA"/>
                <span target="#t3767 #t3768" lemma="acte illocutoire" corresp="#TS2.0-entry-42922-#TS1.4-entry-2892414"
                      ana="#noDM #noDA"/>
                <span target="#t3768" lemma="illocutoire" corresp="#TS2.0-entry-38143-#TS1.4-entry-555526"
                      ana="#noDM #noDA"/>
                <span target="#t3774" lemma="implicitation" corresp="#TS2.0-entry-42918-#TS1.4-entry-138513"
                      ana="#noDM #noDA"/>
                <span target="#t3779" lemma="L2" corresp="#TS2.0-entry-10356" ana="#noDM #noDA"/>
                <span target="#t3795" lemma="reformulation" corresp="#TS2.0-entry-17534-#TS1.4-entry-19683"
                      ana="#noDM #noDA"/>
                <span target="#t3798" lemma="invalidation" corresp="#TS2.0-entry-19976-#TS1.4-entry-567010"
                      ana="#noDM #noDA"/>
                <span target="#t3800 #t3801" lemma="contenu propositionnel"
                      corresp="#TS2.0-entry-25490-#TS1.4-entry-4118439" ana="#noDM #noDA"/>
                <span target="#t3801" lemma="propositionnel" corresp="#TS2.0-entry-13701-#TS1.4-entry-918914"
                      ana="#noDM #noDA"/>
                <span target="#t3817" lemma="énonciation" corresp="#TS2.0-entry-2468-#TS1.4-entry-964434"
                      ana="#noDM #DAOn"/>
                <span target="#t3820 #t3821" lemma="acte discursif" corresp="#TS2.0-entry-11613-#TS1.4-entry-5680933"
                      ana="#noDM #noDA"/>
                <span target="#t3821" lemma="discursif" corresp="#TS2.0-entry-2436-#TS1.4-entry-672070"
                      ana="#noDM #DAOff"/>
                <span target="#t3834 #t3835" lemma="cas présent" corresp="#TS2.0-entry-35364" ana="#noDM #noDA"/>
                <span target="#t3846" lemma="invalidation" corresp="#TS2.0-entry-19976-#TS1.4-entry-567010"
                      ana="#noDM #noDA"/>
                <span target="#t3849" lemma="implicitation" corresp="#TS2.0-entry-42918-#TS1.4-entry-138513"
                      ana="#noDM #noDA"/>
                <span target="#t3857 #t3858" lemma="acte illocutoire" corresp="#TS2.0-entry-42922-#TS1.4-entry-2892414"
                      ana="#noDM #noDA"/>
                <span target="#t3858" lemma="illocutoire" corresp="#TS2.0-entry-38143-#TS1.4-entry-555526"
                      ana="#noDM #noDA"/>
                <span target="#t3871 #t3872 #t3873" lemma="mise en question" corresp="#TS2.0-entry-19256"
                      ana="#noDM #noDA"/>
                <span target="#t3913" lemma="Intel" corresp="#TS2.0-entry-43005-#TS1.4-entry-490590" ana="#noDM #noDA"/>
                <span target="#t3929 #t3930 #t3931" lemma="capacité à construire" corresp="#TS2.0-entry-16649"
                      ana="#noDM #noDA"/>
                <span target="#t4033" lemma="énoncés" corresp="#TS2.0-entry-4057-#TS1.4-entry-840929"
                      ana="#noDM #DAOn"/>
                <span target="#t4041 #t4042" lemma="connecteur reformulatif"
                      corresp="#TS2.0-entry-42758-#TS1.4-entry-2094017" ana="#noDM #noDA"/>
                <span target="#t4041" lemma="connecteur" corresp="#TS2.0-entry-9722-#TS1.4-entry-386124"
                      ana="#noDM #DAOn"/>
                <span target="#t4042" lemma="reformulatif" corresp="#TS2.0-entry-42742-#TS1.4-entry-119227"
                      ana="#noDM #noDA"/>
                <span target="#t4071" lemma="énonciation" corresp="#TS2.0-entry-2468-#TS1.4-entry-964434"
                      ana="#noDM #DAOn"/>
                <span target="#t4078" lemma="tirade" corresp="#TS2.0-entry-43016" ana="#noDM #noDA"/>
                <span target="#t4099 #t4100" lemma="contenu propositionnel"
                      corresp="#TS2.0-entry-25490-#TS1.4-entry-4118439" ana="#noDM #DAOn"/>
                <span target="#t4100" lemma="propositionnel" corresp="#TS2.0-entry-13701-#TS1.4-entry-918914"
                      ana="#noDM #DAOff"/>
                <span target="#t4103" lemma="énoncé" corresp="#TS2.0-entry-4057-#TS1.4-entry-840929" ana="#noDM #DAOn"/>
                <span target="#t4114" lemma="argumentatives" corresp="#TS2.0-entry-39393-#TS1.4-entry-26247"
                      ana="#noDM #DAOff"/>
                <span target="#t4121 #t4122" lemma="actes discursifs" corresp="#TS2.0-entry-11613-#TS1.4-entry-5680933"
                      ana="#noDM #noDA"/>
                <span target="#t4122" lemma="discursifs" corresp="#TS2.0-entry-2436-#TS1.4-entry-672070"
                      ana="#noDM #DAOff"/>
                <span target="#t4126" lemma="linéaire" corresp="#TS2.0-entry-3458-#TS1.4-entry-716914"
                      ana="#noDM #DAOff"/>
                <span target="#t4130" lemma="constituantes" corresp="#TS2.0-entry-5893-#TS1.4-entry-422084"
                      ana="#noDM #DAOn"/>
                <span target="#t4137 #t4138" lemma="séquence discursive" corresp="#TS2.0-entry-43022"
                      ana="#noDM #noDA"/>
                <span target="#t4138" lemma="discursive" corresp="#TS2.0-entry-2436-#TS1.4-entry-672070"
                      ana="#noDM #DAOff"/>
                <span target="#t4147" lemma="Intel" corresp="#TS2.0-entry-43005-#TS1.4-entry-490590" ana="#noDM #noDA"/>
                <span target="#t4167" lemma="modalisation" corresp="#TS2.0-entry-7946-#TS1.4-entry-776186"
                      ana="#noDM #DAOn"/>
                <span target="#t4173" lemma="verbale" corresp="#TS2.0-entry-3982-#TS1.4-entry-13334"
                      ana="#noDM #DAOff"/>
                <span target="#t4220 #t4221 #t4222" lemma="capacité à construire" corresp="#TS2.0-entry-16649"
                      ana="#noDM #noDA"/>
                <span target="#t4317" lemma="irréelle" corresp="#TS2.0-entry-43029" ana="#noDM #noDA"/>
                <span target="#t4420" lemma="prémisses" corresp="#TS2.0-entry-19165-#TS1.4-entry-530851"
                      ana="#noDM #DAOff"/>
                <span target="#t4423" lemma="topos" corresp="#TS2.0-entry-42836" ana="#noDM #noDA"/>
                <span target="#t4434 #t4435 #t4436" lemma="rapports de cause" corresp="#TS2.0-entry-10237"
                      ana="#noDM #noDA"/>
                <span target="#t4446" lemma="adverbe" corresp="#TS2.0-entry-1661-#TS1.4-entry-30946" ana="#noDM #DAOn"/>
                <span target="#t4464" lemma="irréfutables" corresp="#TS2.0-entry-42887" ana="#noDM #noDA"/>
                <span target="#t4469 #t4470" lemma="séquence discursive" corresp="#TS2.0-entry-43022"
                      ana="#noDM #noDA"/>
                <span target="#t4470" lemma="discursive" corresp="#TS2.0-entry-2436-#TS1.4-entry-672070"
                      ana="#noDM #DAOff"/>
                <span target="#t4489" lemma="connecteur" corresp="#TS2.0-entry-9722-#TS1.4-entry-386124"
                      ana="#noDM #DAOn"/>
                <span target="#t4498" lemma="incise" corresp="#TS2.0-entry-40251" ana="#noDM #noDA"/>
                <span target="#t4501" lemma="apposition" corresp="#TS2.0-entry-28041-#TS1.4-entry-1000101"
                      ana="#noDM #DAOn"/>
                <span target="#t4549" lemma="reformulation" corresp="#TS2.0-entry-17534-#TS1.4-entry-19683"
                      ana="#noDM #DAOn"/>
                <span target="#t4553" lemma="connecteur" corresp="#TS2.0-entry-9722-#TS1.4-entry-386124"
                      ana="#noDM #DAOn"/>
                <span target="#t4598" lemma="énoncé" corresp="#TS2.0-entry-4057-#TS1.4-entry-840929"
                      ana="#noDM #DAOff"/>
                <span target="#t4612" lemma="Intel" corresp="#TS2.0-entry-43005-#TS1.4-entry-490590" ana="#noDM #noDA"/>
                <span target="#t4639" lemma="énoncé" corresp="#TS2.0-entry-4057-#TS1.4-entry-840929" ana="#noDM #DAOn"/>
                <span target="#t4644" lemma="connecteur" corresp="#TS2.0-entry-9722-#TS1.4-entry-386124"
                      ana="#noDM #DAOn"/>
                <span target="#t4671" lemma="accessibilité" corresp="#TS2.0-entry-43050-#TS1.4-entry-226196"
                      ana="#noDM #DAOn"/>
                <span target="#t4676" lemma="Intel" corresp="#TS2.0-entry-43005-#TS1.4-entry-490590" ana="#noDM #noDA"/>
                <span target="#t4680" lemma="rectification" corresp="#TS2.0-entry-43053" ana="#noDM #noDA"/>
                <span target="#t4711" lemma="exactitude" corresp="#TS2.0-entry-24793-#TS1.4-entry-435301"
                      ana="#noDM #DAOff"/>
                <span target="#t4752 #t4753" lemma="informations données" corresp="#TS2.0-entry-43057"
                      ana="#noDM #noDA"/>
                <span target="#t4788 #t4789 #t4790" lemma="rapport de cause" corresp="#TS2.0-entry-10237"
                      ana="#noDM #noDA"/>
                <span target="#t4815 #t4816" lemma="contenu propositionnel"
                      corresp="#TS2.0-entry-25490-#TS1.4-entry-4118439" ana="#noDM #DAOn"/>
                <span target="#t4816" lemma="propositionnel" corresp="#TS2.0-entry-13701-#TS1.4-entry-918914"
                      ana="#noDM #DAOff"/>
                <span target="#t4841" lemma="Intel" corresp="#TS2.0-entry-43005-#TS1.4-entry-490590" ana="#noDM #noDA"/>
                <span target="#t4860" lemma="énoncés" corresp="#TS2.0-entry-4057-#TS1.4-entry-840929"
                      ana="#noDM #DAOn"/>
                <span target="#t4879" lemma="énonciation" corresp="#TS2.0-entry-2468-#TS1.4-entry-964434"
                      ana="#noDM #DAOn"/>
                <span target="#t4882 #t4883" lemma="acte discursif" corresp="#TS2.0-entry-11613-#TS1.4-entry-5680933"
                      ana="#noDM #noDA"/>
                <span target="#t4883" lemma="discursif" corresp="#TS2.0-entry-2436-#TS1.4-entry-672070"
                      ana="#noDM #DAOff"/>
                <span target="#t4901" lemma="invalidation" corresp="#TS2.0-entry-19976-#TS1.4-entry-567010"
                      ana="#noDM #noDA"/>
                <span target="#t4909" lemma="implicitation" corresp="#TS2.0-entry-42918-#TS1.4-entry-138513"
                      ana="#noDM #noDA"/>
                <span target="#t4912 #t4913" lemma="acte illocutoire" corresp="#TS2.0-entry-42922-#TS1.4-entry-2892414"
                      ana="#noDM #noDA"/>
                <span target="#t4913" lemma="illocutoire" corresp="#TS2.0-entry-38143-#TS1.4-entry-555526"
                      ana="#noDM #noDA"/>
                <span target="#t4916 #t4917" lemma="contenu propositionnel"
                      corresp="#TS2.0-entry-25490-#TS1.4-entry-4118439" ana="#noDM #DAOn"/>
                <span target="#t4917" lemma="propositionnel" corresp="#TS2.0-entry-13701-#TS1.4-entry-918914"
                      ana="#noDM #DAOff"/>
                <span target="#t4924" lemma="connecteur" corresp="#TS2.0-entry-9722-#TS1.4-entry-386124"
                      ana="#noDM #DAOn"/>
                <span target="#t4934" lemma="énoncés" corresp="#TS2.0-entry-4057-#TS1.4-entry-840929"
                      ana="#noDM #DAOn"/>
                <span target="#t4948" lemma="cooccurrences" corresp="#TS2.0-entry-2543-#TS1.4-entry-929881"
                      ana="#noDM #noDA"/>
                <span target="#t4953" lemma="énoncés" corresp="#TS2.0-entry-4057-#TS1.4-entry-840929"
                      ana="#noDM #DAOn"/>
                <span target="#t4992" lemma="implicite" corresp="#TS2.0-entry-740-#TS1.4-entry-27656"
                      ana="#noDM #DAOff"/>
                <span target="#t5005 #t5006" lemma="acte discursif" corresp="#TS2.0-entry-11613-#TS1.4-entry-5680933"
                      ana="#noDM #noDA"/>
                <span target="#t5006" lemma="discursif" corresp="#TS2.0-entry-2436-#TS1.4-entry-672070"
                      ana="#noDM #DAOff"/>
                <span target="#t5012" lemma="reformulation" corresp="#TS2.0-entry-17534-#TS1.4-entry-19683"
                      ana="#noDM #DAOn"/>
                <span target="#t5027" lemma="cooccurrences" corresp="#TS2.0-entry-2543-#TS1.4-entry-929881"
                      ana="#noDM #noDA"/>
                <span target="#t5029" lemma="connecteur" corresp="#TS2.0-entry-9722-#TS1.4-entry-386124"
                      ana="#noDM #DAOn"/>
                <span target="#t5070" lemma="énonciation" corresp="#TS2.0-entry-2468-#TS1.4-entry-964434"
                      ana="#noDM #DAOn"/>
                <span target="#t5077 #t5078 #t5079 #t5080" lemma="point de vue fonctionnel" corresp="#TS2.0-entry-43084"
                      ana="#noDM #noDA"/>
                <span target="#t5079 #t5080" lemma="vue fonctionnel" corresp="#TS2.0-entry-43083" ana="#noDM #noDA"/>
                <span target="#t5086" lemma="énoncé" corresp="#TS2.0-entry-4057-#TS1.4-entry-840929" ana="#noDM #DAOn"/>
                <span target="#t5094" lemma="reformulation" corresp="#TS2.0-entry-17534-#TS1.4-entry-19683"
                      ana="#noDM #DAOn"/>
                <span target="#t5104" lemma="intentionnelle" corresp="#TS2.0-entry-41503-#TS1.4-entry-217276"
                      ana="#noDM #DAOff"/>
                <span target="#t5109" lemma="énoncé" corresp="#TS2.0-entry-4057-#TS1.4-entry-840929" ana="#noDM #DAOn"/>
                <span target="#t5116 #t5117" lemma="acte discursif" corresp="#TS2.0-entry-11613-#TS1.4-entry-5680933"
                      ana="#noDM #noDA"/>
                <span target="#t5117" lemma="discursif" corresp="#TS2.0-entry-2436-#TS1.4-entry-672070"
                      ana="#noDM #DAOff"/>
                <span target="#t5143" lemma="locuteur" corresp="#TS2.0-entry-2257-#TS1.4-entry-490000"
                      ana="#noDM #DAOn"/>
                <span target="#t5180" lemma="énoncés" corresp="#TS2.0-entry-4057-#TS1.4-entry-840929"
                      ana="#noDM #DAOff"/>
                <span target="#t5277" lemma="énoncé" corresp="#TS2.0-entry-4057-#TS1.4-entry-840929" ana="#noDM #DAOn"/>
                <span target="#t5300" lemma="interviewer" corresp="#TS2.0-entry-33150" ana="#noDM #noDA"/>
                <span target="#t5319" lemma="énoncé" corresp="#TS2.0-entry-4057-#TS1.4-entry-840929" ana="#noDM #DAOn"/>
                <span target="#t5346" lemma="énoncé" corresp="#TS2.0-entry-4057-#TS1.4-entry-840929" ana="#noDM #DAOn"/>
                <span target="#t5359" lemma="connecteur" corresp="#TS2.0-entry-9722-#TS1.4-entry-386124"
                      ana="#noDM #DAOn"/>
                <span target="#t5369" lemma="morphème" corresp="#TS2.0-entry-10075-#TS1.4-entry-221744"
                      ana="#noDM #DAOff"/>
                <span target="#t5386" lemma="énoncé" corresp="#TS2.0-entry-4057-#TS1.4-entry-840929" ana="#noDM #DAOn"/>
                <span target="#t5388" lemma="argumentatif" corresp="#TS2.0-entry-31879-#TS1.4-entry-44197"
                      ana="#noDM #DAOff"/>
                <span target="#t5399" lemma="énoncé" corresp="#TS2.0-entry-4057-#TS1.4-entry-840929" ana="#noDM #DAOn"/>
                <span target="#t5401" lemma="reformulatif" corresp="#TS2.0-entry-42742-#TS1.4-entry-119227"
                      ana="#noDM #noDA"/>
                <span target="#t5411" lemma="ambivalent" corresp="#TS2.0-entry-9380-#TS1.4-entry-343265"
                      ana="#noDM #noDA"/>
                <span target="#t5425" lemma="énoncé" corresp="#TS2.0-entry-4057-#TS1.4-entry-840929" ana="#noDM #DAOn"/>
                <span target="#t5457" lemma="reformulatif" corresp="#TS2.0-entry-42742-#TS1.4-entry-119227"
                      ana="#noDM #noDA"/>
                <span target="#t5462" lemma="reformulatif" corresp="#TS2.0-entry-42742-#TS1.4-entry-119227"
                      ana="#noDM #noDA"/>
                <span target="#t5470" lemma="énoncés" corresp="#TS2.0-entry-4057-#TS1.4-entry-840929"
                      ana="#noDM #DAOn"/>
                <span target="#t5485" lemma="reformulation" corresp="#TS2.0-entry-17534-#TS1.4-entry-19683"
                      ana="#noDM #DAOn"/>
                <span target="#t5504 #t5505" lemma="acte illocutoire" corresp="#TS2.0-entry-42922-#TS1.4-entry-2892414"
                      ana="#noDM #noDA"/>
                <span target="#t5505" lemma="illocutoire" corresp="#TS2.0-entry-38143-#TS1.4-entry-555526"
                      ana="#noDM #noDA"/>
                <span target="#t5508 #t5509" lemma="contenu propositionnel"
                      corresp="#TS2.0-entry-25490-#TS1.4-entry-4118439" ana="#noDM #DAOn"/>
                <span target="#t5509" lemma="propositionnel" corresp="#TS2.0-entry-13701-#TS1.4-entry-918914"
                      ana="#noDM #DAOff"/>
                <span target="#t5512" lemma="implicitation" corresp="#TS2.0-entry-42918-#TS1.4-entry-138513"
                      ana="#noDM #noDA"/>
                <span target="#t5522" lemma="conclusif" corresp="#TS2.0-entry-31663-#TS1.4-entry-832353"
                      ana="#noDM #DAOff"/>
                <span target="#t5546" lemma="Roulet" corresp="#TS2.0-entry-42756-#TS1.4-entry-151756"
                      ana="#noDM #DAOff"/>
                <span target="#t5561" lemma="Roulet" corresp="#TS2.0-entry-42756-#TS1.4-entry-151756"
                      ana="#noDM #DAOff"/>
                <span target="#t5567" lemma="connecteurs" corresp="#TS2.0-entry-9722-#TS1.4-entry-386124"
                      ana="#noDM #DAOn"/>
                <span target="#t5583" lemma="énoncé" corresp="#TS2.0-entry-4057-#TS1.4-entry-840929" ana="#noDM #DAOn"/>
                <span target="#t5588" lemma="illocutoire" corresp="#TS2.0-entry-38143-#TS1.4-entry-555526"
                      ana="#noDM #noDA"/>
                <span target="#t5591 #t5592 #t5593" lemma="acte de discours"
                      corresp="#TS2.0-entry-41562-#TS1.4-entry-5507440" ana="#noDM #DAOn"/>
                <span target="#t5601" lemma="subordonné" corresp="#TS2.0-entry-9860-#TS1.4-entry-586982"
                      ana="#noDM #DAOff"/>
                <span target="#t5607" lemma="Rossari" corresp="#TS2.0-entry-42757-#TS1.4-entry-737262"
                      ana="#noDM #noDA"/>
                <span target="#t5622" lemma="abstraites" corresp="#TS2.0-entry-1818-#TS1.4-entry-904353"
                      ana="#noDM #DAOff"/>
                <span target="#t5634" lemma="Anscombre" corresp="#TS2.0-entry-25085-#TS1.4-entry-589064"
                      ana="#noDM #DAOff"/>
                <span target="#t5639" lemma="Ducrot" corresp="#TS2.0-entry-31203-#TS1.4-entry-395608"
                      ana="#noDM #DAOff"/>
                <span target="#t5648" lemma="énoncé" corresp="#TS2.0-entry-4057-#TS1.4-entry-840929"
                      ana="#noDM #DAOff"/>
                <span target="#t5656" lemma="implicites" corresp="#TS2.0-entry-740-#TS1.4-entry-27656"
                      ana="#noDM #DAOff"/>
                <span target="#t5661" lemma="Anscombre" corresp="#TS2.0-entry-25085-#TS1.4-entry-589064"
                      ana="#noDM #DAOff"/>
                <span target="#t5673" lemma="énoncé" corresp="#TS2.0-entry-4057-#TS1.4-entry-840929" ana="#noDM #DAOn"/>
                <span target="#t5674" lemma="argumentatif" corresp="#TS2.0-entry-31879-#TS1.4-entry-44197"
                      ana="#noDM #DAOff"/>
                <span target="#t5681" lemma="coïncident" corresp="#TS2.0-entry-27156-#TS1.4-entry-199657"
                      ana="#noDM #noDA"/>
                <span target="#t5687" lemma="énoncé" corresp="#TS2.0-entry-4057-#TS1.4-entry-840929" ana="#noDM #DAOn"/>
                <span target="#t5688" lemma="reformulatif" corresp="#TS2.0-entry-42742-#TS1.4-entry-119227"
                      ana="#noDM #noDA"/>
                <span target="#t5698" lemma="connecteur" corresp="#TS2.0-entry-9722-#TS1.4-entry-386124"
                      ana="#noDM #DAOn"/>
                <span target="#t5699" lemma="argumentatif" corresp="#TS2.0-entry-31879-#TS1.4-entry-44197"
                      ana="#noDM #DAOff"/>
                <span target="#t5715 #t5716" lemma="connecteur reformulatif"
                      corresp="#TS2.0-entry-42758-#TS1.4-entry-2094017" ana="#noDM #noDA"/>
                <span target="#t5715" lemma="connecteur" corresp="#TS2.0-entry-9722-#TS1.4-entry-386124"
                      ana="#noDM #DAOn"/>
                <span target="#t5716" lemma="reformulatif" corresp="#TS2.0-entry-42742-#TS1.4-entry-119227"
                      ana="#noDM #noDA"/>
                <span target="#t5736" lemma="subordonnés" corresp="#TS2.0-entry-9860-#TS1.4-entry-586982"
                      ana="#noDM #DAOff"/>
                <span target="#t5753" lemma="Roulet" corresp="#TS2.0-entry-42756-#TS1.4-entry-151756"
                      ana="#noDM #DAOff"/>
                <span target="#t5767" lemma="Rossari" corresp="#TS2.0-entry-42757-#TS1.4-entry-737262"
                      ana="#noDM #noDA"/>
                <span target="#t5773" lemma="paraphrase" corresp="#TS2.0-entry-4173-#TS1.4-entry-444571"
                      ana="#noDM #DAOn"/>
                <span target="#t5779" lemma="connecteur" corresp="#TS2.0-entry-9722-#TS1.4-entry-386124"
                      ana="#noDM #DAOn"/>
                <span target="#t5814" lemma="Rossari" corresp="#TS2.0-entry-42757-#TS1.4-entry-737262"
                      ana="#noDM #noDA"/>
                <span target="#t5824" lemma="énonciation" corresp="#TS2.0-entry-2468-#TS1.4-entry-964434"
                      ana="#noDM #DAOn"/>
                <span target="#t5835" lemma="énoncé" corresp="#TS2.0-entry-4057-#TS1.4-entry-840929" ana="#noDM #DAOn"/>
                <span target="#t5836" lemma="argumentatif" corresp="#TS2.0-entry-31879-#TS1.4-entry-44197"
                      ana="#noDM #DAOff"/>
                <span target="#t5872" lemma="locuteur" corresp="#TS2.0-entry-2257-#TS1.4-entry-490000"
                      ana="#noDM #DAOn"/>
                <span target="#t5900 #t5901 #t5902" lemma="différence de sens" corresp="#TS2.0-entry-36031"
                      ana="#noDM #noDA"/>
                <span target="#t5924" lemma="énoncé" corresp="#TS2.0-entry-4057-#TS1.4-entry-840929" ana="#noDM #DAOn"/>
                <span target="#t5926" lemma="argumentatif" corresp="#TS2.0-entry-31879-#TS1.4-entry-44197"
                      ana="#noDM #DAOff"/>
                <span target="#t5931 #t5932" lemma="acte discursif" corresp="#TS2.0-entry-11613-#TS1.4-entry-5680933"
                      ana="#noDM #noDA"/>
                <span target="#t5932" lemma="discursif" corresp="#TS2.0-entry-2436-#TS1.4-entry-672070"
                      ana="#noDM #DAOff"/>
                <span target="#t5953" lemma="implicite" corresp="#TS2.0-entry-740-#TS1.4-entry-27656"
                      ana="#noDM #DAOff"/>
                <span target="#t5958" lemma="énoncés" corresp="#TS2.0-entry-4057-#TS1.4-entry-840929"
                      ana="#noDM #DAOff"/>
                <span target="#t5986" lemma="implicite" corresp="#TS2.0-entry-740-#TS1.4-entry-27656"
                      ana="#noDM #DAOff"/>
                <span target="#t6016" lemma="Rossari" corresp="#TS2.0-entry-42757-#TS1.4-entry-737262"
                      ana="#noDM #noDA"/>
                <span target="#t6032 #t6033 #t6034" lemma="emploi du connecteur" corresp="#TS2.0-entry-43149"
                      ana="#noDM #noDA"/>
                <span target="#t6034 #t6035" lemma="connecteur reformulatif"
                      corresp="#TS2.0-entry-42758-#TS1.4-entry-2094017" ana="#noDM #noDA"/>
                <span target="#t6034" lemma="connecteur" corresp="#TS2.0-entry-9722-#TS1.4-entry-386124"
                      ana="#noDM #DAOn"/>
                <span target="#t6035" lemma="reformulatif" corresp="#TS2.0-entry-42742-#TS1.4-entry-119227"
                      ana="#noDM #noDA"/>
                <span target="#t6047" lemma="Rossari" corresp="#TS2.0-entry-42757-#TS1.4-entry-737262"
                      ana="#noDM #noDA"/>
                <span target="#t6058" lemma="énonciatif" corresp="#TS2.0-entry-2192-#TS1.4-entry-381709"
                      ana="#noDM #DAOff"/>
                <span target="#t6098" lemma="énoncé" corresp="#TS2.0-entry-4057-#TS1.4-entry-840929" ana="#noDM #DAOn"/>
                <span target="#t6120" lemma="énoncés" corresp="#TS2.0-entry-4057-#TS1.4-entry-840929"
                      ana="#noDM #DAOn"/>
                <span target="#t6132" lemma="implicitation" corresp="#TS2.0-entry-42918-#TS1.4-entry-138513"
                      ana="#noDM #noDA"/>
                <span target="#t6135 #t6136" lemma="acte illocutoire" corresp="#TS2.0-entry-42922-#TS1.4-entry-2892414"
                      ana="#noDM #noDA"/>
                <span target="#t6136" lemma="illocutoire" corresp="#TS2.0-entry-38143-#TS1.4-entry-555526"
                      ana="#noDM #noDA"/>
                <span target="#t6139 #t6140" lemma="contenu propositionnel"
                      corresp="#TS2.0-entry-25490-#TS1.4-entry-4118439" ana="#noDM #DAOn"/>
                <span target="#t6140" lemma="propositionnel" corresp="#TS2.0-entry-13701-#TS1.4-entry-918914"
                      ana="#noDM #DAOff"/>
            </spanGrp>
        </ns2:annotations>
    </ns2:stdf>
    <text>
        <front/>
        <body>
            <div type="div1">
                <head subtype="level1">
                    <w xml:id="t1">Introduction</w>
                </head>
                <p>
                    <w xml:id="t2">L'</w>
                    <w xml:id="t3">usage</w>
                    <w xml:id="t4">des</w>
                    <w xml:id="t5">«</w>
                    <w xml:id="t6">connecteurs</w>
                    <w xml:id="t7">»</w>
                    <w xml:id="t8">ou</w>
                    <w xml:id="t9">«</w>
                    <w xml:id="t10">mots</w>
                    <w xml:id="t11">de</w>
                    <w xml:id="t12">discours</w>
                    <w xml:id="t13">»</w>
                    <w xml:id="t14">(</w>
                    <w xml:id="t15">Ducrot</w>
                    <w xml:id="t16">1980</w>
                    <w xml:id="t17">)</w>
                    <w xml:id="t18">représente</w>
                    <w xml:id="t19">un</w>
                    <w xml:id="t20">des</w>
                    <w xml:id="t21">moyens</w>
                    <w xml:id="t22">linguistiques</w>
                    <w xml:id="t23">dont</w>
                    <w xml:id="t24">dispose</w>
                    <w xml:id="t25">tout</w>
                    <w xml:id="t26">locuteur</w>
                    <w xml:id="t27">pour</w>
                    <w xml:id="t28">modaliser</w>
                    <w xml:id="t29">un</w>
                    <w xml:id="t30">acte</w>
                    <w xml:id="t31">discursif</w>
                    <w xml:id="t32">.</w>
                    <w xml:id="t33">Nous</w>
                    <w xml:id="t34">tenterons</w>
                    <w xml:id="t35">,</w>
                    <w xml:id="t36">dans</w>
                    <w xml:id="t37">cet</w>
                    <w xml:id="t38">article</w>
                    <w xml:id="t39">,</w>
                    <w xml:id="t40">de</w>
                    <w xml:id="t41">décrire</w>
                    <w xml:id="t42">les</w>
                    <w xml:id="t43">caractéristiques</w>
                    <w xml:id="t44">de</w>
                    <w xml:id="t45">l'</w>
                    <w xml:id="t46">usage</w>
                    <w xml:id="t47">de</w>
                    <w xml:id="t48">l'</w>
                    <w xml:id="t49">un</w>
                    <w xml:id="t50">de</w>
                    <w xml:id="t51">ces</w>
                    <w xml:id="t52">mots</w>
                    <w xml:id="t53">de</w>
                    <w xml:id="t54">discours</w>
                    <w xml:id="t55">:</w>
                    <hi rend="italic">
                        <w xml:id="t56">de</w>
                        <w xml:id="t57">toute</w>
                        <w xml:id="t58">façon</w>
                    </hi>
                    <w xml:id="t59">,</w>
                    <w xml:id="t60">et</w>
                    <w xml:id="t61">ce</w>
                    <w xml:id="t62">,</w>
                    <w xml:id="t63">en</w>
                    <w xml:id="t64">nous</w>
                    <w xml:id="t65">appuyant</w>
                    <w xml:id="t66">sur</w>
                    <w xml:id="t67">l'</w>
                    <w xml:id="t68">étude</w>
                    <w xml:id="t69">d'</w>
                    <w xml:id="t70">énoncés</w>
                    <w xml:id="t71">authentiques</w>
                    <w xml:id="t72">.</w>
                </p>
                <p>
                    <w xml:id="t73">Le</w>
                    <w xml:id="t74">choix</w>
                    <w xml:id="t75">de</w>
                    <hi rend="italic">
                        <w xml:id="t76">de</w>
                        <w xml:id="t77">toute</w>
                        <w xml:id="t78">façon</w>
                    </hi>
                    <w xml:id="t79">part</w>
                    <w xml:id="t80">du</w>
                    <w xml:id="t81">constat</w>
                    <w xml:id="t82">que</w>
                    <w xml:id="t83">ce</w>
                    <w xml:id="t84">connecteur</w>
                    <w xml:id="t85">,</w>
                    <w xml:id="t86">bien</w>
                    <w xml:id="t87">qu'</w>
                    <w xml:id="t88">il</w>
                    <w xml:id="t89">puisse</w>
                    <w xml:id="t90">commuter</w>
                    <w xml:id="t91">dans</w>
                    <w xml:id="t92">certains</w>
                    <w xml:id="t93">énoncés</w>
                    <w xml:id="t94">avec</w>
                    <w xml:id="t95">un</w>
                    <w xml:id="t96">connecteur</w>
                    <w xml:id="t97">comme</w>
                    <hi rend="italic">
                        <w xml:id="t98">d'</w>
                        <w xml:id="t99">ailleurs</w>
                    </hi>
                    <w xml:id="t100">ou</w>
                    <hi rend="italic">
                        <w xml:id="t101">en</w>
                        <w xml:id="t102">tout</w>
                        <w xml:id="t103">cas</w>
                        <w xml:id="t104">,</w>
                    </hi>
                    <w xml:id="t105">détient</w>
                    <w xml:id="t106">une</w>
                    <w xml:id="t107">identité</w>
                    <w xml:id="t108">qui</w>
                    <w xml:id="t109">lui</w>
                    <w xml:id="t110">est</w>
                    <w xml:id="t111">propre</w>
                    <w xml:id="t112">.</w>
                    <w xml:id="t113">E</w>
                    <hi rend="sub">
                        <w xml:id="t114">1</w>
                    </hi>
                    <w xml:id="t115">et</w>
                    <w xml:id="t116">E</w>
                    <w xml:id="t117">'</w>
                    <hi rend="sub">
                        <w xml:id="t118">1</w>
                    </hi>
                    <w xml:id="t119">permettent</w>
                    <w xml:id="t120">de</w>
                    <w xml:id="t121">vérifier</w>
                    <w xml:id="t122">cette</w>
                    <w xml:id="t123">idée</w>
                    <w xml:id="t124">.</w>
                </p>
                <p>
                    <w xml:id="t125">E</w>
                    <hi rend="sub">
                        <w xml:id="t126">1</w>
                    </hi>
                    <w xml:id="t127">(</w>
                    <w xml:id="t128">extrait</w>
                    <w xml:id="t129">de</w>
                    <hi rend="italic">
                        <w xml:id="t130">Star</w>
                        <w xml:id="t131">Club</w>
                    </hi>
                    <w xml:id="t132">n°121</w>
                    <w xml:id="t133">,</w>
                    <w xml:id="t134">août</w>
                    <w xml:id="t135">1997</w>
                    <w xml:id="t136">,</w>
                    <w xml:id="t137">p.66</w>
                    <w xml:id="t138">)</w>
                </p>
                <q rend="quotation">
                    <w xml:id="t139">–</w>
                    <w xml:id="t140">Le</w>
                    <w xml:id="t141">journaliste</w>
                    <w xml:id="t142">à</w>
                    <w xml:id="t143">Lara</w>
                    <w xml:id="t144">Fabian</w>
                    <w xml:id="t145">:</w>
                    <w xml:id="t146">«</w>
                    <w xml:id="t147">Es</w>
                    <w xml:id="t148">-tu</w>
                    <w xml:id="t149">gourmande</w>
                    <w xml:id="t150">?</w>
                    <w xml:id="t151">»</w>
                    <w xml:id="t152">.</w>
                </q>
                <q rend="quotation">
                    <w xml:id="t153">–</w>
                    <w xml:id="t154">Lara</w>
                    <w xml:id="t155">Fabian</w>
                    <w xml:id="t156">:</w>
                    <w xml:id="t157">«</w>
                    <w xml:id="t158">Si</w>
                    <w xml:id="t159">je</w>
                    <w xml:id="t160">pouvais</w>
                    <w xml:id="t161">,</w>
                    <w xml:id="t162">je</w>
                    <w xml:id="t163">mangerais</w>
                    <w xml:id="t164">du</w>
                    <w xml:id="t165">dessert</w>
                    <w xml:id="t166">en</w>
                    <w xml:id="t167">entrée</w>
                    <w xml:id="t168">,</w>
                    <w xml:id="t169">en</w>
                    <w xml:id="t170">plat</w>
                    <w xml:id="t171">principal</w>
                    <w xml:id="t172">et</w>
                    <w xml:id="t173">à</w>
                    <w xml:id="t174">nouveau</w>
                    <w xml:id="t175">en</w>
                    <w xml:id="t176">dessert</w>
                    <w xml:id="t177">.</w>
                    <w xml:id="t178">J'</w>
                    <w xml:id="t179">ai</w>
                    <w xml:id="t180">«</w>
                    <w xml:id="t181">la</w>
                    <w xml:id="t182">dent</w>
                    <w xml:id="t183">sucrée</w>
                    <w xml:id="t184">»</w>
                    <w xml:id="t185">comme</w>
                    <w xml:id="t186">on</w>
                    <w xml:id="t187">dit</w>
                    <w xml:id="t188">.</w>
                    <hi rend="italic">
                        <w xml:id="t189">D'</w>
                        <w xml:id="t190">ailleurs</w>
                    </hi>
                    <w xml:id="t191">,</w>
                    <w xml:id="t192">ça</w>
                    <w xml:id="t193">se</w>
                    <w xml:id="t194">voit</w>
                    <w xml:id="t195">,</w>
                    <w xml:id="t196">je</w>
                    <w xml:id="t197">suis</w>
                    <w xml:id="t198">plutôt</w>
                    <w xml:id="t199">pulpeuse</w>
                    <w xml:id="t200">»</w>
                    <w xml:id="t201">.</w>
                </q>
                <p>
                    <w xml:id="t202">(</w>
                    <w xml:id="t203">E</w>
                    <w xml:id="t204">'</w>
                    <hi rend="sub">
                        <w xml:id="t205">1</w>
                    </hi>
                    <w xml:id="t206">)</w>
                </p>
                <q rend="quotation">
                    <w xml:id="t207">-</w>
                    <w xml:id="t208">Le</w>
                    <w xml:id="t209">journaliste</w>
                    <w xml:id="t210">à</w>
                    <w xml:id="t211">Lara</w>
                    <w xml:id="t212">Fabian</w>
                    <w xml:id="t213">:</w>
                    <w xml:id="t214">«</w>
                    <w xml:id="t215">Es</w>
                    <w xml:id="t216">-tu</w>
                    <w xml:id="t217">gourmande</w>
                    <w xml:id="t218">?</w>
                    <w xml:id="t219">»</w>
                    <w xml:id="t220">.</w>
                </q>
                <q rend="quotation">
                    <w xml:id="t221">-</w>
                    <w xml:id="t222">Lara</w>
                    <w xml:id="t223">Fabian</w>
                    <w xml:id="t224">:</w>
                    <w xml:id="t225">«</w>
                    <w xml:id="t226">Si</w>
                    <w xml:id="t227">je</w>
                    <w xml:id="t228">pouvais</w>
                    <w xml:id="t229">,</w>
                    <w xml:id="t230">je</w>
                    <w xml:id="t231">mangerais</w>
                    <w xml:id="t232">du</w>
                    <w xml:id="t233">dessert</w>
                    <w xml:id="t234">en</w>
                    <w xml:id="t235">entrée</w>
                    <w xml:id="t236">,</w>
                    <w xml:id="t237">en</w>
                    <w xml:id="t238">plat</w>
                    <w xml:id="t239">principal</w>
                    <w xml:id="t240">et</w>
                    <w xml:id="t241">à</w>
                    <w xml:id="t242">nouveau</w>
                    <w xml:id="t243">en</w>
                    <w xml:id="t244">dessert</w>
                    <w xml:id="t245">.</w>
                    <w xml:id="t246">J'</w>
                    <w xml:id="t247">ai</w>
                    <w xml:id="t248">«</w>
                    <w xml:id="t249">la</w>
                    <w xml:id="t250">dent</w>
                    <w xml:id="t251">sucrée</w>
                    <w xml:id="t252">»</w>
                    <w xml:id="t253">comme</w>
                    <w xml:id="t254">on</w>
                    <w xml:id="t255">dit</w>
                    <w xml:id="t256">.</w>
                    <hi rend="italic">
                        <w xml:id="t257">De</w>
                        <w xml:id="t258">toute</w>
                        <w xml:id="t259">façon</w>
                        <w xml:id="t260">,</w>
                    </hi>
                    <w xml:id="t261">ça</w>
                    <w xml:id="t262">se</w>
                    <w xml:id="t263">voit</w>
                    <w xml:id="t264">,</w>
                    <w xml:id="t265">je</w>
                    <w xml:id="t266">suis</w>
                    <w xml:id="t267">plutôt</w>
                    <w xml:id="t268">pulpeuse</w>
                    <w xml:id="t269">»</w>
                    <w xml:id="t270">.</w>
                </q>
                <p>
                    <w xml:id="t271">En</w>
                    <w xml:id="t272">E</w>
                    <hi rend="sub">
                        <w xml:id="t273">1</w>
                    </hi>
                    <w xml:id="t274">,</w>
                    <w xml:id="t275">comme</w>
                    <w xml:id="t276">le</w>
                    <w xml:id="t277">dira</w>
                    <w xml:id="t278">Ducrot</w>
                    <w xml:id="t279">(</w>
                    <w xml:id="t280">1980</w>
                    <w xml:id="t281">)</w>
                    <w xml:id="t282">ou</w>
                    <w xml:id="t283">Luscher</w>
                    <w xml:id="t284">(</w>
                    <w xml:id="t285">1989</w>
                    <w xml:id="t286">)</w>
                    <w xml:id="t287">,</w>
                    <hi rend="italic">
                        <w xml:id="t288">d'</w>
                        <w xml:id="t289">ailleurs</w>
                    </hi>
                    <w xml:id="t290">introduit</w>
                    <w xml:id="t291">l'</w>
                    <w xml:id="t292">argument</w>
                    <w xml:id="t293">«</w>
                    <w xml:id="t294">ça</w>
                    <w xml:id="t295">se</w>
                    <w xml:id="t296">voit</w>
                    <w xml:id="t297">,</w>
                    <w xml:id="t298">je</w>
                    <w xml:id="t299">suis</w>
                    <w xml:id="t300">plutôt</w>
                    <w xml:id="t301">pulpeuse</w>
                    <w xml:id="t302">»</w>
                    <w xml:id="t303">,</w>
                    <w xml:id="t304">coorienté</w>
                    <w xml:id="t305">à</w>
                    <w xml:id="t306">un</w>
                    <w xml:id="t307">argument</w>
                    <w xml:id="t308">déjà</w>
                    <w xml:id="t309">avancé</w>
                    <w xml:id="t310">«</w>
                    <w xml:id="t311">si</w>
                    <w xml:id="t312">je</w>
                    <w xml:id="t313">pouvais</w>
                    <w xml:id="t314">,</w>
                    <w xml:id="t315">je</w>
                    <w xml:id="t316">mangerais</w>
                    <w xml:id="t317">(</w>
                    <w xml:id="t318">…</w>
                    <w xml:id="t319">)</w>
                    <w xml:id="t320">en</w>
                    <w xml:id="t321">dessert</w>
                    <w xml:id="t322">»</w>
                    <w xml:id="t323">,</w>
                    <w xml:id="t324">appuyant</w>
                    <w xml:id="t325">tous</w>
                    <w xml:id="t326">les</w>
                    <w xml:id="t327">deux</w>
                    <w xml:id="t328">la</w>
                    <w xml:id="t329">conclusion</w>
                    <w xml:id="t330">«</w>
                    <w xml:id="t331">j'</w>
                    <w xml:id="t332">ai</w>
                    <w xml:id="t333">la</w>
                    <w xml:id="t334">dent</w>
                    <w xml:id="t335">sucrée</w>
                    <w xml:id="t336">»</w>
                    <w xml:id="t337">.</w>
                    <w xml:id="t338">En</w>
                    <w xml:id="t339">E</w>
                    <w xml:id="t340">'</w>
                    <hi rend="sub">
                        <w xml:id="t341">1</w>
                    </hi>
                    <w xml:id="t342">,</w>
                    <hi rend="italic">
                        <w xml:id="t343">de</w>
                        <w xml:id="t344">toute</w>
                        <w xml:id="t345">façon</w>
                    </hi>
                    <w xml:id="t346">produit</w>
                    <w xml:id="t347">un</w>
                    <w xml:id="t348">autre</w>
                    <w xml:id="t349">effet</w>
                    <w xml:id="t350">de</w>
                    <w xml:id="t351">sens</w>
                    <w xml:id="t352">.</w>
                    <w xml:id="t353">Nous</w>
                    <w xml:id="t354">adoptons</w>
                    <w xml:id="t355">l'</w>
                    <w xml:id="t356">hypothèse</w>
                    <w xml:id="t357">qu'</w>
                    <w xml:id="t358">il</w>
                    <w xml:id="t359">s'</w>
                    <w xml:id="t360">agit</w>
                    <w xml:id="t361">de</w>
                    <w xml:id="t362">la</w>
                    <w xml:id="t363">reformulation</w>
                    <w xml:id="t364">d'</w>
                    <w xml:id="t365">un</w>
                    <w xml:id="t366">constituant</w>
                    <w xml:id="t367">de</w>
                    <w xml:id="t368">la</w>
                    <w xml:id="t369">première</w>
                    <w xml:id="t370">partie</w>
                    <w xml:id="t371">de</w>
                    <w xml:id="t372">l'</w>
                    <w xml:id="t373">énoncé</w>
                    <w xml:id="t374">.</w>
                    <w xml:id="t375">La</w>
                    <w xml:id="t376">délimitation</w>
                    <w xml:id="t377">de</w>
                    <w xml:id="t378">ce</w>
                    <w xml:id="t379">fonctionnement</w>
                    <w xml:id="t380">reformulatif</w>
                    <w xml:id="t381">s'</w>
                    <w xml:id="t382">impose</w>
                    <w xml:id="t383">,</w>
                    <w xml:id="t384">d'</w>
                    <w xml:id="t385">autant</w>
                    <w xml:id="t386">plus</w>
                    <w xml:id="t387">que</w>
                    <w xml:id="t388">nous</w>
                    <w xml:id="t389">disposons</w>
                    <w xml:id="t390">d'</w>
                    <w xml:id="t391">un</w>
                    <w xml:id="t392">certain</w>
                    <w xml:id="t393">nombre</w>
                    <w xml:id="t394">d'</w>
                    <w xml:id="t395">analyses</w>
                    <w xml:id="t396">pour</w>
                    <hi rend="italic">
                        <w xml:id="t397">d'</w>
                        <w xml:id="t398">ailleurs</w>
                    </hi>
                    <w xml:id="t399">mais</w>
                    <w xml:id="t400">beaucoup</w>
                    <w xml:id="t401">moins</w>
                    <w xml:id="t402">pour</w>
                    <hi rend="italic">
                        <w xml:id="t403">de</w>
                        <w xml:id="t404">toute</w>
                        <w xml:id="t405">façon</w>
                        <w xml:id="t406">.</w>
                    </hi>
                </p>
                <p>
                    <w xml:id="t407">Aussi</w>
                    <w xml:id="t408">tenterons</w>
                    <w xml:id="t409">-nous</w>
                    <w xml:id="t410">dans</w>
                    <w xml:id="t411">un</w>
                    <w xml:id="t412">premier</w>
                    <w xml:id="t413">temps</w>
                    <w xml:id="t414">de</w>
                    <w xml:id="t415">présenter</w>
                    <w xml:id="t416">les</w>
                    <w xml:id="t417">particularités</w>
                    <w xml:id="t418">de</w>
                    <w xml:id="t419">l'</w>
                    <w xml:id="t420">opération</w>
                    <w xml:id="t421">de</w>
                    <w xml:id="t422">reformulation</w>
                    <w xml:id="t423">par</w>
                    <w xml:id="t424">rapport</w>
                    <w xml:id="t425">à</w>
                    <w xml:id="t426">l'</w>
                    <w xml:id="t427">opération</w>
                    <w xml:id="t428">de</w>
                    <w xml:id="t429">l'</w>
                    <w xml:id="t430">argumentation</w>
                    <w xml:id="t431">.</w>
                    <w xml:id="t432">Dans</w>
                    <w xml:id="t433">un</w>
                    <w xml:id="t434">deuxième</w>
                    <w xml:id="t435">temps</w>
                    <w xml:id="t436">,</w>
                    <w xml:id="t437">nous</w>
                    <w xml:id="t438">essaierons</w>
                    <w xml:id="t439">de</w>
                    <w xml:id="t440">montrer</w>
                    <w xml:id="t441">que</w>
                    <hi rend="italic">
                        <w xml:id="t442">de</w>
                        <w xml:id="t443">toute</w>
                        <w xml:id="t444">façon</w>
                    </hi>
                    <w xml:id="t445">intervient</w>
                    <w xml:id="t446">dans</w>
                    <w xml:id="t447">deux</w>
                    <w xml:id="t448">types</w>
                    <w xml:id="t449">différents</w>
                    <w xml:id="t450">d'</w>
                    <w xml:id="t451">énoncés</w>
                    <w xml:id="t452">.</w>
                    <w xml:id="t453">Le</w>
                    <w xml:id="t454">premier</w>
                    <w xml:id="t455">possède</w>
                    <w xml:id="t456">initialement</w>
                    <w xml:id="t457">une</w>
                    <w xml:id="t458">valeur</w>
                    <w xml:id="t459">argumentative</w>
                    <w xml:id="t460">,</w>
                    <w xml:id="t461">le</w>
                    <w xml:id="t462">second</w>
                    <w xml:id="t463">est</w>
                    <w xml:id="t464">uniquement</w>
                    <w xml:id="t465">reformulatif</w>
                    <w xml:id="t466">.</w>
                </p>
            </div>
            <div type="div1">
                <head subtype="level1">
                    <w xml:id="t467">1</w>
                    <w xml:id="t468">.</w>
                    <hi rend="italic">
                        <w xml:id="t469">De</w>
                        <w xml:id="t470">toute</w>
                        <w xml:id="t471">façon</w>
                    </hi>
                    <w xml:id="t472">:</w>
                    <w xml:id="t473">présentation</w>
                    <w xml:id="t474">du</w>
                    <w xml:id="t475">connecteur</w>
                </head>
                <p>
                    <w xml:id="t476">Le</w>
                    <w xml:id="t477">connecteur</w>
                    <hi rend="italic">
                        <w xml:id="t478">de</w>
                        <w xml:id="t479">toute</w>
                        <w xml:id="t480">façon</w>
                    </hi>
                    <w xml:id="t481">a</w>
                    <w xml:id="t482">fait</w>
                    <w xml:id="t483">l'</w>
                    <w xml:id="t484">objet</w>
                    <w xml:id="t485">de</w>
                    <w xml:id="t486">diverses</w>
                    <w xml:id="t487">classifications</w>
                    <w xml:id="t488">.</w>
                    <w xml:id="t489">Il</w>
                    <w xml:id="t490">a</w>
                    <w xml:id="t491">été</w>
                    <w xml:id="t492">qualifié</w>
                    <w xml:id="t493">,</w>
                    <w xml:id="t494">ainsi</w>
                    <w xml:id="t495">,</w>
                    <w xml:id="t496">de</w>
                    <w xml:id="t497">connecteur</w>
                    <w xml:id="t498">«</w>
                    <w xml:id="t499">conclusif</w>
                    <w xml:id="t500">»</w>
                    <w xml:id="t501">,</w>
                    <w xml:id="t502">«</w>
                    <w xml:id="t503">réévaluatif</w>
                    <w xml:id="t504">»</w>
                    <anchor xml:id="idm46149484784112"/>
                    <w xml:id="t505">et</w>
                    <w xml:id="t506">de</w>
                    <w xml:id="t507">«</w>
                    <w xml:id="t508">reformulatif</w>
                    <w xml:id="t509">»</w>
                    <w xml:id="t510">.</w>
                    <w xml:id="t511">La</w>
                    <w xml:id="t512">troisième</w>
                    <w xml:id="t513">qualification</w>
                    <w xml:id="t514">,</w>
                    <w xml:id="t515">étant</w>
                    <w xml:id="t516">la</w>
                    <w xml:id="t517">plus</w>
                    <w xml:id="t518">récente</w>
                    <w xml:id="t519">et</w>
                    <w xml:id="t520">par</w>
                    <w xml:id="t521">ailleurs</w>
                    <w xml:id="t522">la</w>
                    <w xml:id="t523">plus</w>
                    <w xml:id="t524">adéquate</w>
                    <w xml:id="t525">,</w>
                    <w xml:id="t526">sera</w>
                    <w xml:id="t527">adoptée</w>
                    <w xml:id="t528">dans</w>
                    <w xml:id="t529">cette</w>
                    <w xml:id="t530">étude</w>
                    <w xml:id="t531">.</w>
                </p>
                <p>
                    <w xml:id="t532">E</w>
                    <w xml:id="t533">.</w>
                    <w xml:id="t534">Roulet</w>
                    <w xml:id="t535">(</w>
                    <w xml:id="t536">1987</w>
                    <w xml:id="t537">)</w>
                    <w xml:id="t538">et</w>
                    <w xml:id="t539">C</w>
                    <w xml:id="t540">.</w>
                    <w xml:id="t541">Rossari</w>
                    <w xml:id="t542">(</w>
                    <w xml:id="t543">1994</w>
                    <w xml:id="t544">)</w>
                    <w xml:id="t545">considèrent</w>
                    <w xml:id="t546">la</w>
                    <w xml:id="t547">locution</w>
                    <hi rend="italic">
                        <w xml:id="t548">de</w>
                        <w xml:id="t549">toute</w>
                        <w xml:id="t550">façon</w>
                    </hi>
                    <w xml:id="t551">comme</w>
                    <w xml:id="t552">un</w>
                    <w xml:id="t553">connecteur</w>
                    <w xml:id="t554">reformulatif</w>
                    <w xml:id="t555">.</w>
                    <w xml:id="t556">Ils</w>
                    <w xml:id="t557">lui</w>
                    <w xml:id="t558">attribuent</w>
                    <w xml:id="t559">,</w>
                    <w xml:id="t560">par</w>
                    <w xml:id="t561">conséquent</w>
                    <w xml:id="t562">,</w>
                    <w xml:id="t563">certaines</w>
                    <w xml:id="t564">spécificités</w>
                    <w xml:id="t565">d'</w>
                    <w xml:id="t566">usage</w>
                    <w xml:id="t567">et</w>
                    <w xml:id="t568">de</w>
                    <w xml:id="t569">fonctionnement</w>
                    <w xml:id="t570">.</w>
                </p>
                <div type="div2">
                    <head subtype="level2">
                        <w xml:id="t571">La</w>
                        <w xml:id="t572">reformulation</w>
                        <w xml:id="t573">:</w>
                        <w xml:id="t574">définition</w>
                    </head>
                    <p>
                        <w xml:id="t575">La</w>
                        <w xml:id="t576">reformulation</w>
                        <w xml:id="t577">se</w>
                        <w xml:id="t578">définit</w>
                        <w xml:id="t579">comme</w>
                        <w xml:id="t580">un</w>
                        <w xml:id="t581">processus</w>
                        <w xml:id="t582">de</w>
                        <w xml:id="t583">réinterprétation</w>
                        <w xml:id="t584">.</w>
                        <w xml:id="t585">Il</w>
                        <w xml:id="t586">s'</w>
                        <w xml:id="t587">agit</w>
                        <w xml:id="t588">d'</w>
                        <w xml:id="t589">une</w>
                        <w xml:id="t590">subordination</w>
                        <w xml:id="t591">rétroactive</w>
                        <w xml:id="t592">d'</w>
                        <w xml:id="t593">un</w>
                        <w xml:id="t594">acte</w>
                        <w xml:id="t595">discursif</w>
                        <w xml:id="t596">,</w>
                        <w xml:id="t597">explicite</w>
                        <w xml:id="t598">ou</w>
                        <w xml:id="t599">implicite</w>
                        <w xml:id="t600">,</w>
                        <w xml:id="t601">à</w>
                        <w xml:id="t602">un</w>
                        <w xml:id="t603">nouvel</w>
                        <w xml:id="t604">acte</w>
                        <w xml:id="t605">principal</w>
                        <anchor xml:id="idm46149484778224"/>
                        <w xml:id="t606">,</w>
                        <w xml:id="t607">en</w>
                        <w xml:id="t608">raison</w>
                        <w xml:id="t609">du</w>
                        <w xml:id="t610">changement</w>
                        <w xml:id="t611">de</w>
                        <w xml:id="t612">la</w>
                        <w xml:id="t613">perspective</w>
                        <w xml:id="t614">énonciative</w>
                        <w xml:id="t615">.</w>
                    </p>
                    <p>
                        <w xml:id="t616">Le</w>
                        <w xml:id="t617">connecteur</w>
                        <w xml:id="t618">reformulatif</w>
                        <w xml:id="t619">représente</w>
                        <w xml:id="t620">donc</w>
                        <w xml:id="t621">«</w>
                        <hi rend="italic">
                            <w xml:id="t622">tout</w>
                            <w xml:id="t623">marqueur</w>
                            <w xml:id="t624">susceptible</w>
                            <w xml:id="t625">de</w>
                            <w xml:id="t626">présenter</w>
                            <w xml:id="t627">le</w>
                            <w xml:id="t628">point</w>
                            <w xml:id="t629">de</w>
                            <w xml:id="t630">vue</w>
                            <w xml:id="t631">auquel</w>
                            <w xml:id="t632">il</w>
                            <w xml:id="t633">renvoie</w>
                            <w xml:id="t634">»</w>
                        </hi>
                        <anchor xml:id="idm46149484775296"/>
                        <hi rend="italic">
                            <w xml:id="t635">.</w>
                        </hi>
                        <w xml:id="t636">Ainsiqualifié</w>
                        <w xml:id="t637">,</w>
                        <hi rend="italic">
                            <w xml:id="t638">de</w>
                            <w xml:id="t639">toute</w>
                            <w xml:id="t640">façon</w>
                        </hi>
                        <w xml:id="t641">suppose</w>
                        <w xml:id="t642">que</w>
                        <w xml:id="t643">ce</w>
                        <w xml:id="t644">connecteur</w>
                        <w xml:id="t645">introduise</w>
                        <w xml:id="t646">,</w>
                        <w xml:id="t647">dans</w>
                        <w xml:id="t648">une</w>
                        <w xml:id="t649">suite</w>
                        <w xml:id="t650">«</w>
                        <hi rend="bold">
                            <w xml:id="t651">p</w>
                        </hi>
                        <w xml:id="t652">,</w>
                        <hi rend="bold">
                            <w xml:id="t653">q</w>
                        </hi>
                        <w xml:id="t654">de</w>
                        <w xml:id="t655">toute</w>
                        <w xml:id="t656">façon</w>
                        <hi rend="bold">
                            <w xml:id="t657">r</w>
                        </hi>
                        <anchor xml:id="idm46149484967936"/>
                        <w xml:id="t658">»</w>
                        <w xml:id="t659">,</w>
                        <w xml:id="t660">un</w>
                        <w xml:id="t661">énoncé</w>
                        <w xml:id="t662">réinterprétant</w>
                        <w xml:id="t663">le</w>
                        <w xml:id="t664">premier</w>
                        <w xml:id="t665">acte</w>
                        <w xml:id="t666">discursif</w>
                        <w xml:id="t667">,</w>
                        <w xml:id="t668">à</w>
                        <w xml:id="t669">savoir</w>
                        <w xml:id="t670">les</w>
                        <w xml:id="t671">énoncés</w>
                        <hi rend="bold">
                            <w xml:id="t672">p</w>
                        </hi>
                        <w xml:id="t673">et</w>
                        <hi rend="bold">
                            <w xml:id="t674">q</w>
                        </hi>
                        <w xml:id="t675">.</w>
                    </p>
                    <p>
                        <w xml:id="t676">La</w>
                        <w xml:id="t677">particularité</w>
                        <w xml:id="t678">de</w>
                        <w xml:id="t679">l'</w>
                        <w xml:id="t680">opération</w>
                        <w xml:id="t681">de</w>
                        <w xml:id="t682">reformulation</w>
                        <w xml:id="t683">par</w>
                        <w xml:id="t684">rapport</w>
                        <w xml:id="t685">à</w>
                        <w xml:id="t686">une</w>
                        <w xml:id="t687">autre</w>
                        <w xml:id="t688">,</w>
                        <w xml:id="t689">l'</w>
                        <w xml:id="t690">argumentation</w>
                        <w xml:id="t691">par</w>
                        <w xml:id="t692">exemple</w>
                        <w xml:id="t693">,</w>
                        <w xml:id="t694">réside</w>
                        <w xml:id="t695">dans</w>
                        <w xml:id="t696">le</w>
                        <w xml:id="t697">fait</w>
                        <w xml:id="t698">qu'</w>
                        <w xml:id="t699">elle</w>
                        <w xml:id="t700">n'</w>
                        <w xml:id="t701">est</w>
                        <w xml:id="t702">perceptible</w>
                        <w xml:id="t703">dans</w>
                        <w xml:id="t704">un</w>
                        <w xml:id="t705">énoncé</w>
                        <w xml:id="t706">qu'</w>
                        <w xml:id="t707">en</w>
                        <w xml:id="t708">présence</w>
                        <w xml:id="t709">d'</w>
                        <w xml:id="t710">un</w>
                        <w xml:id="t711">connecteur</w>
                        <w xml:id="t712">reformulatif</w>
                        <w xml:id="t713">.</w>
                        <w xml:id="t714">Cela</w>
                        <w xml:id="t715">,</w>
                        <w xml:id="t716">contrairement</w>
                        <w xml:id="t717">à</w>
                        <w xml:id="t718">un</w>
                        <w xml:id="t719">énoncé</w>
                        <w xml:id="t720">argumentatif</w>
                        <w xml:id="t721">,</w>
                        <w xml:id="t722">où</w>
                        <w xml:id="t723">la</w>
                        <w xml:id="t724">présence</w>
                        <w xml:id="t725">du</w>
                        <w xml:id="t726">connecteur</w>
                        <w xml:id="t727">ne</w>
                        <w xml:id="t728">crée</w>
                        <w xml:id="t729">pas</w>
                        <w xml:id="t730">obligatoirement</w>
                        <w xml:id="t731">une</w>
                        <w xml:id="t732">relation</w>
                        <w xml:id="t733">qui</w>
                        <w xml:id="t734">n'</w>
                        <w xml:id="t735">existait</w>
                        <w xml:id="t736">pas</w>
                        <w xml:id="t737">préalablement</w>
                        <w xml:id="t738">.</w>
                        <w xml:id="t739">Il</w>
                        <w xml:id="t740">en</w>
                        <w xml:id="t741">résulte</w>
                        <w xml:id="t742">que</w>
                        <w xml:id="t743">si</w>
                        <w xml:id="t744">,</w>
                        <w xml:id="t745">entre</w>
                        <w xml:id="t746">deux</w>
                        <w xml:id="t747">actes</w>
                        <w xml:id="t748">discursifs</w>
                        <w xml:id="t749">,</w>
                        <w xml:id="t750">seule</w>
                        <w xml:id="t751">la</w>
                        <w xml:id="t752">relation</w>
                        <w xml:id="t753">de</w>
                        <w xml:id="t754">reformulation</w>
                        <w xml:id="t755">est</w>
                        <w xml:id="t756">envisageable</w>
                        <w xml:id="t757">,</w>
                        <w xml:id="t758">la</w>
                        <w xml:id="t759">suppression</w>
                        <w xml:id="t760">du</w>
                        <w xml:id="t761">connecteur</w>
                        <w xml:id="t762">rend</w>
                        <w xml:id="t763">inacceptable</w>
                        <w xml:id="t764">leur</w>
                        <w xml:id="t765">juxtaposition</w>
                        <w xml:id="t766">.</w>
                        <w xml:id="t767">Tel</w>
                        <w xml:id="t768">est</w>
                        <w xml:id="t769">le</w>
                        <w xml:id="t770">cas</w>
                        <w xml:id="t771">de</w>
                        <w xml:id="t772">l'</w>
                        <w xml:id="t773">énoncé</w>
                        <w xml:id="t774">E</w>
                        <hi rend="sub">
                            <w xml:id="t775">2</w>
                        </hi>
                        <w xml:id="t776">après</w>
                        <w xml:id="t777">modification</w>
                        <w xml:id="t778">:</w>
                    </p>
                    <p>
                        <w xml:id="t779">E</w>
                        <hi rend="sub">
                            <w xml:id="t780">2</w>
                        </hi>
                        <w xml:id="t781">(</w>
                        <w xml:id="t782">extrait</w>
                        <w xml:id="t783">de</w>
                        <hi rend="italic">
                            <w xml:id="t784">Paris</w>
                            <w xml:id="t785">Match</w>
                        </hi>
                        <w xml:id="t786">n°2613</w>
                        <w xml:id="t787">,</w>
                        <w xml:id="t788">juillet</w>
                        <w xml:id="t789">1999</w>
                        <w xml:id="t790">,</w>
                        <w xml:id="t791">p.109</w>
                        <w xml:id="t792">)</w>
                    </p>
                    <q rend="quotation">
                        <w xml:id="t793">–</w>
                        <hi rend="italic">
                            <w xml:id="t794">Paris</w>
                            <w xml:id="t795">Match</w>
                        </hi>
                        <w xml:id="t796">à</w>
                        <w xml:id="t797">Sylvie</w>
                        <w xml:id="t798">Vartan</w>
                        <w xml:id="t799">:</w>
                        <w xml:id="t800">«</w>
                        <w xml:id="t801">Presque</w>
                        <w xml:id="t802">tous</w>
                        <w xml:id="t803">les</w>
                        <w xml:id="t804">chanteurs</w>
                        <w xml:id="t805">,</w>
                        <w xml:id="t806">à</w>
                        <w xml:id="t807">un</w>
                        <w xml:id="t808">moment</w>
                        <w xml:id="t809">de</w>
                        <w xml:id="t810">leur</w>
                        <w xml:id="t811">carrière</w>
                        <w xml:id="t812">,</w>
                        <w xml:id="t813">se</w>
                        <w xml:id="t814">sont</w>
                        <w xml:id="t815">engagés</w>
                        <w xml:id="t816">pour</w>
                        <w xml:id="t817">une</w>
                        <w xml:id="t818">cause</w>
                        <w xml:id="t819">ou</w>
                        <w xml:id="t820">une</w>
                        <w xml:id="t821">autre</w>
                        <w xml:id="t822">.</w>
                        <w xml:id="t823">Comment</w>
                        <w xml:id="t824">se</w>
                        <w xml:id="t825">fait-il</w>
                        <w xml:id="t826">que</w>
                        <w xml:id="t827">vous</w>
                        <w xml:id="t828">ne</w>
                        <w xml:id="t829">l'</w>
                        <w xml:id="t830">ayez</w>
                        <w xml:id="t831">jamais</w>
                        <w xml:id="t832">fait</w>
                        <w xml:id="t833">?</w>
                        <w xml:id="t834">»</w>
                        <w xml:id="t835">.</w>
                    </q>
                    <q rend="quotation">
                        <w xml:id="t836">–</w>
                        <w xml:id="t837">S.V</w>
                        <w xml:id="t838">.</w>
                        <w xml:id="t839">:</w>
                        <w xml:id="t840">«</w>
                        <w xml:id="t841">Je</w>
                        <w xml:id="t842">n'</w>
                        <w xml:id="t843">en</w>
                        <w xml:id="t844">ai</w>
                        <w xml:id="t845">jamais</w>
                        <w xml:id="t846">eu</w>
                        <w xml:id="t847">l'</w>
                        <w xml:id="t848">occasion</w>
                        <hi rend="italic">
                            <w xml:id="t849">.</w>
                            <w xml:id="t850">De</w>
                            <w xml:id="t851">toute</w>
                            <w xml:id="t852">façon</w>
                        </hi>
                        <w xml:id="t853">,</w>
                        <w xml:id="t854">je</w>
                        <w xml:id="t855">ne</w>
                        <w xml:id="t856">me</w>
                        <w xml:id="t857">serais</w>
                        <w xml:id="t858">jamais</w>
                        <w xml:id="t859">engagée</w>
                        <w xml:id="t860">politiquement</w>
                        <w xml:id="t861">,</w>
                        <w xml:id="t862">je</w>
                        <w xml:id="t863">n'</w>
                        <w xml:id="t864">ai</w>
                        <w xml:id="t865">pas</w>
                        <w xml:id="t866">le</w>
                        <w xml:id="t867">temps</w>
                        <w xml:id="t868">de</w>
                        <w xml:id="t869">savoir</w>
                        <w xml:id="t870">qui</w>
                        <w xml:id="t871">est</w>
                        <w xml:id="t872">qui</w>
                        <w xml:id="t873">»</w>
                        <w xml:id="t874">.</w>
                    </q>
                    <q rend="quotation">
                        <w xml:id="t875">E</w>
                        <w xml:id="t876">'</w>
                        <hi rend="sub">
                            <w xml:id="t877">2</w>
                        </hi>
                        <w xml:id="t878">-</w>
                        <w xml:id="t879">Sylvie</w>
                        <w xml:id="t880">Vartan</w>
                        <w xml:id="t881">:</w>
                        <w xml:id="t882">*</w>
                        <w xml:id="t883">«</w>
                        <w xml:id="t884">Je</w>
                        <w xml:id="t885">n'</w>
                        <w xml:id="t886">en</w>
                        <w xml:id="t887">ai</w>
                        <w xml:id="t888">jamais</w>
                        <w xml:id="t889">eu</w>
                        <w xml:id="t890">l'</w>
                        <w xml:id="t891">occasion</w>
                        <w xml:id="t892">.</w>
                        <w xml:id="t893">Ø</w>
                        <w xml:id="t894">Je</w>
                        <w xml:id="t895">ne</w>
                        <w xml:id="t896">me</w>
                        <w xml:id="t897">serais</w>
                        <w xml:id="t898">jamais</w>
                        <w xml:id="t899">engagée</w>
                        <w xml:id="t900">politiquement</w>
                        <w xml:id="t901">,</w>
                        <w xml:id="t902">je</w>
                        <w xml:id="t903">n'</w>
                        <w xml:id="t904">ai</w>
                        <w xml:id="t905">pas</w>
                        <w xml:id="t906">le</w>
                        <w xml:id="t907">temps</w>
                        <w xml:id="t908">de</w>
                        <w xml:id="t909">savoir</w>
                        <w xml:id="t910">qui</w>
                        <w xml:id="t911">est</w>
                        <w xml:id="t912">qui</w>
                        <w xml:id="t913">»</w>
                        <w xml:id="t914">.</w>
                    </q>
                    <p>
                        <w xml:id="t915">Laissant</w>
                        <w xml:id="t916">entendre</w>
                        <w xml:id="t917">que</w>
                        <w xml:id="t918">le</w>
                        <w xml:id="t919">manque</w>
                        <w xml:id="t920">d'</w>
                        <w xml:id="t921">opportunité</w>
                        <w xml:id="t922">est</w>
                        <w xml:id="t923">la</w>
                        <w xml:id="t924">raison</w>
                        <w xml:id="t925">du</w>
                        <w xml:id="t926">non-engagement</w>
                        <w xml:id="t927">de</w>
                        <w xml:id="t928">cette</w>
                        <w xml:id="t929">artiste</w>
                        <w xml:id="t930">,</w>
                        <w xml:id="t931">la</w>
                        <w xml:id="t932">proposition</w>
                        <w xml:id="t933">«</w>
                        <w xml:id="t934">je</w>
                        <w xml:id="t935">n'</w>
                        <w xml:id="t936">en</w>
                        <w xml:id="t937">ai</w>
                        <w xml:id="t938">jamais</w>
                        <w xml:id="t939">eu</w>
                        <w xml:id="t940">l'</w>
                        <w xml:id="t941">occasion</w>
                        <w xml:id="t942">»</w>
                        <w xml:id="t943">ne</w>
                        <w xml:id="t944">peut</w>
                        <w xml:id="t945">être</w>
                        <w xml:id="t946">enchaînée</w>
                        <w xml:id="t947">directement</w>
                        <w xml:id="t948">à</w>
                        <w xml:id="t949">d'</w>
                        <w xml:id="t950">autres</w>
                        <w xml:id="t951">propositions</w>
                        <w xml:id="t952">,</w>
                        <w xml:id="t953">introduisant</w>
                        <w xml:id="t954">un</w>
                        <w xml:id="t955">raisonnement</w>
                        <w xml:id="t956">autre</w>
                        <w xml:id="t957">.</w>
                    </p>
                </div>
            </div>
            <div type="div1">
                <head subtype="level1">
                    <w xml:id="t958">2</w>
                    <w xml:id="t959">.</w>
                    <hi rend="italic">
                        <w xml:id="t960">De</w>
                        <w xml:id="t961">toute</w>
                        <w xml:id="t962">façon</w>
                    </hi>
                    <w xml:id="t963">:</w>
                    <w xml:id="t964">usages</w>
                    <w xml:id="t965">et</w>
                    <w xml:id="t966">effets</w>
                    <w xml:id="t967">de</w>
                    <w xml:id="t968">sens</w>
                </head>
                <p>
                    <w xml:id="t969">L'</w>
                    <w xml:id="t970">examen</w>
                    <w xml:id="t971">des</w>
                    <w xml:id="t972">séquences</w>
                    <w xml:id="t973">énonciatives</w>
                    <w xml:id="t974">du</w>
                    <w xml:id="t975">type</w>
                    <w xml:id="t976">«</w>
                    <hi rend="bold">
                        <w xml:id="t977">p</w>
                    </hi>
                    <w xml:id="t978">,</w>
                    <hi rend="bold">
                        <w xml:id="t979">q</w>
                    </hi>
                    <hi rend="italic">
                        <w xml:id="t980">de</w>
                        <w xml:id="t981">toute</w>
                        <w xml:id="t982">façon</w>
                    </hi>
                    <hi rend="bold">
                        <w xml:id="t983">r</w>
                    </hi>
                    <w xml:id="t984">»</w>
                    <w xml:id="t985">montre</w>
                    <w xml:id="t986">que</w>
                    <w xml:id="t987">le</w>
                    <w xml:id="t988">connecteur</w>
                    <hi rend="italic">
                        <w xml:id="t989">de</w>
                        <w xml:id="t990">toute</w>
                        <w xml:id="t991">façon</w>
                    </hi>
                    <w xml:id="t992">peut</w>
                    <w xml:id="t993">intervenir</w>
                    <w xml:id="t994">dans</w>
                    <w xml:id="t995">deux</w>
                    <w xml:id="t996">types</w>
                    <w xml:id="t997">d'</w>
                    <w xml:id="t998">énoncés</w>
                    <w xml:id="t999">:</w>
                </p>
                <p>
                    <w xml:id="t1000">●</w>
                    <w xml:id="t1001">Le</w>
                    <w xml:id="t1002">premier</w>
                    <w xml:id="t1003">type</w>
                    <w xml:id="t1004">possède</w>
                    <w xml:id="t1005">,</w>
                    <w xml:id="t1006">avant</w>
                    <w xml:id="t1007">l'</w>
                    <w xml:id="t1008">intervention</w>
                    <w xml:id="t1009">du</w>
                    <w xml:id="t1010">connecteur</w>
                    <w xml:id="t1011">,</w>
                    <w xml:id="t1012">une</w>
                    <w xml:id="t1013">valeur</w>
                    <w xml:id="t1014">argumentative</w>
                    <w xml:id="t1015">.</w>
                </p>
                <p>
                    <w xml:id="t1016">●</w>
                    <w xml:id="t1017">Le</w>
                    <w xml:id="t1018">second</w>
                    <w xml:id="t1019">est</w>
                    <w xml:id="t1020">uniquement</w>
                    <w xml:id="t1021">reformulatif</w>
                    <w xml:id="t1022">,</w>
                    <w xml:id="t1023">et</w>
                    <w xml:id="t1024">cela</w>
                    <w xml:id="t1025">,</w>
                    <w xml:id="t1026">grâce</w>
                    <w xml:id="t1027">à</w>
                    <w xml:id="t1028">la</w>
                    <w xml:id="t1029">présence</w>
                    <w xml:id="t1030">de</w>
                    <hi rend="italic">
                        <w xml:id="t1031">de</w>
                        <w xml:id="t1032">toute</w>
                        <w xml:id="t1033">façon</w>
                        <w xml:id="t1034">.</w>
                    </hi>
                </p>
                <p>
                    <w xml:id="t1035">Notre</w>
                    <w xml:id="t1036">étude</w>
                    <w xml:id="t1037">des</w>
                    <w xml:id="t1038">propriétés</w>
                    <w xml:id="t1039">de</w>
                    <w xml:id="t1040">sens</w>
                    <w xml:id="t1041">et</w>
                    <w xml:id="t1042">d'</w>
                    <w xml:id="t1043">usage</w>
                    <w xml:id="t1044">de</w>
                    <w xml:id="t1045">ce</w>
                    <w xml:id="t1046">mot</w>
                    <w xml:id="t1047">de</w>
                    <w xml:id="t1048">discours</w>
                    <w xml:id="t1049">tentera</w>
                    <w xml:id="t1050">de</w>
                    <w xml:id="t1051">mettre</w>
                    <w xml:id="t1052">l'</w>
                    <w xml:id="t1053">accent</w>
                    <w xml:id="t1054">sur</w>
                    <w xml:id="t1055">son</w>
                    <w xml:id="t1056">fonctionnement</w>
                    <w xml:id="t1057">dans</w>
                    <w xml:id="t1058">le</w>
                    <w xml:id="t1059">second</w>
                    <w xml:id="t1060">type</w>
                    <w xml:id="t1061">d'</w>
                    <w xml:id="t1062">énoncé</w>
                    <w xml:id="t1063">,</w>
                    <w xml:id="t1064">après</w>
                    <w xml:id="t1065">avoir</w>
                    <w xml:id="t1066">présenté</w>
                    <w xml:id="t1067">,</w>
                    <w xml:id="t1068">brièvement</w>
                    <w xml:id="t1069">,</w>
                    <w xml:id="t1070">l'</w>
                    <w xml:id="t1071">effet</w>
                    <w xml:id="t1072">de</w>
                    <w xml:id="t1073">sens</w>
                    <w xml:id="t1074">produit</w>
                    <w xml:id="t1075">dans</w>
                    <w xml:id="t1076">un</w>
                    <w xml:id="t1077">énoncé</w>
                    <w xml:id="t1078">initialement</w>
                    <w xml:id="t1079">argumentatif</w>
                    <w xml:id="t1080">.</w>
                </p>
                <div type="div2">
                    <head subtype="level2">
                        <w xml:id="t1081">2.1</w>
                        <w xml:id="t1082">.</w>
                        <hi rend="italic">
                            <w xml:id="t1083">De</w>
                            <w xml:id="t1084">toute</w>
                            <w xml:id="t1085">façon</w>
                        </hi>
                        <w xml:id="t1086">dans</w>
                        <w xml:id="t1087">un</w>
                        <w xml:id="t1088">énoncé</w>
                        <w xml:id="t1089">initialement</w>
                        <w xml:id="t1090">argumentatif</w>
                    </head>
                    <p>
                        <w xml:id="t1091">L'</w>
                        <w xml:id="t1092">étude</w>
                        <w xml:id="t1093">de</w>
                        <w xml:id="t1094">l'</w>
                        <w xml:id="t1095">énoncé</w>
                        <w xml:id="t1096">E</w>
                        <hi rend="sub">
                            <w xml:id="t1097">3</w>
                        </hi>
                        <w xml:id="t1098">,</w>
                        <w xml:id="t1099">extrait</w>
                        <w xml:id="t1100">de</w>
                        <hi rend="italic">
                            <w xml:id="t1101">Star</w>
                            <w xml:id="t1102">Club</w>
                        </hi>
                        <w xml:id="t1103">(</w>
                        <w xml:id="t1104">n°</w>
                        <w xml:id="t1105">121</w>
                        <w xml:id="t1106">,</w>
                        <w xml:id="t1107">décembre</w>
                        <w xml:id="t1108">1997</w>
                        <w xml:id="t1109">,</w>
                        <w xml:id="t1110">p</w>
                        <w xml:id="t1111">.</w>
                        <w xml:id="t1112">27</w>
                        <w xml:id="t1113">)</w>
                        <w xml:id="t1114">nous</w>
                        <w xml:id="t1115">permettra</w>
                        <w xml:id="t1116">de</w>
                        <w xml:id="t1117">dégager</w>
                        <w xml:id="t1118">les</w>
                        <w xml:id="t1119">propriétés</w>
                        <w xml:id="t1120">relatives</w>
                        <w xml:id="t1121">à</w>
                        <w xml:id="t1122">l'</w>
                        <w xml:id="t1123">effet</w>
                        <w xml:id="t1124">de</w>
                        <w xml:id="t1125">sens</w>
                        <w xml:id="t1126">produit</w>
                        <w xml:id="t1127">par</w>
                        <hi rend="italic">
                            <w xml:id="t1128">de</w>
                            <w xml:id="t1129">toute</w>
                            <w xml:id="t1130">façon</w>
                        </hi>
                        <w xml:id="t1131">ainsi</w>
                        <w xml:id="t1132">qu'</w>
                        <w xml:id="t1133">à</w>
                        <w xml:id="t1134">celles</w>
                        <w xml:id="t1135">des</w>
                        <w xml:id="t1136">cooccurrences</w>
                        <w xml:id="t1137">de</w>
                        <w xml:id="t1138">ce</w>
                        <w xml:id="t1139">connecteur</w>
                        <w xml:id="t1140">.</w>
                    </p>
                    <p>
                        <w xml:id="t1141">E</w>
                        <hi rend="sub">
                            <w xml:id="t1142">3</w>
                        </hi>
                        <w xml:id="t1143">-</w>
                        <hi rend="italic">
                            <w xml:id="t1144">Star</w>
                            <w xml:id="t1145">Club</w>
                        </hi>
                        <w xml:id="t1146">demande</w>
                        <w xml:id="t1147">à</w>
                        <w xml:id="t1148">Victoria</w>
                        <w xml:id="t1149">Adams</w>
                        <w xml:id="t1150">(</w>
                        <w xml:id="t1151">Spice</w>
                        <w xml:id="t1152">Girls</w>
                        <w xml:id="t1153">)</w>
                        <w xml:id="t1154">:</w>
                        <w xml:id="t1155">«</w>
                        <w xml:id="t1156">Et</w>
                        <w xml:id="t1157">côté</w>
                        <w xml:id="t1158">cœur</w>
                        <w xml:id="t1159">?</w>
                        <w xml:id="t1160">»</w>
                        <w xml:id="t1161">.</w>
                    </p>
                    <q rend="quotation">
                        <w xml:id="t1162">–</w>
                        <w xml:id="t1163">V.A</w>
                        <w xml:id="t1164">.</w>
                        <w xml:id="t1165">:</w>
                        <w xml:id="t1166">«</w>
                        <w xml:id="t1167">Je</w>
                        <w xml:id="t1168">suis</w>
                        <w xml:id="t1169">la</w>
                        <w xml:id="t1170">seule</w>
                        <w xml:id="t1171">du</w>
                        <w xml:id="t1172">groupe</w>
                        <w xml:id="t1173">qui</w>
                        <w xml:id="t1174">soit</w>
                        <w xml:id="t1175">vraiment</w>
                        <w xml:id="t1176">amoureuse</w>
                        <w xml:id="t1177">d'</w>
                        <w xml:id="t1178">un</w>
                        <w xml:id="t1179">garçon</w>
                        <w xml:id="t1180">(</w>
                        <w xml:id="t1181">…</w>
                        <w xml:id="t1182">)</w>
                        <w xml:id="t1183">.</w>
                        <w xml:id="t1184">J'</w>
                        <w xml:id="t1185">ai</w>
                        <w xml:id="t1186">beaucoup</w>
                        <w xml:id="t1187">de</w>
                        <w xml:id="t1188">chance</w>
                        <w xml:id="t1189">d'</w>
                        <w xml:id="t1190">avoir</w>
                        <w xml:id="t1191">rencontré</w>
                        <w xml:id="t1192">David</w>
                        <w xml:id="t1193">.</w>
                        <w xml:id="t1194">(</w>
                        <w xml:id="t1195">…</w>
                        <w xml:id="t1196">)</w>
                        <w xml:id="t1197">Nous</w>
                        <w xml:id="t1198">nous</w>
                        <w xml:id="t1199">téléphonons</w>
                        <w xml:id="t1200">tous</w>
                        <w xml:id="t1201">les</w>
                        <w xml:id="t1202">jours</w>
                        <w xml:id="t1203">et</w>
                        <w xml:id="t1204">nous</w>
                        <w xml:id="t1205">nous</w>
                        <w xml:id="t1206">voyons</w>
                        <w xml:id="t1207">dès</w>
                        <w xml:id="t1208">que</w>
                        <w xml:id="t1209">possible</w>
                        <w xml:id="t1210">.</w>
                        <w xml:id="t1211">Malgré</w>
                        <w xml:id="t1212">nos</w>
                        <w xml:id="t1213">carrières</w>
                        <w xml:id="t1214">respectives</w>
                        <w xml:id="t1215">,</w>
                        <w xml:id="t1216">notre</w>
                        <w xml:id="t1217">relation</w>
                        <w xml:id="t1218">fonctionne</w>
                        <w xml:id="t1219">(</w>
                        <hi rend="bold">
                            <w xml:id="t1220">p</w>
                        </hi>
                        <w xml:id="t1221">)</w>
                        <w xml:id="t1222">.</w>
                        <hi rend="italic">
                            <w xml:id="t1223">De</w>
                            <w xml:id="t1224">toute</w>
                        </hi>
                        <hi rend="italic">
                            <w xml:id="t1225">façon</w>
                            <w xml:id="t1226">,</w>
                        </hi>
                        <w xml:id="t1227">il</w>
                        <w xml:id="t1228">suffit</w>
                        <w xml:id="t1229">que</w>
                        <w xml:id="t1230">je</w>
                        <w xml:id="t1231">lise</w>
                        <w xml:id="t1232">les</w>
                        <w xml:id="t1233">journaux</w>
                        <w xml:id="t1234">,</w>
                        <w xml:id="t1235">que</w>
                        <w xml:id="t1236">je</w>
                        <w xml:id="t1237">regarde</w>
                        <w xml:id="t1238">la</w>
                        <w xml:id="t1239">télé</w>
                        <w xml:id="t1240">par</w>
                        <w xml:id="t1241">satellite</w>
                        <w xml:id="t1242">pour</w>
                        <w xml:id="t1243">voir</w>
                        <w xml:id="t1244">David</w>
                        <w xml:id="t1245">(</w>
                        <hi rend="bold">
                            <w xml:id="t1246">r</w>
                        </hi>
                        <w xml:id="t1247">)</w>
                        <w xml:id="t1248">.</w>
                        <w xml:id="t1249">»</w>
                    </q>
                    <p>
                        <hi rend="italic">
                            <w xml:id="t1250">De</w>
                            <w xml:id="t1251">toute</w>
                            <w xml:id="t1252">façon</w>
                        </hi>
                        <w xml:id="t1253">permet</w>
                        <w xml:id="t1254">au</w>
                        <w xml:id="t1255">locuteur</w>
                        <w xml:id="t1256">d'</w>
                        <w xml:id="t1257">élaborer</w>
                        <w xml:id="t1258">son</w>
                        <w xml:id="t1259">acte</w>
                        <w xml:id="t1260">de</w>
                        <w xml:id="t1261">langage</w>
                        <w xml:id="t1262">en</w>
                        <w xml:id="t1263">deux</w>
                        <w xml:id="t1264">temps</w>
                        <w xml:id="t1265">.</w>
                        <w xml:id="t1266">En</w>
                        <w xml:id="t1267">E</w>
                        <hi rend="sub">
                            <w xml:id="t1268">3</w>
                        </hi>
                        <w xml:id="t1269">,</w>
                        <w xml:id="t1270">Victoria</w>
                        <w xml:id="t1271">Adams</w>
                        <w xml:id="t1272">conclut</w>
                        <w xml:id="t1273">d'</w>
                        <w xml:id="t1274">abord</w>
                        <w xml:id="t1275">un</w>
                        <w xml:id="t1276">acte</w>
                        <w xml:id="t1277">discursif</w>
                        <w xml:id="t1278">par</w>
                        <w xml:id="t1279">l'</w>
                        <w xml:id="t1280">énoncé</w>
                        <w xml:id="t1281">«</w>
                        <w xml:id="t1282">malgré</w>
                        <w xml:id="t1283">nos</w>
                        <w xml:id="t1284">carrières</w>
                        <w xml:id="t1285">respectives</w>
                        <w xml:id="t1286">,</w>
                        <w xml:id="t1287">notre</w>
                        <w xml:id="t1288">relation</w>
                        <w xml:id="t1289">fonctionne</w>
                        <w xml:id="t1290">»</w>
                        <w xml:id="t1291">.</w>
                        <w xml:id="t1292">Il</w>
                        <w xml:id="t1293">s'</w>
                        <w xml:id="t1294">agit</w>
                        <w xml:id="t1295">ici</w>
                        <w xml:id="t1296">d'</w>
                        <w xml:id="t1297">un</w>
                        <w xml:id="t1298">premier</w>
                        <w xml:id="t1299">point</w>
                        <w xml:id="t1300">de</w>
                        <w xml:id="t1301">vue</w>
                        <w xml:id="t1302">:</w>
                        <w xml:id="t1303">«</w>
                        <w xml:id="t1304">nous</w>
                        <w xml:id="t1305">menons</w>
                        <w xml:id="t1306">des</w>
                        <w xml:id="t1307">carrières</w>
                        <w xml:id="t1308">séparées</w>
                        <w xml:id="t1309">donc</w>
                        <w xml:id="t1310">des</w>
                        <w xml:id="t1311">vies</w>
                        <w xml:id="t1312">distinctes</w>
                        <w xml:id="t1313">mais</w>
                        <w xml:id="t1314">notre</w>
                        <w xml:id="t1315">amour</w>
                        <w xml:id="t1316">survit</w>
                        <w xml:id="t1317">car</w>
                        <w xml:id="t1318">nous</w>
                        <w xml:id="t1319">nous</w>
                        <w xml:id="t1320">voyons</w>
                        <w xml:id="t1321">dès</w>
                        <w xml:id="t1322">que</w>
                        <w xml:id="t1323">possible</w>
                        <w xml:id="t1324">»</w>
                        <w xml:id="t1325">.</w>
                        <w xml:id="t1326">Puis</w>
                        <w xml:id="t1327">,</w>
                        <w xml:id="t1328">changeant</w>
                        <w xml:id="t1329">de</w>
                        <w xml:id="t1330">perspective</w>
                        <w xml:id="t1331">énonciative</w>
                        <w xml:id="t1332">,</w>
                        <w xml:id="t1333">elle</w>
                        <w xml:id="t1334">subordonne</w>
                        <w xml:id="t1335">rétroactivement</w>
                        <w xml:id="t1336">cet</w>
                        <w xml:id="t1337">acte</w>
                        <w xml:id="t1338">discursif</w>
                        <w xml:id="t1339">à</w>
                        <w xml:id="t1340">un</w>
                        <w xml:id="t1341">autre</w>
                        <w xml:id="t1342">à</w>
                        <w xml:id="t1343">l'</w>
                        <w xml:id="t1344">aide</w>
                        <w xml:id="t1345">du</w>
                        <w xml:id="t1346">connecteur</w>
                        <w xml:id="t1347">reformulatif</w>
                        <hi rend="italic">
                            <w xml:id="t1348">de</w>
                            <w xml:id="t1349">toute</w>
                            <w xml:id="t1350">façon</w>
                            <w xml:id="t1351">:</w>
                        </hi>
                        <w xml:id="t1352">«</w>
                        <hi rend="italic">
                            <w xml:id="t1353">de</w>
                            <w xml:id="t1354">toute</w>
                            <w xml:id="t1355">façon</w>
                        </hi>
                        <w xml:id="t1356">,</w>
                        <w xml:id="t1357">il</w>
                        <w xml:id="t1358">suffit</w>
                        <w xml:id="t1359">que</w>
                        <w xml:id="t1360">je</w>
                        <w xml:id="t1361">lise</w>
                        <w xml:id="t1362">les</w>
                        <w xml:id="t1363">journaux…</w>
                        <w xml:id="t1364">pour</w>
                        <w xml:id="t1365">voir</w>
                        <w xml:id="t1366">David</w>
                        <w xml:id="t1367">»</w>
                        <w xml:id="t1368">.</w>
                        <w xml:id="t1369">Ce</w>
                        <w xml:id="t1370">dernier</w>
                        <w xml:id="t1371">constitue</w>
                        <w xml:id="t1372">la</w>
                        <w xml:id="t1373">formulation</w>
                        <w xml:id="t1374">nouvelle</w>
                        <w xml:id="t1375">et</w>
                        <w xml:id="t1376">par</w>
                        <w xml:id="t1377">conséquent</w>
                        <w xml:id="t1378">définitive</w>
                        <w xml:id="t1379">du</w>
                        <w xml:id="t1380">premier</w>
                        <w xml:id="t1381">point</w>
                        <w xml:id="t1382">de</w>
                        <w xml:id="t1383">vue</w>
                        <w xml:id="t1384">:</w>
                        <w xml:id="t1385">«</w>
                        <w xml:id="t1386">la</w>
                        <w xml:id="t1387">réussite</w>
                        <w xml:id="t1388">de</w>
                        <w xml:id="t1389">notre</w>
                        <w xml:id="t1390">relation</w>
                        <w xml:id="t1391">n'</w>
                        <w xml:id="t1392">est</w>
                        <w xml:id="t1393">pas</w>
                        <w xml:id="t1394">tributaire</w>
                        <w xml:id="t1395">de</w>
                        <w xml:id="t1396">rencontres</w>
                        <w xml:id="t1397">réelles</w>
                        <w xml:id="t1398">.</w>
                        <w xml:id="t1399">Les</w>
                        <w xml:id="t1400">médias</w>
                        <w xml:id="t1401">remédient</w>
                        <w xml:id="t1402">à</w>
                        <w xml:id="t1403">cette</w>
                        <w xml:id="t1404">lacune</w>
                        <w xml:id="t1405">et</w>
                        <w xml:id="t1406">permettent</w>
                        <w xml:id="t1407">de</w>
                        <w xml:id="t1408">maintenir</w>
                        <w xml:id="t1409">notre</w>
                        <w xml:id="t1410">amour</w>
                        <w xml:id="t1411">»</w>
                        <w xml:id="t1412">.</w>
                    </p>
                    <p>
                        <w xml:id="t1413">Comme</w>
                        <w xml:id="t1414">précédemment</w>
                        <w xml:id="t1415">annoncé</w>
                        <w xml:id="t1416">,</w>
                        <w xml:id="t1417">nous</w>
                        <w xml:id="t1418">avançons</w>
                        <w xml:id="t1419">l'</w>
                        <w xml:id="t1420">hypothèse</w>
                        <w xml:id="t1421">que</w>
                        <w xml:id="t1422">E</w>
                        <hi rend="sub">
                            <w xml:id="t1423">3</w>
                        </hi>
                        <w xml:id="t1424">représentait</w>
                        <w xml:id="t1425">,</w>
                        <w xml:id="t1426">avant</w>
                        <w xml:id="t1427">l'</w>
                        <w xml:id="t1428">intervention</w>
                        <w xml:id="t1429">de</w>
                        <hi rend="italic">
                            <w xml:id="t1430">de</w>
                            <w xml:id="t1431">toute</w>
                            <w xml:id="t1432">façon</w>
                        </hi>
                        <w xml:id="t1433">,</w>
                        <w xml:id="t1434">un</w>
                        <w xml:id="t1435">acte</w>
                        <w xml:id="t1436">du</w>
                        <w xml:id="t1437">discours</w>
                        <w xml:id="t1438">argumentatif</w>
                        <w xml:id="t1439">.</w>
                        <w xml:id="t1440">Autrement</w>
                        <w xml:id="t1441">dit</w>
                        <w xml:id="t1442">,</w>
                        <w xml:id="t1443">la</w>
                        <w xml:id="t1444">suppression</w>
                        <w xml:id="t1445">du</w>
                        <w xml:id="t1446">connecteur</w>
                        <w xml:id="t1447">reformulatif</w>
                        <w xml:id="t1448">donnera</w>
                        <w xml:id="t1449">à</w>
                        <w xml:id="t1450">lire</w>
                        <w xml:id="t1451">l'</w>
                        <w xml:id="t1452">énoncé</w>
                        <w xml:id="t1453">«</w>
                        <w xml:id="t1454">il</w>
                        <w xml:id="t1455">suffit</w>
                        <w xml:id="t1456">que</w>
                        <w xml:id="t1457">je</w>
                        <w xml:id="t1458">lise</w>
                        <w xml:id="t1459">les</w>
                        <w xml:id="t1460">journaux…</w>
                        <w xml:id="t1461">voir</w>
                        <w xml:id="t1462">David</w>
                        <w xml:id="t1463">»</w>
                        <w xml:id="t1464">comme</w>
                        <w xml:id="t1465">étant</w>
                        <w xml:id="t1466">un</w>
                        <w xml:id="t1467">argument</w>
                        <w xml:id="t1468">appuyant</w>
                        <w xml:id="t1469">la</w>
                        <w xml:id="t1470">conclusion</w>
                        <w xml:id="t1471">«</w>
                        <w xml:id="t1472">notre</w>
                        <w xml:id="t1473">relation</w>
                        <w xml:id="t1474">fonctionne</w>
                        <w xml:id="t1475">»</w>
                        <w xml:id="t1476">.</w>
                    </p>
                    <p>
                        <w xml:id="t1477">En</w>
                        <w xml:id="t1478">voici</w>
                        <w xml:id="t1479">l'</w>
                        <w xml:id="t1480">explication</w>
                        <w xml:id="t1481">:</w>
                    </p>
                    <q rend="quotation">
                        <w xml:id="t1482">E</w>
                        <w xml:id="t1483">'</w>
                        <hi rend="sub">
                            <w xml:id="t1484">3</w>
                        </hi>
                        <w xml:id="t1485">:</w>
                        <w xml:id="t1486">«</w>
                        <w xml:id="t1487">Malgré</w>
                        <w xml:id="t1488">nos</w>
                        <w xml:id="t1489">carrières</w>
                        <w xml:id="t1490">respectives</w>
                        <w xml:id="t1491">,</w>
                        <w xml:id="t1492">notre</w>
                        <w xml:id="t1493">relation</w>
                        <w xml:id="t1494">fonctionne</w>
                        <w xml:id="t1495">(</w>
                        <hi rend="bold">
                            <w xml:id="t1496">p</w>
                        </hi>
                        <w xml:id="t1497">)</w>
                        <w xml:id="t1498">.</w>
                        <w xml:id="t1499">Ø</w>
                        <w xml:id="t1500">Il</w>
                        <w xml:id="t1501">suffit</w>
                        <w xml:id="t1502">que</w>
                        <w xml:id="t1503">je</w>
                        <w xml:id="t1504">lise</w>
                        <w xml:id="t1505">les</w>
                        <w xml:id="t1506">journaux</w>
                        <w xml:id="t1507">,</w>
                        <w xml:id="t1508">que</w>
                        <w xml:id="t1509">je</w>
                        <w xml:id="t1510">regarde</w>
                        <w xml:id="t1511">la</w>
                        <w xml:id="t1512">télé</w>
                        <w xml:id="t1513">par</w>
                        <w xml:id="t1514">satellite</w>
                        <w xml:id="t1515">pour</w>
                        <w xml:id="t1516">voir</w>
                        <w xml:id="t1517">David(</w>
                        <hi rend="bold">
                            <w xml:id="t1518">r</w>
                        </hi>
                        <w xml:id="t1519">)</w>
                        <w xml:id="t1520">»</w>
                        <w xml:id="t1521">.</w>
                    </q>
                    <p>
                        <w xml:id="t1522">En</w>
                        <w xml:id="t1523">E</w>
                        <w xml:id="t1524">'</w>
                        <hi rend="sub">
                            <w xml:id="t1525">3</w>
                        </hi>
                        <w xml:id="t1526">,</w>
                        <w xml:id="t1527">le</w>
                        <w xml:id="t1528">locuteur</w>
                        <w xml:id="t1529">semble</w>
                        <w xml:id="t1530">adopter</w>
                        <w xml:id="t1531">le</w>
                        <w xml:id="t1532">topos</w>
                        <anchor xml:id="idm46149484708864"/>
                        <w xml:id="t1533">«</w>
                        <w xml:id="t1534">loin</w>
                        <w xml:id="t1535">des</w>
                        <w xml:id="t1536">yeux</w>
                        <w xml:id="t1537">loin</w>
                        <w xml:id="t1538">du</w>
                        <w xml:id="t1539">cœur</w>
                        <w xml:id="t1540">»</w>
                        <w xml:id="t1541">.</w>
                        <w xml:id="t1542">En</w>
                        <w xml:id="t1543">d'</w>
                        <w xml:id="t1544">autres</w>
                        <w xml:id="t1545">termes</w>
                        <w xml:id="t1546">,</w>
                        <w xml:id="t1547">selon</w>
                        <w xml:id="t1548">lui</w>
                        <w xml:id="t1549">,</w>
                        <w xml:id="t1550">il</w>
                        <w xml:id="t1551">faut</w>
                        <w xml:id="t1552">voir</w>
                        <w xml:id="t1553">celui/</w>
                        <w xml:id="t1554">celle</w>
                        <w xml:id="t1555">qu'</w>
                        <w xml:id="t1556">on</w>
                        <w xml:id="t1557">aime</w>
                        <w xml:id="t1558">pour</w>
                        <w xml:id="t1559">que</w>
                        <w xml:id="t1560">l'</w>
                        <w xml:id="t1561">amour</w>
                        <w xml:id="t1562">survive</w>
                        <w xml:id="t1563">.</w>
                        <w xml:id="t1564">Ainsi</w>
                        <w xml:id="t1565">le</w>
                        <w xml:id="t1566">fait</w>
                        <w xml:id="t1567">de</w>
                        <w xml:id="t1568">se</w>
                        <w xml:id="t1569">voir</w>
                        <w xml:id="t1570">,</w>
                        <w xml:id="t1571">même</w>
                        <w xml:id="t1572">indirectement</w>
                        <w xml:id="t1573">à</w>
                        <w xml:id="t1574">travers</w>
                        <w xml:id="t1575">les</w>
                        <w xml:id="t1576">médias</w>
                        <w xml:id="t1577">,</w>
                        <w xml:id="t1578">constitue</w>
                        <w xml:id="t1579">-t-il</w>
                        <w xml:id="t1580">un</w>
                        <w xml:id="t1581">moyen</w>
                        <w xml:id="t1582">pour</w>
                        <w xml:id="t1583">sauvegarder</w>
                        <w xml:id="t1584">cet</w>
                        <w xml:id="t1585">amour</w>
                        <w xml:id="t1586">.</w>
                        <w xml:id="t1587">Il</w>
                        <w xml:id="t1588">n'</w>
                        <w xml:id="t1589">est</w>
                        <w xml:id="t1590">donc</w>
                        <w xml:id="t1591">pas</w>
                        <w xml:id="t1592">impossible</w>
                        <w xml:id="t1593">d'</w>
                        <w xml:id="t1594">introduire</w>
                        <w xml:id="t1595">,</w>
                        <w xml:id="t1596">sans</w>
                        <w xml:id="t1597">modifier</w>
                        <w xml:id="t1598">le</w>
                        <w xml:id="t1599">sens</w>
                        <w xml:id="t1600">de</w>
                        <w xml:id="t1601">E</w>
                        <w xml:id="t1602">'</w>
                        <hi rend="sub">
                            <w xml:id="t1603">3</w>
                            <w xml:id="t1604">,</w>
                        </hi>
                        <w xml:id="t1605">un</w>
                        <w xml:id="t1606">connecteur</w>
                        <w xml:id="t1607">à</w>
                        <w xml:id="t1608">usage</w>
                        <w xml:id="t1609">argumentatif</w>
                        <w xml:id="t1610">comme</w>
                        <hi rend="italic">
                            <w xml:id="t1611">d'</w>
                            <w xml:id="t1612">ailleurs</w>
                        </hi>
                        <w xml:id="t1613">:</w>
                    </p>
                    <q rend="quotation">
                        <w xml:id="t1614">Malgré</w>
                        <w xml:id="t1615">nos</w>
                        <w xml:id="t1616">carrières</w>
                        <w xml:id="t1617">respectives</w>
                        <w xml:id="t1618">,</w>
                        <w xml:id="t1619">notre</w>
                        <w xml:id="t1620">relation</w>
                        <w xml:id="t1621">fonctionne</w>
                        <w xml:id="t1622">(</w>
                        <hi rend="bold">
                            <w xml:id="t1623">r</w>
                        </hi>
                        <w xml:id="t1624">)</w>
                        <w xml:id="t1625">.</w>
                        <hi rend="italic">
                            <w xml:id="t1626">D'</w>
                            <w xml:id="t1627">ailleurs</w>
                        </hi>
                        <w xml:id="t1628">,</w>
                        <w xml:id="t1629">il</w>
                        <w xml:id="t1630">suffit</w>
                        <w xml:id="t1631">que</w>
                        <w xml:id="t1632">je</w>
                        <w xml:id="t1633">lise</w>
                        <w xml:id="t1634">les</w>
                        <w xml:id="t1635">journaux</w>
                        <w xml:id="t1636">,</w>
                        <w xml:id="t1637">que</w>
                        <w xml:id="t1638">je</w>
                        <w xml:id="t1639">regarde</w>
                        <w xml:id="t1640">la</w>
                        <w xml:id="t1641">télé</w>
                        <w xml:id="t1642">par</w>
                        <w xml:id="t1643">satellite</w>
                        <w xml:id="t1644">pour</w>
                        <w xml:id="t1645">voir</w>
                        <w xml:id="t1646">David(</w>
                        <hi rend="bold">
                            <w xml:id="t1647">q</w>
                        </hi>
                        <w xml:id="t1648">)</w>
                        <anchor xml:id="idm46149484702560"/>
                        <w xml:id="t1649">.</w>
                    </q>
                    <p>
                        <w xml:id="t1650">Dans</w>
                        <w xml:id="t1651">cet</w>
                        <w xml:id="t1652">enchâssement</w>
                        <w xml:id="t1653">de</w>
                        <w xml:id="t1654">l'</w>
                        <w xml:id="t1655">argumentatif</w>
                        <w xml:id="t1656">au</w>
                        <w xml:id="t1657">reformulatif</w>
                        <w xml:id="t1658">,</w>
                        <hi rend="italic">
                            <w xml:id="t1659">de</w>
                            <w xml:id="t1660">toute</w>
                            <w xml:id="t1661">façon</w>
                        </hi>
                        <w xml:id="t1662">permet</w>
                        <w xml:id="t1663">d'</w>
                        <w xml:id="t1664">invalider</w>
                        <w xml:id="t1665">la</w>
                        <w xml:id="t1666">pertinence</w>
                        <w xml:id="t1667">du</w>
                        <w xml:id="t1668">point</w>
                        <w xml:id="t1669">de</w>
                        <w xml:id="t1670">vue</w>
                        <w xml:id="t1671">initial</w>
                        <w xml:id="t1672">,</w>
                        <w xml:id="t1673">selon</w>
                        <w xml:id="t1674">l'</w>
                        <w xml:id="t1675">une</w>
                        <w xml:id="t1676">des</w>
                        <w xml:id="t1677">deux</w>
                        <w xml:id="t1678">manières</w>
                        <w xml:id="t1679">suivantes</w>
                        <anchor xml:id="idm46149484693280"/>
                        <w xml:id="t1680">:</w>
                    </p>
                    <p>
                        <w xml:id="t1681">●</w>
                        <w xml:id="t1682">L'</w>
                        <w xml:id="t1683">invalidation</w>
                        <w xml:id="t1684">consiste</w>
                        <w xml:id="t1685">en</w>
                        <w xml:id="t1686">leur</w>
                        <w xml:id="t1687">remise</w>
                        <w xml:id="t1688">en</w>
                        <w xml:id="t1689">cause</w>
                        <w xml:id="t1690">de</w>
                        <w xml:id="t1691">l'</w>
                        <w xml:id="t1692">énonciation</w>
                        <w xml:id="t1693">de</w>
                        <hi rend="bold">
                            <w xml:id="t1694">p</w>
                        </hi>
                        <w xml:id="t1695">,</w>
                        <w xml:id="t1696">en</w>
                        <w xml:id="t1697">tant</w>
                        <w xml:id="t1698">que</w>
                        <w xml:id="t1699">proposition</w>
                        <w xml:id="t1700">ayant</w>
                        <w xml:id="t1701">une</w>
                        <w xml:id="t1702">valeur</w>
                        <w xml:id="t1703">argumentative</w>
                        <w xml:id="t1704">.</w>
                    </p>
                    <p>
                        <w xml:id="t1705">E</w>
                        <hi rend="sub">
                            <w xml:id="t1706">3</w>
                        </hi>
                        <w xml:id="t1707">se</w>
                        <w xml:id="t1708">paraphrase</w>
                        <anchor xml:id="idm46149484689808"/>
                        <w xml:id="t1709">alors</w>
                        <w xml:id="t1710">comme</w>
                        <w xml:id="t1711">suit</w>
                        <w xml:id="t1712">:</w>
                        <w xml:id="t1713">«</w>
                        <w xml:id="t1714">affirmer</w>
                        <w xml:id="t1715">la</w>
                        <w xml:id="t1716">réussite</w>
                        <w xml:id="t1717">de</w>
                        <w xml:id="t1718">la</w>
                        <w xml:id="t1719">relation</w>
                        <w xml:id="t1720">amoureuse</w>
                        <w xml:id="t1721">en</w>
                        <w xml:id="t1722">dépit</w>
                        <w xml:id="t1723">des</w>
                        <w xml:id="t1724">carrières</w>
                        <w xml:id="t1725">accaparantes</w>
                        <w xml:id="t1726">ne</w>
                        <w xml:id="t1727">sert</w>
                        <w xml:id="t1728">à</w>
                        <w xml:id="t1729">rien</w>
                        <w xml:id="t1730">.</w>
                        <w xml:id="t1731">La</w>
                        <w xml:id="t1732">raison</w>
                        <w xml:id="t1733">en</w>
                        <w xml:id="t1734">est</w>
                        <w xml:id="t1735">que</w>
                        <w xml:id="t1736">cette</w>
                        <w xml:id="t1737">réussite</w>
                        <w xml:id="t1738">est</w>
                        <w xml:id="t1739">garantie</w>
                        <w xml:id="t1740">,</w>
                        <w xml:id="t1741">indépendamment</w>
                        <w xml:id="t1742">de</w>
                        <w xml:id="t1743">ce</w>
                        <w xml:id="t1744">fait</w>
                        <w xml:id="t1745">,</w>
                        <w xml:id="t1746">grâce</w>
                        <w xml:id="t1747">aux</w>
                        <w xml:id="t1748">mass</w>
                        <w xml:id="t1749">media</w>
                        <w xml:id="t1750">»</w>
                        <w xml:id="t1751">.</w>
                    </p>
                    <p>
                        <w xml:id="t1752">Dans</w>
                        <w xml:id="t1753">ce</w>
                        <w xml:id="t1754">cas</w>
                        <w xml:id="t1755">de</w>
                        <w xml:id="t1756">figure</w>
                        <w xml:id="t1757">,</w>
                        <hi rend="italic">
                            <w xml:id="t1758">de</w>
                            <w xml:id="t1759">toute</w>
                            <w xml:id="t1760">façon</w>
                        </hi>
                        <w xml:id="t1761">enchaîne</w>
                        <w xml:id="t1762">directement</w>
                        <w xml:id="t1763">sur</w>
                        <w xml:id="t1764">l'</w>
                        <w xml:id="t1765">énoncé</w>
                        <hi rend="bold">
                            <w xml:id="t1766">p</w>
                        </hi>
                        <w xml:id="t1767">,</w>
                        <w xml:id="t1768">dont</w>
                        <w xml:id="t1769">il</w>
                        <w xml:id="t1770">invalide</w>
                        <w xml:id="t1771">la</w>
                        <w xml:id="t1772">valeur</w>
                        <w xml:id="t1773">d'</w>
                        <w xml:id="t1774">argument</w>
                        <w xml:id="t1775">,</w>
                        <w xml:id="t1776">et</w>
                        <w xml:id="t1777">par</w>
                        <w xml:id="t1778">ailleurs</w>
                        <w xml:id="t1779">le</w>
                        <w xml:id="t1780">bien</w>
                        <w xml:id="t1781">fondé</w>
                        <w xml:id="t1782">de</w>
                        <w xml:id="t1783">l'</w>
                        <w xml:id="t1784">énonciation</w>
                        <w xml:id="t1785">.</w>
                        <w xml:id="t1786">Il</w>
                        <w xml:id="t1787">annule</w>
                        <w xml:id="t1788">donc</w>
                        <w xml:id="t1789">la</w>
                        <w xml:id="t1790">fonction</w>
                        <w xml:id="t1791">interactive</w>
                        <w xml:id="t1792">d'</w>
                        <w xml:id="t1793">argument</w>
                        <w xml:id="t1794">à</w>
                        <w xml:id="t1795">conclusion</w>
                        <w xml:id="t1796">la</w>
                        <w xml:id="t1797">remplaçant</w>
                        <w xml:id="t1798">par</w>
                        <w xml:id="t1799">une</w>
                        <w xml:id="t1800">fonction</w>
                        <w xml:id="t1801">interactive</w>
                        <w xml:id="t1802">de</w>
                        <w xml:id="t1803">reformulation</w>
                        <anchor xml:id="idm46149484683936"/>
                        <w xml:id="t1804">.</w>
                    </p>
                    <p>
                        <w xml:id="t1805">●</w>
                        <w xml:id="t1806">L'</w>
                        <w xml:id="t1807">invalidation</w>
                        <w xml:id="t1808">consiste</w>
                        <w xml:id="t1809">en</w>
                        <w xml:id="t1810">la</w>
                        <w xml:id="t1811">remise</w>
                        <w xml:id="t1812">en</w>
                        <w xml:id="t1813">cause</w>
                        <w xml:id="t1814">d'</w>
                        <w xml:id="t1815">un</w>
                        <w xml:id="t1816">argument</w>
                        <w xml:id="t1817">implicite</w>
                        <hi rend="bold">
                            <w xml:id="t1818">q</w>
                        </hi>
                        <w xml:id="t1819">,</w>
                        <w xml:id="t1820">anti-orienté</w>
                        <w xml:id="t1821">par</w>
                        <w xml:id="t1822">rapport</w>
                        <w xml:id="t1823">à</w>
                        <hi rend="bold">
                            <w xml:id="t1824">p</w>
                        </hi>
                        <w xml:id="t1825">,</w>
                        <w xml:id="t1826">et</w>
                        <w xml:id="t1827">représentant</w>
                        <w xml:id="t1828">l'</w>
                        <w xml:id="t1829">objection</w>
                        <w xml:id="t1830">éventuelle</w>
                        <w xml:id="t1831">d'</w>
                        <w xml:id="t1832">un</w>
                        <w xml:id="t1833">interlocuteur</w>
                        <anchor xml:id="idm46149484679104"/>
                        <w xml:id="t1834">.</w>
                        <w xml:id="t1835">Une</w>
                        <w xml:id="t1836">modification</w>
                        <w xml:id="t1837">sur</w>
                        <w xml:id="t1838">E</w>
                        <hi rend="sub">
                            <w xml:id="t1839">3</w>
                        </hi>
                        <w xml:id="t1840">permet</w>
                        <w xml:id="t1841">d'</w>
                        <w xml:id="t1842">expliciter</w>
                        <hi rend="bold">
                            <w xml:id="t1843">q</w>
                        </hi>
                        <w xml:id="t1844">:</w>
                    </p>
                    <q rend="quotation">
                        <w xml:id="t1845">«</w>
                        <w xml:id="t1846">Malgré</w>
                        <w xml:id="t1847">nos</w>
                        <w xml:id="t1848">carrières</w>
                        <w xml:id="t1849">respectives</w>
                        <w xml:id="t1850">,</w>
                        <w xml:id="t1851">notre</w>
                        <w xml:id="t1852">relation</w>
                        <w xml:id="t1853">fonctionne</w>
                        <w xml:id="t1854">(</w>
                        <hi rend="bold">
                            <w xml:id="t1855">p</w>
                        </hi>
                        <w xml:id="t1856">)</w>
                        <w xml:id="t1857">.</w>
                        <w xml:id="t1858">Il</w>
                        <w xml:id="t1859">est</w>
                        <w xml:id="t1860">vrai</w>
                        <w xml:id="t1861">que</w>
                        <w xml:id="t1862">parfois</w>
                        <w xml:id="t1863">des</w>
                        <w xml:id="t1864">semaines</w>
                        <w xml:id="t1865">s'</w>
                        <w xml:id="t1866">écoulent</w>
                        <w xml:id="t1867">sans</w>
                        <w xml:id="t1868">que</w>
                        <w xml:id="t1869">l'</w>
                        <w xml:id="t1870">on</w>
                        <w xml:id="t1871">se</w>
                        <w xml:id="t1872">rencontre</w>
                        <w xml:id="t1873">(</w>
                        <hi rend="bold">
                            <w xml:id="t1874">q</w>
                        </hi>
                        <w xml:id="t1875">)</w>
                        <w xml:id="t1876">.</w>
                        <hi rend="italic">
                            <w xml:id="t1877">De</w>
                            <w xml:id="t1878">toute</w>
                        </hi>
                        <hi rend="italic">
                            <w xml:id="t1879">façon</w>
                        </hi>
                        <w xml:id="t1880">,</w>
                        <w xml:id="t1881">il</w>
                        <w xml:id="t1882">suffit</w>
                        <w xml:id="t1883">que</w>
                        <w xml:id="t1884">je</w>
                        <w xml:id="t1885">lise</w>
                        <w xml:id="t1886">les</w>
                        <w xml:id="t1887">journaux</w>
                        <w xml:id="t1888">,</w>
                        <w xml:id="t1889">que</w>
                        <w xml:id="t1890">je</w>
                        <w xml:id="t1891">regarde</w>
                        <w xml:id="t1892">la</w>
                        <w xml:id="t1893">télé</w>
                        <w xml:id="t1894">pour</w>
                        <w xml:id="t1895">voir</w>
                        <w xml:id="t1896">David</w>
                        <w xml:id="t1897">.</w>
                        <w xml:id="t1898">»</w>
                    </q>
                    <p>
                        <w xml:id="t1899">La</w>
                        <w xml:id="t1900">reformulation</w>
                        <w xml:id="t1901">concerne</w>
                        <w xml:id="t1902">ici</w>
                        <w xml:id="t1903">la</w>
                        <w xml:id="t1904">portée</w>
                        <w xml:id="t1905">de</w>
                        <w xml:id="t1906">l'</w>
                        <w xml:id="t1907">argument</w>
                        <w xml:id="t1908">implicite</w>
                        <w xml:id="t1909">et</w>
                        <w xml:id="t1910">,</w>
                        <w xml:id="t1911">par</w>
                        <w xml:id="t1912">ailleurs</w>
                        <w xml:id="t1913">,</w>
                        <w xml:id="t1914">sa</w>
                        <w xml:id="t1915">conséquence</w>
                        <w xml:id="t1916">sur</w>
                        <w xml:id="t1917">la</w>
                        <w xml:id="t1918">suite</w>
                        <hi rend="bold">
                            <w xml:id="t1919">r</w>
                        </hi>
                        <w xml:id="t1920">de</w>
                        <w xml:id="t1921">l'</w>
                        <w xml:id="t1922">énoncé</w>
                        <w xml:id="t1923">.</w>
                        <w xml:id="t1924">Dans</w>
                        <w xml:id="t1925">ce</w>
                        <w xml:id="t1926">cas</w>
                        <w xml:id="t1927">de</w>
                        <w xml:id="t1928">figure</w>
                        <w xml:id="t1929">,</w>
                        <w xml:id="t1930">enchaînant</w>
                        <w xml:id="t1931">sur</w>
                        <w xml:id="t1932">un</w>
                        <w xml:id="t1933">point</w>
                        <w xml:id="t1934">de</w>
                        <w xml:id="t1935">vue</w>
                        <w xml:id="t1936">resté</w>
                        <w xml:id="t1937">implicite</w>
                        <w xml:id="t1938">,</w>
                        <hi rend="italic">
                            <w xml:id="t1939">de</w>
                            <w xml:id="t1940">toute</w>
                            <w xml:id="t1941">façon</w>
                        </hi>
                        <w xml:id="t1942">n'</w>
                        <w xml:id="t1943">annule</w>
                        <w xml:id="t1944">,</w>
                        <w xml:id="t1945">en</w>
                        <w xml:id="t1946">aucun</w>
                        <w xml:id="t1947">cas</w>
                        <w xml:id="t1948">,</w>
                        <w xml:id="t1949">ni</w>
                        <w xml:id="t1950">la</w>
                        <w xml:id="t1951">valeur</w>
                        <w xml:id="t1952">argumentative</w>
                        <w xml:id="t1953">de</w>
                        <hi rend="bold">
                            <w xml:id="t1954">p</w>
                        </hi>
                        <w xml:id="t1955">,</w>
                        <w xml:id="t1956">ni</w>
                        <w xml:id="t1957">la</w>
                        <w xml:id="t1958">fonction</w>
                        <w xml:id="t1959">interactive</w>
                        <w xml:id="t1960">d'</w>
                        <w xml:id="t1961">argument</w>
                        <w xml:id="t1962">à</w>
                        <w xml:id="t1963">conclusion</w>
                        <w xml:id="t1964">qui</w>
                        <w xml:id="t1965">lie</w>
                        <w xml:id="t1966">les</w>
                        <w xml:id="t1967">énoncés</w>
                        <hi rend="bold">
                            <w xml:id="t1968">p</w>
                        </hi>
                        <w xml:id="t1969">et</w>
                        <hi rend="bold">
                            <w xml:id="t1970">r</w>
                        </hi>
                        <w xml:id="t1971">.</w>
                        <w xml:id="t1972">La</w>
                        <w xml:id="t1973">conciliation</w>
                        <w xml:id="t1974">entre</w>
                        <w xml:id="t1975">carrière</w>
                        <w xml:id="t1976">professionnelle</w>
                        <w xml:id="t1977">et</w>
                        <w xml:id="t1978">vie</w>
                        <w xml:id="t1979">affective</w>
                        <w xml:id="t1980">est</w>
                        <w xml:id="t1981">toujours</w>
                        <w xml:id="t1982">considérée</w>
                        <w xml:id="t1983">comme</w>
                        <w xml:id="t1984">une</w>
                        <w xml:id="t1985">preuve</w>
                        <w xml:id="t1986">de</w>
                        <w xml:id="t1987">la</w>
                        <w xml:id="t1988">solidité</w>
                        <w xml:id="t1989">de</w>
                        <w xml:id="t1990">la</w>
                        <w xml:id="t1991">relation</w>
                        <w xml:id="t1992">amoureuse</w>
                        <w xml:id="t1993">.</w>
                        <w xml:id="t1994">De</w>
                        <w xml:id="t1995">surcroît</w>
                        <w xml:id="t1996">,</w>
                        <w xml:id="t1997">voir</w>
                        <w xml:id="t1998">David</w>
                        <w xml:id="t1999">dans</w>
                        <w xml:id="t2000">les</w>
                        <w xml:id="t2001">journaux</w>
                        <w xml:id="t2002">ou</w>
                        <w xml:id="t2003">à</w>
                        <w xml:id="t2004">la</w>
                        <w xml:id="t2005">télé</w>
                        <w xml:id="t2006">constitue</w>
                        <w xml:id="t2007">toujours</w>
                        <w xml:id="t2008">un</w>
                        <w xml:id="t2009">argument</w>
                        <w xml:id="t2010">prouvant</w>
                        <w xml:id="t2011">que</w>
                        <w xml:id="t2012">des</w>
                        <w xml:id="t2013">carrières</w>
                        <w xml:id="t2014">accaparantes</w>
                        <w xml:id="t2015">ne</w>
                        <w xml:id="t2016">nuisent</w>
                        <w xml:id="t2017">pas</w>
                        <w xml:id="t2018">à</w>
                        <w xml:id="t2019">l'</w>
                        <w xml:id="t2020">amour</w>
                        <w xml:id="t2021">entre</w>
                        <w xml:id="t2022">les</w>
                        <w xml:id="t2023">deux</w>
                        <w xml:id="t2024">jeunes</w>
                        <w xml:id="t2025">gens</w>
                        <w xml:id="t2026">.</w>
                        <w xml:id="t2027">Cependant</w>
                        <w xml:id="t2028">,</w>
                        <w xml:id="t2029">l'</w>
                        <w xml:id="t2030">intervention</w>
                        <w xml:id="t2031">du</w>
                        <w xml:id="t2032">connecteur</w>
                        <w xml:id="t2033">suspend</w>
                        <w xml:id="t2034">l'</w>
                        <w xml:id="t2035">actualisation</w>
                        <w xml:id="t2036">de</w>
                        <w xml:id="t2037">la</w>
                        <w xml:id="t2038">dimension</w>
                        <w xml:id="t2039">argumentative</w>
                        <w xml:id="t2040">de</w>
                        <w xml:id="t2041">l'</w>
                        <w xml:id="t2042">énoncé</w>
                        <w xml:id="t2043">.</w>
                    </p>
                    <p>
                        <w xml:id="t2044">Cela</w>
                        <w xml:id="t2045">dit</w>
                        <w xml:id="t2046">,</w>
                        <w xml:id="t2047">étant</w>
                        <w xml:id="t2048">introduite</w>
                        <w xml:id="t2049">par</w>
                        <hi rend="italic">
                            <w xml:id="t2050">de</w>
                            <w xml:id="t2051">toute</w>
                            <w xml:id="t2052">façon</w>
                            <w xml:id="t2053">,</w>
                        </hi>
                        <w xml:id="t2054">la</w>
                        <w xml:id="t2055">proposition</w>
                        <hi rend="bold">
                            <w xml:id="t2056">r</w>
                        </hi>
                        <w xml:id="t2057">acquiert</w>
                        <w xml:id="t2058">une</w>
                        <w xml:id="t2059">certaine</w>
                        <w xml:id="t2060">pertinence</w>
                        <w xml:id="t2061">,</w>
                        <w xml:id="t2062">sans</w>
                        <w xml:id="t2063">que</w>
                        <w xml:id="t2064">l'</w>
                        <w xml:id="t2065">on</w>
                        <w xml:id="t2066">prenne</w>
                        <w xml:id="t2067">en</w>
                        <w xml:id="t2068">considération</w>
                        <w xml:id="t2069">les</w>
                        <w xml:id="t2070">rapports</w>
                        <w xml:id="t2071">qu'</w>
                        <w xml:id="t2072">elle</w>
                        <w xml:id="t2073">entretient</w>
                        <w xml:id="t2074">avec</w>
                        <w xml:id="t2075">les</w>
                        <w xml:id="t2076">autres</w>
                        <w xml:id="t2077">constituants</w>
                        <w xml:id="t2078">de</w>
                        <w xml:id="t2079">l'</w>
                        <w xml:id="t2080">énoncé</w>
                        <w xml:id="t2081">.</w>
                        <w xml:id="t2082">En</w>
                        <w xml:id="t2083">effet</w>
                        <w xml:id="t2084">,</w>
                        <w xml:id="t2085">l'</w>
                        <w xml:id="t2086">emploi</w>
                        <w xml:id="t2087">de</w>
                        <w xml:id="t2088">ce</w>
                        <w xml:id="t2089">mot</w>
                        <w xml:id="t2090">de</w>
                        <w xml:id="t2091">discours</w>
                        <w xml:id="t2092">permet</w>
                        <w xml:id="t2093">au</w>
                        <w xml:id="t2094">locuteur</w>
                        <w xml:id="t2095">,</w>
                        <w xml:id="t2096">entre</w>
                        <w xml:id="t2097">autres</w>
                        <w xml:id="t2098">,</w>
                        <w xml:id="t2099">de</w>
                        <w xml:id="t2100">présenter</w>
                        <w xml:id="t2101">l'</w>
                        <w xml:id="t2102">énoncé</w>
                        <hi rend="bold">
                            <w xml:id="t2103">r</w>
                        </hi>
                        <w xml:id="t2104">comme</w>
                        <w xml:id="t2105">étant</w>
                        <w xml:id="t2106">déjà</w>
                        <w xml:id="t2107">connu</w>
                        <w xml:id="t2108">et</w>
                        <w xml:id="t2109">,</w>
                        <w xml:id="t2110">par</w>
                        <w xml:id="t2111">conséquent</w>
                        <w xml:id="t2112">,</w>
                        <w xml:id="t2113">comme</w>
                        <w xml:id="t2114">étant</w>
                        <w xml:id="t2115">irréfutable</w>
                        <w xml:id="t2116">.</w>
                        <w xml:id="t2117">En</w>
                        <w xml:id="t2118">atteste</w>
                        <w xml:id="t2119">la</w>
                        <w xml:id="t2120">possibilité</w>
                        <w xml:id="t2121">d'</w>
                        <w xml:id="t2122">enchâsser</w>
                        <w xml:id="t2123">ce</w>
                        <w xml:id="t2124">connecteur</w>
                        <w xml:id="t2125">reformulatif</w>
                        <w xml:id="t2126">dans</w>
                        <w xml:id="t2127">la</w>
                        <w xml:id="t2128">conjonction</w>
                        <w xml:id="t2129">de</w>
                        <w xml:id="t2130">subordination</w>
                        <hi rend="italic">
                            <w xml:id="t2131">puisque</w>
                        </hi>
                        <anchor xml:id="idm46149484663408"/>
                        <w xml:id="t2132">:</w>
                    </p>
                    <q rend="quotation">
                        <w xml:id="t2133">E</w>
                        <w xml:id="t2134">'</w>
                        <w xml:id="t2135">'</w>
                        <hi rend="sub">
                            <w xml:id="t2136">3</w>
                        </hi>
                        <w xml:id="t2137">:</w>
                        <w xml:id="t2138">«</w>
                        <w xml:id="t2139">(</w>
                        <w xml:id="t2140">…</w>
                        <w xml:id="t2141">)</w>
                        <w xml:id="t2142">Malgré</w>
                        <w xml:id="t2143">nos</w>
                        <w xml:id="t2144">carrières</w>
                        <w xml:id="t2145">respectives</w>
                        <w xml:id="t2146">,</w>
                        <w xml:id="t2147">notre</w>
                        <w xml:id="t2148">relation</w>
                        <w xml:id="t2149">fonctionne</w>
                        <w xml:id="t2150">,</w>
                        <hi rend="italic">
                            <w xml:id="t2151">puisque</w>
                            <w xml:id="t2152">de</w>
                            <w xml:id="t2153">toute</w>
                            <w xml:id="t2154">façon</w>
                        </hi>
                        <w xml:id="t2155">,</w>
                        <w xml:id="t2156">il</w>
                        <w xml:id="t2157">suffit</w>
                        <w xml:id="t2158">que</w>
                        <w xml:id="t2159">je</w>
                        <w xml:id="t2160">lise…</w>
                        <w xml:id="t2161">»</w>
                        <w xml:id="t2162">.</w>
                        <anchor xml:id="idm46149484659920"/>
                    </q>
                    <p>
                        <w xml:id="t2163">L'</w>
                        <w xml:id="t2164">analyse</w>
                        <w xml:id="t2165">de</w>
                        <w xml:id="t2166">l'</w>
                        <w xml:id="t2167">énoncé</w>
                        <w xml:id="t2168">E</w>
                        <hi rend="sub">
                            <w xml:id="t2169">3</w>
                        </hi>
                        <w xml:id="t2170">nous</w>
                        <w xml:id="t2171">permet</w>
                        <w xml:id="t2172">de</w>
                        <w xml:id="t2173">mettre</w>
                        <w xml:id="t2174">au</w>
                        <w xml:id="t2175">jour</w>
                        <w xml:id="t2176">les</w>
                        <w xml:id="t2177">composantes</w>
                        <w xml:id="t2178">d'</w>
                        <w xml:id="t2179">une</w>
                        <w xml:id="t2180">définition</w>
                        <w xml:id="t2181">:</w>
                    </p>
                    <q rend="quotation">
                        <w xml:id="t2182">●</w>
                        <w xml:id="t2183">Intervenant</w>
                        <w xml:id="t2184">dans</w>
                        <w xml:id="t2185">un</w>
                        <w xml:id="t2186">énoncé</w>
                        <w xml:id="t2187">initialement</w>
                        <w xml:id="t2188">argumentatif</w>
                        <w xml:id="t2189">,</w>
                        <hi rend="italic">
                            <w xml:id="t2190">de</w>
                            <w xml:id="t2191">toute</w>
                            <w xml:id="t2192">façon</w>
                        </hi>
                        <w xml:id="t2193">permet</w>
                        <w xml:id="t2194">d'</w>
                        <w xml:id="t2195">introduire</w>
                        <w xml:id="t2196">une</w>
                        <w xml:id="t2197">signification</w>
                        <w xml:id="t2198">nouvelle</w>
                        <w xml:id="t2199">par</w>
                        <w xml:id="t2200">rapport</w>
                        <w xml:id="t2201">à</w>
                        <w xml:id="t2202">un</w>
                        <w xml:id="t2203">aspect</w>
                        <w xml:id="t2204">du</w>
                        <w xml:id="t2205">premier</w>
                        <w xml:id="t2206">acte</w>
                        <w xml:id="t2207">discursif</w>
                        <w xml:id="t2208">.</w>
                        <w xml:id="t2209">Elle</w>
                        <w xml:id="t2210">concerne</w>
                        <w xml:id="t2211">la</w>
                        <w xml:id="t2212">valeur</w>
                        <w xml:id="t2213">d'</w>
                        <w xml:id="t2214">argument</w>
                        <w xml:id="t2215">de</w>
                        <hi rend="bold">
                            <w xml:id="t2216">p</w>
                        </hi>
                        <w xml:id="t2217">ou</w>
                        <w xml:id="t2218">celle</w>
                        <w xml:id="t2219">de</w>
                        <w xml:id="t2220">contre-argument</w>
                        <w xml:id="t2221">implicite</w>
                        <w xml:id="t2222">éventuel</w>
                        <hi rend="bold">
                            <w xml:id="t2223">q</w>
                            <w xml:id="t2224">.</w>
                        </hi>
                    </q>
                    <q rend="quotation">
                        <w xml:id="t2225">●</w>
                        <w xml:id="t2226">La</w>
                        <w xml:id="t2227">présence</w>
                        <w xml:id="t2228">du</w>
                        <w xml:id="t2229">connecteur</w>
                        <hi rend="italic">
                            <w xml:id="t2230">de</w>
                            <w xml:id="t2231">toute</w>
                            <w xml:id="t2232">façon</w>
                        </hi>
                        <w xml:id="t2233">dans</w>
                        <w xml:id="t2234">ce</w>
                        <w xml:id="t2235">type</w>
                        <w xml:id="t2236">d'</w>
                        <w xml:id="t2237">énoncé</w>
                        <anchor xml:id="idm46149484651760"/>
                        <w xml:id="t2238">n'</w>
                        <w xml:id="t2239">est</w>
                        <w xml:id="t2240">pas</w>
                        <w xml:id="t2241">indispensable</w>
                        <w xml:id="t2242">à</w>
                        <w xml:id="t2243">l'</w>
                        <w xml:id="t2244">articulation</w>
                        <w xml:id="t2245">des</w>
                        <w xml:id="t2246">différents</w>
                        <w xml:id="t2247">actes</w>
                        <w xml:id="t2248">discursifs</w>
                        <w xml:id="t2249">.</w>
                    </q>
                </div>
                <div type="div2">
                    <head subtype="level2">
                        <w xml:id="t2250">2-2</w>
                        <w xml:id="t2251">.</w>
                        <hi rend="italic">
                            <w xml:id="t2252">De</w>
                            <w xml:id="t2253">toute</w>
                            <w xml:id="t2254">façon</w>
                        </hi>
                        <w xml:id="t2255">dans</w>
                        <w xml:id="t2256">un</w>
                        <w xml:id="t2257">énoncé</w>
                        <w xml:id="t2258">uniquement</w>
                        <w xml:id="t2259">reformulatif</w>
                    </head>
                    <p>
                        <w xml:id="t2260">Nous</w>
                        <w xml:id="t2261">venons</w>
                        <w xml:id="t2262">de</w>
                        <w xml:id="t2263">voir</w>
                        <w xml:id="t2264">que</w>
                        <w xml:id="t2265">certains</w>
                        <w xml:id="t2266">énoncés</w>
                        <w xml:id="t2267">articulés</w>
                        <w xml:id="t2268">par</w>
                        <w xml:id="t2269">le</w>
                        <w xml:id="t2270">biais</w>
                        <w xml:id="t2271">de</w>
                        <hi rend="italic">
                            <w xml:id="t2272">de</w>
                            <w xml:id="t2273">toute</w>
                            <w xml:id="t2274">façon</w>
                        </hi>
                        <w xml:id="t2275">s'</w>
                        <w xml:id="t2276">avèrent</w>
                        <w xml:id="t2277">être</w>
                        <w xml:id="t2278">,</w>
                        <w xml:id="t2279">après</w>
                        <w xml:id="t2280">la</w>
                        <w xml:id="t2281">suppression</w>
                        <w xml:id="t2282">de</w>
                        <w xml:id="t2283">ce</w>
                        <w xml:id="t2284">mot</w>
                        <w xml:id="t2285">de</w>
                        <w xml:id="t2286">discours</w>
                        <w xml:id="t2287">,</w>
                        <w xml:id="t2288">des</w>
                        <w xml:id="t2289">énoncés</w>
                        <w xml:id="t2290">initialement</w>
                        <w xml:id="t2291">argumentatifs</w>
                        <w xml:id="t2292">.</w>
                        <w xml:id="t2293">La</w>
                        <w xml:id="t2294">présence</w>
                        <w xml:id="t2295">du</w>
                        <w xml:id="t2296">connecteur</w>
                        <w xml:id="t2297">reformulatif</w>
                        <w xml:id="t2298">permet</w>
                        <w xml:id="t2299">,</w>
                        <w xml:id="t2300">donc</w>
                        <w xml:id="t2301">,</w>
                        <w xml:id="t2302">de</w>
                        <w xml:id="t2303">donner</w>
                        <w xml:id="t2304">une</w>
                        <w xml:id="t2305">nouvelle</w>
                        <w xml:id="t2306">interprétation</w>
                        <w xml:id="t2307">à</w>
                        <w xml:id="t2308">la</w>
                        <w xml:id="t2309">proposition</w>
                        <hi rend="bold">
                            <w xml:id="t2310">r</w>
                        </hi>
                        <w xml:id="t2311">.</w>
                        <w xml:id="t2312">De</w>
                        <w xml:id="t2313">ce</w>
                        <w xml:id="t2314">fait</w>
                        <w xml:id="t2315">,</w>
                        <w xml:id="t2316">la</w>
                        <w xml:id="t2317">visée</w>
                        <w xml:id="t2318">intentionnelle</w>
                        <w xml:id="t2319">globale</w>
                        <w xml:id="t2320">de</w>
                        <w xml:id="t2321">l'</w>
                        <w xml:id="t2322">énoncé</w>
                        <w xml:id="t2323">n'</w>
                        <w xml:id="t2324">est</w>
                        <w xml:id="t2325">plus</w>
                        <w xml:id="t2326">argumentative</w>
                        <w xml:id="t2327">,</w>
                        <w xml:id="t2328">mais</w>
                        <w xml:id="t2329">plutôt</w>
                        <w xml:id="t2330">reformulative</w>
                        <w xml:id="t2331">.</w>
                    </p>
                    <p>
                        <w xml:id="t2332">Il</w>
                        <w xml:id="t2333">apparaît</w>
                        <w xml:id="t2334">,</w>
                        <w xml:id="t2335">cependant</w>
                        <w xml:id="t2336">,</w>
                        <w xml:id="t2337">que</w>
                        <w xml:id="t2338">dans</w>
                        <w xml:id="t2339">d'</w>
                        <w xml:id="t2340">autres</w>
                        <w xml:id="t2341">séquences</w>
                        <w xml:id="t2342">du</w>
                        <w xml:id="t2343">type</w>
                        <w xml:id="t2344">«</w>
                        <hi rend="bold">
                            <w xml:id="t2345">p</w>
                        </hi>
                        <w xml:id="t2346">,</w>
                        <hi rend="italic">
                            <w xml:id="t2347">de</w>
                            <w xml:id="t2348">toute</w>
                            <w xml:id="t2349">façon</w>
                            <w xml:id="t2350">,</w>
                        </hi>
                        <hi rend="bold">
                            <w xml:id="t2351">r</w>
                        </hi>
                        <w xml:id="t2352">»</w>
                        <w xml:id="t2353">,</w>
                        <w xml:id="t2354">la</w>
                        <w xml:id="t2355">seule</w>
                        <w xml:id="t2356">signification</w>
                        <w xml:id="t2357">envisageable</w>
                        <w xml:id="t2358">est</w>
                        <w xml:id="t2359">celle</w>
                        <w xml:id="t2360">de</w>
                        <w xml:id="t2361">la</w>
                        <w xml:id="t2362">reformulation</w>
                        <w xml:id="t2363">.</w>
                        <w xml:id="t2364">Dans</w>
                        <w xml:id="t2365">ce</w>
                        <w xml:id="t2366">cas</w>
                        <w xml:id="t2367">de</w>
                        <w xml:id="t2368">figure</w>
                        <w xml:id="t2369">,</w>
                        <w xml:id="t2370">la</w>
                        <w xml:id="t2371">présence</w>
                        <w xml:id="t2372">de</w>
                        <hi rend="italic">
                            <w xml:id="t2373">de</w>
                            <w xml:id="t2374">toute</w>
                            <w xml:id="t2375">façon</w>
                        </hi>
                        <w xml:id="t2376">est</w>
                        <w xml:id="t2377">indispensable</w>
                        <w xml:id="t2378">à</w>
                        <w xml:id="t2379">l'</w>
                        <w xml:id="t2380">acceptabilité</w>
                        <w xml:id="t2381">de</w>
                        <w xml:id="t2382">l'</w>
                        <w xml:id="t2383">énoncé</w>
                        <w xml:id="t2384">.</w>
                    </p>
                    <div type="div3">
                        <head subtype="level3">
                            <w xml:id="t2385">2-2-1</w>
                            <w xml:id="t2386">.</w>
                            <w xml:id="t2387">Effets</w>
                            <w xml:id="t2388">de</w>
                            <w xml:id="t2389">sens</w>
                        </head>
                        <p>
                            <hi rend="italic">
                                <w xml:id="t2390">De</w>
                                <w xml:id="t2391">toute</w>
                                <w xml:id="t2392">façon</w>
                            </hi>
                            <w xml:id="t2393">introduit</w>
                            <w xml:id="t2394">toujours</w>
                            <w xml:id="t2395">une</w>
                            <w xml:id="t2396">réinterprétation</w>
                            <w xml:id="t2397">de</w>
                            <w xml:id="t2398">l'</w>
                            <w xml:id="t2399">acte</w>
                            <w xml:id="t2400">discursif</w>
                            <w xml:id="t2401">sur</w>
                            <w xml:id="t2402">lequel</w>
                            <w xml:id="t2403">il</w>
                            <w xml:id="t2404">enchaîne</w>
                            <w xml:id="t2405">,</w>
                            <w xml:id="t2406">imposant</w>
                            <w xml:id="t2407">de</w>
                            <w xml:id="t2408">la</w>
                            <w xml:id="t2409">sorte</w>
                            <w xml:id="t2410">un</w>
                            <w xml:id="t2411">nouveau</w>
                            <w xml:id="t2412">point</w>
                            <w xml:id="t2413">de</w>
                            <w xml:id="t2414">vue</w>
                            <w xml:id="t2415">.</w>
                        </p>
                        <p>
                            <w xml:id="t2416">L'</w>
                            <w xml:id="t2417">invalidation</w>
                            <w xml:id="t2418">du</w>
                            <w xml:id="t2419">premier</w>
                            <w xml:id="t2420">acte</w>
                            <w xml:id="t2421">discursif</w>
                            <w xml:id="t2422">dans</w>
                            <w xml:id="t2423">un</w>
                            <w xml:id="t2424">énoncé</w>
                            <w xml:id="t2425">uniquement</w>
                            <w xml:id="t2426">reformulatif</w>
                            <w xml:id="t2427">peut</w>
                            <w xml:id="t2428">s'</w>
                            <w xml:id="t2429">effectuer</w>
                            <w xml:id="t2430">suivant</w>
                            <w xml:id="t2431">des</w>
                            <w xml:id="t2432">raisonnements</w>
                            <w xml:id="t2433">différents</w>
                            <w xml:id="t2434">.</w>
                            <w xml:id="t2435">En</w>
                            <w xml:id="t2436">effet</w>
                            <w xml:id="t2437">,</w>
                            <w xml:id="t2438">la</w>
                            <w xml:id="t2439">mise</w>
                            <w xml:id="t2440">en</w>
                            <w xml:id="t2441">cause</w>
                            <w xml:id="t2442">de</w>
                            <w xml:id="t2443">la</w>
                            <w xml:id="t2444">pertinence</w>
                            <w xml:id="t2445">de</w>
                            <w xml:id="t2446">l'</w>
                            <w xml:id="t2447">énonciation</w>
                            <w xml:id="t2448">de</w>
                            <hi rend="bold">
                                <w xml:id="t2449">p</w>
                            </hi>
                            <anchor xml:id="idm46149484639296"/>
                            <w xml:id="t2450">dans</w>
                            <w xml:id="t2451">«</w>
                            <hi rend="bold">
                                <w xml:id="t2452">p</w>
                            </hi>
                            <w xml:id="t2453">,</w>
                            <hi rend="italic">
                                <w xml:id="t2454">de</w>
                                <w xml:id="t2455">toute</w>
                                <w xml:id="t2456">façon</w>
                            </hi>
                            <hi rend="bold">
                                <w xml:id="t2457">r</w>
                            </hi>
                            <w xml:id="t2458">»</w>
                            <w xml:id="t2459">peut</w>
                            <w xml:id="t2460">être</w>
                            <w xml:id="t2461">engendrée</w>
                            <w xml:id="t2462">par</w>
                            <w xml:id="t2463">:</w>
                        </p>
                        <q rend="quotation">
                            <w xml:id="t2464">–</w>
                            <w xml:id="t2465">L'</w>
                            <w xml:id="t2466">invalidation</w>
                            <w xml:id="t2467">de</w>
                            <w xml:id="t2468">l'</w>
                            <w xml:id="t2469">implicitation</w>
                            <w xml:id="t2470">de</w>
                            <hi rend="bold">
                                <w xml:id="t2471">p</w>
                            </hi>
                            <w xml:id="t2472">.</w>
                        </q>
                        <q rend="quotation">
                            <w xml:id="t2473">–</w>
                            <w xml:id="t2474">L'</w>
                            <w xml:id="t2475">invalidation</w>
                            <w xml:id="t2476">de</w>
                            <w xml:id="t2477">l'</w>
                            <w xml:id="t2478">acte</w>
                            <w xml:id="t2479">illocutoire</w>
                            <w xml:id="t2480">de</w>
                            <hi rend="bold">
                                <w xml:id="t2481">p</w>
                            </hi>
                            <w xml:id="t2482">.</w>
                        </q>
                        <q rend="quotation">
                            <w xml:id="t2483">–</w>
                            <w xml:id="t2484">L'</w>
                            <w xml:id="t2485">invalidation</w>
                            <w xml:id="t2486">du</w>
                            <w xml:id="t2487">contenu</w>
                            <w xml:id="t2488">propositionnel</w>
                            <w xml:id="t2489">de</w>
                            <hi rend="bold">
                                <w xml:id="t2490">p</w>
                            </hi>
                            <w xml:id="t2491">.</w>
                        </q>
                        <div type="div4">
                            <head subtype="level4">
                                <w xml:id="t2492">2-2-1-1</w>
                                <w xml:id="t2493">.</w>
                                <w xml:id="t2494">La</w>
                                <w xml:id="t2495">reformulation</w>
                                <w xml:id="t2496">:</w>
                                <w xml:id="t2497">une</w>
                                <w xml:id="t2498">invalidation</w>
                                <w xml:id="t2499">de</w>
                                <w xml:id="t2500">l'</w>
                                <w xml:id="t2501">implicitation</w>
                                <w xml:id="t2502">de</w>
                                <w xml:id="t2503">p</w>
                            </head>
                            <p>
                                <w xml:id="t2504">L'</w>
                                <w xml:id="t2505">implicitation</w>
                                <w xml:id="t2506">désigne</w>
                                <w xml:id="t2507">«</w>
                                <w xml:id="t2508">toutes</w>
                                <w xml:id="t2509">les</w>
                                <w xml:id="t2510">propositions</w>
                                <w xml:id="t2511">que</w>
                                <w xml:id="t2512">l'</w>
                                <w xml:id="t2513">on</w>
                                <w xml:id="t2514">peut</w>
                                <w xml:id="t2515">tirer</w>
                                <w xml:id="t2516">de</w>
                                <w xml:id="t2517">l'</w>
                                <w xml:id="t2518">interprétation</w>
                                <w xml:id="t2519">d'</w>
                                <w xml:id="t2520">un</w>
                                <w xml:id="t2521">énoncé</w>
                                <w xml:id="t2522">»</w>
                                <w xml:id="t2523">et</w>
                                <w xml:id="t2524">non</w>
                                <w xml:id="t2525">«</w>
                                <w xml:id="t2526">un</w>
                                <w xml:id="t2527">simple</w>
                                <w xml:id="t2528">enrichissement</w>
                                <w xml:id="t2529">de</w>
                                <w xml:id="t2530">la</w>
                                <w xml:id="t2531">forme</w>
                                <w xml:id="t2532">logique</w>
                                <w xml:id="t2533">[</w>
                                <w xml:id="t2534">de</w>
                                <w xml:id="t2535">ce</w>
                                <w xml:id="t2536">dernier</w>
                                <w xml:id="t2537">]</w>
                                <anchor xml:id="idm46149484628176"/>
                                <w xml:id="t2538">»</w>
                                <w xml:id="t2539">.</w>
                                <w xml:id="t2540">En</w>
                                <w xml:id="t2541">E</w>
                                <hi rend="sub">
                                    <w xml:id="t2542">4</w>
                                </hi>
                                <w xml:id="t2543">,</w>
                                <w xml:id="t2544">l'</w>
                                <w xml:id="t2545">intervention</w>
                                <w xml:id="t2546">du</w>
                                <w xml:id="t2547">connecteur</w>
                                <hi rend="italic">
                                    <w xml:id="t2548">de</w>
                                    <w xml:id="t2549">toute</w>
                                    <w xml:id="t2550">façon</w>
                                </hi>
                                <w xml:id="t2551">entraîne</w>
                                <w xml:id="t2552">l'</w>
                                <w xml:id="t2553">invalidation</w>
                                <w xml:id="t2554">de</w>
                                <w xml:id="t2555">cette</w>
                                <w xml:id="t2556">composante</w>
                                <w xml:id="t2557">:</w>
                            </p>
                            <p>
                                <w xml:id="t2558">E</w>
                                <hi rend="sub">
                                    <w xml:id="t2559">4</w>
                                </hi>
                                <w xml:id="t2560">(</w>
                                <w xml:id="t2561">extrait</w>
                                <w xml:id="t2562">de</w>
                                <w xml:id="t2563">l'</w>
                                <w xml:id="t2564">émission</w>
                                <hi rend="italic">
                                    <w xml:id="t2565">Légal</w>
                                    <w xml:id="t2566">ou</w>
                                    <w xml:id="t2567">pas</w>
                                    <w xml:id="t2568">légal</w>
                                </hi>
                                <w xml:id="t2569">,</w>
                                <w xml:id="t2570">La</w>
                                <w xml:id="t2571">5</w>
                                <w xml:id="t2572">,</w>
                                <w xml:id="t2573">le</w>
                                <w xml:id="t2574">06-08-2000</w>
                                <w xml:id="t2575">)</w>
                                <w xml:id="t2576">:</w>
                            </p>
                            <q rend="quotation">
                                <w xml:id="t2577">–</w>
                                <w xml:id="t2578">(</w>
                                <w xml:id="t2579">L1</w>
                                <w xml:id="t2580">)</w>
                                <w xml:id="t2581">L'</w>
                                <w xml:id="t2582">animatrice</w>
                                <w xml:id="t2583">s'</w>
                                <w xml:id="t2584">adressant</w>
                                <w xml:id="t2585">au</w>
                                <w xml:id="t2586">candidat</w>
                                <w xml:id="t2587">éliminé</w>
                                <w xml:id="t2588">:</w>
                                <w xml:id="t2589">«</w>
                                <w xml:id="t2590">Eh</w>
                                <w xml:id="t2591">ben</w>
                                <w xml:id="t2592">voilà</w>
                                <w xml:id="t2593">,</w>
                                <w xml:id="t2594">fin</w>
                                <w xml:id="t2595">de</w>
                                <w xml:id="t2596">la</w>
                                <w xml:id="t2597">première</w>
                                <w xml:id="t2598">étape</w>
                                <w xml:id="t2599">.</w>
                                <w xml:id="t2600">Et</w>
                                <w xml:id="t2601">à</w>
                                <w xml:id="t2602">la</w>
                                <w xml:id="t2603">fin</w>
                                <w xml:id="t2604">de</w>
                                <w xml:id="t2605">cette</w>
                                <w xml:id="t2606">première</w>
                                <w xml:id="t2607">étape</w>
                                <w xml:id="t2608">,</w>
                                <w xml:id="t2609">quelqu'un</w>
                                <w xml:id="t2610">doit</w>
                                <w xml:id="t2611">partir</w>
                                <w xml:id="t2612">.</w>
                                <w xml:id="t2613">Eh</w>
                                <w xml:id="t2614">ben</w>
                                <w xml:id="t2615">,</w>
                                <w xml:id="t2616">après</w>
                                <w xml:id="t2617">Michael</w>
                                <w xml:id="t2618">c'</w>
                                <w xml:id="t2619">est</w>
                                <w xml:id="t2620">le</w>
                                <w xml:id="t2621">retour</w>
                                <w xml:id="t2622">,</w>
                                <w xml:id="t2623">ça</w>
                                <w xml:id="t2624">va</w>
                                <w xml:id="t2625">être</w>
                                <w xml:id="t2626">Michael</w>
                                <w xml:id="t2627">c'</w>
                                <w xml:id="t2628">est</w>
                                <w xml:id="t2629">le</w>
                                <w xml:id="t2630">départ</w>
                                <w xml:id="t2631">.</w>
                                <w xml:id="t2632">Sans</w>
                                <w xml:id="t2633">regrets</w>
                                <w xml:id="t2634">?</w>
                                <w xml:id="t2635">»</w>
                            </q>
                            <q rend="quotation">
                                <w xml:id="t2636">-</w>
                                <w xml:id="t2637">(</w>
                                <w xml:id="t2638">L2</w>
                                <w xml:id="t2639">)</w>
                                <w xml:id="t2640">Le</w>
                                <w xml:id="t2641">candidat</w>
                                <w xml:id="t2642">:</w>
                                <w xml:id="t2643">«</w>
                                <w xml:id="t2644">Non</w>
                                <w xml:id="t2645">,</w>
                                <w xml:id="t2646">non</w>
                                <w xml:id="t2647">,</w>
                                <w xml:id="t2648">c'</w>
                                <w xml:id="t2649">était</w>
                                <w xml:id="t2650">très</w>
                                <w xml:id="t2651">bien</w>
                                <w xml:id="t2652">»</w>
                                <w xml:id="t2653">.</w>
                            </q>
                            <q rend="quotation">
                                <w xml:id="t2654">-</w>
                                <w xml:id="t2655">(</w>
                                <w xml:id="t2656">L1</w>
                                <w xml:id="t2657">)</w>
                                <w xml:id="t2658">L'</w>
                                <w xml:id="t2659">animatrice</w>
                                <w xml:id="t2660">:</w>
                                <w xml:id="t2661">«</w>
                                <w xml:id="t2662">Ben</w>
                                <w xml:id="t2663">,</w>
                                <w xml:id="t2664">vous</w>
                                <w xml:id="t2665">restez</w>
                                <w xml:id="t2666">avec</w>
                                <w xml:id="t2667">nous</w>
                                <w xml:id="t2668">,</w>
                                <hi rend="italic">
                                    <w xml:id="t2669">de</w>
                                    <w xml:id="t2670">toute</w>
                                    <w xml:id="t2671">façon</w>
                                </hi>
                                <w xml:id="t2672">(</w>
                                <hi rend="bold">
                                    <w xml:id="t2673">r</w>
                                </hi>
                                <w xml:id="t2674">)</w>
                                <w xml:id="t2675">.</w>
                                <w xml:id="t2676">Je</w>
                                <w xml:id="t2677">vous</w>
                                <w xml:id="t2678">embrasse</w>
                                <w xml:id="t2679">»</w>
                                <w xml:id="t2680">.</w>
                            </q>
                            <p>
                                <w xml:id="t2681">Dans</w>
                                <w xml:id="t2682">cet</w>
                                <w xml:id="t2683">énoncé</w>
                                <w xml:id="t2684">,</w>
                                <w xml:id="t2685">la</w>
                                <w xml:id="t2686">séquence</w>
                                <w xml:id="t2687">«</w>
                                <hi rend="bold">
                                    <w xml:id="t2688">r</w>
                                </hi>
                                <w xml:id="t2689">,</w>
                                <hi rend="italic">
                                    <w xml:id="t2690">de</w>
                                    <w xml:id="t2691">toute</w>
                                    <w xml:id="t2692">façon</w>
                                </hi>
                                <w xml:id="t2693">»</w>
                                <w xml:id="t2694">enchaîne</w>
                                <w xml:id="t2695">sur</w>
                                <w xml:id="t2696">la</w>
                                <w xml:id="t2697">question</w>
                                <w xml:id="t2698">posée</w>
                                <w xml:id="t2699">par</w>
                                <w xml:id="t2700">L1</w>
                                <w xml:id="t2701">ainsi</w>
                                <w xml:id="t2702">que</w>
                                <w xml:id="t2703">sur</w>
                                <w xml:id="t2704">la</w>
                                <w xml:id="t2705">réponse</w>
                                <w xml:id="t2706">de</w>
                                <w xml:id="t2707">L2</w>
                                <w xml:id="t2708">.</w>
                                <w xml:id="t2709">Ces</w>
                                <w xml:id="t2710">deux</w>
                                <w xml:id="t2711">segments</w>
                                <w xml:id="t2712">composent</w>
                                <w xml:id="t2713">l'</w>
                                <w xml:id="t2714">acte</w>
                                <w xml:id="t2715">discursif</w>
                                <hi rend="bold">
                                    <w xml:id="t2716">p</w>
                                </hi>
                                <w xml:id="t2717">,</w>
                                <w xml:id="t2718">objet</w>
                                <w xml:id="t2719">de</w>
                                <w xml:id="t2720">la</w>
                                <w xml:id="t2721">reformulation</w>
                                <w xml:id="t2722">.</w>
                            </p>
                            <p>
                                <w xml:id="t2723">La</w>
                                <w xml:id="t2724">remise</w>
                                <w xml:id="t2725">en</w>
                                <w xml:id="t2726">cause</w>
                                <w xml:id="t2727">de</w>
                                <w xml:id="t2728">l'</w>
                                <w xml:id="t2729">utilité</w>
                                <w xml:id="t2730">de</w>
                                <w xml:id="t2731">l'</w>
                                <w xml:id="t2732">énonciation</w>
                                <w xml:id="t2733">de</w>
                                <w xml:id="t2734">cette</w>
                                <w xml:id="t2735">proposition</w>
                                <w xml:id="t2736">est</w>
                                <w xml:id="t2737">due</w>
                                <w xml:id="t2738">à</w>
                                <w xml:id="t2739">l'</w>
                                <w xml:id="t2740">annulation</w>
                                <w xml:id="t2741">de</w>
                                <w xml:id="t2742">l'</w>
                                <w xml:id="t2743">implicitation</w>
                                <w xml:id="t2744">déductible</w>
                                <w xml:id="t2745">de</w>
                                <w xml:id="t2746">cet</w>
                                <w xml:id="t2747">énoncé</w>
                                <w xml:id="t2748">,</w>
                                <w xml:id="t2749">à</w>
                                <w xml:id="t2750">savoir</w>
                                <w xml:id="t2751">celle</w>
                                <w xml:id="t2752">qui</w>
                                <w xml:id="t2753">lie</w>
                                <w xml:id="t2754">le</w>
                                <w xml:id="t2755">fait</w>
                                <w xml:id="t2756">d'</w>
                                <w xml:id="t2757">avoir</w>
                                <w xml:id="t2758">des</w>
                                <w xml:id="t2759">regrets</w>
                                <w xml:id="t2760">à</w>
                                <w xml:id="t2761">celui</w>
                                <w xml:id="t2762">de</w>
                                <w xml:id="t2763">quitter</w>
                                <w xml:id="t2764">le</w>
                                <w xml:id="t2765">studio</w>
                                <w xml:id="t2766">.</w>
                            </p>
                            <p>
                                <w xml:id="t2767">En</w>
                                <w xml:id="t2768">effet</w>
                                <w xml:id="t2769">,</w>
                                <w xml:id="t2770">l'</w>
                                <w xml:id="t2771">animatrice</w>
                                <w xml:id="t2772">précise</w>
                                <w xml:id="t2773">dans</w>
                                <w xml:id="t2774">le</w>
                                <w xml:id="t2775">second</w>
                                <w xml:id="t2776">acte</w>
                                <w xml:id="t2777">discursif</w>
                                <w xml:id="t2778">(</w>
                                <w xml:id="t2779">«</w>
                                <w xml:id="t2780">vous</w>
                                <w xml:id="t2781">restez</w>
                                <w xml:id="t2782">avec</w>
                                <w xml:id="t2783">nous</w>
                                <w xml:id="t2784">»</w>
                                <w xml:id="t2785">)</w>
                                <w xml:id="t2786">que</w>
                                <w xml:id="t2787">le</w>
                                <w xml:id="t2788">fait</w>
                                <w xml:id="t2789">de</w>
                                <w xml:id="t2790">rester</w>
                                <w xml:id="t2791">sur</w>
                                <w xml:id="t2792">le</w>
                                <w xml:id="t2793">plateau</w>
                                <w xml:id="t2794">n'</w>
                                <w xml:id="t2795">est</w>
                                <w xml:id="t2796">pas</w>
                                <w xml:id="t2797">contesté</w>
                                <w xml:id="t2798">.</w>
                                <w xml:id="t2799">Elle</w>
                                <w xml:id="t2800">annule</w>
                                <w xml:id="t2801">ainsi</w>
                                <w xml:id="t2802">l'</w>
                                <w xml:id="t2803">implicitation</w>
                                <w xml:id="t2804">inférable</w>
                                <w xml:id="t2805">de</w>
                                <w xml:id="t2806">son</w>
                                <w xml:id="t2807">interrogation</w>
                                <w xml:id="t2808">,</w>
                                <w xml:id="t2809">à</w>
                                <w xml:id="t2810">savoir</w>
                                <w xml:id="t2811">:</w>
                                <w xml:id="t2812">«</w>
                                <w xml:id="t2813">si</w>
                                <w xml:id="t2814">le</w>
                                <w xml:id="t2815">candidat</w>
                                <w xml:id="t2816">doit</w>
                                <w xml:id="t2817">partir</w>
                                <w xml:id="t2818">,</w>
                                <w xml:id="t2819">il</w>
                                <w xml:id="t2820">aura</w>
                                <w xml:id="t2821">des</w>
                                <w xml:id="t2822">regrets</w>
                                <w xml:id="t2823">»</w>
                                <w xml:id="t2824">.</w>
                                <w xml:id="t2825">La</w>
                                <w xml:id="t2826">reformulation</w>
                                <w xml:id="t2827">est</w>
                                <w xml:id="t2828">envisagée</w>
                                <w xml:id="t2829">puis</w>
                                <w xml:id="t2830">énoncée</w>
                                <w xml:id="t2831">,</w>
                                <w xml:id="t2832">sans</w>
                                <w xml:id="t2833">prendre</w>
                                <w xml:id="t2834">en</w>
                                <w xml:id="t2835">considération</w>
                                <w xml:id="t2836">le</w>
                                <w xml:id="t2837">contenu</w>
                                <w xml:id="t2838">de</w>
                                <w xml:id="t2839">la</w>
                                <w xml:id="t2840">réponse</w>
                                <w xml:id="t2841">du</w>
                                <w xml:id="t2842">candidat</w>
                                <w xml:id="t2843">.</w>
                                <w xml:id="t2844">Ce</w>
                                <w xml:id="t2845">dernier</w>
                                <w xml:id="t2846">quitte</w>
                                <w xml:id="t2847">le</w>
                                <w xml:id="t2848">jeu</w>
                                <w xml:id="t2849">mais</w>
                                <w xml:id="t2850">reste</w>
                                <w xml:id="t2851">quand</w>
                                <w xml:id="t2852">même</w>
                                <w xml:id="t2853">avec</w>
                                <w xml:id="t2854">l'</w>
                                <w xml:id="t2855">équipe</w>
                                <w xml:id="t2856">.</w>
                                <w xml:id="t2857">Nous</w>
                                <w xml:id="t2858">pouvons</w>
                                <w xml:id="t2859">,</w>
                                <w xml:id="t2860">de</w>
                                <w xml:id="t2861">ce</w>
                                <w xml:id="t2862">fait</w>
                                <w xml:id="t2863">,</w>
                                <w xml:id="t2864">paraphraser</w>
                                <w xml:id="t2865">E</w>
                                <hi rend="sub">
                                    <w xml:id="t2866">4</w>
                                </hi>
                                <w xml:id="t2867">comme</w>
                                <w xml:id="t2868">suit</w>
                                <w xml:id="t2869">:</w>
                                <w xml:id="t2870">«</w>
                                <w xml:id="t2871">La</w>
                                <w xml:id="t2872">demande</w>
                                <w xml:id="t2873">d'</w>
                                <w xml:id="t2874">information</w>
                                <w xml:id="t2875">ne</w>
                                <w xml:id="t2876">légitime</w>
                                <w xml:id="t2877">aucune</w>
                                <w xml:id="t2878">inférence</w>
                                <w xml:id="t2879">.</w>
                                <w xml:id="t2880">Il</w>
                                <w xml:id="t2881">ne</w>
                                <w xml:id="t2882">sert</w>
                                <w xml:id="t2883">à</w>
                                <w xml:id="t2884">rien</w>
                                <w xml:id="t2885">donc</w>
                                <w xml:id="t2886">de</w>
                                <w xml:id="t2887">préciser</w>
                                <w xml:id="t2888">que</w>
                                <w xml:id="t2889">l'</w>
                                <w xml:id="t2890">on</w>
                                <w xml:id="t2891">regrette</w>
                                <w xml:id="t2892">ou</w>
                                <w xml:id="t2893">pas</w>
                                <w xml:id="t2894">le</w>
                                <w xml:id="t2895">départ</w>
                                <hi rend="italic">
                                    <w xml:id="t2896">puisque</w>
                                </hi>
                                <w xml:id="t2897">[</w>
                                <hi rend="italic">
                                    <w xml:id="t2898">de</w>
                                    <w xml:id="t2899">toute</w>
                                </hi>
                                <hi rend="italic">
                                    <w xml:id="t2900">façon</w>
                                </hi>
                                <w xml:id="t2901">]il</w>
                                <w xml:id="t2902">n'</w>
                                <w xml:id="t2903">y</w>
                                <w xml:id="t2904">a</w>
                                <w xml:id="t2905">pas</w>
                                <w xml:id="t2906">de</w>
                                <w xml:id="t2907">véritable</w>
                                <w xml:id="t2908">départ</w>
                                <w xml:id="t2909">»</w>
                                <w xml:id="t2910">.</w>
                            </p>
                            <p>
                                <w xml:id="t2911">Il</w>
                                <w xml:id="t2912">faudrait</w>
                                <w xml:id="t2913">,</w>
                                <w xml:id="t2914">par</w>
                                <w xml:id="t2915">ailleurs</w>
                                <w xml:id="t2916">,</w>
                                <w xml:id="t2917">préciser</w>
                                <w xml:id="t2918">que</w>
                                <w xml:id="t2919">la</w>
                                <w xml:id="t2920">reformulation</w>
                                <w xml:id="t2921">effectuée</w>
                                <w xml:id="t2922">en</w>
                                <w xml:id="t2923">«</w>
                                <hi rend="bold">
                                    <w xml:id="t2924">r</w>
                                </hi>
                                <w xml:id="t2925">»</w>
                                <w xml:id="t2926">ne</w>
                                <w xml:id="t2927">remet</w>
                                <w xml:id="t2928">en</w>
                                <w xml:id="t2929">cause</w>
                                <w xml:id="t2930">la</w>
                                <w xml:id="t2931">pertinence</w>
                                <w xml:id="t2932">de</w>
                                <w xml:id="t2933">l'</w>
                                <w xml:id="t2934">énonciation</w>
                                <w xml:id="t2935">de</w>
                                <hi rend="bold">
                                    <w xml:id="t2936">p</w>
                                </hi>
                                <w xml:id="t2937">(</w>
                                <w xml:id="t2938">la</w>
                                <w xml:id="t2939">question</w>
                                <w xml:id="t2940">et</w>
                                <w xml:id="t2941">la</w>
                                <w xml:id="t2942">réponse</w>
                                <w xml:id="t2943">)</w>
                                <w xml:id="t2944">qu'</w>
                                <w xml:id="t2945">en</w>
                                <w xml:id="t2946">tant</w>
                                <w xml:id="t2947">qu'</w>
                                <w xml:id="t2948">une</w>
                                <w xml:id="t2949">confirmation</w>
                                <w xml:id="t2950">d'</w>
                                <w xml:id="t2951">une</w>
                                <w xml:id="t2952">implicitation</w>
                                <w xml:id="t2953">.</w>
                                <w xml:id="t2954">Autrement</w>
                                <w xml:id="t2955">dit</w>
                                <w xml:id="t2956">,</w>
                                <w xml:id="t2957">l'</w>
                                <w xml:id="t2958">énonciation</w>
                                <w xml:id="t2959">de</w>
                                <hi rend="bold">
                                    <w xml:id="t2960">p</w>
                                </hi>
                                <w xml:id="t2961">,</w>
                                <w xml:id="t2962">en</w>
                                <w xml:id="t2963">tant</w>
                                <w xml:id="t2964">que</w>
                                <w xml:id="t2965">contenu</w>
                                <w xml:id="t2966">informatif</w>
                                <w xml:id="t2967">,</w>
                                <w xml:id="t2968">n'</w>
                                <w xml:id="t2969">est</w>
                                <w xml:id="t2970">pas</w>
                                <w xml:id="t2971">invalidée</w>
                                <w xml:id="t2972">.</w>
                                <w xml:id="t2973">Il</w>
                                <w xml:id="t2974">n'</w>
                                <w xml:id="t2975">est</w>
                                <w xml:id="t2976">pas</w>
                                <w xml:id="t2977">impossible</w>
                                <w xml:id="t2978">,</w>
                                <w xml:id="t2979">dans</w>
                                <w xml:id="t2980">ce</w>
                                <w xml:id="t2981">cas</w>
                                <w xml:id="t2982">,</w>
                                <w xml:id="t2983">de</w>
                                <w xml:id="t2984">remplacer</w>
                                <w xml:id="t2985">le</w>
                                <w xml:id="t2986">connecteur</w>
                                <hi rend="italic">
                                    <w xml:id="t2987">de</w>
                                    <w xml:id="t2988">toute</w>
                                    <w xml:id="t2989">façon</w>
                                </hi>
                                <w xml:id="t2990">par</w>
                                <w xml:id="t2991">le</w>
                                <w xml:id="t2992">connecteur</w>
                                <hi rend="italic">
                                    <w xml:id="t2993">en</w>
                                    <w xml:id="t2994">tout</w>
                                    <w xml:id="t2995">cas</w>
                                </hi>
                                <anchor xml:id="idm46149484863648"/>
                                <w xml:id="t2996">.</w>
                                <w xml:id="t2997">Cependant</w>
                                <w xml:id="t2998">,</w>
                                <w xml:id="t2999">bien</w>
                                <w xml:id="t3000">que</w>
                                <w xml:id="t3001">ce</w>
                                <w xml:id="t3002">dernier</w>
                                <w xml:id="t3003">soit</w>
                                <w xml:id="t3004">,</w>
                                <w xml:id="t3005">tout</w>
                                <w xml:id="t3006">comme</w>
                                <hi rend="italic">
                                    <w xml:id="t3007">de</w>
                                    <w xml:id="t3008">toute</w>
                                    <w xml:id="t3009">façon</w>
                                </hi>
                                <w xml:id="t3010">,</w>
                                <w xml:id="t3011">un</w>
                                <w xml:id="t3012">connecteur</w>
                                <w xml:id="t3013">reformulatif</w>
                                <w xml:id="t3014">,</w>
                                <w xml:id="t3015">son</w>
                                <w xml:id="t3016">intervention</w>
                                <w xml:id="t3017">,</w>
                                <w xml:id="t3018">possible</w>
                                <w xml:id="t3019">en</w>
                                <w xml:id="t3020">E</w>
                                <w xml:id="t3021">'</w>
                                <hi rend="sub">
                                    <w xml:id="t3022">4</w>
                                </hi>
                                <w xml:id="t3023">,</w>
                                <w xml:id="t3024">n'</w>
                                <w xml:id="t3025">est</w>
                                <w xml:id="t3026">pas</w>
                                <w xml:id="t3027">sans</w>
                                <w xml:id="t3028">impliquer</w>
                                <w xml:id="t3029">une</w>
                                <w xml:id="t3030">différence</w>
                                <w xml:id="t3031">de</w>
                                <w xml:id="t3032">sens</w>
                                <w xml:id="t3033">:</w>
                            </p>
                            <q rend="quotation">
                                <w xml:id="t3034">E</w>
                                <w xml:id="t3035">'</w>
                                <hi rend="sub">
                                    <w xml:id="t3036">4</w>
                                </hi>
                                <w xml:id="t3037">:</w>
                                <w xml:id="t3038">-</w>
                                <w xml:id="t3039">«</w>
                                <w xml:id="t3040">(</w>
                                <w xml:id="t3041">…</w>
                                <w xml:id="t3042">)</w>
                                <w xml:id="t3043">Sans</w>
                                <w xml:id="t3044">regrets</w>
                                <w xml:id="t3045">?</w>
                                <w xml:id="t3046">»</w>
                            </q>
                            <q rend="quotation">
                                <w xml:id="t3047">–</w>
                                <w xml:id="t3048">«</w>
                                <w xml:id="t3049">Non</w>
                                <w xml:id="t3050">,</w>
                                <w xml:id="t3051">non</w>
                                <w xml:id="t3052">.</w>
                                <w xml:id="t3053">C'</w>
                                <w xml:id="t3054">était</w>
                                <w xml:id="t3055">très</w>
                                <w xml:id="t3056">bien</w>
                                <w xml:id="t3057">.</w>
                                <w xml:id="t3058">»</w>
                            </q>
                            <q rend="quotation">
                                <w xml:id="t3059">–</w>
                                <w xml:id="t3060">«</w>
                                <w xml:id="t3061">Bien</w>
                                <w xml:id="t3062">,</w>
                                <w xml:id="t3063">vous</w>
                                <w xml:id="t3064">restez</w>
                                <w xml:id="t3065">avec</w>
                                <w xml:id="t3066">nous</w>
                                <w xml:id="t3067">,</w>
                                <hi rend="italic">
                                    <w xml:id="t3068">en</w>
                                    <w xml:id="t3069">tout</w>
                                    <w xml:id="t3070">cas</w>
                                </hi>
                                <w xml:id="t3071">.</w>
                                <w xml:id="t3072">Je</w>
                                <w xml:id="t3073">vous</w>
                                <w xml:id="t3074">embrasse</w>
                                <w xml:id="t3075">.</w>
                                <w xml:id="t3076">»</w>
                            </q>
                            <p>
                                <w xml:id="t3077">L'</w>
                                <w xml:id="t3078">effet</w>
                                <w xml:id="t3079">de</w>
                                <w xml:id="t3080">sens</w>
                                <w xml:id="t3081">produit</w>
                                <w xml:id="t3082">par</w>
                                <hi rend="italic">
                                    <w xml:id="t3083">en</w>
                                    <w xml:id="t3084">tout</w>
                                    <w xml:id="t3085">cas</w>
                                </hi>
                                <w xml:id="t3086">n'</w>
                                <w xml:id="t3087">est</w>
                                <w xml:id="t3088">pas</w>
                                <w xml:id="t3089">une</w>
                                <w xml:id="t3090">remise</w>
                                <w xml:id="t3091">en</w>
                                <w xml:id="t3092">cause</w>
                                <w xml:id="t3093">de</w>
                                <w xml:id="t3094">la</w>
                                <w xml:id="t3095">pertinence</w>
                                <w xml:id="t3096">de</w>
                                <w xml:id="t3097">l'</w>
                                <w xml:id="t3098">énonciation</w>
                                <w xml:id="t3099">du</w>
                                <w xml:id="t3100">premier</w>
                                <w xml:id="t3101">acte</w>
                                <w xml:id="t3102">discursif</w>
                                <w xml:id="t3103">.</w>
                                <w xml:id="t3104">En</w>
                                <w xml:id="t3105">effet</w>
                                <w xml:id="t3106">,</w>
                                <w xml:id="t3107">en</w>
                                <w xml:id="t3108">employant</w>
                                <w xml:id="t3109">ce</w>
                                <w xml:id="t3110">connecteur</w>
                                <w xml:id="t3111">,</w>
                                <w xml:id="t3112">«</w>
                                <hi rend="italic">
                                    <w xml:id="t3113">le</w>
                                    <w xml:id="t3114">locuteur</w>
                                    <w xml:id="t3115">indique</w>
                                    <w xml:id="t3116">(</w>
                                    <w xml:id="t3117">…</w>
                                    <w xml:id="t3118">)</w>
                                    <w xml:id="t3119">qu'</w>
                                    <w xml:id="t3120">il</w>
                                    <w xml:id="t3121">juge</w>
                                    <w xml:id="t3122">pertinent</w>
                                    <w xml:id="t3123">ce</w>
                                    <w xml:id="t3124">qui</w>
                                    <w xml:id="t3125">a</w>
                                    <w xml:id="t3126">été</w>
                                    <w xml:id="t3127">énoncé</w>
                                    <w xml:id="t3128">en</w>
                                </hi>
                                <hi rend="italic">
                                    <hi rend="bold">
                                        <w xml:id="t3129">p</w>
                                    </hi>
                                </hi>
                                <w xml:id="t3130">»</w>
                                <anchor xml:id="idm46149484588480"/>
                                <hi rend="italic">
                                    <w xml:id="t3131">.</w>
                                </hi>
                                <w xml:id="t3132">La</w>
                                <w xml:id="t3133">reformulation</w>
                                <w xml:id="t3134">inhérente</w>
                                <w xml:id="t3135">à</w>
                                <w xml:id="t3136">ce</w>
                                <w xml:id="t3137">mot</w>
                                <w xml:id="t3138">de</w>
                                <w xml:id="t3139">discours</w>
                                <w xml:id="t3140">ne</w>
                                <w xml:id="t3141">concerne</w>
                                <w xml:id="t3142">alors</w>
                                <w xml:id="t3143">pas</w>
                                <w xml:id="t3144">«</w>
                                <hi rend="italic">
                                    <w xml:id="t3145">l'</w>
                                    <w xml:id="t3146">état</w>
                                    <w xml:id="t3147">de</w>
                                    <w xml:id="t3148">chose</w>
                                    <w xml:id="t3149">évoqué</w>
                                    <w xml:id="t3150">en</w>
                                </hi>
                                <hi rend="italic">
                                    <hi rend="bold">
                                        <w xml:id="t3151">p</w>
                                    </hi>
                                </hi>
                                <hi rend="italic">
                                    <w xml:id="t3152">,</w>
                                    <w xml:id="t3153">mais</w>
                                </hi>
                                <w xml:id="t3154">[</w>
                                <w xml:id="t3155">un</w>
                                <w xml:id="t3156">des</w>
                                <w xml:id="t3157">éléments</w>
                                <w xml:id="t3158">]</w>
                                <hi rend="italic">
                                    <w xml:id="t3159">relatifs</w>
                                    <w xml:id="t3160">à</w>
                                    <w xml:id="t3161">cet</w>
                                    <w xml:id="t3162">état</w>
                                    <w xml:id="t3163">de</w>
                                    <w xml:id="t3164">chose</w>
                                    <w xml:id="t3165">que</w>
                                    <w xml:id="t3166">la</w>
                                    <w xml:id="t3167">simple</w>
                                    <w xml:id="t3168">énonciation</w>
                                    <w xml:id="t3169">de</w>
                                </hi>
                                <hi rend="italic">
                                    <hi rend="bold">
                                        <w xml:id="t3170">p</w>
                                    </hi>
                                </hi>
                                <hi rend="italic">
                                    <w xml:id="t3171">ne</w>
                                    <w xml:id="t3172">suffit</w>
                                    <w xml:id="t3173">pas</w>
                                    <w xml:id="t3174">à</w>
                                    <w xml:id="t3175">exprimer</w>
                                    <w xml:id="t3176">»</w>
                                    <w xml:id="t3177">.</w>
                                </hi>
                                <w xml:id="t3178">En</w>
                                <w xml:id="t3179">E</w>
                                <w xml:id="t3180">'</w>
                                <hi rend="sub">
                                    <w xml:id="t3181">4</w>
                                </hi>
                                <w xml:id="t3182">,</w>
                                <hi rend="italic">
                                    <w xml:id="t3183">en</w>
                                    <w xml:id="t3184">tout</w>
                                    <w xml:id="t3185">cas</w>
                                </hi>
                                <w xml:id="t3186">introduit</w>
                                <w xml:id="t3187">donc</w>
                                <w xml:id="t3188">un</w>
                                <w xml:id="t3189">énoncé</w>
                                <w xml:id="t3190">qui</w>
                                <w xml:id="t3191">permet</w>
                                <w xml:id="t3192">de</w>
                                <w xml:id="t3193">maintenir</w>
                                <w xml:id="t3194">la</w>
                                <w xml:id="t3195">validité</w>
                                <w xml:id="t3196">et</w>
                                <w xml:id="t3197">du</w>
                                <w xml:id="t3198">contenu</w>
                                <w xml:id="t3199">propositionnel</w>
                                <w xml:id="t3200">et</w>
                                <w xml:id="t3201">de</w>
                                <w xml:id="t3202">l'</w>
                                <w xml:id="t3203">implicitation</w>
                                <w xml:id="t3204">relatifs</w>
                                <w xml:id="t3205">à</w>
                                <hi rend="bold">
                                    <w xml:id="t3206">p</w>
                                </hi>
                                <w xml:id="t3207">.</w>
                                <w xml:id="t3208">Le</w>
                                <w xml:id="t3209">locuteur</w>
                                <w xml:id="t3210">semble</w>
                                <w xml:id="t3211">,</w>
                                <w xml:id="t3212">en</w>
                                <w xml:id="t3213">effet</w>
                                <w xml:id="t3214">,</w>
                                <w xml:id="t3215">reconnaître</w>
                                <w xml:id="t3216">le</w>
                                <w xml:id="t3217">lien</w>
                                <w xml:id="t3218">existant</w>
                                <w xml:id="t3219">entre</w>
                                <w xml:id="t3220">le</w>
                                <w xml:id="t3221">fait</w>
                                <w xml:id="t3222">d'</w>
                                <w xml:id="t3223">avoir</w>
                                <w xml:id="t3224">des</w>
                                <w xml:id="t3225">regrets</w>
                                <w xml:id="t3226">et</w>
                                <w xml:id="t3227">celui</w>
                                <w xml:id="t3228">de</w>
                                <w xml:id="t3229">quitter</w>
                                <w xml:id="t3230">le</w>
                                <w xml:id="t3231">studio</w>
                                <w xml:id="t3232">.</w>
                            </p>
                            <p>
                                <w xml:id="t3233">Ainsi</w>
                                <w xml:id="t3234">,</w>
                                <w xml:id="t3235">la</w>
                                <w xml:id="t3236">reformulation</w>
                                <w xml:id="t3237">introduite</w>
                                <w xml:id="t3238">par</w>
                                <hi rend="italic">
                                    <w xml:id="t3239">en</w>
                                    <w xml:id="t3240">tout</w>
                                    <w xml:id="t3241">cas</w>
                                </hi>
                                <w xml:id="t3242">résulte</w>
                                <w xml:id="t3243">plus</w>
                                <w xml:id="t3244">de</w>
                                <w xml:id="t3245">la</w>
                                <w xml:id="t3246">non-actualisation</w>
                                <w xml:id="t3247">de</w>
                                <w xml:id="t3248">l'</w>
                                <w xml:id="t3249">implicitation</w>
                                <w xml:id="t3250">inférable</w>
                                <w xml:id="t3251">de</w>
                                <hi rend="bold">
                                    <w xml:id="t3252">p</w>
                                </hi>
                                <w xml:id="t3253">que</w>
                                <w xml:id="t3254">de</w>
                                <w xml:id="t3255">son</w>
                                <w xml:id="t3256">invalidation</w>
                                <w xml:id="t3257">.</w>
                                <w xml:id="t3258">Par</w>
                                <w xml:id="t3259">conséquent</w>
                                <w xml:id="t3260">,</w>
                                <w xml:id="t3261">les</w>
                                <w xml:id="t3262">deux</w>
                                <w xml:id="t3263">connecteurs</w>
                                <hi rend="italic">
                                    <w xml:id="t3264">de</w>
                                    <w xml:id="t3265">toute</w>
                                    <w xml:id="t3266">façon</w>
                                </hi>
                                <w xml:id="t3267">et</w>
                                <hi rend="italic">
                                    <w xml:id="t3268">en</w>
                                    <w xml:id="t3269">tout</w>
                                    <w xml:id="t3270">cas</w>
                                </hi>
                                <w xml:id="t3271">ne</w>
                                <w xml:id="t3272">peuvent</w>
                                <w xml:id="t3273">être</w>
                                <w xml:id="t3274">considérés</w>
                                <w xml:id="t3275">,</w>
                                <w xml:id="t3276">contrairement</w>
                                <w xml:id="t3277">à</w>
                                <w xml:id="t3278">ce</w>
                                <w xml:id="t3279">que</w>
                                <w xml:id="t3280">semblent</w>
                                <w xml:id="t3281">indiquer</w>
                                <w xml:id="t3282">certains</w>
                                <w xml:id="t3283">dictionnaires</w>
                                <w xml:id="t3284">,</w>
                                <w xml:id="t3285">comme</w>
                                <w xml:id="t3286">étant</w>
                                <w xml:id="t3287">de</w>
                                <w xml:id="t3288">parfaits</w>
                                <w xml:id="t3289">synonymes</w>
                                <w xml:id="t3290">.</w>
                            </p>
                        </div>
                        <div type="div4">
                            <head subtype="level4">
                                <w xml:id="t3291">2-2-1-2</w>
                                <w xml:id="t3292">.</w>
                                <w xml:id="t3293">La</w>
                                <w xml:id="t3294">reformulation</w>
                                <w xml:id="t3295">:</w>
                                <w xml:id="t3296">une</w>
                                <w xml:id="t3297">invalidation</w>
                                <w xml:id="t3298">de</w>
                                <w xml:id="t3299">l'</w>
                                <w xml:id="t3300">acte</w>
                                <w xml:id="t3301">illocutoire</w>
                                <w xml:id="t3302">de</w>
                                <w xml:id="t3303">p</w>
                            </head>
                            <p>
                                <w xml:id="t3304">Soit</w>
                                <w xml:id="t3305">l'</w>
                                <w xml:id="t3306">énoncé</w>
                                <w xml:id="t3307">E</w>
                                <hi rend="sub">
                                    <w xml:id="t3308">5</w>
                                </hi>
                                <w xml:id="t3309">(</w>
                                <w xml:id="t3310">extrait</w>
                                <w xml:id="t3311">de</w>
                                <hi rend="italic">
                                    <w xml:id="t3312">Légal</w>
                                    <w xml:id="t3313">ou</w>
                                    <w xml:id="t3314">pas</w>
                                    <w xml:id="t3315">légal</w>
                                </hi>
                                <w xml:id="t3316">,</w>
                                <w xml:id="t3317">diffusé</w>
                                <w xml:id="t3318">sur</w>
                                <w xml:id="t3319">La</w>
                                <w xml:id="t3320">5</w>
                                <w xml:id="t3321">)</w>
                            </p>
                            <q rend="quotation">
                                <w xml:id="t3322">–</w>
                                <w xml:id="t3323">(</w>
                                <w xml:id="t3324">L1</w>
                                <w xml:id="t3325">)</w>
                                <w xml:id="t3326">L'</w>
                                <w xml:id="t3327">animatrice</w>
                                <w xml:id="t3328">s'</w>
                                <w xml:id="t3329">adressant</w>
                                <w xml:id="t3330">à</w>
                                <w xml:id="t3331">la</w>
                                <w xml:id="t3332">candidate</w>
                                <w xml:id="t3333">,</w>
                                <w xml:id="t3334">restée</w>
                                <w xml:id="t3335">bloquée</w>
                                <w xml:id="t3336">en</w>
                                <w xml:id="t3337">mi-réponse</w>
                                <w xml:id="t3338">:</w>
                                <w xml:id="t3339">«</w>
                                <w xml:id="t3340">Oui</w>
                                <w xml:id="t3341">,</w>
                                <w xml:id="t3342">Renée</w>
                                <w xml:id="t3343">!</w>
                                <w xml:id="t3344">»</w>
                            </q>
                            <q rend="quotation">
                                <w xml:id="t3345">–</w>
                                <w xml:id="t3346">(</w>
                                <w xml:id="t3347">L2</w>
                                <w xml:id="t3348">)</w>
                                <w xml:id="t3349">Renée</w>
                                <w xml:id="t3350">:</w>
                                <w xml:id="t3351">«</w>
                                <w xml:id="t3352">Je</w>
                                <w xml:id="t3353">n'</w>
                                <w xml:id="t3354">sais</w>
                                <w xml:id="t3355">pas</w>
                                <w xml:id="t3356">,</w>
                                <w xml:id="t3357">ça</w>
                                <w xml:id="t3358">vient</w>
                                <w xml:id="t3359">plus</w>
                                <w xml:id="t3360">»</w>
                                <w xml:id="t3361">.</w>
                            </q>
                            <q rend="quotation">
                                <w xml:id="t3362">(</w>
                                <w xml:id="t3363">on</w>
                                <w xml:id="t3364">entend</w>
                                <w xml:id="t3365">le</w>
                                <w xml:id="t3366">gong</w>
                                <w xml:id="t3367">qui</w>
                                <w xml:id="t3368">marque</w>
                                <w xml:id="t3369">la</w>
                                <w xml:id="t3370">fin</w>
                                <w xml:id="t3371">du</w>
                                <w xml:id="t3372">temps</w>
                                <w xml:id="t3373">de</w>
                                <w xml:id="t3374">réflexion</w>
                                <w xml:id="t3375">)</w>
                            </q>
                            <q rend="quotation">
                                <w xml:id="t3376">–</w>
                                <w xml:id="t3377">(</w>
                                <w xml:id="t3378">L1</w>
                                <w xml:id="t3379">)</w>
                                <w xml:id="t3380">«</w>
                                <w xml:id="t3381">Eh</w>
                                <w xml:id="t3382">ben</w>
                                <w xml:id="t3383">,</w>
                                <w xml:id="t3384">c'</w>
                                <w xml:id="t3385">était</w>
                                <w xml:id="t3386">la</w>
                                <w xml:id="t3387">fin</w>
                                <hi rend="italic">
                                    <w xml:id="t3388">de</w>
                                    <w xml:id="t3389">toute</w>
                                    <w xml:id="t3390">façon</w>
                                </hi>
                                <w xml:id="t3391">.</w>
                                <w xml:id="t3392">»</w>
                            </q>
                            <p>
                                <w xml:id="t3393">Dans</w>
                                <w xml:id="t3394">cet</w>
                                <w xml:id="t3395">énoncé</w>
                                <w xml:id="t3396">,</w>
                                <w xml:id="t3397">l'</w>
                                <w xml:id="t3398">acte</w>
                                <w xml:id="t3399">discursif</w>
                                <w xml:id="t3400">marqué</w>
                                <w xml:id="t3401">par</w>
                                <hi rend="italic">
                                    <w xml:id="t3402">de</w>
                                    <w xml:id="t3403">toute</w>
                                    <w xml:id="t3404">façon</w>
                                </hi>
                                <w xml:id="t3405">(</w>
                                <w xml:id="t3406">«</w>
                                <w xml:id="t3407">eh</w>
                                <w xml:id="t3408">ben</w>
                                <w xml:id="t3409">c'</w>
                                <w xml:id="t3410">était</w>
                                <w xml:id="t3411">la</w>
                                <w xml:id="t3412">fin</w>
                                <w xml:id="t3413">»</w>
                                <w xml:id="t3414">)</w>
                                <w xml:id="t3415">effectue</w>
                                <w xml:id="t3416">rétrospectivement</w>
                                <w xml:id="t3417">une</w>
                                <w xml:id="t3418">reformulation</w>
                                <w xml:id="t3419">des</w>
                                <w xml:id="t3420">actes</w>
                                <w xml:id="t3421">discursifs</w>
                                <w xml:id="t3422">précédents</w>
                                <w xml:id="t3423">,</w>
                                <w xml:id="t3424">à</w>
                                <w xml:id="t3425">savoir</w>
                                <w xml:id="t3426">la</w>
                                <w xml:id="t3427">demande</w>
                                <w xml:id="t3428">de</w>
                                <w xml:id="t3429">L1</w>
                                <w xml:id="t3430">et</w>
                                <w xml:id="t3431">la</w>
                                <w xml:id="t3432">réponse</w>
                                <w xml:id="t3433">de</w>
                                <w xml:id="t3434">L2</w>
                                <w xml:id="t3435">.</w>
                                <w xml:id="t3436">Cette</w>
                                <w xml:id="t3437">reformulation</w>
                                <w xml:id="t3438">invalide</w>
                                <w xml:id="t3439">les</w>
                                <w xml:id="t3440">actes</w>
                                <w xml:id="t3441">illocutoires</w>
                                <w xml:id="t3442">réalisés</w>
                                <w xml:id="t3443">en</w>
                                <hi rend="bold">
                                    <w xml:id="t3444">p</w>
                                </hi>
                                <w xml:id="t3445">et</w>
                                <w xml:id="t3446">engendre</w>
                                <w xml:id="t3447">une</w>
                                <w xml:id="t3448">remise</w>
                                <w xml:id="t3449">en</w>
                                <w xml:id="t3450">cause</w>
                                <w xml:id="t3451">de</w>
                                <w xml:id="t3452">l'</w>
                                <w xml:id="t3453">énonciation</w>
                                <w xml:id="t3454">même</w>
                                <w xml:id="t3455">de</w>
                                <w xml:id="t3456">cette</w>
                                <w xml:id="t3457">proposition</w>
                                <w xml:id="t3458">.</w>
                                <w xml:id="t3459">En</w>
                                <w xml:id="t3460">effet</w>
                                <w xml:id="t3461">,</w>
                                <w xml:id="t3462">par</w>
                                <w xml:id="t3463">le</w>
                                <w xml:id="t3464">biais</w>
                                <w xml:id="t3465">de</w>
                                <w xml:id="t3466">la</w>
                                <w xml:id="t3467">proposition</w>
                                <hi rend="bold">
                                    <w xml:id="t3468">r</w>
                                </hi>
                                <w xml:id="t3469">,</w>
                                <w xml:id="t3470">le</w>
                                <w xml:id="t3471">locuteur</w>
                                <w xml:id="t3472">remet</w>
                                <w xml:id="t3473">en</w>
                                <w xml:id="t3474">cause</w>
                                <w xml:id="t3475">sa</w>
                                <w xml:id="t3476">demande</w>
                                <w xml:id="t3477">de</w>
                                <w xml:id="t3478">justification</w>
                                <w xml:id="t3479">,</w>
                                <w xml:id="t3480">ainsi</w>
                                <w xml:id="t3481">que</w>
                                <w xml:id="t3482">l'</w>
                                <w xml:id="t3483">activité</w>
                                <w xml:id="t3484">argumentative</w>
                                <w xml:id="t3485">effectuée</w>
                                <w xml:id="t3486">par</w>
                                <w xml:id="t3487">L2</w>
                                <w xml:id="t3488">(</w>
                                <w xml:id="t3489">Renée</w>
                                <w xml:id="t3490">)</w>
                                <w xml:id="t3491">.</w>
                                <w xml:id="t3492">Ces</w>
                                <w xml:id="t3493">deux</w>
                                <w xml:id="t3494">actes</w>
                                <w xml:id="t3495">discursifs</w>
                                <w xml:id="t3496">sont</w>
                                <w xml:id="t3497">donc</w>
                                <w xml:id="t3498">présentés</w>
                                <w xml:id="t3499">,</w>
                                <w xml:id="t3500">après</w>
                                <w xml:id="t3501">coup</w>
                                <w xml:id="t3502">,</w>
                                <w xml:id="t3503">comme</w>
                                <w xml:id="t3504">étant</w>
                                <w xml:id="t3505">inutiles</w>
                                <w xml:id="t3506">.</w>
                                <w xml:id="t3507">Nous</w>
                                <w xml:id="t3508">pouvons</w>
                                <w xml:id="t3509">paraphraser</w>
                                <w xml:id="t3510">cet</w>
                                <w xml:id="t3511">énoncé</w>
                                <w xml:id="t3512">comme</w>
                                <w xml:id="t3513">suit</w>
                                <w xml:id="t3514">:</w>
                                <w xml:id="t3515">«</w>
                                <w xml:id="t3516">D'</w>
                                <w xml:id="t3517">après</w>
                                <w xml:id="t3518">le</w>
                                <w xml:id="t3519">locuteur</w>
                                <w xml:id="t3520">L1</w>
                                <w xml:id="t3521">,</w>
                                <w xml:id="t3522">il</w>
                                <w xml:id="t3523">ne</w>
                                <w xml:id="t3524">sert</w>
                                <w xml:id="t3525">à</w>
                                <w xml:id="t3526">rien</w>
                                <w xml:id="t3527">que</w>
                                <w xml:id="t3528">L2</w>
                                <w xml:id="t3529">réponde</w>
                                <w xml:id="t3530">à</w>
                                <w xml:id="t3531">sa</w>
                                <w xml:id="t3532">question</w>
                                <w xml:id="t3533">par</w>
                                <w xml:id="t3534">un</w>
                                <w xml:id="t3535">acte</w>
                                <w xml:id="t3536">justifiant</w>
                                <w xml:id="t3537">son</w>
                                <w xml:id="t3538">silence</w>
                                <w xml:id="t3539">puisque</w>
                                <w xml:id="t3540">[</w>
                                <hi rend="italic">
                                    <w xml:id="t3541">de</w>
                                    <w xml:id="t3542">toute</w>
                                    <w xml:id="t3543">façon</w>
                                </hi>
                                <w xml:id="t3544">]</w>
                                <w xml:id="t3545">il</w>
                                <w xml:id="t3546">sait</w>
                                <w xml:id="t3547">que</w>
                                <w xml:id="t3548">L2</w>
                                <w xml:id="t3549">n'</w>
                                <w xml:id="t3550">aurait</w>
                                <w xml:id="t3551">pas</w>
                                <w xml:id="t3552">pu</w>
                                <w xml:id="t3553">terminer</w>
                                <w xml:id="t3554">sa</w>
                                <w xml:id="t3555">réponse</w>
                                <w xml:id="t3556">faute</w>
                                <w xml:id="t3557">de</w>
                                <w xml:id="t3558">temps</w>
                                <w xml:id="t3559">.</w>
                                <w xml:id="t3560">»</w>
                            </p>
                            <p>
                                <w xml:id="t3561">Dans</w>
                                <w xml:id="t3562">cet</w>
                                <w xml:id="t3563">énoncé</w>
                                <w xml:id="t3564">,</w>
                                <w xml:id="t3565">nous</w>
                                <w xml:id="t3566">ne</w>
                                <w xml:id="t3567">pouvons</w>
                                <w xml:id="t3568">pas</w>
                                <w xml:id="t3569">remplacer</w>
                                <w xml:id="t3570">le</w>
                                <w xml:id="t3571">connecteur</w>
                                <hi rend="italic">
                                    <w xml:id="t3572">de</w>
                                    <w xml:id="t3573">toute</w>
                                    <w xml:id="t3574">façon</w>
                                </hi>
                                <w xml:id="t3575">par</w>
                                <hi rend="italic">
                                    <w xml:id="t3576">en</w>
                                    <w xml:id="t3577">tout</w>
                                    <w xml:id="t3578">cas</w>
                                </hi>
                                <anchor xml:id="idm46149484563216"/>
                                <w xml:id="t3579">.</w>
                                <w xml:id="t3580">En</w>
                                <w xml:id="t3581">effet</w>
                                <w xml:id="t3582">,</w>
                                <w xml:id="t3583">la</w>
                                <w xml:id="t3584">particularité</w>
                                <w xml:id="t3585">de</w>
                                <w xml:id="t3586">l'</w>
                                <w xml:id="t3587">emploi</w>
                                <w xml:id="t3588">du</w>
                                <w xml:id="t3589">premier</w>
                                <w xml:id="t3590">réside</w>
                                <w xml:id="t3591">dans</w>
                                <w xml:id="t3592">le</w>
                                <w xml:id="t3593">fait</w>
                                <w xml:id="t3594">de</w>
                                <w xml:id="t3595">pouvoir</w>
                                <w xml:id="t3596">introduire</w>
                                <w xml:id="t3597">une</w>
                                <w xml:id="t3598">remise</w>
                                <w xml:id="t3599">en</w>
                                <w xml:id="t3600">cause</w>
                                <w xml:id="t3601">de</w>
                                <w xml:id="t3602">la</w>
                                <w xml:id="t3603">pertinence</w>
                                <w xml:id="t3604">de</w>
                                <w xml:id="t3605">l'</w>
                                <w xml:id="t3606">acte</w>
                                <w xml:id="t3607">illocutoire</w>
                                <w xml:id="t3608">de</w>
                                <w xml:id="t3609">l'</w>
                                <w xml:id="t3610">énoncé</w>
                                <w xml:id="t3611">antérieur</w>
                                <w xml:id="t3612">.</w>
                            </p>
                            <q rend="quotation">
                                <w xml:id="t3613">E</w>
                                <w xml:id="t3614">'</w>
                                <hi rend="sub">
                                    <w xml:id="t3615">5</w>
                                </hi>
                                <w xml:id="t3616">L1</w>
                                <w xml:id="t3617">:</w>
                                <w xml:id="t3618">«</w>
                                <w xml:id="t3619">Oui</w>
                                <w xml:id="t3620">,</w>
                                <w xml:id="t3621">Renée</w>
                                <w xml:id="t3622">!</w>
                                <w xml:id="t3623">»</w>
                            </q>
                            <q rend="quotation">
                                <w xml:id="t3624">L2</w>
                                <w xml:id="t3625">:</w>
                                <w xml:id="t3626">«</w>
                                <w xml:id="t3627">Je</w>
                                <w xml:id="t3628">n'</w>
                                <w xml:id="t3629">sais</w>
                                <w xml:id="t3630">pas</w>
                                <w xml:id="t3631">.</w>
                                <w xml:id="t3632">Ça</w>
                                <w xml:id="t3633">vient</w>
                                <w xml:id="t3634">plus</w>
                                <w xml:id="t3635">»</w>
                                <w xml:id="t3636">.</w>
                            </q>
                            <q rend="quotation">
                                <w xml:id="t3637">L1</w>
                                <w xml:id="t3638">:</w>
                                <w xml:id="t3639">?</w>
                                <w xml:id="t3640">«</w>
                                <w xml:id="t3641">Eh</w>
                                <w xml:id="t3642">ben</w>
                                <w xml:id="t3643">,</w>
                                <w xml:id="t3644">c'</w>
                                <w xml:id="t3645">était</w>
                                <w xml:id="t3646">la</w>
                                <w xml:id="t3647">fin</w>
                                <hi rend="italic">
                                    <w xml:id="t3648">en</w>
                                    <w xml:id="t3649">tout</w>
                                    <w xml:id="t3650">cas</w>
                                </hi>
                                <w xml:id="t3651">»</w>
                                <w xml:id="t3652">.</w>
                            </q>
                            <p>
                                <w xml:id="t3653">Ici</w>
                                <w xml:id="t3654">,</w>
                                <w xml:id="t3655">l'</w>
                                <w xml:id="t3656">intervention</w>
                                <w xml:id="t3657">de</w>
                                <hi rend="italic">
                                    <w xml:id="t3658">en</w>
                                    <w xml:id="t3659">tout</w>
                                    <w xml:id="t3660">cas</w>
                                </hi>
                                <w xml:id="t3661">rend</w>
                                <w xml:id="t3662">l'</w>
                                <w xml:id="t3663">énoncé</w>
                                <w xml:id="t3664">E</w>
                                <w xml:id="t3665">'</w>
                                <hi rend="sub">
                                    <w xml:id="t3666">5</w>
                                </hi>
                                <w xml:id="t3667">inacceptable</w>
                                <w xml:id="t3668">.</w>
                                <w xml:id="t3669">L'</w>
                                <w xml:id="t3670">emploi</w>
                                <w xml:id="t3671">de</w>
                                <w xml:id="t3672">ce</w>
                                <w xml:id="t3673">mot</w>
                                <w xml:id="t3674">du</w>
                                <w xml:id="t3675">discours</w>
                                <w xml:id="t3676">n'</w>
                                <w xml:id="t3677">est</w>
                                <w xml:id="t3678">pas</w>
                                <w xml:id="t3679">,</w>
                                <w xml:id="t3680">en</w>
                                <w xml:id="t3681">effet</w>
                                <w xml:id="t3682">,</w>
                                <w xml:id="t3683">compatible</w>
                                <w xml:id="t3684">avec</w>
                                <w xml:id="t3685">l'</w>
                                <w xml:id="t3686">effet</w>
                                <w xml:id="t3687">de</w>
                                <w xml:id="t3688">sens</w>
                                <w xml:id="t3689">voulu</w>
                                <w xml:id="t3690">par</w>
                                <w xml:id="t3691">L1</w>
                                <w xml:id="t3692">,</w>
                                <w xml:id="t3693">à</w>
                                <w xml:id="t3694">savoir</w>
                                <w xml:id="t3695">la</w>
                                <w xml:id="t3696">remise</w>
                                <w xml:id="t3697">en</w>
                                <w xml:id="t3698">cause</w>
                                <w xml:id="t3699">de</w>
                                <w xml:id="t3700">l'</w>
                                <w xml:id="t3701">activité</w>
                                <w xml:id="t3702">argumentative</w>
                                <w xml:id="t3703">faite</w>
                                <w xml:id="t3704">par</w>
                                <w xml:id="t3705">L2</w>
                                <w xml:id="t3706">.</w>
                                <w xml:id="t3707">La</w>
                                <w xml:id="t3708">substitution</w>
                                <w xml:id="t3709">aurait</w>
                                <w xml:id="t3710">été</w>
                                <w xml:id="t3711">,</w>
                                <w xml:id="t3712">cependant</w>
                                <w xml:id="t3713">,</w>
                                <w xml:id="t3714">possible</w>
                                <w xml:id="t3715">si</w>
                                <w xml:id="t3716">le</w>
                                <w xml:id="t3717">locuteur</w>
                                <w xml:id="t3718">avait</w>
                                <w xml:id="t3719">formulé</w>
                                <w xml:id="t3720">son</w>
                                <w xml:id="t3721">énoncé</w>
                                <w xml:id="t3722">ainsi</w>
                                <w xml:id="t3723">:</w>
                                <w xml:id="t3724">«</w>
                                <w xml:id="t3725">Eh</w>
                                <w xml:id="t3726">ben</w>
                                <w xml:id="t3727">,</w>
                                <w xml:id="t3728">c'</w>
                                <w xml:id="t3729">était</w>
                                <w xml:id="t3730">la</w>
                                <w xml:id="t3731">fin</w>
                                <hi rend="italic">
                                    <w xml:id="t3732">.</w>
                                    <w xml:id="t3733">En</w>
                                    <w xml:id="t3734">tout</w>
                                    <w xml:id="t3735">cas</w>
                                </hi>
                                <w xml:id="t3736">,</w>
                                <w xml:id="t3737">vous</w>
                                <w xml:id="t3738">n'</w>
                                <w xml:id="t3739">aviez</w>
                                <w xml:id="t3740">pas</w>
                                <w xml:id="t3741">l'</w>
                                <w xml:id="t3742">air</w>
                                <w xml:id="t3743">de</w>
                                <w xml:id="t3744">quelqu'un</w>
                                <w xml:id="t3745">qui</w>
                                <w xml:id="t3746">aurait</w>
                                <w xml:id="t3747">pu</w>
                                <w xml:id="t3748">trouver</w>
                                <w xml:id="t3749">la</w>
                                <w xml:id="t3750">réponse</w>
                                <w xml:id="t3751">»</w>
                                <w xml:id="t3752">.</w>
                                <w xml:id="t3753">Dans</w>
                                <w xml:id="t3754">ce</w>
                                <w xml:id="t3755">cas</w>
                                <w xml:id="t3756">,</w>
                                <w xml:id="t3757">il</w>
                                <w xml:id="t3758">ne</w>
                                <w xml:id="t3759">s'</w>
                                <w xml:id="t3760">agit</w>
                                <w xml:id="t3761">plus</w>
                                <w xml:id="t3762">d'</w>
                                <w xml:id="t3763">une</w>
                                <w xml:id="t3764">invalidation</w>
                                <w xml:id="t3765">de</w>
                                <w xml:id="t3766">l'</w>
                                <w xml:id="t3767">acte</w>
                                <w xml:id="t3768">illocutoire</w>
                                <w xml:id="t3769">,</w>
                                <w xml:id="t3770">mais</w>
                                <w xml:id="t3771">plutôt</w>
                                <w xml:id="t3772">de</w>
                                <w xml:id="t3773">l'</w>
                                <w xml:id="t3774">implicitation</w>
                                <w xml:id="t3775">inférable</w>
                                <w xml:id="t3776">des</w>
                                <w xml:id="t3777">propos</w>
                                <w xml:id="t3778">de</w>
                                <w xml:id="t3779">L2</w>
                                <w xml:id="t3780">,</w>
                                <w xml:id="t3781">à</w>
                                <w xml:id="t3782">savoir</w>
                                <w xml:id="t3783">,</w>
                                <w xml:id="t3784">«</w>
                                <w xml:id="t3785">ça</w>
                                <w xml:id="t3786">va</w>
                                <w xml:id="t3787">venir</w>
                                <w xml:id="t3788">,</w>
                                <w xml:id="t3789">peut-être</w>
                                <w xml:id="t3790">»</w>
                                <w xml:id="t3791">.</w>
                            </p>
                        </div>
                        <div type="div4">
                            <head subtype="level4">
                                <w xml:id="t3792">2-2-1-3</w>
                                <w xml:id="t3793">.</w>
                                <w xml:id="t3794">La</w>
                                <w xml:id="t3795">reformulation</w>
                                <w xml:id="t3796">:</w>
                                <w xml:id="t3797">une</w>
                                <w xml:id="t3798">invalidation</w>
                                <w xml:id="t3799">du</w>
                                <w xml:id="t3800">contenu</w>
                                <w xml:id="t3801">propositionnel</w>
                                <w xml:id="t3802">de</w>
                                <w xml:id="t3803">p</w>
                            </head>
                            <p>
                                <w xml:id="t3804">Dans</w>
                                <w xml:id="t3805">un</w>
                                <w xml:id="t3806">troisième</w>
                                <w xml:id="t3807">cas</w>
                                <w xml:id="t3808">de</w>
                                <w xml:id="t3809">figure</w>
                                <w xml:id="t3810">,</w>
                                <w xml:id="t3811">la</w>
                                <w xml:id="t3812">remise</w>
                                <w xml:id="t3813">en</w>
                                <w xml:id="t3814">cause</w>
                                <w xml:id="t3815">de</w>
                                <w xml:id="t3816">l'</w>
                                <w xml:id="t3817">énonciation</w>
                                <w xml:id="t3818">de</w>
                                <w xml:id="t3819">l'</w>
                                <w xml:id="t3820">acte</w>
                                <w xml:id="t3821">discursif</w>
                                <w xml:id="t3822">initial</w>
                                <w xml:id="t3823">(</w>
                                <hi rend="bold">
                                    <w xml:id="t3824">p</w>
                                </hi>
                                <w xml:id="t3825">)</w>
                                <w xml:id="t3826">demeure</w>
                                <w xml:id="t3827">toujours</w>
                                <w xml:id="t3828">d'</w>
                                <w xml:id="t3829">actualité</w>
                                <w xml:id="t3830">.</w>
                                <w xml:id="t3831">Mais</w>
                                <w xml:id="t3832">dans</w>
                                <w xml:id="t3833">le</w>
                                <w xml:id="t3834">cas</w>
                                <w xml:id="t3835">présent</w>
                                <w xml:id="t3836">,</w>
                                <w xml:id="t3837">cette</w>
                                <w xml:id="t3838">remise</w>
                                <w xml:id="t3839">en</w>
                                <w xml:id="t3840">cause</w>
                                <w xml:id="t3841">ne</w>
                                <w xml:id="t3842">réside</w>
                                <w xml:id="t3843">pas</w>
                                <w xml:id="t3844">dans</w>
                                <w xml:id="t3845">l'</w>
                                <w xml:id="t3846">invalidation</w>
                                <w xml:id="t3847">de</w>
                                <w xml:id="t3848">l'</w>
                                <w xml:id="t3849">implicitation</w>
                                <w xml:id="t3850">inférable</w>
                                <w xml:id="t3851">de</w>
                                <hi rend="bold">
                                    <w xml:id="t3852">p</w>
                                </hi>
                                <w xml:id="t3853">,</w>
                                <w xml:id="t3854">ni</w>
                                <w xml:id="t3855">de</w>
                                <w xml:id="t3856">l'</w>
                                <w xml:id="t3857">acte</w>
                                <w xml:id="t3858">illocutoire</w>
                                <w xml:id="t3859">qui</w>
                                <w xml:id="t3860">lui</w>
                                <w xml:id="t3861">est</w>
                                <w xml:id="t3862">rattaché</w>
                                <w xml:id="t3863">.</w>
                                <w xml:id="t3864">Elle</w>
                                <w xml:id="t3865">est</w>
                                <w xml:id="t3866">plutôt</w>
                                <w xml:id="t3867">le</w>
                                <w xml:id="t3868">résultat</w>
                                <w xml:id="t3869">de</w>
                                <w xml:id="t3870">la</w>
                                <w xml:id="t3871">mise</w>
                                <w xml:id="t3872">en</w>
                                <w xml:id="t3873">question</w>
                                <w xml:id="t3874">de</w>
                                <w xml:id="t3875">l'</w>
                                <w xml:id="t3876">état</w>
                                <w xml:id="t3877">de</w>
                                <w xml:id="t3878">chose</w>
                                <w xml:id="t3879">exprimé</w>
                                <w xml:id="t3880">en</w>
                                <hi rend="bold">
                                    <w xml:id="t3881">p</w>
                                </hi>
                                <w xml:id="t3882">.</w>
                            </p>
                            <p>
                                <w xml:id="t3883">Soit</w>
                                <w xml:id="t3884">E</w>
                                <hi rend="sub">
                                    <w xml:id="t3885">6</w>
                                </hi>
                                <w xml:id="t3886">(</w>
                                <w xml:id="t3887">extrait</w>
                                <w xml:id="t3888">du</w>
                                <hi rend="italic">
                                    <w xml:id="t3889">Nouvel</w>
                                    <w xml:id="t3890">Observateur</w>
                                </hi>
                                <w xml:id="t3891">n°1687</w>
                                <w xml:id="t3892">,</w>
                                <w xml:id="t3893">mars</w>
                                <w xml:id="t3894">1997</w>
                                <w xml:id="t3895">,</w>
                                <w xml:id="t3896">p.16</w>
                                <w xml:id="t3897">)</w>
                                <w xml:id="t3898">:</w>
                            </p>
                            <q rend="quotation">
                                <w xml:id="t3899">–</w>
                                <hi rend="italic">
                                    <w xml:id="t3900">Le</w>
                                    <w xml:id="t3901">Nouvel</w>
                                    <w xml:id="t3902">Observateur</w>
                                </hi>
                                <w xml:id="t3903">à</w>
                                <w xml:id="t3904">Andy</w>
                                <w xml:id="t3905">Grove</w>
                                <w xml:id="t3906">,</w>
                                <w xml:id="t3907">patron</w>
                                <w xml:id="t3908">de</w>
                                <w xml:id="t3909">l'</w>
                                <w xml:id="t3910">Intel</w>
                                <w xml:id="t3911">:</w>
                                <w xml:id="t3912">«</w>
                                <w xml:id="t3913">Intel</w>
                                <w xml:id="t3914">affiche</w>
                                <w xml:id="t3915">60</w>
                                <w xml:id="t3916">%</w>
                                <w xml:id="t3917">de</w>
                                <w xml:id="t3918">marge</w>
                                <w xml:id="t3919">brute</w>
                                <w xml:id="t3920">.</w>
                                <w xml:id="t3921">Ne</w>
                                <w xml:id="t3922">pourriez</w>
                                <w xml:id="t3923">-vous</w>
                                <w xml:id="t3924">pas</w>
                                <w xml:id="t3925">,</w>
                                <w xml:id="t3926">sans</w>
                                <w xml:id="t3927">affecter</w>
                                <w xml:id="t3928">votre</w>
                                <w xml:id="t3929">capacité</w>
                                <w xml:id="t3930">à</w>
                                <w xml:id="t3931">construire</w>
                                <w xml:id="t3932">de</w>
                                <w xml:id="t3933">nouvelles</w>
                                <w xml:id="t3934">usines</w>
                                <w xml:id="t3935">,</w>
                                <w xml:id="t3936">réduire</w>
                                <w xml:id="t3937">le</w>
                                <w xml:id="t3938">prix</w>
                                <w xml:id="t3939">de</w>
                                <w xml:id="t3940">vos</w>
                                <w xml:id="t3941">processeurs</w>
                                <w xml:id="t3942">et</w>
                                <w xml:id="t3943">augmenter</w>
                                <w xml:id="t3944">ainsi</w>
                                <w xml:id="t3945">le</w>
                                <w xml:id="t3946">taux</w>
                                <w xml:id="t3947">de</w>
                                <w xml:id="t3948">pénétration</w>
                                <w xml:id="t3949">des</w>
                                <w xml:id="t3950">micro-ordinateurs</w>
                                <w xml:id="t3951">dans</w>
                                <w xml:id="t3952">les</w>
                                <w xml:id="t3953">foyers</w>
                                <w xml:id="t3954">?</w>
                                <w xml:id="t3955">»</w>
                            </q>
                            <q rend="quotation">
                                <w xml:id="t3956">–</w>
                                <w xml:id="t3957">A.G</w>
                                <w xml:id="t3958">.</w>
                                <w xml:id="t3959">:</w>
                                <w xml:id="t3960">«</w>
                                <w xml:id="t3961">Notre</w>
                                <w xml:id="t3962">politique</w>
                                <w xml:id="t3963">de</w>
                                <w xml:id="t3964">prix</w>
                                <w xml:id="t3965">est</w>
                                <w xml:id="t3966">déjà</w>
                                <w xml:id="t3967">très</w>
                                <w xml:id="t3968">agressive</w>
                                <w xml:id="t3969">:</w>
                                <w xml:id="t3970">nous</w>
                                <w xml:id="t3971">introduisons</w>
                                <w xml:id="t3972">nos</w>
                                <w xml:id="t3973">nouveaux</w>
                                <w xml:id="t3974">processeurs</w>
                                <w xml:id="t3975">autour</w>
                                <w xml:id="t3976">de</w>
                                <w xml:id="t3977">1000</w>
                                <w xml:id="t3978">dollars</w>
                                <w xml:id="t3979">;</w>
                                <w xml:id="t3980">dix-huit</w>
                                <w xml:id="t3981">mois</w>
                                <w xml:id="t3982">plus</w>
                                <w xml:id="t3983">tard</w>
                                <w xml:id="t3984">,</w>
                                <w xml:id="t3985">ils</w>
                                <w xml:id="t3986">n'</w>
                                <w xml:id="t3987">en</w>
                                <w xml:id="t3988">valent</w>
                                <w xml:id="t3989">plus</w>
                                <w xml:id="t3990">que</w>
                                <w xml:id="t3991">100</w>
                                <w xml:id="t3992">!</w>
                                <w xml:id="t3993">Nos</w>
                                <w xml:id="t3994">marges</w>
                                <w xml:id="t3995">brutes</w>
                                <w xml:id="t3996">devraient</w>
                                <w xml:id="t3997">d'</w>
                                <w xml:id="t3998">ailleurs</w>
                                <w xml:id="t3999">,</w>
                                <w xml:id="t4000">à</w>
                                <w xml:id="t4001">terme</w>
                                <w xml:id="t4002">,</w>
                                <w xml:id="t4003">revenir</w>
                                <w xml:id="t4004">autour</w>
                                <w xml:id="t4005">de</w>
                                <w xml:id="t4006">50</w>
                                <w xml:id="t4007">%</w>
                                <w xml:id="t4008">.</w>
                                <hi rend="italic">
                                    <w xml:id="t4009">De</w>
                                    <w xml:id="t4010">toute</w>
                                    <w xml:id="t4011">façon</w>
                                    <w xml:id="t4012">,</w>
                                </hi>
                                <w xml:id="t4013">je</w>
                                <w xml:id="t4014">ne</w>
                                <w xml:id="t4015">crois</w>
                                <w xml:id="t4016">pas</w>
                                <w xml:id="t4017">qu'</w>
                                <w xml:id="t4018">une</w>
                                <w xml:id="t4019">baisse</w>
                                <w xml:id="t4020">du</w>
                                <w xml:id="t4021">prix</w>
                                <w xml:id="t4022">stimulerait</w>
                                <w xml:id="t4023">réellement</w>
                                <w xml:id="t4024">la</w>
                                <w xml:id="t4025">demande</w>
                                <w xml:id="t4026">d'</w>
                                <w xml:id="t4027">ordinateurs</w>
                                <w xml:id="t4028">»</w>
                                <w xml:id="t4029">.</w>
                            </q>
                            <p>
                                <w xml:id="t4030">Comme</w>
                                <w xml:id="t4031">dans</w>
                                <w xml:id="t4032">les</w>
                                <w xml:id="t4033">énoncés</w>
                                <w xml:id="t4034">E</w>
                                <hi rend="sub">
                                    <w xml:id="t4035">4</w>
                                </hi>
                                <w xml:id="t4036">et</w>
                                <w xml:id="t4037">E</w>
                                <hi rend="sub">
                                    <w xml:id="t4038">5</w>
                                </hi>
                                <w xml:id="t4039">,</w>
                                <w xml:id="t4040">le</w>
                                <w xml:id="t4041">connecteur</w>
                                <w xml:id="t4042">reformulatif</w>
                                <hi rend="italic">
                                    <w xml:id="t4043">de</w>
                                </hi>
                                <hi rend="italic">
                                    <w xml:id="t4044">toute</w>
                                    <w xml:id="t4045">façon</w>
                                </hi>
                                <w xml:id="t4046">enchaîne</w>
                                <w xml:id="t4047">,</w>
                                <w xml:id="t4048">en</w>
                                <w xml:id="t4049">E</w>
                                <hi rend="sub">
                                    <w xml:id="t4050">6</w>
                                </hi>
                                <w xml:id="t4051">,</w>
                                <w xml:id="t4052">sur</w>
                                <w xml:id="t4053">le</w>
                                <w xml:id="t4054">discours</w>
                                <w xml:id="t4055">de</w>
                                <w xml:id="t4056">l'</w>
                                <w xml:id="t4057">autre</w>
                                <w xml:id="t4058">,</w>
                                <w xml:id="t4059">et</w>
                                <w xml:id="t4060">ce</w>
                                <w xml:id="t4061">,</w>
                                <w xml:id="t4062">afin</w>
                                <w xml:id="t4063">de</w>
                                <w xml:id="t4064">remettre</w>
                                <w xml:id="t4065">en</w>
                                <w xml:id="t4066">cause</w>
                                <w xml:id="t4067">la</w>
                                <w xml:id="t4068">pertinence</w>
                                <w xml:id="t4069">de</w>
                                <w xml:id="t4070">son</w>
                                <w xml:id="t4071">énonciation</w>
                                <w xml:id="t4072">.</w>
                                <w xml:id="t4073">En</w>
                                <w xml:id="t4074">effet</w>
                                <w xml:id="t4075">,</w>
                                <w xml:id="t4076">«</w>
                                <w xml:id="t4077">la</w>
                                <w xml:id="t4078">tirade</w>
                                <w xml:id="t4079">»</w>
                                <w xml:id="t4080">de</w>
                                <w xml:id="t4081">A</w>
                                <w xml:id="t4082">.</w>
                                <w xml:id="t4083">Grove</w>
                                <w xml:id="t4084">,</w>
                                <w xml:id="t4085">le</w>
                                <w xml:id="t4086">patron</w>
                                <w xml:id="t4087">d'</w>
                                <w xml:id="t4088">Intel</w>
                                <w xml:id="t4089">,</w>
                                <w xml:id="t4090">n'</w>
                                <w xml:id="t4091">a</w>
                                <w xml:id="t4092">pour</w>
                                <w xml:id="t4093">objectif</w>
                                <anchor xml:id="idm46149484541488"/>
                                <w xml:id="t4094">que</w>
                                <w xml:id="t4095">d'</w>
                                <w xml:id="t4096">invalider</w>
                                <w xml:id="t4097">radicalement</w>
                                <w xml:id="t4098">le</w>
                                <w xml:id="t4099">contenu</w>
                                <w xml:id="t4100">propositionnel</w>
                                <w xml:id="t4101">de</w>
                                <w xml:id="t4102">l'</w>
                                <w xml:id="t4103">énoncé</w>
                                <w xml:id="t4104">du</w>
                                <w xml:id="t4105">journaliste</w>
                                <w xml:id="t4106">et</w>
                                <w xml:id="t4107">par</w>
                                <w xml:id="t4108">conséquent</w>
                                <w xml:id="t4109">,</w>
                                <w xml:id="t4110">d'</w>
                                <w xml:id="t4111">infirmer</w>
                                <w xml:id="t4112">ses</w>
                                <w xml:id="t4113">visées</w>
                                <w xml:id="t4114">argumentatives</w>
                                <w xml:id="t4115">.</w>
                            </p>
                            <p>
                                <w xml:id="t4116">Vu</w>
                                <w xml:id="t4117">la</w>
                                <w xml:id="t4118">complexité</w>
                                <w xml:id="t4119">des</w>
                                <w xml:id="t4120">deux</w>
                                <w xml:id="t4121">actes</w>
                                <w xml:id="t4122">discursifs</w>
                                <w xml:id="t4123">,</w>
                                <w xml:id="t4124">une</w>
                                <w xml:id="t4125">analyse</w>
                                <w xml:id="t4126">linéaire</w>
                                <w xml:id="t4127">de</w>
                                <w xml:id="t4128">leurs</w>
                                <w xml:id="t4129">propositions</w>
                                <w xml:id="t4130">constituantes</w>
                                <w xml:id="t4131">s'</w>
                                <w xml:id="t4132">impose</w>
                                <w xml:id="t4133">.</w>
                            </p>
                            <p>
                                <w xml:id="t4134">–</w>
                                <w xml:id="t4135">La</w>
                                <w xml:id="t4136">première</w>
                                <w xml:id="t4137">séquence</w>
                                <w xml:id="t4138">discursive</w>
                                <w xml:id="t4139">se</w>
                                <w xml:id="t4140">compose</w>
                                <w xml:id="t4141">de</w>
                                <w xml:id="t4142">trois</w>
                                <w xml:id="t4143">parties</w>
                                <w xml:id="t4144">:</w>
                            </p>
                            <q rend="quotation">
                                <w xml:id="t4145">●</w>
                                <w xml:id="t4146">«</w>
                                <w xml:id="t4147">Intel</w>
                                <w xml:id="t4148">affiche</w>
                                <w xml:id="t4149">60</w>
                                <w xml:id="t4150">%</w>
                                <w xml:id="t4151">de</w>
                                <w xml:id="t4152">marge</w>
                                <w xml:id="t4153">brute</w>
                                <w xml:id="t4154">»</w>
                                <w xml:id="t4155">.</w>
                            </q>
                            <p>
                                <w xml:id="t4156">Cette</w>
                                <w xml:id="t4157">assertion</w>
                                <w xml:id="t4158">est</w>
                                <w xml:id="t4159">produite</w>
                                <w xml:id="t4160">sans</w>
                                <w xml:id="t4161">avoir</w>
                                <w xml:id="t4162">recours</w>
                                <w xml:id="t4163">à</w>
                                <w xml:id="t4164">aucune</w>
                                <w xml:id="t4165">forme</w>
                                <w xml:id="t4166">de</w>
                                <w xml:id="t4167">modalisation</w>
                                <w xml:id="t4168">,</w>
                                <w xml:id="t4169">que</w>
                                <w xml:id="t4170">cette</w>
                                <w xml:id="t4171">dernière</w>
                                <w xml:id="t4172">soit</w>
                                <w xml:id="t4173">verbale</w>
                                <w xml:id="t4174">(</w>
                                <w xml:id="t4175">du</w>
                                <w xml:id="t4176">type</w>
                                <w xml:id="t4177">:</w>
                                <w xml:id="t4178">«</w>
                                <w xml:id="t4179">semble</w>
                                <w xml:id="t4180">afficher</w>
                                <w xml:id="t4181">»</w>
                                <w xml:id="t4182">)</w>
                                <w xml:id="t4183">ou</w>
                                <w xml:id="t4184">locutive</w>
                                <w xml:id="t4185">(</w>
                                <w xml:id="t4186">du</w>
                                <w xml:id="t4187">type</w>
                                <w xml:id="t4188">:</w>
                                <w xml:id="t4189">«</w>
                                <w xml:id="t4190">à</w>
                                <w xml:id="t4191">peu</w>
                                <w xml:id="t4192">près</w>
                                <w xml:id="t4193">60</w>
                                <w xml:id="t4194">%</w>
                                <w xml:id="t4195">»</w>
                                <w xml:id="t4196">)</w>
                                <w xml:id="t4197">.</w>
                                <w xml:id="t4198">Le</w>
                                <w xml:id="t4199">journaliste</w>
                                <w xml:id="t4200">pose</w>
                                <w xml:id="t4201">donc</w>
                                <w xml:id="t4202">cette</w>
                                <w xml:id="t4203">information</w>
                                <w xml:id="t4204">comme</w>
                                <w xml:id="t4205">étant</w>
                                <w xml:id="t4206">vraie</w>
                                <w xml:id="t4207">et</w>
                                <w xml:id="t4208">indiscutable</w>
                                <w xml:id="t4209">.</w>
                            </p>
                            <q rend="quotation">
                                <w xml:id="t4210">●</w>
                                <w xml:id="t4211">«</w>
                                <w xml:id="t4212">Ne</w>
                                <w xml:id="t4213">pourriez</w>
                                <w xml:id="t4214">-vous</w>
                                <w xml:id="t4215">pas</w>
                                <w xml:id="t4216">,</w>
                                <w xml:id="t4217">sans</w>
                                <w xml:id="t4218">affecter</w>
                                <w xml:id="t4219">votre</w>
                                <w xml:id="t4220">capacité</w>
                                <w xml:id="t4221">à</w>
                                <w xml:id="t4222">construire</w>
                                <w xml:id="t4223">de</w>
                                <w xml:id="t4224">nouvelles</w>
                                <w xml:id="t4225">usines</w>
                                <w xml:id="t4226">,</w>
                                <w xml:id="t4227">réduire</w>
                                <w xml:id="t4228">le</w>
                                <w xml:id="t4229">prix</w>
                                <w xml:id="t4230">de</w>
                                <w xml:id="t4231">vos</w>
                                <w xml:id="t4232">processeurs</w>
                                <w xml:id="t4233">?</w>
                                <w xml:id="t4234">»</w>
                            </q>
                            <p>
                                <w xml:id="t4235">Les</w>
                                <w xml:id="t4236">propos</w>
                                <w xml:id="t4237">du</w>
                                <w xml:id="t4238">journaliste</w>
                                <w xml:id="t4239">prennent</w>
                                <w xml:id="t4240">la</w>
                                <w xml:id="t4241">forme</w>
                                <w xml:id="t4242">d'</w>
                                <w xml:id="t4243">une</w>
                                <w xml:id="t4244">interrogation</w>
                                <w xml:id="t4245">totale</w>
                                <w xml:id="t4246">.</w>
                                <w xml:id="t4247">Cette</w>
                                <w xml:id="t4248">dernière</w>
                                <w xml:id="t4249">exige</w>
                                <w xml:id="t4250">une</w>
                                <w xml:id="t4251">réponse</w>
                                <w xml:id="t4252">par</w>
                                <w xml:id="t4253">«</w>
                                <w xml:id="t4254">oui</w>
                                <w xml:id="t4255">»</w>
                                <w xml:id="t4256">ou</w>
                                <w xml:id="t4257">par</w>
                                <w xml:id="t4258">«</w>
                                <w xml:id="t4259">non</w>
                                <w xml:id="t4260">»</w>
                                <w xml:id="t4261">.</w>
                                <w xml:id="t4262">L'</w>
                                <w xml:id="t4263">objet</w>
                                <w xml:id="t4264">de</w>
                                <w xml:id="t4265">la</w>
                                <w xml:id="t4266">question</w>
                                <w xml:id="t4267">concernant</w>
                                <w xml:id="t4268">«</w>
                                <w xml:id="t4269">le</w>
                                <w xml:id="t4270">pouvoir</w>
                                <w xml:id="t4271">de</w>
                                <w xml:id="t4272">faire</w>
                                <w xml:id="t4273">X</w>
                                <w xml:id="t4274">»</w>
                                <w xml:id="t4275">,</w>
                                <w xml:id="t4276">cette</w>
                                <w xml:id="t4277">interrogation</w>
                                <w xml:id="t4278">prévoit</w>
                                <w xml:id="t4279">,</w>
                                <w xml:id="t4280">donc</w>
                                <w xml:id="t4281">,</w>
                                <w xml:id="t4282">une</w>
                                <w xml:id="t4283">réponse</w>
                                <w xml:id="t4284">du</w>
                                <w xml:id="t4285">type</w>
                                <w xml:id="t4286">:</w>
                                <w xml:id="t4287">«</w>
                                <w xml:id="t4288">oui</w>
                                <w xml:id="t4289">,</w>
                                <w xml:id="t4290">nous</w>
                                <w xml:id="t4291">pouvons</w>
                                <w xml:id="t4292">»</w>
                                <w xml:id="t4293">ou</w>
                                <w xml:id="t4294">«</w>
                                <w xml:id="t4295">non</w>
                                <w xml:id="t4296">,</w>
                                <w xml:id="t4297">nous</w>
                                <w xml:id="t4298">ne</w>
                                <w xml:id="t4299">pouvons</w>
                                <w xml:id="t4300">pas</w>
                                <w xml:id="t4301">»</w>
                                <w xml:id="t4302">.</w>
                                <w xml:id="t4303">Dans</w>
                                <w xml:id="t4304">les</w>
                                <w xml:id="t4305">deux</w>
                                <w xml:id="t4306">cas</w>
                                <w xml:id="t4307">,</w>
                                <w xml:id="t4308">l'</w>
                                <w xml:id="t4309">action</w>
                                <w xml:id="t4310">de</w>
                                <w xml:id="t4311">«</w>
                                <w xml:id="t4312">baisser</w>
                                <w xml:id="t4313">les</w>
                                <w xml:id="t4314">prix</w>
                                <w xml:id="t4315">»</w>
                                <w xml:id="t4316">est</w>
                                <w xml:id="t4317">irréelle</w>
                                <w xml:id="t4318">dans</w>
                                <w xml:id="t4319">le</w>
                                <w xml:id="t4320">présent</w>
                                <w xml:id="t4321">:</w>
                            </p>
                            <q rend="quotation">
                                <w xml:id="t4322">–</w>
                                <w xml:id="t4323">«</w>
                                <w xml:id="t4324">Nous</w>
                                <w xml:id="t4325">pouvons</w>
                                <w xml:id="t4326">»</w>
                                <w xml:id="t4327">n'</w>
                                <w xml:id="t4328">implique</w>
                                <w xml:id="t4329">pas</w>
                                <w xml:id="t4330">nécessairement</w>
                                <anchor xml:id="idm46149484535216"/>
                                <w xml:id="t4331">«</w>
                                <w xml:id="t4332">nous</w>
                                <w xml:id="t4333">faisons</w>
                                <w xml:id="t4334">»</w>
                                <w xml:id="t4335">.</w>
                            </q>
                            <q rend="quotation">
                                <w xml:id="t4336">–</w>
                                <w xml:id="t4337">«</w>
                                <w xml:id="t4338">Nous</w>
                                <w xml:id="t4339">ne</w>
                                <w xml:id="t4340">pouvons</w>
                                <w xml:id="t4341">pas</w>
                                <w xml:id="t4342">»</w>
                                <w xml:id="t4343">implique</w>
                                <w xml:id="t4344">«</w>
                                <w xml:id="t4345">nous</w>
                                <w xml:id="t4346">ne</w>
                                <w xml:id="t4347">faisons</w>
                                <w xml:id="t4348">pas</w>
                                <w xml:id="t4349">»</w>
                                <w xml:id="t4350">.</w>
                            </q>
                            <p>
                                <w xml:id="t4351">La</w>
                                <w xml:id="t4352">question</w>
                                <w xml:id="t4353">du</w>
                                <w xml:id="t4354">journaliste</w>
                                <w xml:id="t4355">pose</w>
                                <w xml:id="t4356">comme</w>
                                <w xml:id="t4357">évident</w>
                                <w xml:id="t4358">le</w>
                                <w xml:id="t4359">fait</w>
                                <w xml:id="t4360">que</w>
                                <w xml:id="t4361">Intel</w>
                                <w xml:id="t4362">n'</w>
                                <w xml:id="t4363">ait</w>
                                <w xml:id="t4364">pas</w>
                                <w xml:id="t4365">baissé</w>
                                <w xml:id="t4366">ses</w>
                                <w xml:id="t4367">prix</w>
                                <w xml:id="t4368">,</w>
                                <w xml:id="t4369">et</w>
                                <w xml:id="t4370">présuppose</w>
                                <w xml:id="t4371">que</w>
                                <w xml:id="t4372">ces</w>
                                <w xml:id="t4373">derniers</w>
                                <w xml:id="t4374">sont</w>
                                <w xml:id="t4375">assez</w>
                                <w xml:id="t4376">élevés</w>
                                <w xml:id="t4377">.</w>
                            </p>
                            <q rend="quotation">
                                <w xml:id="t4378">●</w>
                                <w xml:id="t4379">«</w>
                                <w xml:id="t4380">et</w>
                                <w xml:id="t4381">augmenter</w>
                                <w xml:id="t4382">ainsi</w>
                                <w xml:id="t4383">le</w>
                                <w xml:id="t4384">taux</w>
                                <w xml:id="t4385">de</w>
                                <w xml:id="t4386">pénétration</w>
                                <w xml:id="t4387">des</w>
                                <w xml:id="t4388">micro-ordinateurs</w>
                                <w xml:id="t4389">dans</w>
                                <w xml:id="t4390">les</w>
                                <w xml:id="t4391">foyers</w>
                                <w xml:id="t4392">?</w>
                                <w xml:id="t4393">»</w>
                            </q>
                            <p>
                                <w xml:id="t4394">Le</w>
                                <w xml:id="t4395">journaliste</w>
                                <w xml:id="t4396">ne</w>
                                <w xml:id="t4397">présente</w>
                                <w xml:id="t4398">pas</w>
                                <w xml:id="t4399">le</w>
                                <w xml:id="t4400">fait</w>
                                <w xml:id="t4401">de</w>
                                <w xml:id="t4402">«</w>
                                <w xml:id="t4403">baisser</w>
                                <w xml:id="t4404">les</w>
                                <w xml:id="t4405">prix</w>
                                <w xml:id="t4406">»</w>
                                <w xml:id="t4407">et</w>
                                <w xml:id="t4408">celui</w>
                                <w xml:id="t4409">«</w>
                                <w xml:id="t4410">d'</w>
                                <w xml:id="t4411">augmenter</w>
                                <w xml:id="t4412">le</w>
                                <w xml:id="t4413">nombre</w>
                                <w xml:id="t4414">de</w>
                                <w xml:id="t4415">consommateurs</w>
                                <w xml:id="t4416">»</w>
                                <w xml:id="t4417">comme</w>
                                <w xml:id="t4418">étant</w>
                                <w xml:id="t4419">les</w>
                                <w xml:id="t4420">prémisses</w>
                                <w xml:id="t4421">d'</w>
                                <w xml:id="t4422">un</w>
                                <w xml:id="t4423">topos</w>
                                <anchor xml:id="idm46149484531232"/>
                                <w xml:id="t4424">,</w>
                                <w xml:id="t4425">mais</w>
                                <w xml:id="t4426">plutôt</w>
                                <w xml:id="t4427">comme</w>
                                <w xml:id="t4428">des</w>
                                <w xml:id="t4429">faits</w>
                                <w xml:id="t4430">logiques</w>
                                <w xml:id="t4431">liés</w>
                                <w xml:id="t4432">par</w>
                                <w xml:id="t4433">des</w>
                                <w xml:id="t4434">rapports</w>
                                <w xml:id="t4435">de</w>
                                <w xml:id="t4436">cause</w>
                                <w xml:id="t4437">à</w>
                                <w xml:id="t4438">conséquence</w>
                                <w xml:id="t4439">.</w>
                                <w xml:id="t4440">En</w>
                                <w xml:id="t4441">témoigne</w>
                                <w xml:id="t4442">l'</w>
                                <w xml:id="t4443">usage</w>
                                <w xml:id="t4444">de</w>
                                <w xml:id="t4445">l'</w>
                                <w xml:id="t4446">adverbe</w>
                                <w xml:id="t4447">«</w>
                                <w xml:id="t4448">ainsi</w>
                                <w xml:id="t4449">»</w>
                                <w xml:id="t4450">.</w>
                            </p>
                            <p>
                                <w xml:id="t4451">L'</w>
                                <w xml:id="t4452">intervention</w>
                                <w xml:id="t4453">du</w>
                                <w xml:id="t4454">journaliste</w>
                                <w xml:id="t4455">est</w>
                                <w xml:id="t4456">donc</w>
                                <w xml:id="t4457">constituée</w>
                                <w xml:id="t4458">de</w>
                                <w xml:id="t4459">faits</w>
                                <w xml:id="t4460">présentés</w>
                                <w xml:id="t4461">comme</w>
                                <w xml:id="t4462">vrais</w>
                                <w xml:id="t4463">et</w>
                                <w xml:id="t4464">irréfutables</w>
                                <w xml:id="t4465">.</w>
                            </p>
                            <p>
                                <w xml:id="t4466">–</w>
                                <w xml:id="t4467">La</w>
                                <w xml:id="t4468">seconde</w>
                                <w xml:id="t4469">séquence</w>
                                <w xml:id="t4470">discursive</w>
                                <w xml:id="t4471">:</w>
                            </p>
                            <p>
                                <w xml:id="t4472">La</w>
                                <w xml:id="t4473">première</w>
                                <w xml:id="t4474">partie</w>
                                <w xml:id="t4475">de</w>
                                <w xml:id="t4476">cette</w>
                                <w xml:id="t4477">séquence</w>
                                <w xml:id="t4478">,</w>
                                <w xml:id="t4479">en</w>
                                <w xml:id="t4480">l'</w>
                                <w xml:id="t4481">occurrence</w>
                                <w xml:id="t4482">celle</w>
                                <w xml:id="t4483">qui</w>
                                <w xml:id="t4484">est</w>
                                <w xml:id="t4485">située</w>
                                <w xml:id="t4486">à</w>
                                <w xml:id="t4487">gauche</w>
                                <w xml:id="t4488">du</w>
                                <w xml:id="t4489">connecteur</w>
                                <w xml:id="t4490">,</w>
                                <w xml:id="t4491">peut</w>
                                <w xml:id="t4492">être</w>
                                <w xml:id="t4493">considérée</w>
                                <w xml:id="t4494">comme</w>
                                <w xml:id="t4495">une</w>
                                <w xml:id="t4496">sorte</w>
                                <w xml:id="t4497">d'</w>
                                <w xml:id="t4498">incise</w>
                                <w xml:id="t4499">,</w>
                                <w xml:id="t4500">d'</w>
                                <w xml:id="t4501">apposition</w>
                                <w xml:id="t4502">.</w>
                                <w xml:id="t4503">Avant</w>
                                <w xml:id="t4504">de</w>
                                <w xml:id="t4505">répondre</w>
                                <w xml:id="t4506">directement</w>
                                <w xml:id="t4507">à</w>
                                <w xml:id="t4508">la</w>
                                <w xml:id="t4509">question</w>
                                <w xml:id="t4510">du</w>
                                <w xml:id="t4511">journaliste</w>
                                <w xml:id="t4512">,</w>
                                <w xml:id="t4513">ce</w>
                                <w xml:id="t4514">qui</w>
                                <w xml:id="t4515">,</w>
                                <w xml:id="t4516">somme</w>
                                <w xml:id="t4517">toute</w>
                                <w xml:id="t4518">,</w>
                                <w xml:id="t4519">constitue</w>
                                <w xml:id="t4520">l'</w>
                                <w xml:id="t4521">essentiel</w>
                                <w xml:id="t4522">de</w>
                                <w xml:id="t4523">son</w>
                                <w xml:id="t4524">discours</w>
                                <w xml:id="t4525">,</w>
                                <w xml:id="t4526">le</w>
                                <w xml:id="t4527">patron</w>
                                <w xml:id="t4528">d'</w>
                                <w xml:id="t4529">Intel</w>
                                <w xml:id="t4530">juge</w>
                                <w xml:id="t4531">indispensable</w>
                                <w xml:id="t4532">de</w>
                                <w xml:id="t4533">rectifier</w>
                                <w xml:id="t4534">,</w>
                                <w xml:id="t4535">voire</w>
                                <w xml:id="t4536">de</w>
                                <w xml:id="t4537">contredire</w>
                                <w xml:id="t4538">,</w>
                                <w xml:id="t4539">les</w>
                                <w xml:id="t4540">faits</w>
                                <w xml:id="t4541">avancés</w>
                                <w xml:id="t4542">par</w>
                                <w xml:id="t4543">son</w>
                                <w xml:id="t4544">interlocuteur</w>
                                <w xml:id="t4545">.</w>
                                <w xml:id="t4546">L'</w>
                                <w xml:id="t4547">acte</w>
                                <w xml:id="t4548">de</w>
                                <w xml:id="t4549">reformulation</w>
                                <w xml:id="t4550">introduit</w>
                                <w xml:id="t4551">par</w>
                                <w xml:id="t4552">le</w>
                                <w xml:id="t4553">connecteur</w>
                                <hi rend="italic">
                                    <w xml:id="t4554">de</w>
                                    <w xml:id="t4555">toute</w>
                                </hi>
                                <hi rend="italic">
                                    <w xml:id="t4556">façon</w>
                                </hi>
                                <w xml:id="t4557">représente</w>
                                <w xml:id="t4558">,</w>
                                <w xml:id="t4559">donc</w>
                                <w xml:id="t4560">,</w>
                                <w xml:id="t4561">la</w>
                                <w xml:id="t4562">suite</w>
                                <w xml:id="t4563">de</w>
                                <w xml:id="t4564">cette</w>
                                <w xml:id="t4565">contestation</w>
                                <w xml:id="t4566">.</w>
                                <w xml:id="t4567">Pour</w>
                                <w xml:id="t4568">mieux</w>
                                <w xml:id="t4569">expliciter</w>
                                <w xml:id="t4570">ce</w>
                                <w xml:id="t4571">fait</w>
                                <w xml:id="t4572">,</w>
                                <w xml:id="t4573">étudions</w>
                                <w xml:id="t4574">de</w>
                                <w xml:id="t4575">près</w>
                                <w xml:id="t4576">les</w>
                                <w xml:id="t4577">parties</w>
                                <w xml:id="t4578">de</w>
                                <w xml:id="t4579">ce</w>
                                <w xml:id="t4580">second</w>
                                <w xml:id="t4581">acte</w>
                                <w xml:id="t4582">.</w>
                            </p>
                            <q rend="quotation">
                                <w xml:id="t4583">●</w>
                                <w xml:id="t4584">«</w>
                                <w xml:id="t4585">Notre</w>
                                <w xml:id="t4586">politique</w>
                                <w xml:id="t4587">de</w>
                                <w xml:id="t4588">prix</w>
                                <w xml:id="t4589">est</w>
                                <w xml:id="t4590">déjà</w>
                                <w xml:id="t4591">…</w>
                                <w xml:id="t4592">plus</w>
                                <w xml:id="t4593">que</w>
                                <w xml:id="t4594">100</w>
                                <w xml:id="t4595">.</w>
                                <w xml:id="t4596">»</w>
                            </q>
                            <p>
                                <w xml:id="t4597">Cet</w>
                                <w xml:id="t4598">énoncé</w>
                                <w xml:id="t4599">contredit</w>
                                <w xml:id="t4600">l'</w>
                                <w xml:id="t4601">information</w>
                                <w xml:id="t4602">véhiculée</w>
                                <w xml:id="t4603">par</w>
                                <w xml:id="t4604">le</w>
                                <w xml:id="t4605">journaliste</w>
                                <w xml:id="t4606">selon</w>
                                <w xml:id="t4607">laquelle</w>
                                <w xml:id="t4608">les</w>
                                <w xml:id="t4609">prix</w>
                                <w xml:id="t4610">des</w>
                                <w xml:id="t4611">processeurs</w>
                                <w xml:id="t4612">Intel</w>
                                <w xml:id="t4613">sont</w>
                                <w xml:id="t4614">inabordables</w>
                                <w xml:id="t4615">pour</w>
                                <w xml:id="t4616">un</w>
                                <w xml:id="t4617">particulier</w>
                                <w xml:id="t4618">.</w>
                            </p>
                            <q rend="quotation">
                                <w xml:id="t4619">●</w>
                                <w xml:id="t4620">«</w>
                                <w xml:id="t4621">Nos</w>
                                <w xml:id="t4622">marges</w>
                                <w xml:id="t4623">brutes</w>
                                <w xml:id="t4624">devraient</w>
                                <w xml:id="t4625">,</w>
                                <w xml:id="t4626">d'</w>
                                <w xml:id="t4627">ailleurs</w>
                                <w xml:id="t4628">,</w>
                                <w xml:id="t4629">à</w>
                                <w xml:id="t4630">terme</w>
                                <w xml:id="t4631">,</w>
                                <w xml:id="t4632">revenir</w>
                                <w xml:id="t4633">autour</w>
                                <w xml:id="t4634">de</w>
                                <w xml:id="t4635">50</w>
                                <w xml:id="t4636">%</w>
                                <w xml:id="t4637">»</w>
                            </q>
                            <p>
                                <w xml:id="t4638">Cet</w>
                                <w xml:id="t4639">énoncé</w>
                                <w xml:id="t4640">,</w>
                                <w xml:id="t4641">marqué</w>
                                <w xml:id="t4642">par</w>
                                <w xml:id="t4643">le</w>
                                <w xml:id="t4644">connecteur</w>
                                <hi rend="italic">
                                    <w xml:id="t4645">d'</w>
                                    <w xml:id="t4646">ailleurs</w>
                                </hi>
                                <w xml:id="t4647">,</w>
                                <w xml:id="t4648">constitue</w>
                                <w xml:id="t4649">un</w>
                                <w xml:id="t4650">argument</w>
                                <w xml:id="t4651">coorienté</w>
                                <w xml:id="t4652">par</w>
                                <w xml:id="t4653">rapport</w>
                                <w xml:id="t4654">à</w>
                                <w xml:id="t4655">un</w>
                                <w xml:id="t4656">argument</w>
                                <w xml:id="t4657">précédent</w>
                                <anchor xml:id="idm46149484523376"/>
                                <w xml:id="t4658">.</w>
                                <w xml:id="t4659">Ces</w>
                                <w xml:id="t4660">deux</w>
                                <w xml:id="t4661">arguments</w>
                                <w xml:id="t4662">servent</w>
                                <w xml:id="t4663">la</w>
                                <w xml:id="t4664">même</w>
                                <w xml:id="t4665">conclusion</w>
                                <w xml:id="t4666">à</w>
                                <w xml:id="t4667">propos</w>
                                <w xml:id="t4668">de</w>
                                <w xml:id="t4669">«</w>
                                <w xml:id="t4670">l'</w>
                                <w xml:id="t4671">accessibilité</w>
                                <w xml:id="t4672">des</w>
                                <w xml:id="t4673">prix</w>
                                <w xml:id="t4674">des</w>
                                <w xml:id="t4675">processeurs</w>
                                <w xml:id="t4676">Intel</w>
                                <w xml:id="t4677">»</w>
                                <w xml:id="t4678">.</w>
                                <w xml:id="t4679">La</w>
                                <w xml:id="t4680">rectification</w>
                                <w xml:id="t4681">introduite</w>
                                <w xml:id="t4682">dans</w>
                                <w xml:id="t4683">cet</w>
                                <w xml:id="t4684">acte</w>
                                <w xml:id="t4685">concerne</w>
                                <w xml:id="t4686">le</w>
                                <w xml:id="t4687">chiffre</w>
                                <w xml:id="t4688">donné</w>
                                <w xml:id="t4689">par</w>
                                <w xml:id="t4690">le</w>
                                <w xml:id="t4691">journaliste</w>
                                <w xml:id="t4692">(</w>
                                <w xml:id="t4693">«</w>
                                <w xml:id="t4694">autour</w>
                                <w xml:id="t4695">de</w>
                                <w xml:id="t4696">50</w>
                                <w xml:id="t4697">%</w>
                                <w xml:id="t4698">»</w>
                                <w xml:id="t4699">≠</w>
                                <w xml:id="t4700">«</w>
                                <w xml:id="t4701">60</w>
                                <w xml:id="t4702">%</w>
                                <w xml:id="t4703">»</w>
                                <w xml:id="t4704">)</w>
                                <w xml:id="t4705">.</w>
                                <w xml:id="t4706">Elle</w>
                                <w xml:id="t4707">remet</w>
                                <w xml:id="t4708">en</w>
                                <w xml:id="t4709">question</w>
                                <w xml:id="t4710">l'</w>
                                <w xml:id="t4711">exactitude</w>
                                <w xml:id="t4712">des</w>
                                <w xml:id="t4713">dires</w>
                                <w xml:id="t4714">de</w>
                                <w xml:id="t4715">ce</w>
                                <w xml:id="t4716">dernier</w>
                                <w xml:id="t4717">et</w>
                                <w xml:id="t4718">,</w>
                                <w xml:id="t4719">par</w>
                                <w xml:id="t4720">conséquent</w>
                                <w xml:id="t4721">,</w>
                                <w xml:id="t4722">sa</w>
                                <w xml:id="t4723">crédibilité</w>
                                <w xml:id="t4724">.</w>
                            </p>
                            <q rend="quotation">
                                <w xml:id="t4725">●</w>
                                <w xml:id="t4726">«</w>
                                <hi rend="italic">
                                    <w xml:id="t4727">de</w>
                                    <w xml:id="t4728">toute</w>
                                    <w xml:id="t4729">façon</w>
                                </hi>
                                <w xml:id="t4730">,</w>
                                <w xml:id="t4731">je</w>
                                <w xml:id="t4732">ne</w>
                                <w xml:id="t4733">crois</w>
                                <w xml:id="t4734">pas</w>
                                <w xml:id="t4735">qu'</w>
                                <w xml:id="t4736">une</w>
                                <w xml:id="t4737">baisse</w>
                                <w xml:id="t4738">des</w>
                                <w xml:id="t4739">prix</w>
                                <w xml:id="t4740">stimulerait</w>
                                <w xml:id="t4741">réellement</w>
                                <w xml:id="t4742">la</w>
                                <w xml:id="t4743">demande</w>
                                <w xml:id="t4744">d'</w>
                                <w xml:id="t4745">ordinateurs</w>
                                <w xml:id="t4746">»</w>
                                <w xml:id="t4747">.</w>
                            </q>
                            <p>
                                <w xml:id="t4748">En</w>
                                <w xml:id="t4749">rectifiant</w>
                                <w xml:id="t4750">toutes</w>
                                <w xml:id="t4751">les</w>
                                <w xml:id="t4752">informations</w>
                                <w xml:id="t4753">données</w>
                                <w xml:id="t4754">par</w>
                                <w xml:id="t4755">le</w>
                                <w xml:id="t4756">journaliste</w>
                                <w xml:id="t4757">concernant</w>
                                <w xml:id="t4758">la</w>
                                <w xml:id="t4759">stratégie</w>
                                <w xml:id="t4760">des</w>
                                <w xml:id="t4761">prix</w>
                                <w xml:id="t4762">d'</w>
                                <w xml:id="t4763">Intel</w>
                                <w xml:id="t4764">,</w>
                                <w xml:id="t4765">A</w>
                                <w xml:id="t4766">.</w>
                                <w xml:id="t4767">Grove</w>
                                <w xml:id="t4768">le</w>
                                <w xml:id="t4769">discrédite</w>
                                <w xml:id="t4770">et</w>
                                <w xml:id="t4771">met</w>
                                <w xml:id="t4772">en</w>
                                <w xml:id="t4773">cause</w>
                                <w xml:id="t4774">la</w>
                                <w xml:id="t4775">pertinence</w>
                                <w xml:id="t4776">même</w>
                                <w xml:id="t4777">de</w>
                                <w xml:id="t4778">sa</w>
                                <w xml:id="t4779">réflexion</w>
                                <w xml:id="t4780">essentielle</w>
                                <w xml:id="t4781">,</w>
                                <w xml:id="t4782">à</w>
                                <w xml:id="t4783">savoir</w>
                                <w xml:id="t4784">l'</w>
                                <w xml:id="t4785">existence</w>
                                <w xml:id="t4786">d'</w>
                                <w xml:id="t4787">un</w>
                                <w xml:id="t4788">rapport</w>
                                <w xml:id="t4789">de</w>
                                <w xml:id="t4790">cause</w>
                                <w xml:id="t4791">à</w>
                                <w xml:id="t4792">conséquence</w>
                                <w xml:id="t4793">liant</w>
                                <w xml:id="t4794">la</w>
                                <w xml:id="t4795">baisse</w>
                                <w xml:id="t4796">des</w>
                                <w xml:id="t4797">prix</w>
                                <w xml:id="t4798">à</w>
                                <w xml:id="t4799">l'</w>
                                <w xml:id="t4800">augmentation</w>
                                <w xml:id="t4801">des</w>
                                <w xml:id="t4802">achats</w>
                                <w xml:id="t4803">des</w>
                                <w xml:id="t4804">particuliers</w>
                                <w xml:id="t4805">.</w>
                            </p>
                            <p>
                                <w xml:id="t4806">De</w>
                                <w xml:id="t4807">surcroît</w>
                                <w xml:id="t4808">,</w>
                                <w xml:id="t4809">la</w>
                                <w xml:id="t4810">remise</w>
                                <w xml:id="t4811">en</w>
                                <w xml:id="t4812">cause</w>
                                <w xml:id="t4813">radicale</w>
                                <w xml:id="t4814">du</w>
                                <w xml:id="t4815">contenu</w>
                                <w xml:id="t4816">propositionnel</w>
                                <w xml:id="t4817">de</w>
                                <hi rend="bold">
                                    <w xml:id="t4818">p</w>
                                </hi>
                                <w xml:id="t4819">permet</w>
                                <w xml:id="t4820">d'</w>
                                <w xml:id="t4821">annuler</w>
                                <w xml:id="t4822">,</w>
                                <w xml:id="t4823">d'</w>
                                <w xml:id="t4824">une</w>
                                <w xml:id="t4825">façon</w>
                                <w xml:id="t4826">systématique</w>
                                <w xml:id="t4827">,</w>
                                <w xml:id="t4828">les</w>
                                <w xml:id="t4829">contenus</w>
                                <w xml:id="t4830">insinués</w>
                                <w xml:id="t4831">dans</w>
                                <w xml:id="t4832">cet</w>
                                <w xml:id="t4833">acte</w>
                                <w xml:id="t4834">,</w>
                                <w xml:id="t4835">à</w>
                                <w xml:id="t4836">l'</w>
                                <w xml:id="t4837">exemple</w>
                                <w xml:id="t4838">de</w>
                                <w xml:id="t4839">:</w>
                                <w xml:id="t4840">«</w>
                                <w xml:id="t4841">Intel</w>
                                <w xml:id="t4842">ne</w>
                                <w xml:id="t4843">cherche</w>
                                <w xml:id="t4844">pas</w>
                                <w xml:id="t4845">vraiment</w>
                                <w xml:id="t4846">à</w>
                                <w xml:id="t4847">élargir</w>
                                <w xml:id="t4848">ses</w>
                                <w xml:id="t4849">marchés</w>
                                <w xml:id="t4850">»</w>
                                <w xml:id="t4851">.</w>
                            </p>
                            <p>
                                <w xml:id="t4852">Il</w>
                                <w xml:id="t4853">apparaît</w>
                                <w xml:id="t4854">,</w>
                                <w xml:id="t4855">ainsi</w>
                                <w xml:id="t4856">,</w>
                                <w xml:id="t4857">que</w>
                                <w xml:id="t4858">dans</w>
                                <w xml:id="t4859">les</w>
                                <w xml:id="t4860">énoncés</w>
                                <w xml:id="t4861">uniquement</w>
                                <w xml:id="t4862">reformulatifs</w>
                                <w xml:id="t4863">,</w>
                                <w xml:id="t4864">la</w>
                                <w xml:id="t4865">fonction</w>
                                <w xml:id="t4866">de</w>
                                <hi rend="italic">
                                    <w xml:id="t4867">de</w>
                                    <w xml:id="t4868">toute</w>
                                    <w xml:id="t4869">façon</w>
                                </hi>
                                <w xml:id="t4870">consiste</w>
                                <w xml:id="t4871">à</w>
                                <w xml:id="t4872">remettre</w>
                                <w xml:id="t4873">en</w>
                                <w xml:id="t4874">cause</w>
                                <w xml:id="t4875">la</w>
                                <w xml:id="t4876">pertinence</w>
                                <w xml:id="t4877">de</w>
                                <w xml:id="t4878">l'</w>
                                <w xml:id="t4879">énonciation</w>
                                <w xml:id="t4880">de</w>
                                <w xml:id="t4881">l'</w>
                                <w xml:id="t4882">acte</w>
                                <w xml:id="t4883">discursif</w>
                                <w xml:id="t4884">initial</w>
                                <w xml:id="t4885">.</w>
                                <w xml:id="t4886">Cette</w>
                                <w xml:id="t4887">mise</w>
                                <w xml:id="t4888">en</w>
                                <w xml:id="t4889">cause</w>
                                <w xml:id="t4890">se</w>
                                <w xml:id="t4891">fait</w>
                                <w xml:id="t4892">,</w>
                                <w xml:id="t4893">comme</w>
                                <w xml:id="t4894">nous</w>
                                <w xml:id="t4895">l'</w>
                                <w xml:id="t4896">avons</w>
                                <w xml:id="t4897">montré</w>
                                <w xml:id="t4898">,</w>
                                <w xml:id="t4899">par</w>
                                <w xml:id="t4900">l'</w>
                                <w xml:id="t4901">invalidation</w>
                                <w xml:id="t4902">d'</w>
                                <w xml:id="t4903">un</w>
                                <w xml:id="t4904">élément</w>
                                <w xml:id="t4905">de</w>
                                <hi rend="bold">
                                    <w xml:id="t4906">p</w>
                                </hi>
                                <w xml:id="t4907">:</w>
                                <w xml:id="t4908">son</w>
                                <w xml:id="t4909">implicitation</w>
                                <w xml:id="t4910">,</w>
                                <w xml:id="t4911">son</w>
                                <w xml:id="t4912">acte</w>
                                <w xml:id="t4913">illocutoire</w>
                                <w xml:id="t4914">ou</w>
                                <w xml:id="t4915">son</w>
                                <w xml:id="t4916">contenu</w>
                                <w xml:id="t4917">propositionnel</w>
                                <w xml:id="t4918">.</w>
                                <w xml:id="t4919">Qui</w>
                                <w xml:id="t4920">plus</w>
                                <w xml:id="t4921">est</w>
                                <w xml:id="t4922">,</w>
                                <w xml:id="t4923">le</w>
                                <w xml:id="t4924">connecteur</w>
                                <hi rend="italic">
                                    <w xml:id="t4925">de</w>
                                    <w xml:id="t4926">toute</w>
                                    <w xml:id="t4927">façon</w>
                                </hi>
                                <w xml:id="t4928">n'</w>
                                <w xml:id="t4929">est</w>
                                <w xml:id="t4930">supprimable</w>
                                <w xml:id="t4931">dans</w>
                                <w xml:id="t4932">aucun</w>
                                <w xml:id="t4933">des</w>
                                <w xml:id="t4934">énoncés</w>
                                <w xml:id="t4935">E</w>
                                <hi rend="sub">
                                    <w xml:id="t4936">4</w>
                                </hi>
                                <w xml:id="t4937">,</w>
                                <w xml:id="t4938">E</w>
                                <hi rend="sub">
                                    <w xml:id="t4939">5</w>
                                </hi>
                                <w xml:id="t4940">et</w>
                                <w xml:id="t4941">E</w>
                                <hi rend="sub">
                                    <w xml:id="t4942">6</w>
                                </hi>
                                <w xml:id="t4943">.</w>
                            </p>
                        </div>
                    </div>
                    <div type="div3">
                        <head subtype="level3">
                            <w xml:id="t4944">2–2–2</w>
                            <w xml:id="t4945">.</w>
                            <w xml:id="t4946">Propriétés</w>
                            <w xml:id="t4947">des</w>
                            <w xml:id="t4948">cooccurrences</w>
                        </head>
                        <p>
                            <w xml:id="t4949">Nous</w>
                            <w xml:id="t4950">proposons</w>
                            <w xml:id="t4951">pour</w>
                            <w xml:id="t4952">les</w>
                            <w xml:id="t4953">énoncés</w>
                            <w xml:id="t4954">uniquement</w>
                            <w xml:id="t4955">reformulatifs</w>
                            <w xml:id="t4956">une</w>
                            <w xml:id="t4957">structure</w>
                            <w xml:id="t4958">représentative</w>
                            <w xml:id="t4959">unique</w>
                            <w xml:id="t4960">qui</w>
                            <w xml:id="t4961">serait</w>
                            <w xml:id="t4962">du</w>
                            <w xml:id="t4963">type</w>
                            <w xml:id="t4964">«</w>
                            <hi rend="bold">
                                <w xml:id="t4965">p</w>
                            </hi>
                            <hi rend="italic">
                                <w xml:id="t4966">de</w>
                                <w xml:id="t4967">toute</w>
                                <w xml:id="t4968">façon</w>
                            </hi>
                            <hi rend="bold">
                                <w xml:id="t4969">r</w>
                            </hi>
                            <w xml:id="t4970">»</w>
                            <w xml:id="t4971">.</w>
                            <w xml:id="t4972">Ce</w>
                            <w xml:id="t4973">choix</w>
                            <w xml:id="t4974">est</w>
                            <w xml:id="t4975">motivé</w>
                            <w xml:id="t4976">par</w>
                            <w xml:id="t4977">le</w>
                            <w xml:id="t4978">fait</w>
                            <w xml:id="t4979">que</w>
                            <w xml:id="t4980">la</w>
                            <w xml:id="t4981">présence</w>
                            <w xml:id="t4982">de</w>
                            <w xml:id="t4983">la</w>
                            <w xml:id="t4984">variable</w>
                            <hi rend="bold">
                                <w xml:id="t4985">q</w>
                            </hi>
                            <w xml:id="t4986">,</w>
                            <w xml:id="t4987">généralement</w>
                            <w xml:id="t4988">associée</w>
                            <w xml:id="t4989">à</w>
                            <w xml:id="t4990">l'</w>
                            <w xml:id="t4991">argument</w>
                            <w xml:id="t4992">implicite</w>
                            <w xml:id="t4993">,</w>
                            <w xml:id="t4994">peut</w>
                            <w xml:id="t4995">rendre</w>
                            <w xml:id="t4996">l'</w>
                            <w xml:id="t4997">analyse</w>
                            <w xml:id="t4998">confuse</w>
                            <w xml:id="t4999">.</w>
                        </p>
                        <p>
                            <hi rend="bold">
                                <w xml:id="t5000">P</w>
                            </hi>
                            <w xml:id="t5001">correspond</w>
                            <w xml:id="t5002">donc</w>
                            <w xml:id="t5003">à</w>
                            <w xml:id="t5004">l'</w>
                            <w xml:id="t5005">acte</w>
                            <w xml:id="t5006">discursif</w>
                            <w xml:id="t5007">initial</w>
                            <w xml:id="t5008">,</w>
                            <w xml:id="t5009">objet</w>
                            <w xml:id="t5010">de</w>
                            <w xml:id="t5011">la</w>
                            <w xml:id="t5012">reformulation</w>
                            <w xml:id="t5013">,</w>
                            <w xml:id="t5014">que</w>
                            <w xml:id="t5015">cet</w>
                            <w xml:id="t5016">acte</w>
                            <w xml:id="t5017">représente</w>
                            <w xml:id="t5018">une</w>
                            <w xml:id="t5019">seule</w>
                            <w xml:id="t5020">intervention</w>
                            <w xml:id="t5021">ou</w>
                            <w xml:id="t5022">plusieurs</w>
                            <w xml:id="t5023">.</w>
                            <w xml:id="t5024">Ainsi</w>
                            <w xml:id="t5025">,</w>
                            <w xml:id="t5026">les</w>
                            <w xml:id="t5027">cooccurrences</w>
                            <w xml:id="t5028">du</w>
                            <w xml:id="t5029">connecteur</w>
                            <hi rend="italic">
                                <w xml:id="t5030">de</w>
                                <w xml:id="t5031">toute</w>
                                <w xml:id="t5032">façon</w>
                            </hi>
                            <w xml:id="t5033">,</w>
                            <w xml:id="t5034">qui</w>
                            <w xml:id="t5035">constituent</w>
                            <w xml:id="t5036">l'</w>
                            <w xml:id="t5037">objet</w>
                            <w xml:id="t5038">de</w>
                            <w xml:id="t5039">cette</w>
                            <w xml:id="t5040">présentation</w>
                            <w xml:id="t5041">,</w>
                            <w xml:id="t5042">sont</w>
                            <w xml:id="t5043">les</w>
                            <w xml:id="t5044">propositions</w>
                            <hi rend="bold">
                                <w xml:id="t5045">r</w>
                            </hi>
                            <w xml:id="t5046">et</w>
                            <hi rend="bold">
                                <w xml:id="t5047">p</w>
                            </hi>
                            <w xml:id="t5048">.</w>
                        </p>
                        <p>
                            <w xml:id="t5049">En</w>
                            <hi rend="bold">
                                <w xml:id="t5050">r</w>
                            </hi>
                            <w xml:id="t5051">,</w>
                            <w xml:id="t5052">nous</w>
                            <w xml:id="t5053">trouvons</w>
                            <w xml:id="t5054">l'</w>
                            <w xml:id="t5055">évocation</w>
                            <w xml:id="t5056">de</w>
                            <w xml:id="t5057">ce</w>
                            <w xml:id="t5058">qui</w>
                            <w xml:id="t5059">pousse</w>
                            <w xml:id="t5060">l'</w>
                            <w xml:id="t5061">interlocuteur</w>
                            <anchor xml:id="idm46149484503616"/>
                            <w xml:id="t5062">à</w>
                            <w xml:id="t5063">remettre</w>
                            <w xml:id="t5064">en</w>
                            <w xml:id="t5065">cause</w>
                            <w xml:id="t5066">la</w>
                            <w xml:id="t5067">pertinence</w>
                            <w xml:id="t5068">de</w>
                            <w xml:id="t5069">l'</w>
                            <w xml:id="t5070">énonciation</w>
                            <w xml:id="t5071">de</w>
                            <hi rend="bold">
                                <w xml:id="t5072">p</w>
                            </hi>
                            <anchor xml:id="idm46149484501552"/>
                            <w xml:id="t5073">.</w>
                            <w xml:id="t5074">Ainsi</w>
                            <w xml:id="t5075">,</w>
                            <w xml:id="t5076">du</w>
                            <w xml:id="t5077">point</w>
                            <w xml:id="t5078">de</w>
                            <w xml:id="t5079">vue</w>
                            <w xml:id="t5080">fonctionnel</w>
                            <w xml:id="t5081">,</w>
                            <w xml:id="t5082">nous</w>
                            <w xml:id="t5083">pouvons</w>
                            <w xml:id="t5084">considérer</w>
                            <w xml:id="t5085">l'</w>
                            <w xml:id="t5086">énoncé</w>
                            <hi rend="bold">
                                <w xml:id="t5087">r</w>
                            </hi>
                            <w xml:id="t5088">comme</w>
                            <w xml:id="t5089">étant</w>
                            <w xml:id="t5090">le</w>
                            <w xml:id="t5091">lieu</w>
                            <w xml:id="t5092">de</w>
                            <w xml:id="t5093">la</w>
                            <w xml:id="t5094">reformulation</w>
                            <w xml:id="t5095">et</w>
                            <w xml:id="t5096">,</w>
                            <w xml:id="t5097">donc</w>
                            <w xml:id="t5098">,</w>
                            <w xml:id="t5099">comme</w>
                            <w xml:id="t5100">étant</w>
                            <w xml:id="t5101">«</w>
                            <w xml:id="t5102">la</w>
                            <w xml:id="t5103">visée</w>
                            <w xml:id="t5104">intentionnelle</w>
                            <w xml:id="t5105">globale</w>
                            <w xml:id="t5106">»</w>
                            <w xml:id="t5107">de</w>
                            <w xml:id="t5108">l'</w>
                            <w xml:id="t5109">énoncé</w>
                            <w xml:id="t5110">dont</w>
                            <w xml:id="t5111">il</w>
                            <w xml:id="t5112">fait</w>
                            <w xml:id="t5113">partie</w>
                            <anchor xml:id="idm46149484498368"/>
                            <w xml:id="t5114">.</w>
                        </p>
                        <p>
                            <w xml:id="t5115">L'</w>
                            <w xml:id="t5116">acte</w>
                            <w xml:id="t5117">discursif</w>
                            <hi rend="bold">
                                <w xml:id="t5118">p</w>
                            </hi>
                            <w xml:id="t5119">,</w>
                            <w xml:id="t5120">quant</w>
                            <w xml:id="t5121">à</w>
                            <w xml:id="t5122">lui</w>
                            <w xml:id="t5123">,</w>
                            <w xml:id="t5124">représente</w>
                            <w xml:id="t5125">initialement</w>
                            <w xml:id="t5126">un</w>
                            <w xml:id="t5127">acte</w>
                            <w xml:id="t5128">complet</w>
                            <w xml:id="t5129">et</w>
                            <w xml:id="t5130">pertinent</w>
                            <w xml:id="t5131">.</w>
                            <w xml:id="t5132">C'</w>
                            <w xml:id="t5133">est</w>
                            <w xml:id="t5134">en</w>
                            <w xml:id="t5135">le</w>
                            <w xml:id="t5136">connectant</w>
                            <w xml:id="t5137">à</w>
                            <hi rend="italic">
                                <w xml:id="t5138">de</w>
                                <w xml:id="t5139">toute</w>
                                <w xml:id="t5140">façon</w>
                            </hi>
                            <w xml:id="t5141">que</w>
                            <w xml:id="t5142">le</w>
                            <w xml:id="t5143">locuteur</w>
                            <w xml:id="t5144">lui</w>
                            <w xml:id="t5145">fait</w>
                            <w xml:id="t5146">perdre</w>
                            <w xml:id="t5147">son</w>
                            <w xml:id="t5148">indépendance</w>
                            <w xml:id="t5149">.</w>
                            <w xml:id="t5150">Ce</w>
                            <w xml:id="t5151">changement</w>
                            <w xml:id="t5152">de</w>
                            <w xml:id="t5153">statut</w>
                            <w xml:id="t5154">est</w>
                            <w xml:id="t5155">plus</w>
                            <w xml:id="t5156">perceptible</w>
                            <w xml:id="t5157">dans</w>
                            <w xml:id="t5158">les</w>
                            <w xml:id="t5159">emplois</w>
                            <w xml:id="t5160">dialogaux</w>
                            <w xml:id="t5161">car</w>
                            <w xml:id="t5162">,</w>
                            <w xml:id="t5163">dans</w>
                            <w xml:id="t5164">ce</w>
                            <w xml:id="t5165">cas</w>
                            <w xml:id="t5166">,</w>
                            <w xml:id="t5167">la</w>
                            <w xml:id="t5168">proposition</w>
                            <hi rend="bold">
                                <w xml:id="t5169">p</w>
                            </hi>
                            <w xml:id="t5170">est</w>
                            <w xml:id="t5171">enchaînée</w>
                            <w xml:id="t5172">au</w>
                            <w xml:id="t5173">discours</w>
                            <w xml:id="t5174">de</w>
                            <w xml:id="t5175">l'</w>
                            <w xml:id="t5176">autre</w>
                            <w xml:id="t5177">.</w>
                        </p>
                        <p>
                            <w xml:id="t5178">Soient</w>
                            <w xml:id="t5179">les</w>
                            <w xml:id="t5180">énoncés</w>
                            <w xml:id="t5181">E</w>
                            <hi rend="sub">
                                <w xml:id="t5182">7</w>
                            </hi>
                            <w xml:id="t5183">(</w>
                            <w xml:id="t5184">extrait</w>
                            <w xml:id="t5185">de</w>
                            <hi rend="italic">
                                <w xml:id="t5186">Biba</w>
                            </hi>
                            <w xml:id="t5187">n°221</w>
                            <w xml:id="t5188">,</w>
                            <w xml:id="t5189">juillet</w>
                            <w xml:id="t5190">1998</w>
                            <w xml:id="t5191">,</w>
                            <w xml:id="t5192">p</w>
                            <w xml:id="t5193">72</w>
                            <w xml:id="t5194">)</w>
                            <w xml:id="t5195">et</w>
                            <w xml:id="t5196">E</w>
                            <w xml:id="t5197">'</w>
                            <hi rend="sub">
                                <w xml:id="t5198">7</w>
                            </hi>
                            <w xml:id="t5199">:</w>
                        </p>
                        <q rend="quotation">
                            <w xml:id="t5200">(</w>
                            <w xml:id="t5201">E</w>
                            <hi rend="sub">
                                <w xml:id="t5202">7</w>
                            </hi>
                            <w xml:id="t5203">)</w>
                            <w xml:id="t5204">–</w>
                            <hi rend="italic">
                                <w xml:id="t5205">Biba</w>
                            </hi>
                            <w xml:id="t5206">demande</w>
                            <w xml:id="t5207">à</w>
                            <w xml:id="t5208">l'</w>
                            <w xml:id="t5209">ex</w>
                            <w xml:id="t5210">d'</w>
                            <w xml:id="t5211">un</w>
                            <w xml:id="t5212">musicien</w>
                            <w xml:id="t5213">:</w>
                            <w xml:id="t5214">«</w>
                            <w xml:id="t5215">S'</w>
                            <w xml:id="t5216">il</w>
                            <w xml:id="t5217">n'</w>
                            <w xml:id="t5218">avait</w>
                            <w xml:id="t5219">pas</w>
                            <w xml:id="t5220">été</w>
                            <w xml:id="t5221">musicien</w>
                            <w xml:id="t5222">,</w>
                            <w xml:id="t5223">il</w>
                            <w xml:id="t5224">aurait</w>
                            <w xml:id="t5225">fait</w>
                            <w xml:id="t5226">quoi</w>
                            <w xml:id="t5227">?</w>
                            <w xml:id="t5228">»</w>
                        </q>
                        <q rend="quotation">
                            <w xml:id="t5229">–</w>
                            <w xml:id="t5230">Maud</w>
                            <w xml:id="t5231">:</w>
                            <w xml:id="t5232">«</w>
                            <w xml:id="t5233">Coureur</w>
                            <w xml:id="t5234">de</w>
                            <w xml:id="t5235">jupons</w>
                            <w xml:id="t5236">,</w>
                            <w xml:id="t5237">mais</w>
                            <w xml:id="t5238">ça</w>
                            <w xml:id="t5239">n'</w>
                            <w xml:id="t5240">a</w>
                            <w xml:id="t5241">rien</w>
                            <w xml:id="t5242">empêché</w>
                            <hi rend="italic">
                                <w xml:id="t5243">de</w>
                                <w xml:id="t5244">toute</w>
                                <w xml:id="t5245">façon</w>
                            </hi>
                            <w xml:id="t5246">»</w>
                            <w xml:id="t5247">.</w>
                        </q>
                        <q rend="quotation">
                            <w xml:id="t5248">(</w>
                            <w xml:id="t5249">E</w>
                            <w xml:id="t5250">'</w>
                            <hi rend="sub">
                                <w xml:id="t5251">7</w>
                            </hi>
                            <w xml:id="t5252">)</w>
                            <w xml:id="t5253">–</w>
                            <w xml:id="t5254">Maud</w>
                            <w xml:id="t5255">:</w>
                            <w xml:id="t5256">«</w>
                            <w xml:id="t5257">Coureur</w>
                            <w xml:id="t5258">de</w>
                            <w xml:id="t5259">jupons</w>
                            <w xml:id="t5260">»</w>
                            <w xml:id="t5261">.</w>
                        </q>
                        <q rend="quotation">
                            <w xml:id="t5262">–</w>
                            <w xml:id="t5263">Laure</w>
                            <w xml:id="t5264">:</w>
                            <w xml:id="t5265">«</w>
                            <w xml:id="t5266">Ça</w>
                            <w xml:id="t5267">n'</w>
                            <w xml:id="t5268">a</w>
                            <w xml:id="t5269">rien</w>
                            <w xml:id="t5270">empêché</w>
                            <hi rend="italic">
                                <w xml:id="t5271">de</w>
                                <w xml:id="t5272">toute</w>
                                <w xml:id="t5273">façon</w>
                            </hi>
                            <w xml:id="t5274">»</w>
                            <w xml:id="t5275">.</w>
                        </q>
                        <p>
                            <w xml:id="t5276">L'</w>
                            <w xml:id="t5277">énoncé</w>
                            <w xml:id="t5278">«</w>
                            <w xml:id="t5279">coureur</w>
                            <w xml:id="t5280">de</w>
                            <w xml:id="t5281">jupons</w>
                            <w xml:id="t5282">»</w>
                            <w xml:id="t5283">peut</w>
                            <w xml:id="t5284">constituer</w>
                            <w xml:id="t5285">,</w>
                            <w xml:id="t5286">à</w>
                            <w xml:id="t5287">lui</w>
                            <w xml:id="t5288">seul</w>
                            <w xml:id="t5289">,</w>
                            <w xml:id="t5290">une</w>
                            <w xml:id="t5291">réponse</w>
                            <w xml:id="t5292">acceptable</w>
                            <w xml:id="t5293">et</w>
                            <w xml:id="t5294">complète</w>
                            <w xml:id="t5295">à</w>
                            <w xml:id="t5296">la</w>
                            <w xml:id="t5297">question</w>
                            <w xml:id="t5298">de</w>
                            <w xml:id="t5299">l'</w>
                            <w xml:id="t5300">interviewer</w>
                            <w xml:id="t5301">.</w>
                            <w xml:id="t5302">Articulé</w>
                            <w xml:id="t5303">à</w>
                            <w xml:id="t5304">la</w>
                            <w xml:id="t5305">séquence</w>
                            <w xml:id="t5306">:</w>
                            <w xml:id="t5307">«</w>
                            <w xml:id="t5308">ça</w>
                            <w xml:id="t5309">n'</w>
                            <w xml:id="t5310">a</w>
                            <w xml:id="t5311">rien</w>
                            <w xml:id="t5312">empêché</w>
                            <hi rend="italic">
                                <w xml:id="t5313">de</w>
                                <w xml:id="t5314">toute</w>
                                <w xml:id="t5315">façon</w>
                            </hi>
                            <w xml:id="t5316">»</w>
                            <w xml:id="t5317">,</w>
                            <w xml:id="t5318">cet</w>
                            <w xml:id="t5319">énoncé</w>
                            <w xml:id="t5320">passe</w>
                            <w xml:id="t5321">,</w>
                            <w xml:id="t5322">cependant</w>
                            <w xml:id="t5323">,</w>
                            <w xml:id="t5324">du</w>
                            <w xml:id="t5325">statut</w>
                            <w xml:id="t5326">d'</w>
                            <w xml:id="t5327">un</w>
                            <w xml:id="t5328">acte</w>
                            <w xml:id="t5329">indépendant</w>
                            <w xml:id="t5330">(</w>
                            <w xml:id="t5331">AI</w>
                            <w xml:id="t5332">)</w>
                            <w xml:id="t5333">à</w>
                            <w xml:id="t5334">celui</w>
                            <w xml:id="t5335">d'</w>
                            <w xml:id="t5336">un</w>
                            <w xml:id="t5337">acte</w>
                            <w xml:id="t5338">subordonné</w>
                            <w xml:id="t5339">(</w>
                            <w xml:id="t5340">AS</w>
                            <w xml:id="t5341">)</w>
                            <w xml:id="t5342">.</w>
                            <w xml:id="t5343">En</w>
                            <w xml:id="t5344">témoigne</w>
                            <w xml:id="t5345">l'</w>
                            <w xml:id="t5346">énoncé</w>
                            <w xml:id="t5347">E</w>
                            <w xml:id="t5348">'</w>
                            <hi rend="sub">
                                <w xml:id="t5349">7</w>
                            </hi>
                            <w xml:id="t5350">.</w>
                        </p>
                    </div>
                </div>
            </div>
            <div type="div1">
                <head subtype="level1">
                    <w xml:id="t5351">Conclusion</w>
                </head>
                <p>
                    <w xml:id="t5352">Nous</w>
                    <w xml:id="t5353">avons</w>
                    <w xml:id="t5354">tenté</w>
                    <w xml:id="t5355">dans</w>
                    <w xml:id="t5356">cette</w>
                    <w xml:id="t5357">étude</w>
                    <w xml:id="t5358">du</w>
                    <w xml:id="t5359">connecteur</w>
                    <hi rend="italic">
                        <w xml:id="t5360">de</w>
                        <w xml:id="t5361">toute</w>
                        <w xml:id="t5362">façon</w>
                    </hi>
                    <w xml:id="t5363">de</w>
                    <w xml:id="t5364">répartir</w>
                    <w xml:id="t5365">les</w>
                    <w xml:id="t5366">fonctionnements</w>
                    <w xml:id="t5367">de</w>
                    <w xml:id="t5368">ce</w>
                    <w xml:id="t5369">morphème</w>
                    <w xml:id="t5370">en</w>
                    <w xml:id="t5371">deux</w>
                    <w xml:id="t5372">catégories</w>
                    <w xml:id="t5373">.</w>
                    <w xml:id="t5374">La</w>
                    <w xml:id="t5375">première</w>
                    <w xml:id="t5376">concerne</w>
                    <w xml:id="t5377">l'</w>
                    <w xml:id="t5378">intervention</w>
                    <w xml:id="t5379">de</w>
                    <w xml:id="t5380">ce</w>
                    <w xml:id="t5381">mot</w>
                    <w xml:id="t5382">de</w>
                    <w xml:id="t5383">discours</w>
                    <w xml:id="t5384">dans</w>
                    <w xml:id="t5385">un</w>
                    <w xml:id="t5386">énoncé</w>
                    <w xml:id="t5387">initialement</w>
                    <w xml:id="t5388">argumentatif</w>
                    <w xml:id="t5389">,</w>
                    <w xml:id="t5390">la</w>
                    <w xml:id="t5391">seconde</w>
                    <w xml:id="t5392">se</w>
                    <w xml:id="t5393">rattache</w>
                    <w xml:id="t5394">à</w>
                    <w xml:id="t5395">son</w>
                    <w xml:id="t5396">fonctionnement</w>
                    <w xml:id="t5397">dans</w>
                    <w xml:id="t5398">un</w>
                    <w xml:id="t5399">énoncé</w>
                    <w xml:id="t5400">uniquement</w>
                    <w xml:id="t5401">reformulatif</w>
                    <w xml:id="t5402">.</w>
                </p>
                <p>
                    <w xml:id="t5403">Cette</w>
                    <w xml:id="t5404">classification</w>
                    <w xml:id="t5405">a</w>
                    <w xml:id="t5406">permis</w>
                    <w xml:id="t5407">de</w>
                    <w xml:id="t5408">cerner</w>
                    <w xml:id="t5409">le</w>
                    <w xml:id="t5410">statut</w>
                    <w xml:id="t5411">ambivalent</w>
                    <w xml:id="t5412">de</w>
                    <hi rend="italic">
                        <w xml:id="t5413">de</w>
                        <w xml:id="t5414">toute</w>
                    </hi>
                    <hi rend="italic">
                        <w xml:id="t5415">façon</w>
                    </hi>
                    <w xml:id="t5416">,</w>
                    <w xml:id="t5417">qui</w>
                    <w xml:id="t5418">peut</w>
                    <w xml:id="t5419">être</w>
                    <w xml:id="t5420">indispensable</w>
                    <w xml:id="t5421">ou</w>
                    <w xml:id="t5422">non</w>
                    <w xml:id="t5423">à</w>
                    <w xml:id="t5424">l'</w>
                    <w xml:id="t5425">énoncé</w>
                    <w xml:id="t5426">qu'</w>
                    <w xml:id="t5427">il</w>
                    <w xml:id="t5428">articule</w>
                    <w xml:id="t5429">.</w>
                    <w xml:id="t5430">Elle</w>
                    <w xml:id="t5431">a</w>
                    <w xml:id="t5432">explicité</w>
                    <w xml:id="t5433">,</w>
                    <w xml:id="t5434">en</w>
                    <w xml:id="t5435">outre</w>
                    <w xml:id="t5436">,</w>
                    <w xml:id="t5437">les</w>
                    <w xml:id="t5438">deux</w>
                    <w xml:id="t5439">effets</w>
                    <w xml:id="t5440">de</w>
                    <w xml:id="t5441">sens</w>
                    <w xml:id="t5442">majeurs</w>
                    <w xml:id="t5443">de</w>
                    <w xml:id="t5444">ce</w>
                    <w xml:id="t5445">mot</w>
                    <w xml:id="t5446">de</w>
                    <w xml:id="t5447">discours</w>
                    <w xml:id="t5448">,</w>
                    <w xml:id="t5449">qui</w>
                    <w xml:id="t5450">sont</w>
                    <w xml:id="t5451">:</w>
                </p>
                <list type="unordered">
                    <item>
                        <p rend="puces">
                            <w xml:id="t5452">le</w>
                            <w xml:id="t5453">sens</w>
                            <w xml:id="t5454">argumentatif-reformulatif</w>
                            <w xml:id="t5455">ou</w>
                            <w xml:id="t5456">essentiellement</w>
                            <w xml:id="t5457">reformulatif</w>
                            <w xml:id="t5458">.</w>
                        </p>
                    </item>
                    <item>
                        <p rend="puces">
                            <w xml:id="t5459">le</w>
                            <w xml:id="t5460">sens</w>
                            <w xml:id="t5461">uniquement</w>
                            <w xml:id="t5462">reformulatif</w>
                            <w xml:id="t5463">.</w>
                        </p>
                    </item>
                </list>
                <p>
                    <w xml:id="t5464">Par</w>
                    <w xml:id="t5465">ailleurs</w>
                    <w xml:id="t5466">,</w>
                    <w xml:id="t5467">l'</w>
                    <w xml:id="t5468">analyse</w>
                    <w xml:id="t5469">des</w>
                    <w xml:id="t5470">énoncés</w>
                    <w xml:id="t5471">authentiques</w>
                    <w xml:id="t5472">marqués</w>
                    <w xml:id="t5473">par</w>
                    <hi rend="italic">
                        <w xml:id="t5474">de</w>
                        <w xml:id="t5475">toute</w>
                    </hi>
                    <hi rend="italic">
                        <w xml:id="t5476">façon</w>
                    </hi>
                    <w xml:id="t5477">a</w>
                    <w xml:id="t5478">révélé</w>
                    <w xml:id="t5479">l'</w>
                    <w xml:id="t5480">existence</w>
                    <w xml:id="t5481">de</w>
                    <w xml:id="t5482">divers</w>
                    <w xml:id="t5483">types</w>
                    <w xml:id="t5484">de</w>
                    <w xml:id="t5485">reformulation</w>
                    <w xml:id="t5486">.</w>
                    <w xml:id="t5487">En</w>
                    <w xml:id="t5488">effet</w>
                    <w xml:id="t5489">,</w>
                    <w xml:id="t5490">cette</w>
                    <w xml:id="t5491">opération</w>
                    <w xml:id="t5492">,</w>
                    <w xml:id="t5493">effectuée</w>
                    <w xml:id="t5494">sur</w>
                    <w xml:id="t5495">une</w>
                    <w xml:id="t5496">proposition</w>
                    <hi rend="bold">
                        <w xml:id="t5497">p</w>
                    </hi>
                    <w xml:id="t5498">,</w>
                    <w xml:id="t5499">peut</w>
                    <w xml:id="t5500">aussi</w>
                    <w xml:id="t5501">bien</w>
                    <w xml:id="t5502">concerner</w>
                    <w xml:id="t5503">l'</w>
                    <w xml:id="t5504">acte</w>
                    <w xml:id="t5505">illocutoire</w>
                    <w xml:id="t5506">,</w>
                    <w xml:id="t5507">le</w>
                    <w xml:id="t5508">contenu</w>
                    <w xml:id="t5509">propositionnel</w>
                    <w xml:id="t5510">que</w>
                    <w xml:id="t5511">l'</w>
                    <w xml:id="t5512">implicitation</w>
                    <w xml:id="t5513">relatifs</w>
                    <w xml:id="t5514">à</w>
                    <w xml:id="t5515">cette</w>
                    <w xml:id="t5516">dernière</w>
                    <w xml:id="t5517">.</w>
                </p>
            </div>
        </body>
        <back>
            <div type="notes">
                <note place="foot" n="1" target="#idm46149484784112">
                    <p rend="footnote">
                        <w xml:id="t5518">L'</w>
                        <w xml:id="t5519">appellation</w>
                        <w xml:id="t5520">de</w>
                        <w xml:id="t5521">«</w>
                        <w xml:id="t5522">conclusif</w>
                        <w xml:id="t5523">»</w>
                        <w xml:id="t5524">revient</w>
                        <w xml:id="t5525">à</w>
                        <w xml:id="t5526">M</w>
                        <w xml:id="t5527">.</w>
                        <w xml:id="t5528">Schelling</w>
                        <w xml:id="t5529">(</w>
                        <w xml:id="t5530">1982</w>
                        <w xml:id="t5531">)</w>
                        <w xml:id="t5532">.</w>
                        <w xml:id="t5533">L'</w>
                        <w xml:id="t5534">appellation</w>
                        <w xml:id="t5535">de</w>
                        <w xml:id="t5536">«</w>
                        <w xml:id="t5537">réévaluatif</w>
                        <w xml:id="t5538">»</w>
                        <w xml:id="t5539">,</w>
                        <w xml:id="t5540">quant</w>
                        <w xml:id="t5541">à</w>
                        <w xml:id="t5542">elle</w>
                        <w xml:id="t5543">,</w>
                        <w xml:id="t5544">est</w>
                        <w xml:id="t5545">de</w>
                        <w xml:id="t5546">Roulet</w>
                        <w xml:id="t5547">(</w>
                        <w xml:id="t5548">1985</w>
                        <w xml:id="t5549">)</w>
                        <w xml:id="t5550">,</w>
                        <w xml:id="t5551">il</w>
                        <w xml:id="t5552">s'</w>
                        <w xml:id="t5553">agit</w>
                        <w xml:id="t5554">de</w>
                        <w xml:id="t5555">la</w>
                        <w xml:id="t5556">première</w>
                        <w xml:id="t5557">qualification</w>
                        <w xml:id="t5558">que</w>
                        <w xml:id="t5559">E</w>
                        <w xml:id="t5560">.</w>
                        <w xml:id="t5561">Roulet</w>
                        <w xml:id="t5562">donne</w>
                        <w xml:id="t5563">à</w>
                        <w xml:id="t5564">la</w>
                        <w xml:id="t5565">classe</w>
                        <w xml:id="t5566">des</w>
                        <w xml:id="t5567">connecteurs</w>
                        <w xml:id="t5568">dont</w>
                        <w xml:id="t5569">fait</w>
                        <w xml:id="t5570">partie</w>
                        <hi rend="italic">
                            <w xml:id="t5571">de</w>
                            <w xml:id="t5572">toute</w>
                            <w xml:id="t5573">façon</w>
                        </hi>
                        <w xml:id="t5574">.</w>
                    </p>
                </note>
                <note place="foot" n="2" target="#idm46149484778224">
                    <p rend="footnote">
                        <w xml:id="t5575">Un</w>
                        <w xml:id="t5576">acte</w>
                        <w xml:id="t5577">principal</w>
                        <w xml:id="t5578">ou</w>
                        <w xml:id="t5579">directeur</w>
                        <w xml:id="t5580">correspond</w>
                        <w xml:id="t5581">à</w>
                        <w xml:id="t5582">l'</w>
                        <w xml:id="t5583">énoncé</w>
                        <w xml:id="t5584">qui</w>
                        <w xml:id="t5585">détient</w>
                        <w xml:id="t5586">la</w>
                        <w xml:id="t5587">fonction</w>
                        <w xml:id="t5588">illocutoire</w>
                        <w xml:id="t5589">de</w>
                        <w xml:id="t5590">l'</w>
                        <w xml:id="t5591">acte</w>
                        <w xml:id="t5592">de</w>
                        <w xml:id="t5593">discours</w>
                        <w xml:id="t5594">.</w>
                        <w xml:id="t5595">Cela</w>
                        <w xml:id="t5596">,</w>
                        <w xml:id="t5597">contrairement</w>
                        <w xml:id="t5598">à</w>
                        <w xml:id="t5599">l'</w>
                        <w xml:id="t5600">acte</w>
                        <w xml:id="t5601">subordonné</w>
                        <w xml:id="t5602">qui</w>
                        <w xml:id="t5603">lui</w>
                        <w xml:id="t5604">est</w>
                        <w xml:id="t5605">dépendant</w>
                        <w xml:id="t5606">.</w>
                    </p>
                </note>
                <note place="foot" n="3" target="#idm46149484775296">
                    <p rend="footnote">
                        <w xml:id="t5607">Rossari</w>
                        <w xml:id="t5608">(</w>
                        <w xml:id="t5609">1994</w>
                        <w xml:id="t5610">:</w>
                        <w xml:id="t5611">9</w>
                        <w xml:id="t5612">)</w>
                        <w xml:id="t5613">.</w>
                    </p>
                </note>
                <note place="foot" n="4" target="#idm46149484967936">
                    <p rend="footnote">
                        <hi rend="bold">
                            <w xml:id="t5614">P</w>
                        </hi>
                        <w xml:id="t5615">,</w>
                        <hi rend="bold">
                            <w xml:id="t5616">q</w>
                        </hi>
                        <w xml:id="t5617">et</w>
                        <hi rend="bold">
                            <w xml:id="t5618">r</w>
                        </hi>
                        <w xml:id="t5619">sont</w>
                        <w xml:id="t5620">des</w>
                        <w xml:id="t5621">entités</w>
                        <w xml:id="t5622">abstraites</w>
                        <w xml:id="t5623">qui</w>
                        <w xml:id="t5624">désignent</w>
                        <w xml:id="t5625">,</w>
                        <w xml:id="t5626">en</w>
                        <w xml:id="t5627">conformité</w>
                        <w xml:id="t5628">avec</w>
                        <w xml:id="t5629">les</w>
                        <w xml:id="t5630">conventions</w>
                        <w xml:id="t5631">de</w>
                        <w xml:id="t5632">J.-C</w>
                        <w xml:id="t5633">.</w>
                        <w xml:id="t5634">Anscombre</w>
                        <w xml:id="t5635">et</w>
                        <w xml:id="t5636">de</w>
                        <w xml:id="t5637">O</w>
                        <w xml:id="t5638">.</w>
                        <w xml:id="t5639">Ducrot</w>
                        <w xml:id="t5640">(</w>
                        <w xml:id="t5641">1983</w>
                        <w xml:id="t5642">)</w>
                        <w xml:id="t5643">,</w>
                        <w xml:id="t5644">les</w>
                        <w xml:id="t5645">propositions</w>
                        <w xml:id="t5646">formant</w>
                        <w xml:id="t5647">un</w>
                        <w xml:id="t5648">énoncé</w>
                        <w xml:id="t5649">,</w>
                        <w xml:id="t5650">que</w>
                        <w xml:id="t5651">ces</w>
                        <w xml:id="t5652">propositions</w>
                        <w xml:id="t5653">soient</w>
                        <w xml:id="t5654">explicites</w>
                        <w xml:id="t5655">ou</w>
                        <w xml:id="t5656">implicites</w>
                        <w xml:id="t5657">.</w>
                    </p>
                </note>
                <note place="foot" n="5" target="#idm46149484708864">
                    <p rend="footnote">
                        <w xml:id="t5658">Au</w>
                        <w xml:id="t5659">sens</w>
                        <w xml:id="t5660">d'</w>
                        <w xml:id="t5661">Anscombre</w>
                        <w xml:id="t5662">1995</w>
                        <w xml:id="t5663">.</w>
                    </p>
                </note>
                <note place="foot" n="6" target="#idm46149484702560">
                    <p rend="footnote">
                        <w xml:id="t5664">Les</w>
                        <w xml:id="t5665">variables</w>
                        <hi rend="bold">
                            <w xml:id="t5666">p</w>
                        </hi>
                        <w xml:id="t5667">,</w>
                        <hi rend="bold">
                            <w xml:id="t5668">q</w>
                        </hi>
                        <w xml:id="t5669">et</w>
                        <hi rend="bold">
                            <w xml:id="t5670">r</w>
                        </hi>
                        <w xml:id="t5671">de</w>
                        <w xml:id="t5672">l'</w>
                        <w xml:id="t5673">énoncé</w>
                        <w xml:id="t5674">argumentatif</w>
                        <w xml:id="t5675">(</w>
                        <w xml:id="t5676">E</w>
                        <w xml:id="t5677">'</w>
                        <hi rend="sub">
                            <w xml:id="t5678">3</w>
                        </hi>
                        <w xml:id="t5679">)</w>
                        <w xml:id="t5680">ne</w>
                        <w xml:id="t5681">coïncident</w>
                        <w xml:id="t5682">pas</w>
                        <w xml:id="t5683">avec</w>
                        <w xml:id="t5684">celle</w>
                        <w xml:id="t5685">de</w>
                        <w xml:id="t5686">l'</w>
                        <w xml:id="t5687">énoncé</w>
                        <w xml:id="t5688">reformulatif</w>
                        <w xml:id="t5689">(</w>
                        <w xml:id="t5690">E</w>
                        <hi rend="sub">
                            <w xml:id="t5691">3</w>
                        </hi>
                        <w xml:id="t5692">)</w>
                        <w xml:id="t5693">.</w>
                        <w xml:id="t5694">En</w>
                        <w xml:id="t5695">effet</w>
                        <w xml:id="t5696">,</w>
                        <w xml:id="t5697">le</w>
                        <w xml:id="t5698">connecteur</w>
                        <w xml:id="t5699">argumentatif</w>
                        <w xml:id="t5700">introduit</w>
                        <w xml:id="t5701">un</w>
                        <w xml:id="t5702">acte</w>
                        <w xml:id="t5703">subordonné</w>
                        <w xml:id="t5704">,</w>
                        <w xml:id="t5705">il</w>
                        <w xml:id="t5706">s'</w>
                        <w xml:id="t5707">agit</w>
                        <w xml:id="t5708">de</w>
                        <hi rend="bold">
                            <w xml:id="t5709">q</w>
                        </hi>
                        <w xml:id="t5710">.</w>
                        <w xml:id="t5711">Par</w>
                        <w xml:id="t5712">contre</w>
                        <w xml:id="t5713">,</w>
                        <w xml:id="t5714">un</w>
                        <w xml:id="t5715">connecteur</w>
                        <w xml:id="t5716">reformulatif</w>
                        <w xml:id="t5717">introduit</w>
                        <w xml:id="t5718">un</w>
                        <w xml:id="t5719">actedirecteur</w>
                        <w xml:id="t5720">,</w>
                        <w xml:id="t5721">qui</w>
                        <w xml:id="t5722">ne</w>
                        <w xml:id="t5723">peut</w>
                        <w xml:id="t5724">correspondre</w>
                        <w xml:id="t5725">à</w>
                        <hi rend="bold">
                            <w xml:id="t5726">p</w>
                        </hi>
                        <w xml:id="t5727">ou</w>
                        <hi rend="bold">
                            <w xml:id="t5728">q</w>
                        </hi>
                        <w xml:id="t5729">,</w>
                        <w xml:id="t5730">qui</w>
                        <w xml:id="t5731">ne</w>
                        <w xml:id="t5732">désignent</w>
                        <w xml:id="t5733">que</w>
                        <w xml:id="t5734">des</w>
                        <w xml:id="t5735">actes</w>
                        <w xml:id="t5736">subordonnés</w>
                        <w xml:id="t5737">.</w>
                        <w xml:id="t5738">Il</w>
                        <w xml:id="t5739">s'</w>
                        <w xml:id="t5740">agit</w>
                        <w xml:id="t5741">donc</w>
                        <w xml:id="t5742">de</w>
                        <hi rend="bold">
                            <w xml:id="t5743">r</w>
                        </hi>
                        <w xml:id="t5744">.</w>
                    </p>
                </note>
                <note place="foot" n="7" target="#idm46149484693280">
                    <p rend="footnote">
                        <w xml:id="t5745">La</w>
                        <w xml:id="t5746">seconde</w>
                        <w xml:id="t5747">,</w>
                        <w xml:id="t5748">comme</w>
                        <w xml:id="t5749">le</w>
                        <w xml:id="t5750">signale</w>
                        <w xml:id="t5751">E</w>
                        <w xml:id="t5752">.</w>
                        <w xml:id="t5753">Roulet</w>
                        <w xml:id="t5754">(</w>
                        <w xml:id="t5755">1985</w>
                        <w xml:id="t5756">:</w>
                        <w xml:id="t5757">174</w>
                        <w xml:id="t5758">)</w>
                        <w xml:id="t5759">est</w>
                        <w xml:id="t5760">la</w>
                        <w xml:id="t5761">plus</w>
                        <w xml:id="t5762">immédiate</w>
                        <w xml:id="t5763">.</w>
                    </p>
                </note>
                <note place="foot" n="8" target="#idm46149484689808">
                    <p rend="footnote">
                        <w xml:id="t5764">Comme</w>
                        <w xml:id="t5765">C</w>
                        <w xml:id="t5766">.</w>
                        <w xml:id="t5767">Rossari</w>
                        <w xml:id="t5768">,</w>
                        <w xml:id="t5769">nous</w>
                        <w xml:id="t5770">recourons</w>
                        <w xml:id="t5771">à</w>
                        <w xml:id="t5772">la</w>
                        <w xml:id="t5773">paraphrase</w>
                        <w xml:id="t5774">pour</w>
                        <w xml:id="t5775">expliciter</w>
                        <w xml:id="t5776">certains</w>
                        <w xml:id="t5777">fonctionnements</w>
                        <w xml:id="t5778">du</w>
                        <w xml:id="t5779">connecteur</w>
                        <w xml:id="t5780">de</w>
                        <w xml:id="t5781">toute</w>
                        <w xml:id="t5782">façon</w>
                        <w xml:id="t5783">.</w>
                        <w xml:id="t5784">«</w>
                        <w xml:id="t5785">On</w>
                        <w xml:id="t5786">pourrait</w>
                        <w xml:id="t5787">effectivement</w>
                        <w xml:id="t5788">paraphraser</w>
                        <w xml:id="t5789">[</w>
                        <w xml:id="t5790">…</w>
                        <w xml:id="t5791">]</w>
                        <w xml:id="t5792">par</w>
                        <w xml:id="t5793">une</w>
                        <w xml:id="t5794">formule</w>
                        <w xml:id="t5795">du</w>
                        <w xml:id="t5796">type</w>
                        <w xml:id="t5797">:</w>
                        <w xml:id="t5798">«</w>
                        <w xml:id="t5799">il</w>
                        <w xml:id="t5800">ne</w>
                        <w xml:id="t5801">sert</w>
                        <w xml:id="t5802">à</w>
                        <w xml:id="t5803">rien</w>
                        <w xml:id="t5804">de</w>
                        <w xml:id="t5805">dire</w>
                        <hi rend="bold">
                            <w xml:id="t5806">p</w>
                        </hi>
                        <w xml:id="t5807">puisque</w>
                        <w xml:id="t5808">de</w>
                        <w xml:id="t5809">toute</w>
                        <w xml:id="t5810">façon</w>
                        <hi rend="bold">
                            <w xml:id="t5811">r</w>
                        </hi>
                        <w xml:id="t5812">»</w>
                        <w xml:id="t5813">(</w>
                        <w xml:id="t5814">Rossari</w>
                        <w xml:id="t5815">,</w>
                        <w xml:id="t5816">1994</w>
                        <w xml:id="t5817">:</w>
                        <w xml:id="t5818">67</w>
                        <w xml:id="t5819">)</w>
                        <w xml:id="t5820">.</w>
                    </p>
                </note>
                <note place="foot" n="9" target="#idm46149484683936">
                    <p rend="footnote">
                        <w xml:id="t5821">Etant</w>
                        <w xml:id="t5822">invalidé</w>
                        <w xml:id="t5823">comme</w>
                        <w xml:id="t5824">énonciation</w>
                        <w xml:id="t5825">,</w>
                        <w xml:id="t5826">p</w>
                        <w xml:id="t5827">ne</w>
                        <w xml:id="t5828">peut</w>
                        <w xml:id="t5829">représenter</w>
                        <w xml:id="t5830">l'</w>
                        <w xml:id="t5831">acte</w>
                        <w xml:id="t5832">directeur</w>
                        <w xml:id="t5833">d'</w>
                        <w xml:id="t5834">un</w>
                        <w xml:id="t5835">énoncé</w>
                        <w xml:id="t5836">argumentatif</w>
                        <w xml:id="t5837">.</w>
                        <w xml:id="t5838">La</w>
                        <w xml:id="t5839">relation</w>
                        <w xml:id="t5840">d'</w>
                        <w xml:id="t5841">argument</w>
                        <w xml:id="t5842">à</w>
                        <w xml:id="t5843">conclusion</w>
                        <w xml:id="t5844">n'</w>
                        <w xml:id="t5845">est</w>
                        <w xml:id="t5846">donc</w>
                        <w xml:id="t5847">plus</w>
                        <w xml:id="t5848">valide</w>
                        <w xml:id="t5849">(</w>
                        <w xml:id="t5850">voir</w>
                        <w xml:id="t5851">E</w>
                        <w xml:id="t5852">'</w>
                        <hi rend="sub">
                            <w xml:id="t5853">3</w>
                        </hi>
                        <w xml:id="t5854">et</w>
                        <w xml:id="t5855">E</w>
                        <w xml:id="t5856">'</w>
                        <w xml:id="t5857">'</w>
                        <hi rend="sub">
                            <w xml:id="t5858">3</w>
                        </hi>
                        <w xml:id="t5859">)</w>
                        <w xml:id="t5860">.</w>
                    </p>
                </note>
                <note place="foot" n="10" target="#idm46149484679104">
                    <p rend="footnote">
                        <w xml:id="t5861">Il</w>
                        <w xml:id="t5862">s'</w>
                        <w xml:id="t5863">agit</w>
                        <w xml:id="t5864">d'</w>
                        <w xml:id="t5865">une</w>
                        <w xml:id="t5866">stratégie</w>
                        <w xml:id="t5867">d'</w>
                        <w xml:id="t5868">anticipation</w>
                        <w xml:id="t5869">effectuée</w>
                        <w xml:id="t5870">par</w>
                        <w xml:id="t5871">le</w>
                        <w xml:id="t5872">locuteur</w>
                        <w xml:id="t5873">de</w>
                        <w xml:id="t5874">E</w>
                        <hi rend="sub">
                            <w xml:id="t5875">3</w>
                        </hi>
                        <w xml:id="t5876">.</w>
                    </p>
                </note>
                <note place="foot" n="11" target="#idm46149484663408">
                    <p rend="footnote">
                        <w xml:id="t5877">Selon</w>
                        <w xml:id="t5878">R</w>
                        <w xml:id="t5879">.</w>
                        <w xml:id="t5880">Martin</w>
                        <w xml:id="t5881">(</w>
                        <w xml:id="t5882">1973</w>
                        <w xml:id="t5883">)</w>
                        <w xml:id="t5884">.</w>
                    </p>
                </note>
                <note place="foot" n="12" target="#idm46149484659920">
                    <p rend="footnote">
                        <w xml:id="t5885">Il</w>
                        <w xml:id="t5886">faut</w>
                        <w xml:id="t5887">signaler</w>
                        <w xml:id="t5888">que</w>
                        <w xml:id="t5889">l'</w>
                        <w xml:id="t5890">intervention</w>
                        <w xml:id="t5891">de</w>
                        <hi rend="italic">
                            <w xml:id="t5892">puisque</w>
                        </hi>
                        <w xml:id="t5893">en</w>
                        <w xml:id="t5894">E</w>
                        <w xml:id="t5895">'</w>
                        <w xml:id="t5896">'</w>
                        <hi rend="sub">
                            <w xml:id="t5897">3</w>
                        </hi>
                        <w xml:id="t5898">entraîne</w>
                        <w xml:id="t5899">une</w>
                        <w xml:id="t5900">différence</w>
                        <w xml:id="t5901">de</w>
                        <w xml:id="t5902">sens</w>
                        <w xml:id="t5903">notable</w>
                        <w xml:id="t5904">:</w>
                        <w xml:id="t5905">le</w>
                        <w xml:id="t5906">rôle</w>
                        <w xml:id="t5907">donné</w>
                        <w xml:id="t5908">aux</w>
                        <w xml:id="t5909">médias</w>
                        <w xml:id="t5910">dans</w>
                        <w xml:id="t5911">la</w>
                        <w xml:id="t5912">réussite</w>
                        <w xml:id="t5913">de</w>
                        <w xml:id="t5914">la</w>
                        <w xml:id="t5915">relation</w>
                        <w xml:id="t5916">est</w>
                        <w xml:id="t5917">ici</w>
                        <w xml:id="t5918">crucial</w>
                        <w xml:id="t5919">.</w>
                    </p>
                </note>
                <note place="foot" n="13" target="#idm46149484651760">
                    <p rend="footnote">
                        <w xml:id="t5920">C'</w>
                        <w xml:id="t5921">est-à-dire</w>
                        <w xml:id="t5922">dans</w>
                        <w xml:id="t5923">un</w>
                        <w xml:id="t5924">énoncé</w>
                        <w xml:id="t5925">initialement</w>
                        <w xml:id="t5926">argumentatif</w>
                        <w xml:id="t5927">.</w>
                    </p>
                </note>
                <note place="foot" n="14" target="#idm46149484639296">
                    <p rend="footnote">
                        <hi rend="bold">
                            <w xml:id="t5928">P</w>
                        </hi>
                        <w xml:id="t5929">désigne</w>
                        <w xml:id="t5930">l'</w>
                        <w xml:id="t5931">acte</w>
                        <w xml:id="t5932">discursif</w>
                        <w xml:id="t5933">reformulé</w>
                        <w xml:id="t5934">.</w>
                        <w xml:id="t5935">Nous</w>
                        <w xml:id="t5936">n'</w>
                        <w xml:id="t5937">introduisons</w>
                        <w xml:id="t5938">plus</w>
                        <w xml:id="t5939">la</w>
                        <w xml:id="t5940">variable</w>
                        <hi rend="bold">
                            <w xml:id="t5941">q</w>
                        </hi>
                        <w xml:id="t5942">dans</w>
                        <w xml:id="t5943">nos</w>
                        <w xml:id="t5944">analyse</w>
                        <w xml:id="t5945">car</w>
                        <w xml:id="t5946">elle</w>
                        <w xml:id="t5947">est</w>
                        <w xml:id="t5948">généralement</w>
                        <w xml:id="t5949">associée</w>
                        <w xml:id="t5950">à</w>
                        <w xml:id="t5951">l'</w>
                        <w xml:id="t5952">argument</w>
                        <w xml:id="t5953">implicite</w>
                        <w xml:id="t5954">,</w>
                        <w xml:id="t5955">absent</w>
                        <w xml:id="t5956">dans</w>
                        <w xml:id="t5957">les</w>
                        <w xml:id="t5958">énoncés</w>
                        <w xml:id="t5959">uniquement</w>
                        <w xml:id="t5960">reformulatifs</w>
                        <w xml:id="t5961">marqués</w>
                        <w xml:id="t5962">par</w>
                        <hi rend="italic">
                            <w xml:id="t5963">de</w>
                            <w xml:id="t5964">toute</w>
                            <w xml:id="t5965">façon</w>
                        </hi>
                        <w xml:id="t5966">.</w>
                    </p>
                </note>
                <note place="foot" n="15" target="#idm46149484628176">
                    <p rend="footnote">
                        <w xml:id="t5967">Moeschler</w>
                        <w xml:id="t5968">(</w>
                        <w xml:id="t5969">1994</w>
                        <w xml:id="t5970">:</w>
                        <w xml:id="t5971">532</w>
                        <w xml:id="t5972">)</w>
                        <w xml:id="t5973">.</w>
                        <w xml:id="t5974">C</w>
                        <w xml:id="t5975">terme</w>
                        <w xml:id="t5976">n'</w>
                        <w xml:id="t5977">est</w>
                        <w xml:id="t5978">pas</w>
                        <w xml:id="t5979">,</w>
                        <w xml:id="t5980">donc</w>
                        <w xml:id="t5981">,</w>
                        <w xml:id="t5982">synonyme</w>
                        <w xml:id="t5983">du</w>
                        <w xml:id="t5984">terme</w>
                        <w xml:id="t5985">«</w>
                        <w xml:id="t5986">implicite</w>
                        <w xml:id="t5987">«</w>
                        <w xml:id="t5988">qui</w>
                        <w xml:id="t5989">,</w>
                        <w xml:id="t5990">lui</w>
                        <w xml:id="t5991">,</w>
                        <w xml:id="t5992">est</w>
                        <w xml:id="t5993">plutôt</w>
                        <w xml:id="t5994">«</w>
                        <hi rend="italic">
                            <w xml:id="t5995">contenu</w>
                            <w xml:id="t5996">dans</w>
                            <w xml:id="t5997">une</w>
                            <w xml:id="t5998">proposition</w>
                            <w xml:id="t5999">sans</w>
                            <w xml:id="t6000">être</w>
                            <w xml:id="t6001">exprimé</w>
                            <w xml:id="t6002">en</w>
                            <w xml:id="t6003">termes</w>
                            <w xml:id="t6004">précis</w>
                            <w xml:id="t6005">,</w>
                            <w xml:id="t6006">formels</w>
                            <w xml:id="t6007">»</w>
                            <w xml:id="t6008">(</w>
                            <w xml:id="t6009">Larousse</w>
                        </hi>
                        <w xml:id="t6010">1999</w>
                        <w xml:id="t6011">:</w>
                        <w xml:id="t6012">532</w>
                        <w xml:id="t6013">)</w>
                        <w xml:id="t6014">.</w>
                    </p>
                </note>
                <note place="foot" n="16" target="#idm46149484863648">
                    <p rend="footnote">
                        <w xml:id="t6015">Selon</w>
                        <w xml:id="t6016">Rossari</w>
                        <w xml:id="t6017">(</w>
                        <w xml:id="t6018">1994</w>
                        <w xml:id="t6019">:</w>
                        <w xml:id="t6020">67</w>
                        <w xml:id="t6021">)</w>
                        <w xml:id="t6022">,</w>
                        <w xml:id="t6023">il</w>
                        <w xml:id="t6024">s'</w>
                        <w xml:id="t6025">agit</w>
                        <w xml:id="t6026">du</w>
                        <w xml:id="t6027">point</w>
                        <w xml:id="t6028">commun</w>
                        <w xml:id="t6029">possible</w>
                        <w xml:id="t6030">entre</w>
                        <w xml:id="t6031">l'</w>
                        <w xml:id="t6032">emploi</w>
                        <w xml:id="t6033">du</w>
                        <w xml:id="t6034">connecteur</w>
                        <w xml:id="t6035">reformulatif</w>
                        <hi rend="italic">
                            <w xml:id="t6036">en</w>
                            <w xml:id="t6037">tout</w>
                            <w xml:id="t6038">cas</w>
                        </hi>
                        <w xml:id="t6039">et</w>
                        <w xml:id="t6040">certains</w>
                        <w xml:id="t6041">emplois</w>
                        <w xml:id="t6042">de</w>
                        <hi rend="italic">
                            <w xml:id="t6043">de</w>
                            <w xml:id="t6044">toute</w>
                            <w xml:id="t6045">façon</w>
                            <w xml:id="t6046">.</w>
                        </hi>
                    </p>
                </note>
                <note place="foot" n="17" target="#idm46149484588480">
                    <p rend="footnote">
                        <w xml:id="t6047">Rossari</w>
                        <w xml:id="t6048">(</w>
                        <w xml:id="t6049">1994</w>
                        <w xml:id="t6050">:</w>
                        <w xml:id="t6051">75</w>
                        <w xml:id="t6052">)</w>
                        <w xml:id="t6053">.</w>
                    </p>
                </note>
                <note place="foot" n="18" target="#idm46149484563216">
                    <p rend="footnote">
                        <w xml:id="t6054">Dans</w>
                        <w xml:id="t6055">ce</w>
                        <w xml:id="t6056">même</w>
                        <w xml:id="t6057">contexte</w>
                        <w xml:id="t6058">énonciatif</w>
                        <w xml:id="t6059">tout</w>
                        <w xml:id="t6060">au</w>
                        <w xml:id="t6061">moins</w>
                        <w xml:id="t6062">.</w>
                    </p>
                </note>
                <note place="foot" n="19" target="#idm46149484541488">
                    <p rend="footnote">
                        <w xml:id="t6063">Outre</w>
                        <w xml:id="t6064">la</w>
                        <w xml:id="t6065">publicité</w>
                        <w xml:id="t6066">bien</w>
                        <w xml:id="t6067">sûr</w>
                        <w xml:id="t6068">.</w>
                    </p>
                </note>
                <note place="foot" n="20" target="#idm46149484535216">
                    <p rend="footnote">
                        <w xml:id="t6069">Dire</w>
                        <w xml:id="t6070">«</w>
                        <w xml:id="t6071">nous</w>
                        <w xml:id="t6072">pouvons</w>
                        <w xml:id="t6073">»</w>
                        <w xml:id="t6074">peut</w>
                        <w xml:id="t6075">impliquer</w>
                        <w xml:id="t6076">aussi</w>
                        <w xml:id="t6077">bien</w>
                        <w xml:id="t6078">«</w>
                        <w xml:id="t6079">nous</w>
                        <w xml:id="t6080">faisons</w>
                        <w xml:id="t6081">»</w>
                        <w xml:id="t6082">que</w>
                        <w xml:id="t6083">«</w>
                        <w xml:id="t6084">nous</w>
                        <w xml:id="t6085">ne</w>
                        <w xml:id="t6086">faisons</w>
                        <w xml:id="t6087">pas</w>
                        <w xml:id="t6088">»</w>
                        <w xml:id="t6089">.</w>
                    </p>
                </note>
                <note place="foot" n="21" target="#idm46149484531232">
                    <p rend="footnote">
                        <w xml:id="t6090">Qui</w>
                        <w xml:id="t6091">sont</w>
                        <w xml:id="t6092">,</w>
                        <w xml:id="t6093">donc</w>
                        <w xml:id="t6094">,</w>
                        <w xml:id="t6095">discutables</w>
                        <w xml:id="t6096">.</w>
                    </p>
                </note>
                <note place="foot" n="22" target="#idm46149484523376">
                    <p rend="footnote">
                        <w xml:id="t6097">L'</w>
                        <w xml:id="t6098">énoncé</w>
                        <w xml:id="t6099">sur</w>
                        <w xml:id="t6100">lequel</w>
                        <w xml:id="t6101">il</w>
                        <w xml:id="t6102">enchaîne</w>
                        <w xml:id="t6103">:</w>
                        <w xml:id="t6104">«</w>
                        <w xml:id="t6105">notre</w>
                        <w xml:id="t6106">politique</w>
                        <w xml:id="t6107">de</w>
                        <w xml:id="t6108">prix</w>
                        <w xml:id="t6109">est</w>
                        <w xml:id="t6110">déjà…</w>
                        <w xml:id="t6111">plus</w>
                        <w xml:id="t6112">que</w>
                        <w xml:id="t6113">100</w>
                        <w xml:id="t6114">»</w>
                    </p>
                </note>
                <note place="foot" n="23" target="#idm46149484503616">
                    <p rend="footnote">
                        <w xml:id="t6115">Car</w>
                        <w xml:id="t6116">nous</w>
                        <w xml:id="t6117">parlons</w>
                        <w xml:id="t6118">ici</w>
                        <w xml:id="t6119">d'</w>
                        <w xml:id="t6120">énoncés</w>
                        <w xml:id="t6121">dialogaux</w>
                        <w xml:id="t6122">.</w>
                    </p>
                </note>
                <note place="foot" n="24" target="#idm46149484501552">
                    <p rend="footnote">
                        <w xml:id="t6123">Cet</w>
                        <w xml:id="t6124">interlocuteur</w>
                        <w xml:id="t6125">n'</w>
                        <w xml:id="t6126">est</w>
                        <w xml:id="t6127">pas</w>
                        <w xml:id="t6128">d'</w>
                        <w xml:id="t6129">accord</w>
                        <w xml:id="t6130">avec</w>
                        <w xml:id="t6131">l'</w>
                        <w xml:id="t6132">implicitation</w>
                        <w xml:id="t6133">,</w>
                        <w xml:id="t6134">l'</w>
                        <w xml:id="t6135">acte</w>
                        <w xml:id="t6136">illocutoire</w>
                        <w xml:id="t6137">ou</w>
                        <w xml:id="t6138">le</w>
                        <w xml:id="t6139">contenu</w>
                        <w xml:id="t6140">propositionnel</w>
                        <w xml:id="t6141">de</w>
                        <hi rend="bold">
                            <w xml:id="t6142">p</w>
                        </hi>
                        <w xml:id="t6143">.</w>
                    </p>
                </note>
                <note place="foot" n="25" target="#idm46149484498368">
                    <p rend="footnote">
                        <w xml:id="t6144">M</w>
                        <w xml:id="t6145">.</w>
                        <w xml:id="t6146">Schelling</w>
                        <w xml:id="t6147">(</w>
                        <w xml:id="t6148">1982</w>
                        <w xml:id="t6149">:</w>
                        <w xml:id="t6150">97</w>
                        <w xml:id="t6151">)</w>
                        <w xml:id="t6152">.</w>
                    </p>
                </note>
            </div>
        </back>
    </text>
</TEI>